
 
Copyright (C) 2002-2025 Cadence Design Systems Inc. All Rights Reserved. 
Cadence and the Cadence logo are registered trademarks and Modus is a trademark 
of Cadence Design Systems, Inc. in the United States and other countries.

Type 'help legal_notices' for third party license notices. 
Version : 25.10-p027_1, built Mar 13 2025 (linux26_64)
Options : -files ./test_scripts/runmodus.dfa.tcl
Date    : Sat, July 11 11:50:57 2026
Host    : Pine-06 (x86_64 Linux 5.14.0-611.30.1.el9_7.x86_64) (6*Intel(R) Core(TM) i5-9400 CPU @ 2.90GHz 9216KB)
OS      : Red Hat Enterprise Linux release 9.7 (Plow)
#@ Processing -files option
@modus:root:/ 1>  source ./test_scripts/runmodus.dfa.tcl
#@ Begin verbose source ./test_scripts/runmodus.dfa.tcl
@file(./test_scripts/runmodus.dfa.tcl) 13: set_db workdir ./test_scripts;
@file(./test_scripts/runmodus.dfa.tcl) 14: set   WORKDIR [get_db workdir]
@file(./test_scripts/runmodus.dfa.tcl) 17: set_option stdout     summary;                                # Only print a summary for each command to the terminal
@file(./test_scripts/runmodus.dfa.tcl) 19: set ::env(CDS_LIC_REPORT) yes
@file(./test_scripts/runmodus.dfa.tcl) 20: set_db stop_on_severity error;
@file(./test_scripts/runmodus.dfa.tcl) 22: file delete -force $WORKDIR/tbdata;                       # Delete Test Database
@file(./test_scripts/runmodus.dfa.tcl) 23: file delete -force $WORKDIR/testresults;                  # Delete Test Output Files/Logs
@file(./test_scripts/runmodus.dfa.tcl) 30: build_model \
    -cell	 TOP \
    -techlib	 ../../../Library/verilog/typical.v \
    -designsource	 $WORKDIR/TOP.test_netlist.v \
    -allowmissingmodules	 yes \
    -messagecounteach	 100 \

 
INFO (TUI-772): The command 'build_model' will release the currently acquired resources. [end TUI_772] 

Starting Command: build_model 
INFO (TDA-014): Cadence(R) Modus(TM) DFT Software Solution, Version 25.10-p027_1, built Mar 13 2025 (linux26_64) [end TDA_014]
INFO (TDA-009): Options/Values information.
            (options marked with '*' have program generated values,
             options marked with '+' were specified to default.)

            -WORKDIR /home/admin/DFT/SOCX/DFT/3_SCAN_WITH_ATPG_ANALYSIS_N_TPI/test_scripts

            -designtop TOP
            -TECHLIB ../../../Library/verilog/typical.v
            -allowmissingmodules yes
            -LOGFILE /home/admin/DFT/SOCX/DFT/3_SCAN_WITH_ATPG_ANALYSIS_N_TPI/test_scripts/testresults/logs/log_build_model_071126115058-469018000
            -STDOUT summary
            -messagecounteach 100
            -DESIGNSOURCE /home/admin/DFT/SOCX/DFT/3_SCAN_WITH_ATPG_ANALYSIS_N_TPI/test_scripts/TOP.test_netlist.v
[end TDA_009]


-------------------------------------------------------------------------------
*                      Message Summary                                        *
-------------------------------------------------------------------------------
 Count  Number             First Instance of Message Text
------- ------             ------------------------------

  INFO Messages...
      1 INFO (TEI-195): Build Model - Controller starting:  
      1 INFO (TEI-196): Build Model - Hierarchical Model Build starting:  
      1 INFO (TEI-197): Build Model - Hierarchical Model Build completed.  
      1 INFO (TEI-198): Build Model - Flat Model Build starting:  
      1 INFO (TEI-199): Build Model - Flat Model Build completed.   
      1 INFO (TEI-200): Build Model - Controller completed.  
      1 INFO (TFW-117): Modus checked out a modus_atpg license.   
      1 INFO (TFW-119): Modus checked in a modus_atpg license.   
      1 INFO (TLM-055): Design Summary

  WARNING Messages...
      2 WARNING (TEI-110): Pin 'NOTIFIER' of 'cell udp_dff' has no external net connection for any usage in the design. Cell contents file: '/home/admin/DFT/Library/verilog/typical.v'.   

 For a detailed explanation of a message and a suggested user response execute 'msgHelp <message id>'.  For example: msgHelp TDA-009

-------------------------------------------------------------------------------
@file(./test_scripts/runmodus.dfa.tcl) 41: build_testmode \
    -testmode	 FULLSCAN \
    -assignfile	 $WORKDIR/TOP.FULLSCAN.pinassign \
    -modedef	 FULLSCAN \
 
Starting Command: build_testmode 
INFO (TDA-014): Cadence(R) Modus(TM) DFT Software Solution, Version 25.10-p027_1, built Mar 13 2025 (linux26_64) [end TDA_014]
INFO (TDA-009): Options/Values information.
            (options marked with '*' have program generated values,
             options marked with '+' were specified to default.)

            -WORKDIR /home/admin/DFT/SOCX/DFT/3_SCAN_WITH_ATPG_ANALYSIS_N_TPI/test_scripts
            -TESTMODE FULLSCAN

            -ASSIGNFILE /home/admin/DFT/SOCX/DFT/3_SCAN_WITH_ATPG_ANALYSIS_N_TPI/test_scripts/TOP.FULLSCAN.pinassign
          * update_assign_file=
            -LOGFILE /home/admin/DFT/SOCX/DFT/3_SCAN_WITH_ATPG_ANALYSIS_N_TPI/test_scripts/testresults/logs/log_build_testmode_FULLSCAN_071126115102-244300000
            -MODEDEF FULLSCAN
            -STDOUT summary
[end TDA_009]


-------------------------------------------------------------------------------
*                      Message Summary                                        *
-------------------------------------------------------------------------------
 Count  Number             First Instance of Message Text
------- ------             ------------------------------

  INFO Messages...
      1 INFO (TFW-117): Modus checked out a modus_atpg license.   
      1 INFO (TFW-119): Modus checked in a modus_atpg license.   
      1 INFO (THM-814): Testmode contains 91.09% active logic,  8.91% inactive logic and  0.00% constraint logic.    
      1 INFO (TTM-357): There are 4 scan chains which are controllable and observable.    
      1 INFO (TTM-387): A default scanop sequence will be generated.    
      1 INFO (TTM-391): A default modeinit sequence will be generated.    

  WARNING Messages...
      1 WARNING (TTM-347): There is less than 96 percent active logic in this test mode.  Global fault
      1 WARNING (TTM-809): Test mode FULLSCAN has been created, WARNINGs have been generated -

 For a detailed explanation of a message and a suggested user response execute 'msgHelp <message id>'.  For example: msgHelp TDA-009

-------------------------------------------------------------------------------
@file(./test_scripts/runmodus.dfa.tcl) 50: report_test_structures \
    -testmode	 FULLSCAN \
    -reportscanchain	 all \
 
Starting Command: report_test_structures 
INFO (TDA-014): Cadence(R) Modus(TM) DFT Software Solution, Version 25.10-p027_1, built Mar 13 2025 (linux26_64) [end TDA_014]
INFO (TDA-009): Options/Values information.
            (options marked with '*' have program generated values,
             options marked with '+' were specified to default.)

            -WORKDIR /home/admin/DFT/SOCX/DFT/3_SCAN_WITH_ATPG_ANALYSIS_N_TPI/test_scripts
            -TESTMODE FULLSCAN

            -LOGFILE /home/admin/DFT/SOCX/DFT/3_SCAN_WITH_ATPG_ANALYSIS_N_TPI/test_scripts/testresults/logs/log_report_test_structures_FULLSCAN_071126115103-781426000
            -STDOUT summary
            -reportscanchain all
[end TDA_009]


-------------------------------------------------------------------------------
*                      Message Summary                                        *
-------------------------------------------------------------------------------
 Count  Number             First Instance of Message Text
------- ------             ------------------------------

  INFO Messages...
      1 INFO (TFW-117): Modus checked out a modus_atpg license.   
      1 INFO (TFW-119): Modus checked in a modus_atpg license.   
      1 INFO (TLM-055): Design Summary

 For a detailed explanation of a message and a suggested user response execute 'msgHelp <message id>'.  For example: msgHelp TDA-009

-------------------------------------------------------------------------------
@file(./test_scripts/runmodus.dfa.tcl) 58: verify_test_structures \
    -messagecount	 TSV-016=10,TSV-024=10,TSV-315=10,TSV-027=10 \
    -testmode	 FULLSCAN \
 
Starting Command: verify_test_structures 
INFO (TDA-014): Cadence(R) Modus(TM) DFT Software Solution, Version 25.10-p027_1, built Mar 13 2025 (linux26_64) [end TDA_014]
INFO (TDA-009): Options/Values information.
            (options marked with '*' have program generated values,
             options marked with '+' were specified to default.)

            -WORKDIR /home/admin/DFT/SOCX/DFT/3_SCAN_WITH_ATPG_ANALYSIS_N_TPI/test_scripts
            -TESTMODE FULLSCAN

            -messagecount TSV-016=10,TSV-024=10,TSV-315=10,TSV-027=10
            -LOGFILE /home/admin/DFT/SOCX/DFT/3_SCAN_WITH_ATPG_ANALYSIS_N_TPI/test_scripts/testresults/logs/log_verify_test_structures_FULLSCAN_071126115104-978294000
            -STDOUT summary
[end TDA_009]


-------------------------------------------------------------------------------
*                      Message Summary                                        *
-------------------------------------------------------------------------------
 Count  Number             First Instance of Message Text
------- ------             ------------------------------

  INFO Messages...
      1 INFO (TFW-117): Modus checked out a modus_atpg license.   
      1 INFO (TFW-119): Modus checked in a modus_atpg license.   
      1 INFO (TLM-055): Design Summary
      1 INFO (TSV-068): The length of the longest scan chain is 1434 bit positions, which is 131% of the average scan chain length 1100 (based on 4397 total scan chain bits and 4 valid scan chains).    
      4 INFO (TSV-378): Scan chain beginning at 'pin ScanIn_1' and ending at 'pin ScanOut_1' is controllable and observable. The length of the scan chain is 1434 bit positions.    
      1 INFO (TSV-567): There are 4 controllable scan chains fed by Scan In (SI) primary inputs.    
      1 INFO (TSV-568): There are 4 observable scan chains feeding to Scan Out (SO) primary outputs.    
      1 INFO (TSV-569): There are 0 controllable scan chains fed by on-product Pattern Generator(s).    
      1 INFO (TSV-570): There are 0 observable scan chains feeding to on-product Multiple-Input Signature Register (MISRs).    
      1 INFO (TSV-900): verify_test_structures processing has started Sat Jul 11 11:51:05 2026     
      1 INFO (TSV-908): verify_test_structures processing complete.    

  WARNING Messages...
      1 WARNING (TSV-390): There are 1 inactive (non-scan) latches.    

 For a detailed explanation of a message and a suggested user response execute 'msgHelp <message id>'.  For example: msgHelp TDA-009

-------------------------------------------------------------------------------
@file(./test_scripts/runmodus.dfa.tcl) 66: build_faultmodel \
    -includedynamic	 no \
 
INFO (TUI-772): The command 'build_faultmodel' will release the currently acquired resources. [end TUI_772] 

Starting Command: build_faultmodel 
INFO (TDA-014): Cadence(R) Modus(TM) DFT Software Solution, Version 25.10-p027_1, built Mar 13 2025 (linux26_64) [end TDA_014]
INFO (TDA-009): Options/Values information.
            (options marked with '*' have program generated values,
             options marked with '+' were specified to default.)

            -WORKDIR /home/admin/DFT/SOCX/DFT/3_SCAN_WITH_ATPG_ANALYSIS_N_TPI/test_scripts

            -LOGFILE /home/admin/DFT/SOCX/DFT/3_SCAN_WITH_ATPG_ANALYSIS_N_TPI/test_scripts/testresults/logs/log_build_faultmodel_071126115106-506573000
            -STDOUT summary
            -includedynamic no
[end TDA_009]


-------------------------------------------------------------------------------
*                      Message Summary                                        *
-------------------------------------------------------------------------------
 Count  Number             First Instance of Message Text
------- ------             ------------------------------

  INFO Messages...
      1 INFO (TFM-099): Build Fault Model started.   
      1 INFO (TFM-102): Creating faultModel file /home/admin/DFT/SOCX/DFT/3_SCAN_WITH_ATPG_ANALYSIS_N_TPI/test_scripts/tbdata/faultModel.   
      1 INFO (TFM-103): Creating faultStatus file /home/admin/DFT/SOCX/DFT/3_SCAN_WITH_ATPG_ANALYSIS_N_TPI/test_scripts/tbdata/faultStatus.   
      1 INFO (TFM-109): Build Fault Model has completed with highest level severity message of INFO.   
      1 INFO (TFM-704): Maximum Global Test Coverage Statistics: 
      1 INFO (TFW-117): Modus checked out a modus_atpg license.   
      1 INFO (TFW-119): Modus checked in a modus_atpg license.   

 For a detailed explanation of a message and a suggested user response execute 'msgHelp <message id>'.  For example: msgHelp TDA-009

-------------------------------------------------------------------------------
@file(./test_scripts/runmodus.dfa.tcl) 73: create_logic_tests \
    -experiment	 TOP_atpg \
    -testmode	 FULLSCAN \


Starting Command: create_logic_tests 
INFO (TDA-014): Cadence(R) Modus(TM) DFT Software Solution, Version 25.10-p027_1, built Mar 13 2025 (linux26_64) [end TDA_014]
INFO (TDA-009): Options/Values information.
            (options marked with '*' have program generated values,
             options marked with '+' were specified to default.)

            -WORKDIR /home/admin/DFT/SOCX/DFT/3_SCAN_WITH_ATPG_ANALYSIS_N_TPI/test_scripts
            -TESTMODE FULLSCAN
            -EXPERIMENT TOP_atpg

            -LOGFILE /home/admin/DFT/SOCX/DFT/3_SCAN_WITH_ATPG_ANALYSIS_N_TPI/test_scripts/testresults/logs/log_create_logic_tests_FULLSCAN_TOP_atpg_071126115107-872950000
            -STDOUT summary
[end TDA_009]
INFO (TDA-220):   --- Tests ---   Faults     ---- ATCov ----   -- Faults --   - Elapsed Time -  [end TDA_220] 
INFO (TDA-220):    Sim.    Eff.  Detected    Tmode    Global     Untested                       [end TDA_220] 
INFO (TDA-220):      1       1      35266    27.97%   27.00%        90809           00:00.19    [end TDA_220] 
INFO (TDA-220):   --- Tests ---   Faults     ---- ATCov ----   -- Faults --   - Elapsed Time -  [end TDA_220] 
INFO (TDA-220):    Sim.    Eff.  Detected    Tmode    Global     Untested                       [end TDA_220] 
INFO (TDA-220):     16      16      51288    68.65%   66.27%        39521           00:01.83    [end TDA_220] 
INFO (TDA-220):     32      32       3046    71.07%   68.60%        36475           00:02.09    [end TDA_220] 
INFO (TDA-220):     48      48       1671    72.39%   69.88%        34804           00:02.32    [end TDA_220] 
INFO (TDA-220):     64      64       1162    73.32%   70.77%        33642           00:02.48    [end TDA_220] 
INFO (TDA-220):     80      80        933    74.06%   71.49%        32709           00:02.64    [end TDA_220] 
INFO (TDA-220):     96      96        996    74.85%   72.25%        31713           00:02.82    [end TDA_220] 
INFO (TDA-220):    112     112        911    75.57%   72.95%        30802           00:03.02    [end TDA_220] 
INFO (TDA-220):    128     128        771    76.18%   73.54%        30031           00:03.20    [end TDA_220] 
INFO (TDA-220):    144     144        770    76.79%   74.13%        29261           00:03.39    [end TDA_220] 
INFO (TDA-220):    160     160        650    77.31%   74.62%        28611           00:03.54    [end TDA_220] 
INFO (TDA-220):    176     176        766    77.91%   75.21%        27845           00:03.71    [end TDA_220] 
INFO (TDA-220):    192     192        678    78.45%   75.73%        27167           00:03.87    [end TDA_220] 
INFO (TDA-220):    208     208        630    78.95%   76.21%        26537           00:04.02    [end TDA_220] 
INFO (TDA-220):    224     224        707    79.51%   76.75%        25830           00:04.20    [end TDA_220] 
INFO (TDA-220):    240     240        637    80.02%   77.24%        25193           00:04.35    [end TDA_220] 
INFO (TDA-220):    256     256        606    80.50%   77.71%        24587           00:04.51    [end TDA_220] 
INFO (TDA-220):    272     272        595    80.97%   78.16%        23992           00:04.68    [end TDA_220] 
INFO (TDA-220):    288     288        647    81.48%   78.66%        23345           00:04.86    [end TDA_220] 
INFO (TDA-220):    304     304        558    81.93%   79.08%        22787           00:05.01    [end TDA_220] 
INFO (TDA-220):    320     320        656    82.45%   79.59%        22131           00:05.16    [end TDA_220] 
INFO (TDA-220):    336     336        590    82.91%   80.04%        21541           00:05.33    [end TDA_220] 
INFO (TDA-220):    352     352        575    83.37%   80.48%        20966           00:05.49    [end TDA_220] 
INFO (TDA-220):    368     368        645    83.88%   80.97%        20321           00:05.62    [end TDA_220] 
INFO (TDA-220):    384     384        577    84.34%   81.41%        19744           00:05.77    [end TDA_220] 
INFO (TDA-220):    400     400        478    84.72%   81.78%        19266           00:05.91    [end TDA_220] 
INFO (TDA-220):    416     416        527    85.14%   82.18%        18739           00:06.04    [end TDA_220] 
INFO (TDA-220):    432     432        537    85.56%   82.59%        18202           00:06.18    [end TDA_220] 
INFO (TDA-220):    448     448        557    86.00%   83.02%        17645           00:06.33    [end TDA_220] 
INFO (TDA-220):    464     464        509    86.41%   83.41%        17136           00:06.46    [end TDA_220] 
INFO (TDA-220):    480     480        544    86.84%   83.83%        16592           00:06.59    [end TDA_220] 
INFO (TDA-220):    496     496        408    87.16%   84.14%        16184           00:06.69    [end TDA_220] 
INFO (TDA-220):    512     512        468    87.53%   84.50%        15716           00:06.83    [end TDA_220] 
INFO (TDA-220):    528     528        512    87.94%   84.89%        15204           00:06.96    [end TDA_220] 
INFO (TDA-220):    544     544        456    88.30%   85.24%        14748           00:07.07    [end TDA_220] 
INFO (TDA-220):    560     560        369    88.59%   85.52%        14379           00:07.18    [end TDA_220] 
INFO (TDA-220):    576     576        424    88.93%   85.85%        13955           00:07.30    [end TDA_220] 
INFO (TDA-220):    592     592        407    89.25%   86.16%        13548           00:07.42    [end TDA_220] 
INFO (TDA-220):    608     608        470    89.63%   86.52%        13078           00:07.55    [end TDA_220] 
INFO (TDA-220):    624     624        446    89.98%   86.86%        12632           00:07.66    [end TDA_220] 
INFO (TDA-220):    640     640        445    90.33%   87.20%        12187           00:07.79    [end TDA_220] 
INFO (TDA-220):    656     656        386    90.64%   87.50%        11801           00:07.90    [end TDA_220] 
INFO (TDA-220):    672     672        361    90.93%   87.77%        11440           00:07.99    [end TDA_220] 
INFO (TDA-220):    688     688        304    91.17%   88.00%        11136           00:08.08    [end TDA_220] 
INFO (TDA-220):    704     704        472    91.54%   88.37%        10664           00:08.20    [end TDA_220] 
INFO (TDA-220):    720     720        349    91.82%   88.63%        10315           00:08.30    [end TDA_220] 
INFO (TDA-220):    736     736        299    92.06%   88.86%        10016           00:08.40    [end TDA_220] 
INFO (TDA-220):    752     752        389    92.36%   89.16%         9627           00:08.51    [end TDA_220] 
INFO (TDA-220):    768     768        396    92.68%   89.46%         9231           00:08.63    [end TDA_220] 
INFO (TDA-220):    784     784        365    92.97%   89.74%         8866           00:08.74    [end TDA_220] 
INFO (TDA-220):    800     800        417    93.30%   90.06%         8448           00:08.85    [end TDA_220] 
INFO (TDA-220):    816     816        358    93.58%   90.34%         8090           00:08.97    [end TDA_220] 
INFO (TDA-220):    832     832        345    93.86%   90.60%         7745           00:09.07    [end TDA_220] 
INFO (TDA-220):    848     848        323    94.11%   90.85%         7422           00:09.17    [end TDA_220] 
INFO (TDA-220):    864     864        260    94.32%   91.05%         7162           00:09.25    [end TDA_220] 
INFO (TDA-220):    880     880        345    94.59%   91.31%         6817           00:09.35    [end TDA_220] 
INFO (TDA-220):    896     896        275    94.81%   91.52%         6542           00:09.43    [end TDA_220] 
INFO (TDA-220):    912     912        227    94.99%   91.70%         6315           00:09.52    [end TDA_220] 
INFO (TDA-220):    928     928        376    95.29%   91.98%         5939           00:09.62    [end TDA_220] 
INFO (TDA-220):    944     944        354    95.57%   92.25%         5585           00:09.72    [end TDA_220] 
INFO (TDA-220):    960     960        304    95.81%   92.49%         5281           00:09.81    [end TDA_220] 
INFO (TDA-220):    976     976        243    96.00%   92.67%         5038           00:09.89    [end TDA_220] 
INFO (TDA-220):    992     992        289    96.23%   92.89%         4749           00:09.98    [end TDA_220] 
INFO (TDA-220):   1008    1008        338    96.50%   93.15%         4410           00:10.08    [end TDA_220] 
INFO (TDA-220):   1024    1024        238    96.69%   93.34%         4171           00:10.16    [end TDA_220] 
INFO (TDA-220):   1040    1040        238    96.88%   93.52%         3933           00:10.24    [end TDA_220] 
INFO (TDA-220):   1056    1056        168    97.01%   93.65%         3765           00:10.30    [end TDA_220] 
INFO (TDA-220):   1072    1072        292    97.25%   93.87%         3472           00:10.39    [end TDA_220] 
INFO (TDA-220):   1088    1088        278    97.47%   94.09%         3193           00:10.48    [end TDA_220] 
INFO (TDA-220):   1104    1104        305    97.71%   94.32%         2888           00:10.57    [end TDA_220] 
INFO (TDA-220):   1120    1120        336    97.98%   94.58%         2551           00:10.66    [end TDA_220] 
INFO (TDA-220):   1136    1136        229    98.16%   94.75%         2321           00:10.74    [end TDA_220] 
INFO (TDA-220):   1152    1152        289    98.39%   94.97%         2032           00:10.83    [end TDA_220] 
INFO (TDA-220):   1168    1168        251    98.59%   95.17%         1781           00:10.91    [end TDA_220] 
INFO (TDA-220):   1184    1184        278    98.81%   95.38%         1503           00:11.00    [end TDA_220] 
INFO (TDA-220):   1200    1200        238    99.00%   95.56%         1265           00:11.07    [end TDA_220] 
INFO (TDA-220):   1216    1216        271    99.21%   95.77%          994           00:11.15    [end TDA_220] 
INFO (TDA-220):   1232    1232        272    99.43%   95.98%          720           00:11.23    [end TDA_220] 
INFO (TDA-220):   1248    1248        231    99.61%   96.16%          488           00:11.30    [end TDA_220] 
INFO (TDA-220):   1264    1264        205    99.78%   96.31%          283           00:11.37    [end TDA_220] 
INFO (TDA-220):   1280    1280        141    99.89%   96.42%          140           00:11.44    [end TDA_220] 
INFO (TDA-220):   1296    1296         38    99.92%   96.45%           99           00:11.49    [end TDA_220] 
INFO (TDA-220):   1298    1298         29    99.94%   96.48%           70           00:11.53    [end TDA_220] 
INFO (TDA-220):   1299    1299          1    99.95%   96.48%           69           00:11.53    [end TDA_220] 
INFO (TDA-220):   1306    1306         13    99.96%   96.49%           56           00:11.55    [end TDA_220] 
INFO (TDA-220):   1322    1322         20    99.97%   96.50%           36           00:11.58    [end TDA_220] 
INFO (TDA-220):   1324    1324          4    99.97%   96.51%           32           00:11.59    [end TDA_220] 
INFO (TDA-220):   1325    1325          4    99.98%   96.51%           28           00:11.60    [end TDA_220] 
INFO (TDA-220):   1325    1325          0    99.99%   96.53%            1           00:11.73    [end TDA_220] 


-------------------------------------------------------------------------------
*                      Message Summary                                        *
-------------------------------------------------------------------------------
 Count  Number             First Instance of Message Text
------- ------             ------------------------------

  INFO Messages...
     93 INFO (TDA-220):   --- Tests ---   Faults     ---- ATCov ----   -- Faults --   - Elapsed Time -   
      1 INFO (TDA-221):   1306    1306          0    99.96%   96.49%           56           00:11.55     
      1 INFO (TFW-117): Modus checked out a modus_atpg license.   
      1 INFO (TFW-119): Modus checked in a modus_atpg license.   
      4 INFO (TTC-110): Starting Scan Test generation                                                    

  WARNING Messages...
      1 WARNING (TTC-018): verify_test_structures issued Warning messages related to Stored Pattern tests.  Poor test coverage may result.   

 For a detailed explanation of a message and a suggested user response execute 'msgHelp <message id>'.  For example: msgHelp TDA-009

-------------------------------------------------------------------------------
@file(./test_scripts/runmodus.dfa.tcl) 81: set env(THM_TESTBENCH_NAME) yes
@file(./test_scripts/runmodus.dfa.tcl) 85: analyze_deterministic_testpoints \
    -testmode	 FULLSCAN \
    -inexperiment	 TOP_atpg
INFO (TUI-772): The command 'analyze_deterministic_testpoints' will release the currently acquired resources. [end TUI_772] 

Starting Command: analyze_deterministic_testpoints 
INFO (TDA-014): Cadence(R) Modus(TM) DFT Software Solution, Version 25.10-p027_1, built Mar 13 2025 (linux26_64) [end TDA_014]
INFO (TDA-009): Options/Values information.
            (options marked with '*' have program generated values,
             options marked with '+' were specified to default.)

            -WORKDIR /home/admin/DFT/SOCX/DFT/3_SCAN_WITH_ATPG_ANALYSIS_N_TPI/test_scripts
            -TESTMODE FULLSCAN

            -INEXPERIMENT TOP_atpg
            -LOGFILE /home/admin/DFT/SOCX/DFT/3_SCAN_WITH_ATPG_ANALYSIS_N_TPI/test_scripts/testresults/logs/log_analyze_deterministic_testpoints_FULLSCAN_TOP_atpg_071126115120-795179000
            -STDOUT summary
[end TDA_009]


-------------------------------------------------------------------------------
*                      Message Summary                                        *
-------------------------------------------------------------------------------
 Count  Number             First Instance of Message Text
------- ------             ------------------------------

  INFO Messages...
      1 INFO (TFW-117): Modus checked out a modus_atpg license.   
      1 INFO (TFW-119): Modus checked in a modus_atpg license.   

 For a detailed explanation of a message and a suggested user response execute 'msgHelp <message id>'.  For example: msgHelp TDA-009

-------------------------------------------------------------------------------
@file(./test_scripts/runmodus.dfa.tcl) 90: exec ln -s -f ./testresults/TestPointInsertion.FULLSCAN.dfa $WORKDIR/TOP.dfa.tpfile
@file(./test_scripts/runmodus.dfa.tcl) 95: commit_tests \
    -inexperiment	 TOP_atpg \
    -testmode	 FULLSCAN 
INFO (TUI-772): The command 'commit_tests' will release the currently acquired resources. [end TUI_772] 

Starting Command: commit_tests 
INFO (TDA-014): Cadence(R) Modus(TM) DFT Software Solution, Version 25.10-p027_1, built Mar 13 2025 (linux26_64) [end TDA_014]
INFO (TDA-009): Options/Values information.
            (options marked with '*' have program generated values,
             options marked with '+' were specified to default.)

            -WORKDIR /home/admin/DFT/SOCX/DFT/3_SCAN_WITH_ATPG_ANALYSIS_N_TPI/test_scripts
            -TESTMODE FULLSCAN

            -INEXPERIMENT TOP_atpg
            -LOGFILE /home/admin/DFT/SOCX/DFT/3_SCAN_WITH_ATPG_ANALYSIS_N_TPI/test_scripts/testresults/logs/log_commit_tests_FULLSCAN_TOP_atpg_071126115122-007115000
            -STDOUT summary
[end TDA_009]


-------------------------------------------------------------------------------
*                      Message Summary                                        *
-------------------------------------------------------------------------------
 Count  Number             First Instance of Message Text
------- ------             ------------------------------

  INFO Messages...
      1 INFO (TBD-805): File(s) generated (bytes and name):   
      1 INFO (TBD-806): Input test vector File(s) (bytes, name):   
      1 INFO (TBD-807): Experiment TOP_atpg odometers prior to commit_tests: 1.1.1.2.1 thru 1.2.1.88.1 (Relative test numbers 1 thru 1326).   
      1 INFO (TBD-809): Master test vector file statistics:     
      1 INFO (TBD-810): Experiment TOP_atpg is saved to the master test vectors odometers: 1.1.1.2.1 to 1.2.1.88.1 (Relative test numbers 1 to 1326).   
      1 INFO (TBD-831): commit_tests completed successfully.   
      1 INFO (TFW-117): Modus checked out a modus_atpg license.   
      1 INFO (TFW-119): Modus checked in a modus_atpg license.   

 For a detailed explanation of a message and a suggested user response execute 'msgHelp <message id>'.  For example: msgHelp TDA-009

-------------------------------------------------------------------------------
@file(./test_scripts/runmodus.dfa.tcl) 100: exit
