
 
Copyright (C) 2002-2025 Cadence Design Systems Inc. All Rights Reserved. 
Cadence and the Cadence logo are registered trademarks and Modus is a trademark 
of Cadence Design Systems, Inc. in the United States and other countries.

Type 'help legal_notices' for third party license notices. 
Version : 25.10-p027_1, built Mar 13 2025 (linux26_64)
Options : -no_gui -log TP/atpg -overwrite
Date    : Sat, July 04 13:22:14 2026
Host    : Pine-06 (x86_64 Linux 5.14.0-611.30.1.el9_7.x86_64) (6*Intel(R) Core(TM) i5-9400 CPU @ 2.90GHz 9216KB)
OS      : Red Hat Enterprise Linux release 9.7 (Plow)
@modus:root:/ 1> set code [catch { source TP/runmodus.init.tcl ; source TP/runmodus.atpg.tcl ;}]; exit $code
INFO (TUI-772): The command 'build_model' will release the currently acquired resources. [end TUI_772] 

Starting Command: build_model 

INFO (TDA-015): Log File: /home/admin/DFT/SOCX/SCAN/TP/testresults/logs/log_build_model_070426132214-574146000 [end TDA_015]

INFO (TFW-117): Modus checked out a modus_atpg license.  [end TFW_117] 
INFO (TEI-195): Build Model - Controller starting: [end TEI_195] 


Search Order  1:  "/home/admin/DFT/SOCX/SCAN/TP/test_netlist.v"
Search Order  2:  "../../Library/verilog/typical.v"



Reading Verilog data from /home/admin/DFT/SOCX/SCAN/TP/test_netlist.v

Verilog Parser complete - 32 modules, 20 gates, 0 user defined primitives.


Reading Verilog data from ../../Library/verilog/typical.v

Verilog Parser complete - 477 modules, 2799 gates, 3 user defined primitives.



INFO (TEI-196): Build Model - Hierarchical Model Build starting: [end TEI_196] 

WARNING (TEI-110): Pin 'NOTIFIER' of 'cell udp_dff' has no external net connection for any usage in the design. Cell contents file: '/home/admin/DFT/Library/verilog/typical.v'.  [end TEI_110] 
WARNING (TEI-110): Pin 'NOTIFIER' of 'cell udp_tlat' has no external net connection for any usage in the design. Cell contents file: '/home/admin/DFT/Library/verilog/typical.v'.  [end TEI_110] 


Number of blocks in the hierarchical model is: 17,607.

Number of technology library cell instances in the hierarchical model is: 1,769.


INFO (TEI-197): Build Model - Hierarchical Model Build completed. [end TEI_197] 



INFO (TEI-198): Build Model - Flat Model Build starting: [end TEI_198] 

 defaultTIE = X
 defaultDFN = T


INFO (TLM-055): Design Summary
                --------------

Hierarchical Model:                  Flattened Model:
         17,607  Blocks                       9,930  Blocks
         54,546  Pins                         9,930  Nodes
         29,136  Nets

Primary Inputs:                      Primary Outputs:
         10  Input Only                         7  Output Only
          0  Input/Output                       0  Input/Output
         10  Total Inputs                       7  Total Outputs

Tied Nets:                           Dotted Nets:
        710  Tied to 0                          0  Two-State
        361  Tied to 1                          0  Three-State
          0  Tied to X                          0  Total Dotted Nets
      1,071  Total Tied Nets

Selected Primitive Functions:
          0  Clock Chopper (CHOP) primitives 
          0  RAMs
          0  ROMs
          0  TSDs
          0  Resistors
          0  Transistors
        630  MUX2s
          1  Latches


        361  Rising  Edge Flop w/Set-Dominant and Reset Port
        361  Total Flops

      1,769  Technology Library Cell Instances

[end TLM_055] 
Optimization removed logic for 4 of 66 cells in this design.

Optimization removed a total of 22 tied Latch Ports.
Optimization removed a total of 379 non-controlling inputs.
Optimization removed a total of 4,727 dangling logic nodes.



INFO (TEI-199): Build Model - Flat Model Build completed.  [end TEI_199] 


INFO (TDA-001): Maximum Memory used during the run and Cumulative Time in hours:minutes:seconds:

                  Total Memory =          103,829,088  bytes

                      CPU Time =    0:00:00.89
                  Elapsed Time =    0:00:01.88                    [end TDA_001]



INFO (TEI-200): Build Model - Controller completed. [end TEI_200] 

INFO (TFW-119): Modus checked in a modus_atpg license.  [end TFW_119] 



-------------------------------------------------------------------------------
*                      Message Summary                                        *
-------------------------------------------------------------------------------
 Count  Number             First Instance of Message Text
------- ------             ------------------------------

  INFO Messages...
      1 INFO (TEI-195): Build Model - Controller starting:  
      1 INFO (TEI-196): Build Model - Hierarchical Model Build starting:  
      1 INFO (TEI-197): Build Model - Hierarchical Model Build completed.  
      1 INFO (TEI-198): Build Model - Flat Model Build starting:  
      1 INFO (TEI-199): Build Model - Flat Model Build completed.   
      1 INFO (TEI-200): Build Model - Controller completed.  
      1 INFO (TFW-117): Modus checked out a modus_atpg license.   
      1 INFO (TFW-119): Modus checked in a modus_atpg license.   
      1 INFO (TLM-055): Design Summary

  WARNING Messages...
      2 WARNING (TEI-110): Pin 'NOTIFIER' of 'cell udp_dff' has no external net connection for any usage in the design. Cell contents file: '/home/admin/DFT/Library/verilog/typical.v'.   

 For a detailed explanation of a message and a suggested user response execute 'msgHelp <message id>'.  For example: msgHelp TDA-009

-------------------------------------------------------------------------------
Starting Command: build_testmode 

INFO (TDA-015): Log File: /home/admin/DFT/SOCX/SCAN/TP/testresults/logs/log_build_testmode_SCAN_070426132217-595110000 [end TDA_015]

TDRPATH set to: /mnt/22b703da-ca2b-42dd-9641-48ed3afe6614/cadence/installs/MODUS251/tools.lnx86/tb/defaults/rules/tdr 

Modus Build Test Mode(s) beginning...

   TDR NAME      =  dummy.tdr 

   SCAN_TYPE     =  GSD 
   BOUNDARY      =  NONE 
   IN            =  PI 
   OUT           =  PO 

INFO (TFW-117): Modus checked out a modus_atpg license.  [end TFW_117] 
INFO (TTM-391): A default modeinit sequence will be generated.   [end TTM_391] 
INFO (TTM-387): A default scanop sequence will be generated.   [end TTM_387] 
INFO (THM-814): Testmode contains 92.82% active logic,  7.18% inactive logic and  0.00% constraint logic.   [end THM_814] 
WARNING (TTM-347): There is less than 96 percent active logic in this test mode.  Global fault
           coverage is impacted when too little of the logic is visible.   [end TTM_347] 
WARNING (TTM-362): At event 2.1.1 of the scanop sequence, observable scan 
           element Block.f.l.TOP.nl.U0_Async_fifo.u_fifo_rd.\gray_rd_ptr_reg[0].__iNsT2.dff_primitive is corrupted. Since the value captured by this scan element 
           may have been overwritten, the latch is removed from the scan chain as a valid measure point. 
           This condition may increase the difficulty of testing some faults.  [end TTM_362] 
WARNING (TTM-362): At event 2.1.1 of the scanop sequence, observable scan 
           element Block.f.l.TOP.nl.U0_Async_fifo.u_fifo_rd.\gray_rd_ptr_reg[1].__iNsT2.dff_primitive is corrupted. Since the value captured by this scan element 
           may have been overwritten, the latch is removed from the scan chain as a valid measure point. 
           This condition may increase the difficulty of testing some faults.  [end TTM_362] 
WARNING (TTM-362): At event 2.1.1 of the scanop sequence, observable scan 
           element Block.f.l.TOP.nl.U0_Async_fifo.u_fifo_rd.\gray_rd_ptr_reg[2].__iNsT2.dff_primitive is corrupted. Since the value captured by this scan element 
           may have been overwritten, the latch is removed from the scan chain as a valid measure point. 
           This condition may increase the difficulty of testing some faults.  [end TTM_362] 
WARNING (TTM-362): At event 2.1.1 of the scanop sequence, observable scan 
           element Block.f.l.TOP.nl.U0_Async_fifo.u_fifo_rd.\gray_rd_ptr_reg[3].__iNsT2.dff_primitive is corrupted. Since the value captured by this scan element 
           may have been overwritten, the latch is removed from the scan chain as a valid measure point. 
           This condition may increase the difficulty of testing some faults.  [end TTM_362] 
WARNING (TTM-362): At event 2.1.1 of the scanop sequence, observable scan 
           element Block.f.l.TOP.nl.U0_Async_fifo.u_fifo_rd.\rd_ptr_reg[0].__iNsT2.dff_primitive is corrupted. Since the value captured by this scan element 
           may have been overwritten, the latch is removed from the scan chain as a valid measure point. 
           This condition may increase the difficulty of testing some faults.  [end TTM_362] 
WARNING (TTM-362): At event 2.1.1 of the scanop sequence, observable scan 
           element Block.f.l.TOP.nl.U0_Async_fifo.u_fifo_rd.\rd_ptr_reg[1].__iNsT2.dff_primitive is corrupted. Since the value captured by this scan element 
           may have been overwritten, the latch is removed from the scan chain as a valid measure point. 
           This condition may increase the difficulty of testing some faults.  [end TTM_362] 
WARNING (TTM-362): At event 2.1.1 of the scanop sequence, observable scan 
           element Block.f.l.TOP.nl.U0_Async_fifo.u_fifo_rd.\rd_ptr_reg[2].__iNsT2.dff_primitive is corrupted. Since the value captured by this scan element 
           may have been overwritten, the latch is removed from the scan chain as a valid measure point. 
           This condition may increase the difficulty of testing some faults.  [end TTM_362] 
WARNING (TTM-362): At event 2.1.1 of the scanop sequence, observable scan 
           element Block.f.l.TOP.nl.U0_Async_fifo.u_fifo_rd.\rd_ptr_reg[3].__iNsT2.dff_primitive is corrupted. Since the value captured by this scan element 
           may have been overwritten, the latch is removed from the scan chain as a valid measure point. 
           This condition may increase the difficulty of testing some faults.  [end TTM_362] 
WARNING (TTM-362): At event 2.1.1 of the scanop sequence, observable scan 
           element Block.f.l.TOP.nl.U0_Async_fifo.u_w2r_sync.\sync_reg_reg[0][0].__iNsT2.dff_primitive is corrupted. Since the value captured by this scan element 
           may have been overwritten, the latch is removed from the scan chain as a valid measure point. 
           This condition may increase the difficulty of testing some faults.  [end TTM_362] 
WARNING (TTM-362): At event 2.1.1 of the scanop sequence, observable scan 
           element Block.f.l.TOP.nl.U0_Async_fifo.u_w2r_sync.\sync_reg_reg[0][1].__iNsT2.dff_primitive is corrupted. Since the value captured by this scan element 
           may have been overwritten, the latch is removed from the scan chain as a valid measure point. 
           This condition may increase the difficulty of testing some faults.  [end TTM_362] 
WARNING (TTM-362): At event 2.1.1 of the scanop sequence, observable scan 
           element Block.f.l.TOP.nl.U0_Async_fifo.u_w2r_sync.\sync_reg_reg[1][0].__iNsT2.dff_primitive is corrupted. Since the value captured by this scan element 
           may have been overwritten, the latch is removed from the scan chain as a valid measure point. 
           This condition may increase the difficulty of testing some faults.  [end TTM_362] 
WARNING (TTM-362): At event 2.1.1 of the scanop sequence, observable scan 
           element Block.f.l.TOP.nl.U0_Async_fifo.u_w2r_sync.\sync_reg_reg[1][1].__iNsT2.dff_primitive is corrupted. Since the value captured by this scan element 
           may have been overwritten, the latch is removed from the scan chain as a valid measure point. 
           This condition may increase the difficulty of testing some faults.  [end TTM_362] 
WARNING (TTM-362): At event 2.1.1 of the scanop sequence, observable scan 
           element Block.f.l.TOP.nl.U0_Async_fifo.u_w2r_sync.\sync_reg_reg[2][0].__iNsT2.dff_primitive is corrupted. Since the value captured by this scan element 
           may have been overwritten, the latch is removed from the scan chain as a valid measure point. 
           This condition may increase the difficulty of testing some faults.  [end TTM_362] 
WARNING (TTM-362): At event 2.1.1 of the scanop sequence, observable scan 
           element Block.f.l.TOP.nl.U0_Async_fifo.u_w2r_sync.\sync_reg_reg[2][1].__iNsT2.dff_primitive is corrupted. Since the value captured by this scan element 
           may have been overwritten, the latch is removed from the scan chain as a valid measure point. 
           This condition may increase the difficulty of testing some faults.  [end TTM_362] 
WARNING (TTM-362): At event 2.1.1 of the scanop sequence, observable scan 
           element Block.f.l.TOP.nl.U0_Async_fifo.u_w2r_sync.\sync_reg_reg[3][0].__iNsT2.dff_primitive is corrupted. Since the value captured by this scan element 
           may have been overwritten, the latch is removed from the scan chain as a valid measure point. 
           This condition may increase the difficulty of testing some faults.  [end TTM_362] 
WARNING (TTM-362): At event 2.1.1 of the scanop sequence, observable scan 
           element Block.f.l.TOP.nl.U0_Async_fifo.u_w2r_sync.\sync_reg_reg[3][1].__iNsT2.dff_primitive is corrupted. Since the value captured by this scan element 
           may have been overwritten, the latch is removed from the scan chain as a valid measure point. 
           This condition may increase the difficulty of testing some faults.  [end TTM_362] 
WARNING (TTM-362): At event 2.1.1 of the scanop sequence, observable scan 
           element Block.f.l.TOP.nl.U0_PULSE_GEN.pls_flop_reg.__iNsT2.dff_primitive is corrupted. Since the value captured by this scan element 
           may have been overwritten, the latch is removed from the scan chain as a valid measure point. 
           This condition may increase the difficulty of testing some faults.  [end TTM_362] 
WARNING (TTM-362): At event 2.1.1 of the scanop sequence, observable scan 
           element Block.f.l.TOP.nl.U0_PULSE_GEN.rcv_flop_reg.__iNsT2.dff_primitive is corrupted. Since the value captured by this scan element 
           may have been overwritten, the latch is removed from the scan chain as a valid measure point. 
           This condition may increase the difficulty of testing some faults.  [end TTM_362] 
WARNING (TTM-362): At event 2.1.1 of the scanop sequence, observable scan 
           element Block.f.l.TOP.nl.U0_UART.U0_UART_RX.U0_FSM.\current_state_reg[0].__iNsT2.dff_primitive is corrupted. Since the value captured by this scan element 
           may have been overwritten, the latch is removed from the scan chain as a valid measure point. 
           This condition may increase the difficulty of testing some faults.  [end TTM_362] 
WARNING (TTM-362): At event 2.1.1 of the scanop sequence, observable scan 
           element Block.f.l.TOP.nl.U0_UART.U0_UART_RX.U0_FSM.\current_state_reg[1].__iNsT2.dff_primitive is corrupted. Since the value captured by this scan element 
           may have been overwritten, the latch is removed from the scan chain as a valid measure point. 
           This condition may increase the difficulty of testing some faults.  [end TTM_362] 
WARNING (TTM-362): At event 2.1.1 of the scanop sequence, observable scan 
           element Block.f.l.TOP.nl.U0_UART.U0_UART_RX.U0_FSM.\current_state_reg[2].__iNsT2.dff_primitive is corrupted. Since the value captured by this scan element 
           may have been overwritten, the latch is removed from the scan chain as a valid measure point. 
           This condition may increase the difficulty of testing some faults.  [end TTM_362] 
WARNING (TTM-362): At event 2.1.1 of the scanop sequence, observable scan 
           element Block.f.l.TOP.nl.U0_UART.U0_UART_RX.U0_data_sampling.\sampled_data_reg[0].__iNsT1.dff_primitive is corrupted. Since the value captured by this scan element 
           may have been overwritten, the latch is removed from the scan chain as a valid measure point. 
           This condition may increase the difficulty of testing some faults.  [end TTM_362] 
WARNING (TTM-362): At event 2.1.1 of the scanop sequence, observable scan 
           element Block.f.l.TOP.nl.U0_UART.U0_UART_RX.U0_data_sampling.\sampled_data_reg[1].__iNsT1.dff_primitive is corrupted. Since the value captured by this scan element 
           may have been overwritten, the latch is removed from the scan chain as a valid measure point. 
           This condition may increase the difficulty of testing some faults.  [end TTM_362] 
WARNING (TTM-362): At event 2.1.1 of the scanop sequence, observable scan 
           element Block.f.l.TOP.nl.U0_UART.U0_UART_RX.U0_data_sampling.\sampled_data_reg[2].__iNsT1.dff_primitive is corrupted. Since the value captured by this scan element 
           may have been overwritten, the latch is removed from the scan chain as a valid measure point. 
           This condition may increase the difficulty of testing some faults.  [end TTM_362] 
WARNING (TTM-362): At event 2.1.1 of the scanop sequence, observable scan 
           element Block.f.l.TOP.nl.U0_UART.U0_UART_RX.U0_data_sampling.sampled_bit_reg.__iNsT2.dff_primitive is corrupted. Since the value captured by this scan element 
           may have been overwritten, the latch is removed from the scan chain as a valid measure point. 
           This condition may increase the difficulty of testing some faults.  [end TTM_362] 
WARNING (TTM-362): At event 2.1.1 of the scanop sequence, observable scan 
           element Block.f.l.TOP.nl.U0_UART.U0_UART_RX.U0_deserializer.\P_DATA_reg[0].__iNsT2.dff_primitive is corrupted. Since the value captured by this scan element 
           may have been overwritten, the latch is removed from the scan chain as a valid measure point. 
           This condition may increase the difficulty of testing some faults.  [end TTM_362] 
WARNING (TTM-362): At event 2.1.1 of the scanop sequence, observable scan 
           element Block.f.l.TOP.nl.U0_UART.U0_UART_RX.U0_deserializer.\P_DATA_reg[1].__iNsT2.dff_primitive is corrupted. Since the value captured by this scan element 
           may have been overwritten, the latch is removed from the scan chain as a valid measure point. 
           This condition may increase the difficulty of testing some faults.  [end TTM_362] 
WARNING (TTM-362): At event 2.1.1 of the scanop sequence, observable scan 
           element Block.f.l.TOP.nl.U0_UART.U0_UART_RX.U0_deserializer.\P_DATA_reg[2].__iNsT2.dff_primitive is corrupted. Since the value captured by this scan element 
           may have been overwritten, the latch is removed from the scan chain as a valid measure point. 
           This condition may increase the difficulty of testing some faults.  [end TTM_362] 
WARNING (TTM-362): At event 2.1.1 of the scanop sequence, observable scan 
           element Block.f.l.TOP.nl.U0_UART.U0_UART_RX.U0_deserializer.\P_DATA_reg[3].__iNsT2.dff_primitive is corrupted. Since the value captured by this scan element 
           may have been overwritten, the latch is removed from the scan chain as a valid measure point. 
           This condition may increase the difficulty of testing some faults.  [end TTM_362] 
WARNING (TTM-362): At event 2.1.1 of the scanop sequence, observable scan 
           element Block.f.l.TOP.nl.U0_UART.U0_UART_RX.U0_deserializer.\P_DATA_reg[4].__iNsT2.dff_primitive is corrupted. Since the value captured by this scan element 
           may have been overwritten, the latch is removed from the scan chain as a valid measure point. 
           This condition may increase the difficulty of testing some faults.  [end TTM_362] 
WARNING (TTM-362): At event 2.1.1 of the scanop sequence, observable scan 
           element Block.f.l.TOP.nl.U0_UART.U0_UART_RX.U0_deserializer.\P_DATA_reg[5].__iNsT2.dff_primitive is corrupted. Since the value captured by this scan element 
           may have been overwritten, the latch is removed from the scan chain as a valid measure point. 
           This condition may increase the difficulty of testing some faults.  [end TTM_362] 
WARNING (TTM-362): At event 2.1.1 of the scanop sequence, observable scan 
           element Block.f.l.TOP.nl.U0_UART.U0_UART_RX.U0_deserializer.\P_DATA_reg[6].__iNsT2.dff_primitive is corrupted. Since the value captured by this scan element 
           may have been overwritten, the latch is removed from the scan chain as a valid measure point. 
           This condition may increase the difficulty of testing some faults.  [end TTM_362] 
WARNING (TTM-362): At event 2.1.1 of the scanop sequence, observable scan 
           element Block.f.l.TOP.nl.U0_UART.U0_UART_RX.U0_deserializer.\P_DATA_reg[7].__iNsT2.dff_primitive is corrupted. Since the value captured by this scan element 
           may have been overwritten, the latch is removed from the scan chain as a valid measure point. 
           This condition may increase the difficulty of testing some faults.  [end TTM_362] 
WARNING (TTM-362): At event 2.1.1 of the scanop sequence, observable scan 
           element Block.f.l.TOP.nl.U0_UART.U0_UART_RX.U0_edge_bit_counter.\bit_cnt_reg[0].__iNsT2.dff_primitive is corrupted. Since the value captured by this scan element 
           may have been overwritten, the latch is removed from the scan chain as a valid measure point. 
           This condition may increase the difficulty of testing some faults.  [end TTM_362] 
WARNING (TTM-362): At event 2.1.1 of the scanop sequence, observable scan 
           element Block.f.l.TOP.nl.U0_UART.U0_UART_RX.U0_edge_bit_counter.\bit_cnt_reg[1].__iNsT2.dff_primitive is corrupted. Since the value captured by this scan element 
           may have been overwritten, the latch is removed from the scan chain as a valid measure point. 
           This condition may increase the difficulty of testing some faults.  [end TTM_362] 
WARNING (TTM-362): At event 2.1.1 of the scanop sequence, observable scan 
           element Block.f.l.TOP.nl.U0_UART.U0_UART_RX.U0_edge_bit_counter.\bit_cnt_reg[2].__iNsT2.dff_primitive is corrupted. Since the value captured by this scan element 
           may have been overwritten, the latch is removed from the scan chain as a valid measure point. 
           This condition may increase the difficulty of testing some faults.  [end TTM_362] 
WARNING (TTM-362): At event 2.1.1 of the scanop sequence, observable scan 
           element Block.f.l.TOP.nl.U0_UART.U0_UART_RX.U0_edge_bit_counter.\bit_cnt_reg[3].__iNsT2.dff_primitive is corrupted. Since the value captured by this scan element 
           may have been overwritten, the latch is removed from the scan chain as a valid measure point. 
           This condition may increase the difficulty of testing some faults.  [end TTM_362] 
WARNING (TTM-362): At event 2.1.1 of the scanop sequence, observable scan 
           element Block.f.l.TOP.nl.U0_UART.U0_UART_RX.U0_edge_bit_counter.\edge_cnt_reg[0].__iNsT2.dff_primitive is corrupted. Since the value captured by this scan element 
           may have been overwritten, the latch is removed from the scan chain as a valid measure point. 
           This condition may increase the difficulty of testing some faults.  [end TTM_362] 
WARNING (TTM-362): At event 2.1.1 of the scanop sequence, observable scan 
           element Block.f.l.TOP.nl.U0_UART.U0_UART_RX.U0_edge_bit_counter.\edge_cnt_reg[1].__iNsT2.dff_primitive is corrupted. Since the value captured by this scan element 
           may have been overwritten, the latch is removed from the scan chain as a valid measure point. 
           This condition may increase the difficulty of testing some faults.  [end TTM_362] 
WARNING (TTM-362): At event 2.1.1 of the scanop sequence, observable scan 
           element Block.f.l.TOP.nl.U0_UART.U0_UART_RX.U0_edge_bit_counter.\edge_cnt_reg[2].__iNsT2.dff_primitive is corrupted. Since the value captured by this scan element 
           may have been overwritten, the latch is removed from the scan chain as a valid measure point. 
           This condition may increase the difficulty of testing some faults.  [end TTM_362] 
WARNING (TTM-362): At event 2.1.1 of the scanop sequence, observable scan 
           element Block.f.l.TOP.nl.U0_UART.U0_UART_RX.U0_edge_bit_counter.\edge_cnt_reg[3].__iNsT2.dff_primitive is corrupted. Since the value captured by this scan element 
           may have been overwritten, the latch is removed from the scan chain as a valid measure point. 
           This condition may increase the difficulty of testing some faults.  [end TTM_362] 
WARNING (TTM-362): At event 2.1.1 of the scanop sequence, observable scan 
           element Block.f.l.TOP.nl.U0_UART.U0_UART_RX.U0_edge_bit_counter.\edge_cnt_reg[4].__iNsT2.dff_primitive is corrupted. Since the value captured by this scan element 
           may have been overwritten, the latch is removed from the scan chain as a valid measure point. 
           This condition may increase the difficulty of testing some faults.  [end TTM_362] 
WARNING (TTM-362): At event 2.1.1 of the scanop sequence, observable scan 
           element Block.f.l.TOP.nl.U0_UART.U0_UART_RX.U0_parity_check.par_err_reg.__iNsT2.dff_primitive is corrupted. Since the value captured by this scan element 
           may have been overwritten, the latch is removed from the scan chain as a valid measure point. 
           This condition may increase the difficulty of testing some faults.  [end TTM_362] 
WARNING (TTM-362): At event 2.1.1 of the scanop sequence, observable scan 
           element Block.f.l.TOP.nl.U0_UART.U0_UART_RX.U0_parity_check.parity_reg.__iNsT2.dff_primitive is corrupted. Since the value captured by this scan element 
           may have been overwritten, the latch is removed from the scan chain as a valid measure point. 
           This condition may increase the difficulty of testing some faults.  [end TTM_362] 
WARNING (TTM-362): At event 2.1.1 of the scanop sequence, observable scan 
           element Block.f.l.TOP.nl.U0_UART.U0_UART_RX.U0_stop_check.stp_err_reg.__iNsT2.dff_primitive is corrupted. Since the value captured by this scan element 
           may have been overwritten, the latch is removed from the scan chain as a valid measure point. 
           This condition may increase the difficulty of testing some faults.  [end TTM_362] 
WARNING (TTM-362): At event 2.1.1 of the scanop sequence, observable scan 
           element Block.f.l.TOP.nl.U0_UART.U0_UART_RX.U0_strt_check.strt_glitch_reg.__iNsT2.dff_primitive is corrupted. Since the value captured by this scan element 
           may have been overwritten, the latch is removed from the scan chain as a valid measure point. 
           This condition may increase the difficulty of testing some faults.  [end TTM_362] 
WARNING (TTM-362): At event 2.1.1 of the scanop sequence, observable scan 
           element Block.f.l.TOP.nl.U0_UART.U0_UART_TX.U0_FSM.\current_state_reg[0].__iNsT2.dff_primitive is corrupted. Since the value captured by this scan element 
           may have been overwritten, the latch is removed from the scan chain as a valid measure point. 
           This condition may increase the difficulty of testing some faults.  [end TTM_362] 
WARNING (TTM-362): At event 2.1.1 of the scanop sequence, observable scan 
           element Block.f.l.TOP.nl.U0_UART.U0_UART_TX.U0_FSM.\current_state_reg[1].__iNsT2.dff_primitive is corrupted. Since the value captured by this scan element 
           may have been overwritten, the latch is removed from the scan chain as a valid measure point. 
           This condition may increase the difficulty of testing some faults.  [end TTM_362] 
WARNING (TTM-362): At event 2.1.1 of the scanop sequence, observable scan 
           element Block.f.l.TOP.nl.U0_UART.U0_UART_TX.U0_FSM.\current_state_reg[2].__iNsT2.dff_primitive is corrupted. Since the value captured by this scan element 
           may have been overwritten, the latch is removed from the scan chain as a valid measure point. 
           This condition may increase the difficulty of testing some faults.  [end TTM_362] 
WARNING (TTM-362): At event 2.1.1 of the scanop sequence, observable scan 
           element Block.f.l.TOP.nl.U0_UART.U0_UART_TX.U0_parity_Calc.\parallel_data_reg[0].__iNsT2.dff_primitive is corrupted. Since the value captured by this scan element 
           may have been overwritten, the latch is removed from the scan chain as a valid measure point. 
           This condition may increase the difficulty of testing some faults.  [end TTM_362] 
WARNING (TTM-362): At event 2.1.1 of the scanop sequence, observable scan 
           element Block.f.l.TOP.nl.U0_UART.U0_UART_TX.U0_parity_Calc.\parallel_data_reg[1].__iNsT2.dff_primitive is corrupted. Since the value captured by this scan element 
           may have been overwritten, the latch is removed from the scan chain as a valid measure point. 
           This condition may increase the difficulty of testing some faults.  [end TTM_362] 
WARNING (TTM-362): At event 2.1.1 of the scanop sequence, observable scan 
           element Block.f.l.TOP.nl.U0_UART.U0_UART_TX.U0_parity_Calc.\parallel_data_reg[2].__iNsT2.dff_primitive is corrupted. Since the value captured by this scan element 
           may have been overwritten, the latch is removed from the scan chain as a valid measure point. 
           This condition may increase the difficulty of testing some faults.  [end TTM_362] 
WARNING (TTM-362): At event 2.1.1 of the scanop sequence, observable scan 
           element Block.f.l.TOP.nl.U0_UART.U0_UART_TX.U0_parity_Calc.\parallel_data_reg[3].__iNsT2.dff_primitive is corrupted. Since the value captured by this scan element 
           may have been overwritten, the latch is removed from the scan chain as a valid measure point. 
           This condition may increase the difficulty of testing some faults.  [end TTM_362] 
WARNING (TTM-362): At event 2.1.1 of the scanop sequence, observable scan 
           element Block.f.l.TOP.nl.U0_UART.U0_UART_TX.U0_parity_Calc.\parallel_data_reg[4].__iNsT2.dff_primitive is corrupted. Since the value captured by this scan element 
           may have been overwritten, the latch is removed from the scan chain as a valid measure point. 
           This condition may increase the difficulty of testing some faults.  [end TTM_362] 
WARNING (TTM-362): At event 2.1.1 of the scanop sequence, observable scan 
           element Block.f.l.TOP.nl.U0_UART.U0_UART_TX.U0_parity_Calc.\parallel_data_reg[5].__iNsT2.dff_primitive is corrupted. Since the value captured by this scan element 
           may have been overwritten, the latch is removed from the scan chain as a valid measure point. 
           This condition may increase the difficulty of testing some faults.  [end TTM_362] 
WARNING (TTM-362): At event 2.1.1 of the scanop sequence, observable scan 
           element Block.f.l.TOP.nl.U0_UART.U0_UART_TX.U0_parity_Calc.\parallel_data_reg[6].__iNsT2.dff_primitive is corrupted. Since the value captured by this scan element 
           may have been overwritten, the latch is removed from the scan chain as a valid measure point. 
           This condition may increase the difficulty of testing some faults.  [end TTM_362] 
WARNING (TTM-362): At event 2.1.1 of the scanop sequence, observable scan 
           element Block.f.l.TOP.nl.U0_UART.U0_UART_TX.U0_parity_Calc.\parallel_data_reg[7].__iNsT2.dff_primitive is corrupted. Since the value captured by this scan element 
           may have been overwritten, the latch is removed from the scan chain as a valid measure point. 
           This condition may increase the difficulty of testing some faults.  [end TTM_362] 
WARNING (TTM-362): At event 2.1.1 of the scanop sequence, observable scan 
           element Block.f.l.TOP.nl.U0_UART.U0_UART_TX.U0_serializer.S_DATA_reg.__iNsT2.dff_primitive is corrupted. Since the value captured by this scan element 
           may have been overwritten, the latch is removed from the scan chain as a valid measure point. 
           This condition may increase the difficulty of testing some faults.  [end TTM_362] 
WARNING (TTM-362): At event 2.1.1 of the scanop sequence, observable scan 
           element Block.f.l.TOP.nl.U0_UART.U0_UART_TX.U0_serializer.\counter_reg[0].__iNsT2.dff_primitive is corrupted. Since the value captured by this scan element 
           may have been overwritten, the latch is removed from the scan chain as a valid measure point. 
           This condition may increase the difficulty of testing some faults.  [end TTM_362] 
WARNING (TTM-362): At event 2.1.1 of the scanop sequence, observable scan 
           element Block.f.l.TOP.nl.U0_UART.U0_UART_TX.U0_serializer.\counter_reg[1].__iNsT2.dff_primitive is corrupted. Since the value captured by this scan element 
           may have been overwritten, the latch is removed from the scan chain as a valid measure point. 
           This condition may increase the difficulty of testing some faults.  [end TTM_362] 
WARNING (TTM-362): At event 2.1.1 of the scanop sequence, observable scan 
           element Block.f.l.TOP.nl.U0_UART.U0_UART_TX.U0_serializer.\counter_reg[2].__iNsT2.dff_primitive is corrupted. Since the value captured by this scan element 
           may have been overwritten, the latch is removed from the scan chain as a valid measure point. 
           This condition may increase the difficulty of testing some faults.  [end TTM_362] 
WARNING (TTM-362): At event 2.1.1 of the scanop sequence, observable scan 
           element Block.f.l.TOP.nl.U0_UART.U0_UART_TX.U0_serializer.\counter_reg[3].__iNsT2.dff_primitive is corrupted. Since the value captured by this scan element 
           may have been overwritten, the latch is removed from the scan chain as a valid measure point. 
           This condition may increase the difficulty of testing some faults.  [end TTM_362] 
WARNING (TTM-362): At event 2.1.1 of the scanop sequence, observable scan 
           element Block.f.l.TOP.nl.U0_UART.U0_UART_TX.U0_serializer.\parallel_data_reg[0].__iNsT2.dff_primitive is corrupted. Since the value captured by this scan element 
           may have been overwritten, the latch is removed from the scan chain as a valid measure point. 
           This condition may increase the difficulty of testing some faults.  [end TTM_362] 
WARNING (TTM-362): At event 2.1.1 of the scanop sequence, observable scan 
           element Block.f.l.TOP.nl.U0_UART.U0_UART_TX.U0_serializer.\parallel_data_reg[1].__iNsT2.dff_primitive is corrupted. Since the value captured by this scan element 
           may have been overwritten, the latch is removed from the scan chain as a valid measure point. 
           This condition may increase the difficulty of testing some faults.  [end TTM_362] 
WARNING (TTM-362): At event 2.1.1 of the scanop sequence, observable scan 
           element Block.f.l.TOP.nl.U0_UART.U0_UART_TX.U0_serializer.\parallel_data_reg[2].__iNsT2.dff_primitive is corrupted. Since the value captured by this scan element 
           may have been overwritten, the latch is removed from the scan chain as a valid measure point. 
           This condition may increase the difficulty of testing some faults.  [end TTM_362] 
WARNING (TTM-362): At event 2.1.1 of the scanop sequence, observable scan 
           element Block.f.l.TOP.nl.U0_UART.U0_UART_TX.U0_serializer.\parallel_data_reg[3].__iNsT2.dff_primitive is corrupted. Since the value captured by this scan element 
           may have been overwritten, the latch is removed from the scan chain as a valid measure point. 
           This condition may increase the difficulty of testing some faults.  [end TTM_362] 
WARNING (TTM-362): At event 2.1.1 of the scanop sequence, observable scan 
           element Block.f.l.TOP.nl.U0_UART.U0_UART_TX.U0_serializer.\parallel_data_reg[4].__iNsT2.dff_primitive is corrupted. Since the value captured by this scan element 
           may have been overwritten, the latch is removed from the scan chain as a valid measure point. 
           This condition may increase the difficulty of testing some faults.  [end TTM_362] 
WARNING (TTM-362): At event 2.1.1 of the scanop sequence, observable scan 
           element Block.f.l.TOP.nl.U0_UART.U0_UART_TX.U0_serializer.\parallel_data_reg[5].__iNsT2.dff_primitive is corrupted. Since the value captured by this scan element 
           may have been overwritten, the latch is removed from the scan chain as a valid measure point. 
           This condition may increase the difficulty of testing some faults.  [end TTM_362] 
WARNING (TTM-362): At event 2.1.1 of the scanop sequence, observable scan 
           element Block.f.l.TOP.nl.U0_UART.U0_UART_TX.U0_serializer.\parallel_data_reg[6].__iNsT2.dff_primitive is corrupted. Since the value captured by this scan element 
           may have been overwritten, the latch is removed from the scan chain as a valid measure point. 
           This condition may increase the difficulty of testing some faults.  [end TTM_362] 
WARNING (TTM-362): At event 2.1.1 of the scanop sequence, observable scan 
           element Block.f.l.TOP.nl.U0_UART.U0_UART_TX.U0_serializer.\parallel_data_reg[7].__iNsT2.dff_primitive is corrupted. Since the value captured by this scan element 
           may have been overwritten, the latch is removed from the scan chain as a valid measure point. 
           This condition may increase the difficulty of testing some faults.  [end TTM_362] 
WARNING (TTM-362): At event 2.1.1 of the scanop sequence, observable scan 
           element Block.f.l.TOP.nl.U0_UART.U0_UART_TX.U0_serializer.ser_done_reg.__iNsT2.dff_primitive is corrupted. Since the value captured by this scan element 
           may have been overwritten, the latch is removed from the scan chain as a valid measure point. 
           This condition may increase the difficulty of testing some faults.  [end TTM_362] 
INFO (TTM-357): There are 4 scan chains which are controllable and observable.   [end TTM_357] 
INFO (TFW-119): Modus checked in a modus_atpg license.  [end TFW_119] 

There are no PPIs for Test Mode:  SCAN

Information for Test Mode:  SCAN
-------------------------

         Scan Type = GSD


 Latch Summary for Test Mode:  SCAN
 Latch Type                #Active   #Inactive       Total
 ---------------------   ---------   ---------   ---------
 Test Constraint (TC)            0           0           0 
 Scan Enable     (SE)            0           0           0 
 Fixed Value     (FV)            0           0           0 
 Floating                        1           0           1 
 Finite State    (FSM)           0           0           0 

WARNING (TTM-809): Test mode SCAN has been created, WARNINGs have been generated -
           see preceding message(s) for details. [end TTM_809] 

Test Function Pin Information for Test Mode:  SCAN
-------------------------------------------

          3  SC    (System  Clock)             Pins
          0  PC    (P Shift Clock)             Pins
          2  EC    (E Shift Clock)             Pins

          0  OSC   (Oscillator)                Pins

          1  TI    (Test Inhibit)              Pins
          1  SE    (Scan Enable)               Pins
          0  CI    (Clock Isolation)           Pins
          0  OI    (Output Inhibit)            Pins

          4  SI    (Scan Input)                Pins
          4  SO    (Scan Output)               Pins

  Pin Index    Type Test Function                         Pin Name / Net Name
  ---------    ---- ----------------------------------    -------------------
          1      PI  -SC                                  RST_N / RST_N
          0      PI  -EC  -SC                             REF_CLK / REF_CLK
          8      PI  -EC  -SC                             UART_CLK / UART_CLK
          7      PI  +TI                                  TestMode / TestMode
          2      PI  +SE                                  ScanEnable / ScanEnable
          3      PI   SI                                  ScanIn_1 / ScanIn_1
          4      PI   SI1                                 ScanIn_2 / ScanIn_2
          5      PI   SI2                                 ScanIn_3 / ScanIn_3
          6      PI   SI3                                 ScanIn_4 / ScanIn_4
         10      PO   SO                                  ScanOut_1 / ScanOut_1
         11      PO   SO1                                 ScanOut_2 / ScanOut_2
         12      PO   SO2                                 ScanOut_3 / ScanOut_3
         13      PO   SO3                                 ScanOut_4 / ScanOut_4



Modus Build Test Mode(s) completed. Highest severity is (WARNING).

               Total Memory =           17,533,184  bytes

            Cumulative Time in hours:minutes:seconds:
                   CPU Time =   0:00:00.14
               Elapsed Time =   0:00:00.25




-------------------------------------------------------------------------------
*                      Message Summary                                        *
-------------------------------------------------------------------------------
 Count  Number             First Instance of Message Text
------- ------             ------------------------------

  INFO Messages...
      1 INFO (TFW-117): Modus checked out a modus_atpg license.   
      1 INFO (TFW-119): Modus checked in a modus_atpg license.   
      1 INFO (THM-814): Testmode contains 92.82% active logic,  7.18% inactive logic and  0.00% constraint logic.    
      1 INFO (TTM-357): There are 4 scan chains which are controllable and observable.    
      1 INFO (TTM-387): A default scanop sequence will be generated.    
      1 INFO (TTM-391): A default modeinit sequence will be generated.    

  WARNING Messages...
      1 WARNING (TTM-347): There is less than 96 percent active logic in this test mode.  Global fault
     71 WARNING (TTM-362): At event 2.1.1 of the scanop sequence, observable scan 
      1 WARNING (TTM-809): Test mode SCAN has been created, WARNINGs have been generated -

 For a detailed explanation of a message and a suggested user response execute 'msgHelp <message id>'.  For example: msgHelp TDA-009

-------------------------------------------------------------------------------
INFO (TUI-772): The command 'build_faultmodel' will release the currently acquired resources. [end TUI_772] 

Starting Command: build_faultmodel 

INFO (TDA-015): Log File: /home/admin/DFT/SOCX/SCAN/TP/testresults/logs/log_build_faultmodel_070426132218-927793000 [end TDA_015]

INFO (TFW-117): Modus checked out a modus_atpg license.  [end TFW_117] 
INFO (TFM-099): Build Fault Model started.  [end TFM_099] 
INFO (TFM-102): Creating faultModel file /home/admin/DFT/SOCX/SCAN/TP/tbdata/faultModel.  [end TFM_102] 

Global Ignored Static Fault Count                10
Global Ignored Dynamic Fault Count                0


                            Global Statistics

                    ATCov  ----------------------- Global Faults --------------------------
                   Global        Total       Tested     Possibly    Redundant     Untested

Total Static         0.00        14926            0            0            0        14926
Collapsed Static     0.00        10780            0            0            0        10780
PI Static            0.00           20            0            0            0           20
PO Static            0.00           14            0            0            0           14

Total Dynamic                        0

Parametric        

IDDq                 0.00        14926            0                                  14926



INFO (TFM-103): Creating faultStatus file /home/admin/DFT/SOCX/SCAN/TP/tbdata/faultStatus.  [end TFM_103] 

                           Testmode Statistics: SCAN

                 ---- ATCov ---- ------------------------ Testmode Faults ----------------------- ------------------------- Global Faults ------------------------
                 Testmode Global        Total       Tested     Possibly    Redundant     Untested        Total       Tested     Possibly    Redundant     Untested

Total Static         0.00   0.00        14457            0            0            0        14457        14926            0            0            0        14926
Collapsed Static     0.00   0.00        10368            0            0            0        10368        10780            0            0            0        10780
PI Static            0.00   0.00           17            0            0            0           17           20            0            0            0           20
PO Static            0.00   0.00           14            0            0            0           14           14            0            0            0           14

Total Dynamic                               0

Parametric        

IDDq                 0.00   0.00        14926            0                                  14926        14926            0                                  14926

Path                 0.00   0.00            0            0                                      0            0            0                                      0



INFO (TFM-704): Maximum Global Test Coverage Statistics: 

                  %Active      #Faults      #Active    #Inactive
Total Static        96.86        14926        14457          469
Collapsed Static    96.18        10780        10368          412
PI Static           85.00           20           17            3
PO Static          100.00           14           14            0

Total Dynamic                        0

Parametric        

There are 1 test mode(s) defined:
      SCAN

[end TFM_704]
INFO (TFM-109): Build Fault Model has completed with highest level severity message of INFO.  [end TFM_109] 

INFO (TDA-001): Maximum Memory used during the run and Cumulative Time in hours:minutes:seconds:

                  Total Memory =           11,658,320  bytes

                      CPU Time =    0:00:00.02
                  Elapsed Time =    0:00:00.06                    [end TDA_001]

     Date Ended:  Saturday Jul 04 13:22:19 2026  IST

INFO (TFW-119): Modus checked in a modus_atpg license.  [end TFW_119] 



-------------------------------------------------------------------------------
*                      Message Summary                                        *
-------------------------------------------------------------------------------
 Count  Number             First Instance of Message Text
------- ------             ------------------------------

  INFO Messages...
      1 INFO (TFM-099): Build Fault Model started.   
      1 INFO (TFM-102): Creating faultModel file /home/admin/DFT/SOCX/SCAN/TP/tbdata/faultModel.   
      1 INFO (TFM-103): Creating faultStatus file /home/admin/DFT/SOCX/SCAN/TP/tbdata/faultStatus.   
      1 INFO (TFM-109): Build Fault Model has completed with highest level severity message of INFO.   
      1 INFO (TFM-704): Maximum Global Test Coverage Statistics: 
      1 INFO (TFW-117): Modus checked out a modus_atpg license.   
      1 INFO (TFW-119): Modus checked in a modus_atpg license.   

 For a detailed explanation of a message and a suggested user response execute 'msgHelp <message id>'.  For example: msgHelp TDA-009

-------------------------------------------------------------------------------
#@ Begin verbose source TP/runmodus.atpg.tcl
@file(TP/runmodus.atpg.tcl) 13: set_db workdir TP;
@file(TP/runmodus.atpg.tcl) 14: set   WORKDIR [get_db workdir]
@file(TP/runmodus.atpg.tcl) 17: set_option stdout     all;                                     # Not printing output for each command to the terminal
@file(TP/runmodus.atpg.tcl) 19: set ::env(CDS_LIC_REPORT) yes
@file(TP/runmodus.atpg.tcl) 20: set_db stop_on_severity error;
@file(TP/runmodus.atpg.tcl) 25: verify_test_structures \
    -testmode	 SCAN \
 
Starting Command: verify_test_structures 

INFO (TDA-015): Log File: /home/admin/DFT/SOCX/SCAN/TP/testresults/logs/log_verify_test_structures_SCAN_070426132220-172991000 [end TDA_015]

INFO (TSV-900): verify_test_structures processing has started Sat Jul  4 13:22:20 2026    [end TSV_900] 
INFO (TFW-117): Modus checked out a modus_atpg license.  [end TFW_117] 
------------------- verify_test_structures Process Preview ---------------------
  apply constraints ...................................... constraints=yes    
  Print 1 message per source of clock race ............... limitcisource=yes  
  Print 1 Message per capture of clock race .............. limitcicapture=yes 
  Check for mutually exclusive gating logic (MEG) ........ megraces=yes       
  Use raise message severity attributes if they exist .... raisemsgsev=no    
  Reporting options ...................................... report[option]=yes/no 
    Process Preview ......................................   preview=yes     
    Circuit Statistics ...................................   circuit=yes      
    Message Summary ......................................   summary=yes      
    Specific Messages ....................................   specific=yes     
    Tests Status .........................................   status=no       
    Output File Names and Size ...........................   filestats=yes    
    Display messages for cloaked objects .................   cloakedobj=no   
  Re-run verify_test_structures test(s) ................... reruntests=no     
  Use message suppression attributes if they exist ....... suppressmsg=no    
  Test selected .......................................... test[option]=yes/no 
    Analyze test clock control of memory elements ........   testclockusage=yes 
    Analyze three-state drivers for contention ...........   tsdcontention=yes 
    Analyze feedback loops and keeper devices ............   feedback=yes 
    Analyze clock choppers ...............................   clockchopper=yes 
    Analyze flip-flop and latch scan characteristics .....   latchusage=yes 
    Analyze explicit fixed value latches .................   explicitfvlatch=yes 
    Analyze potential clock signal races .................   clocksignalraces=yes 
    Analyze internal scan chains .........................   internalscanchains=yes 

--------------------Circuit Statistics--------------------

INFO (TLM-055): Design Summary
                --------------

Hierarchical Model:                  Flattened Model:
         17,607  Blocks                       9,930  Blocks
         54,546  Pins                         9,930  Nodes
         29,136  Nets

Primary Inputs:                      Primary Outputs:
         10  Input Only                         7  Output Only
          0  Input/Output                       0  Input/Output
         10  Total Inputs                       7  Total Outputs

Tied Nets:                           Dotted Nets:
        710  Tied to 0                          0  Two-State
        361  Tied to 1                          0  Three-State
          0  Tied to X                          0  Total Dotted Nets
      1,071  Total Tied Nets

Selected Primitive Functions:
          0  Clock Chopper (CHOP) primitives 
          0  RAMs
          0  ROMs
          0  TSDs
          0  Resistors
          0  Transistors
        630  MUX2s
          1  Latches


        361  Rising  Edge Flop w/Set-Dominant and Reset Port
        361  Total Flops

      1,769  Technology Library Cell Instances

[end TLM_055] 

Test Function Pin Information for Test Mode:  SCAN
-------------------------------------------

          3  SC    (System  Clock)             Pins
          0  PC    (P Shift Clock)             Pins
          2  EC    (E Shift Clock)             Pins

          0  OSC   (Oscillator)                Pins

          1  TI    (Test Inhibit)              Pins
          1  SE    (Scan Enable)               Pins
          0  CI    (Clock Isolation)           Pins
          0  OI    (Output Inhibit)            Pins

          4  SI    (Scan Input)                Pins
          4  SO    (Scan Output)               Pins

  Pin Index    Type Test Function                         Pin Name / Net Name
  ---------    ---- ----------------------------------    -------------------
          1      PI  -SC                                  RST_N / RST_N
          0      PI  -EC  -SC                             REF_CLK / REF_CLK
          8      PI  -EC  -SC                             UART_CLK / UART_CLK
          7      PI  +TI                                  TestMode / TestMode
          2      PI  +SE                                  ScanEnable / ScanEnable
          3      PI   SI                                  ScanIn_1 / ScanIn_1
          4      PI   SI1                                 ScanIn_2 / ScanIn_2
          5      PI   SI2                                 ScanIn_3 / ScanIn_3
          6      PI   SI3                                 ScanIn_4 / ScanIn_4
         10      PO   SO                                  ScanOut_1 / ScanOut_1
         11      PO   SO1                                 ScanOut_2 / ScanOut_2
         12      PO   SO2                                 ScanOut_3 / ScanOut_3
         13      PO   SO3                                 ScanOut_4 / ScanOut_4

  
   Analyze test clocks' control of memory elements    

Analyze test clocks' control of memory elements process has completed.
                             CPU time =  0:00:00.01  Elapsed time =  0:00:00.02
  
   Analyze three-state drivers for contention 

Analyze three-state drivers for contention process has completed.
                             CPU time =  0:00:00.00  Elapsed time =  0:00:00.02
  
   Analyze feedback loops and keeper devices          

Analyze feedback loops and keeper devices process has completed.
                             CPU time =  0:00:00.00  Elapsed time =  0:00:00.02
  
   Analyze clock choppers                             

Analyze clock choppers process has completed.
                             CPU time =  0:00:00.01  Elapsed time =  0:00:00.05
  
   Analyze flip-flop and latch scan characteristics   
INFO (TSV-068): The length of the longest scan chain is 91 bit positions, which is 101% of the average scan chain length 91 (based on 361 total scan chain bits and 4 valid scan chains).   [end TSV_068] 
INFO (TSV-378): Scan chain beginning at 'pin ScanIn_1' and ending at 'pin ScanOut_1' is controllable and observable. The length of the scan chain is 91 bit positions.   [end TSV_378] 
INFO (TSV-378): Scan chain beginning at 'pin ScanIn_2' and ending at 'pin ScanOut_2' is controllable and observable. The length of the scan chain is 89 bit positions.   [end TSV_378] 
INFO (TSV-378): Scan chain beginning at 'pin ScanIn_3' and ending at 'pin ScanOut_3' is controllable and observable. The length of the scan chain is 91 bit positions.   [end TSV_378] 
INFO (TSV-378): Scan chain beginning at 'pin ScanIn_4' and ending at 'pin ScanOut_4' is controllable and observable. The length of the scan chain is 90 bit positions.   [end TSV_378] 
INFO (TSV-567): There are 4 controllable scan chains fed by Scan In (SI) primary inputs.   [end TSV_567] 
INFO (TSV-568): There are 4 observable scan chains feeding to Scan Out (SO) primary outputs.   [end TSV_568] 
INFO (TSV-569): There are 0 controllable scan chains fed by on-product Pattern Generator(s).   [end TSV_569] 
INFO (TSV-570): There are 0 observable scan chains feeding to on-product Multiple-Input Signature Register (MISRs).   [end TSV_570] 
INFO (TSV-383): There are 1 floating latches.   [end TSV_383] 

Analyze flip-flop and latch scan characteristics process has completed.
                             CPU time =  0:00:00.00  Elapsed time =  0:00:00.02
  
   Analyze explicit fixed value latches 

Analyze explicit fixed value latches process has completed.
                             CPU time =  0:00:00.00  Elapsed time =  0:00:00.02
  
   Analyze potential clock signal races               
   Check for mutually exclusive gating logic (MEG)    

Analyze potential clock signal races process has completed.
                             CPU time =  0:00:00.01  Elapsed time =  0:00:00.03
  
   Analyze internal scan chains 

Analyze channel inputs for validity process has completed.
                             CPU time =  0:00:00.00  Elapsed time =  0:00:00.02

--------------------File Information----------------------
          57344 /home/admin/DFT/SOCX/SCAN/TP/tbdata/TSVmessageFile.SCAN 

INFO (TSV-908): verify_test_structures processing complete.   [end TSV_908] 
INFO (TFW-119): Modus checked in a modus_atpg license.  [end TFW_119] 

INFO (TDA-001): Maximum Memory used during the run and Cumulative Time in hours:minutes:seconds:

                  Total Memory =            8,907,472  bytes

                      CPU Time =    0:00:00.04
                  Elapsed Time =    0:00:00.33                    [end TDA_001]

     Date Ended:  Saturday Jul 04 13:22:20 2026  IST




-------------------------------------------------------------------------------
*                      Message Summary                                        *
-------------------------------------------------------------------------------
 Count  Number             First Instance of Message Text
------- ------             ------------------------------

  INFO Messages...
      1 INFO (TFW-117): Modus checked out a modus_atpg license.   
      1 INFO (TFW-119): Modus checked in a modus_atpg license.   
      1 INFO (TLM-055): Design Summary
      1 INFO (TSV-068): The length of the longest scan chain is 91 bit positions, which is 101% of the average scan chain length 91 (based on 361 total scan chain bits and 4 valid scan chains).    
      4 INFO (TSV-378): Scan chain beginning at 'pin ScanIn_1' and ending at 'pin ScanOut_1' is controllable and observable. The length of the scan chain is 91 bit positions.    
      1 INFO (TSV-383): There are 1 floating latches.    
      1 INFO (TSV-567): There are 4 controllable scan chains fed by Scan In (SI) primary inputs.    
      1 INFO (TSV-568): There are 4 observable scan chains feeding to Scan Out (SO) primary outputs.    
      1 INFO (TSV-569): There are 0 controllable scan chains fed by on-product Pattern Generator(s).    
      1 INFO (TSV-570): There are 0 observable scan chains feeding to on-product Multiple-Input Signature Register (MISRs).    
      1 INFO (TSV-900): verify_test_structures processing has started Sat Jul  4 13:22:20 2026     
      1 INFO (TSV-908): verify_test_structures processing complete.    

 For a detailed explanation of a message and a suggested user response execute 'msgHelp <message id>'.  For example: msgHelp TDA-009

-------------------------------------------------------------------------------
@file(TP/runmodus.atpg.tcl) 32: analyze_testability \
    -testmode	 SCAN \


Starting Command: analyze_testability 

INFO (TDA-015): Log File: /home/admin/DFT/SOCX/SCAN/TP/testresults/logs/log_analyze_testability_SCAN_070426132221-635014000 [end TDA_015]



INFO (TFW-117): Modus checked out a modus_atpg license.  [end TFW_117] 
****************************************************************************************************
Coverage Definitions:
 #Faults  : Number of Active Faults (observable).
 #Tested  : Number of Active Faults marked tested.
 #Possibly: Number of Active Faults marked possibly tested
            (good value is 0 or 1; fault value is X).
 #Redund  : Number of Active Faults untestable due to redundancy.
 #Untested: Number of Active Faults untested.
 %TCov  (%Test Coverage)                      : #Tested / #Faults
 %ATCov (%Adjusted TCov)                      : #Tested / (#Faults-#Redund)
****************************************************************************************************
****************************************************************************************************
                           Testmode Statistics: SCAN

                           #Faults      #Tested    #Possibly      #Redund    #Untested  %TCov %ATCov
Total Static                 14457            0            0            0        14457   0.00   0.00

                            Global Statistics

                           #Faults      #Tested    #Possibly      #Redund    #Untested  %TCov %ATCov
Total Static                 14926            0            0            0        14926   0.00   0.00
****************************************************************************************************

*************************************************************************************************************
INFO (TTC-110): Starting Scan Test generation                                                   [end TTC_110] 

INFO (TDA-220):   --- Tests ---   Faults     ---- ATCov ----   -- Faults --   - Elapsed Time -  [end TDA_220] 
INFO (TDA-220):    Sim.    Eff.  Detected    Tmode    Global     Untested                       [end TDA_220] 
INFO (TDA-220):      0       0       2984    20.64%   19.99%        11473           00:00.13    [end TDA_220] 
INFO (TTC-110): Ending Scan Test generation                                                     [end TTC_110] 
*************************************************************************************************************

*************************************************************************************************************
INFO (TTC-110): Starting Static Logic Test generation                                           [end TTC_110] 

INFO (TDA-220):   --- Tests ---   Faults     ---- ATCov ----   -- Faults --   - Elapsed Time -  [end TDA_220] 
INFO (TDA-220):    Sim.    Eff.  Detected    Tmode    Global     Untested                       [end TDA_220] 
INFO (TDA-220):     16      16       4621    52.62%   50.96%         6848           00:08.69    [end TDA_220] 
INFO (TDA-220):     32      32        820    58.30%   56.46%         6026           00:12.06    [end TDA_220] 
INFO (TDA-220):     48      48        588    62.37%   60.40%         5439           00:15.33    [end TDA_220] 
INFO (TDA-220):     64      64        351    64.81%   62.77%         5085           00:18.97    [end TDA_220] 
INFO (TDA-220):     80      80        254    66.58%   64.49%         4828           00:22.87    [end TDA_220] 
INFO (TDA-220):     96      96        217    68.10%   65.96%         4607           00:27.20    [end TDA_220] 
INFO (TDA-220):    112     112        215    69.61%   67.42%         4387           00:34.77    [end TDA_220] 
INFO (TDA-220):    128     128        162    70.75%   68.52%         4222           00:40.82    [end TDA_220] 
INFO (TDA-220):    144     140        538    74.49%   72.14%         3682           00:45.50    [end TDA_220] 
INFO (TDA-220):    160     153        363    77.00%   74.58%         3319           00:45.51    [end TDA_220] 
INFO (TDA-220):    176     169        107    77.74%   75.30%         3212           00:45.51    [end TDA_220] 
INFO (TDA-220):    192     185        169    78.91%   76.43%         3043           00:45.52    [end TDA_220] 
INFO (TDA-220):    208     201         98    79.59%   77.09%         2945           00:45.52    [end TDA_220] 
INFO (TDA-220):    223     215        275    81.50%   78.93%         2670           00:45.53    [end TDA_220] 
INFO (TDA-220):    239     229         73    82.01%   79.42%         2597           00:45.53    [end TDA_220] 
INFO (TDA-220):    255     245        431    84.99%   82.32%         2166           00:45.54    [end TDA_220] 
INFO (TDA-220):    271     261         55    85.37%   82.69%         2111           00:45.54    [end TDA_220] 
INFO (TDA-220):    287     277         63    85.81%   83.11%         2048           00:45.55    [end TDA_220] 
INFO (TDA-220):    303     292         30    86.02%   83.31%         2018           00:45.55    [end TDA_220] 
INFO (TDA-220):    319     308         32    86.24%   83.52%         1986           00:45.55    [end TDA_220] 
INFO (TDA-220):    326     315         69    86.72%   83.99%         1917           00:45.56    [end TDA_220] 
INFO (TDA-220):    337     323         38    86.98%   84.24%         1879           00:45.56    [end TDA_220] 
INFO (TDA-220):    353     339         22    87.13%   84.39%         1857           00:45.56    [end TDA_220] 
INFO (TDA-220):    362     339          0    87.13%   84.39%         1857           00:45.57    [end TDA_220] 
INFO (TDA-220):    369     346        120    87.96%   85.20%         1737           00:45.57    [end TDA_220] 
INFO (TDA-220):    376     353         66    88.42%   85.64%         1671           00:45.58    [end TDA_220] 
INFO (TDA-220):    383     358         18    88.55%   85.76%         1653           00:45.59    [end TDA_220] 
INFO (TDA-220):    391     361          9    88.61%   85.82%         1644           00:45.59    [end TDA_220] 
INFO (TDA-220):    401     371         17    88.73%   85.93%         1627           00:45.60    [end TDA_220] 
INFO (TDA-220):    410     371          0    88.73%   85.93%         1627           00:45.60    [end TDA_220] 
INFO (TDA-220):    420     381         41    89.01%   86.21%         1586           00:45.60    [end TDA_220] 
INFO (TDA-220):    426     381          0    89.01%   86.21%         1586           00:45.60    [end TDA_220] 
INFO (TDA-220):    430     381          0    89.01%   86.21%         1586           00:45.61    [end TDA_220] 
INFO (TDA-220):    434     381          0    89.01%   86.21%         1586           00:45.61    [end TDA_220] 
INFO (TDA-220):    438     381          0    89.01%   86.21%         1586           00:45.61    [end TDA_220] 
INFO (TDA-220):    440     383         12    89.09%   86.29%         1574           00:45.61    [end TDA_220] 
INFO (TDA-220):    443     383          0    89.09%   86.29%         1574           00:45.61    [end TDA_220] 
INFO (TDA-220):    446     385          4    89.12%   86.32%         1570           00:45.62    [end TDA_220] 
INFO (TDA-220):    447     386         19    89.25%   86.44%         1551           00:45.62    [end TDA_220] 
INFO (TDA-220):    449     388         15    89.36%   86.54%         1536           00:45.62    [end TDA_220] 
INFO (TDA-220):    451     389         83    89.93%   87.10%         1453           00:45.63    [end TDA_220] 
INFO (TDA-220):    453     389          0    89.93%   87.10%         1453           00:45.63    [end TDA_220] 
INFO (TDA-220):    454     389          0    89.93%   87.10%         1453           00:45.63    [end TDA_220] 
INFO (TDA-221):    454     389          0    89.93%   87.10%         1453           00:45.63    [end TDA_221] 
INFO (TDA-220):    460     393         30    90.14%   87.30%         1423           00:50.89    [end TDA_220] 
INFO (TDA-220):    465     393          0    90.14%   87.30%         1423           00:50.89    [end TDA_220] 
INFO (TDA-220):    468     393          0    90.14%   87.30%         1423           00:50.90    [end TDA_220] 
INFO (TDA-220):    469     394          3    90.16%   87.32%         1420           00:50.90    [end TDA_220] 
INFO (TDA-220):    470     394          0    90.16%   87.32%         1420           00:50.90    [end TDA_220] 
INFO (TDA-220):    471     394          0    90.16%   87.32%         1420           00:50.90    [end TDA_220] 
INFO (TDA-220):    472     395          6    90.20%   87.36%         1414           00:50.90    [end TDA_220] 
INFO (TDA-220):    473     395          0    90.20%   87.36%         1414           00:51.00    [end TDA_220] 
INFO (TDA-220):    474     395          0    90.20%   87.36%         1414           00:51.00    [end TDA_220] 
INFO (TDA-220):    474     395          0    90.39%   87.54%         1384           00:51.19    [end TDA_220] 

****************************************************************************************************
                           Testmode Statistics: SCAN

                           #Faults      #Tested    #Possibly      #Redund    #Untested  %TCov %ATCov
Total Static                 14457        13018            0           55         1384  90.05  90.39

                            Global Statistics

                           #Faults      #Tested    #Possibly      #Redund    #Untested  %TCov %ATCov
Total Static                 14926        13018            0           55         1853  87.22  87.54
****************************************************************************************************

(I) File(s) generated (bytes and name):

         118784 /home/admin/DFT/SOCX/SCAN/TP/tbdata/faultStatus.SCAN.TFA

INFO (TDA-001): Maximum Memory used during the run and Cumulative Time in hours:minutes:seconds:

                  Total Memory =           11,546,560  bytes

                      CPU Time =    0:00:49.62
                  Elapsed Time =    0:00:51.22                    [end TDA_001]

     Date Ended:  Saturday Jul 04 13:23:12 2026  IST

INFO (TFW-119): Modus checked in a modus_atpg license.  [end TFW_119] 



-------------------------------------------------------------------------------
*                      Message Summary                                        *
-------------------------------------------------------------------------------
 Count  Number             First Instance of Message Text
------- ------             ------------------------------

  INFO Messages...
     58 INFO (TDA-220):   --- Tests ---   Faults     ---- ATCov ----   -- Faults --   - Elapsed Time -   
      1 INFO (TDA-221):    454     389          0    89.93%   87.10%         1453           00:45.63     
      1 INFO (TFW-117): Modus checked out a modus_atpg license.   
      1 INFO (TFW-119): Modus checked in a modus_atpg license.   
      3 INFO (TTC-110): Starting Scan Test generation                                                    

 For a detailed explanation of a message and a suggested user response execute 'msgHelp <message id>'.  For example: msgHelp TDA-009

-------------------------------------------------------------------------------
#@ End verbose source TP/runmodus.atpg.tcl
