
 
Copyright (C) 2002-2025 Cadence Design Systems Inc. All Rights Reserved. 
Cadence and the Cadence logo are registered trademarks and Modus is a trademark 
of Cadence Design Systems, Inc. in the United States and other countries.

Type 'help legal_notices' for third party license notices. 
Version : 25.10-p027_1, built Mar 13 2025 (linux26_64)
Options : -files TOP_ATPG/runmodus.atpg.tcl
Date    : Fri, July 17 13:43:46 2026
Host    : Pine-06 (x86_64 Linux 5.14.0-611.30.1.el9_7.x86_64) (6*Intel(R) Core(TM) i5-9400 CPU @ 2.90GHz 9216KB)
OS      : Red Hat Enterprise Linux release 9.7 (Plow)
#@ Processing -files option
@modus:root:/ 1>  source TOP_ATPG/runmodus.atpg.tcl
#@ Begin verbose source TOP_ATPG/runmodus.atpg.tcl
@file(TOP_ATPG/runmodus.atpg.tcl) 13: set_db workdir TOP_ATPG;
@file(TOP_ATPG/runmodus.atpg.tcl) 14: set   WORKDIR [get_db workdir]
@file(TOP_ATPG/runmodus.atpg.tcl) 17: set_option stdout     summary;                                # Only print a summary for each command to the terminal
@file(TOP_ATPG/runmodus.atpg.tcl) 19: set ::env(CDS_LIC_REPORT) yes
@file(TOP_ATPG/runmodus.atpg.tcl) 20: set_db stop_on_severity error;
@file(TOP_ATPG/runmodus.atpg.tcl) 22: file delete -force $WORKDIR/tbdata;                       # Delete Test Database
@file(TOP_ATPG/runmodus.atpg.tcl) 23: file delete -force $WORKDIR/testresults;                  # Delete Test Output Files/Logs
@file(TOP_ATPG/runmodus.atpg.tcl) 30: build_model \
    -cell	 TOP_DATA_WIDTH8_ADDR_WIDTH4_RF_DEPTH16_FIFO_DEPTH2048_FIFO_PTR_WIDTH11 \
    -techlib	 /home/admin/DFT/Library/verilog/typical.v \
    -designsource	 $WORKDIR/TOP_DATA_WIDTH8_ADDR_WIDTH4_RF_DEPTH16_FIFO_DEPTH2048_FIFO_PTR_WIDTH11.test_netlist.v \
    -allowmissingmodules	 yes \
    -messagecounteach	 100 \

 
INFO (TUI-772): The command 'build_model' will release the currently acquired resources. [end TUI_772] 

Starting Command: build_model 
INFO (TDA-014): Cadence(R) Modus(TM) DFT Software Solution, Version 25.10-p027_1, built Mar 13 2025 (linux26_64) [end TDA_014]
INFO (TDA-009): Options/Values information.
            (options marked with '*' have program generated values,
             options marked with '+' were specified to default.)

            -WORKDIR /home/admin/DFT/SOCX/DFT/5_INSERT_SCAN_COMPRESSION_LOGIC/TOP_ATPG

            -designtop TOP_DATA_WIDTH8_ADDR_WIDTH4_RF_DEPTH16_FIFO_DEPTH2048_FIFO_PTR_WIDTH11
            -TECHLIB /home/admin/DFT/Library/verilog/typical.v
            -allowmissingmodules yes
            -LOGFILE /home/admin/DFT/SOCX/DFT/5_INSERT_SCAN_COMPRESSION_LOGIC/TOP_ATPG/testresults/logs/log_build_model_071726134346-912189000
            -STDOUT summary
            -messagecounteach 100
            -DESIGNSOURCE /home/admin/DFT/SOCX/DFT/5_INSERT_SCAN_COMPRESSION_LOGIC/TOP_ATPG/TOP_DATA_WIDTH8_ADDR_WIDTH4_RF_DEPTH16_FIFO_DEPTH2048_FIFO_PTR_WIDTH11.test_netlist.v
[end TDA_009]


-------------------------------------------------------------------------------
*                      Message Summary                                        *
-------------------------------------------------------------------------------
 Count  Number             First Instance of Message Text
------- ------             ------------------------------

  INFO Messages...
      1 INFO (TEI-195): Build Model - Controller starting:  
      1 INFO (TEI-196): Build Model - Hierarchical Model Build starting:  
      1 INFO (TEI-197): Build Model - Hierarchical Model Build completed.  
      1 INFO (TEI-198): Build Model - Flat Model Build starting:  
      1 INFO (TEI-199): Build Model - Flat Model Build completed.   
      1 INFO (TEI-200): Build Model - Controller completed.  
      1 INFO (TFW-117): Modus checked out a modus_atpg license.   
      1 INFO (TFW-119): Modus checked in a modus_atpg license.   
      1 INFO (TLM-055): Design Summary

  WARNING Messages...
      2 WARNING (TEI-110): Pin 'NOTIFIER' of 'cell udp_dff' has no external net connection for any usage in the design. Cell contents file: '/home/admin/DFT/Library/verilog/typical.v'.   

 For a detailed explanation of a message and a suggested user response execute 'msgHelp <message id>'.  For example: msgHelp TDA-009

-------------------------------------------------------------------------------
@file(TOP_ATPG/runmodus.atpg.tcl) 41: build_testmode \
    -testmode	 FULLSCAN \
    -assignfile	 $WORKDIR/TOP_DATA_WIDTH8_ADDR_WIDTH4_RF_DEPTH16_FIFO_DEPTH2048_FIFO_PTR_WIDTH11.FULLSCAN.pinassign \
    -modedef	 FULLSCAN \
 
Starting Command: build_testmode 
INFO (TDA-014): Cadence(R) Modus(TM) DFT Software Solution, Version 25.10-p027_1, built Mar 13 2025 (linux26_64) [end TDA_014]
INFO (TDA-009): Options/Values information.
            (options marked with '*' have program generated values,
             options marked with '+' were specified to default.)

            -WORKDIR /home/admin/DFT/SOCX/DFT/5_INSERT_SCAN_COMPRESSION_LOGIC/TOP_ATPG
            -TESTMODE FULLSCAN

            -ASSIGNFILE /home/admin/DFT/SOCX/DFT/5_INSERT_SCAN_COMPRESSION_LOGIC/TOP_ATPG/TOP_DATA_WIDTH8_ADDR_WIDTH4_RF_DEPTH16_FIFO_DEPTH2048_FIFO_PTR_WIDTH11.FULLSCAN.pinassign
          * update_assign_file=
            -LOGFILE /home/admin/DFT/SOCX/DFT/5_INSERT_SCAN_COMPRESSION_LOGIC/TOP_ATPG/testresults/logs/log_build_testmode_FULLSCAN_071726134352-159941000
            -MODEDEF FULLSCAN
            -STDOUT summary
[end TDA_009]


-------------------------------------------------------------------------------
*                      Message Summary                                        *
-------------------------------------------------------------------------------
 Count  Number             First Instance of Message Text
------- ------             ------------------------------

  INFO Messages...
      1 INFO (TFW-117): Modus checked out a modus_atpg license.   
      1 INFO (TFW-119): Modus checked in a modus_atpg license.   
      1 INFO (THM-814): Testmode contains 91.13% active logic,  8.87% inactive logic and  0.00% constraint logic.    
      1 INFO (TTM-357): There are 2 scan chains which are controllable and observable.    
      1 INFO (TTM-387): A default scanop sequence will be generated.    
      1 INFO (TTM-391): A default modeinit sequence will be generated.    

  WARNING Messages...
      1 WARNING (TTM-347): There is less than 96 percent active logic in this test mode.  Global fault
      1 WARNING (TTM-809): Test mode FULLSCAN has been created, WARNINGs have been generated -

 For a detailed explanation of a message and a suggested user response execute 'msgHelp <message id>'.  For example: msgHelp TDA-009

-------------------------------------------------------------------------------
@file(TOP_ATPG/runmodus.atpg.tcl) 50: build_testmode \
    -testmode	 COMPRESSION \
    -assignfile	 $WORKDIR/TOP_DATA_WIDTH8_ADDR_WIDTH4_RF_DEPTH16_FIFO_DEPTH2048_FIFO_PTR_WIDTH11.COMPRESSION.pinassign \
    -modedef	 COMPRESSION \
 
Starting Command: build_testmode 
INFO (TDA-014): Cadence(R) Modus(TM) DFT Software Solution, Version 25.10-p027_1, built Mar 13 2025 (linux26_64) [end TDA_014]
INFO (TDA-009): Options/Values information.
            (options marked with '*' have program generated values,
             options marked with '+' were specified to default.)

            -WORKDIR /home/admin/DFT/SOCX/DFT/5_INSERT_SCAN_COMPRESSION_LOGIC/TOP_ATPG
            -TESTMODE COMPRESSION

            -ASSIGNFILE /home/admin/DFT/SOCX/DFT/5_INSERT_SCAN_COMPRESSION_LOGIC/TOP_ATPG/TOP_DATA_WIDTH8_ADDR_WIDTH4_RF_DEPTH16_FIFO_DEPTH2048_FIFO_PTR_WIDTH11.COMPRESSION.pinassign
          * update_assign_file=
            -LOGFILE /home/admin/DFT/SOCX/DFT/5_INSERT_SCAN_COMPRESSION_LOGIC/TOP_ATPG/testresults/logs/log_build_testmode_COMPRESSION_071726134354-092404000
            -MODEDEF COMPRESSION
            -STDOUT summary
[end TDA_009]


-------------------------------------------------------------------------------
*                      Message Summary                                        *
-------------------------------------------------------------------------------
 Count  Number             First Instance of Message Text
------- ------             ------------------------------

  INFO Messages...
      1 INFO (TFW-117): Modus checked out a modus_atpg license.   
      1 INFO (TFW-119): Modus checked in a modus_atpg license.   
      1 INFO (THM-814): Testmode contains 91.13% active logic,  8.87% inactive logic and  0.00% constraint logic.    
      1 INFO (TTM-352): There are 2 Channel Mask Load chains.    
      1 INFO (TTM-357): There are 198 scan chains which are controllable and observable.    
      1 INFO (TTM-387): A default scanop sequence will be generated.    
      1 INFO (TTM-391): A default modeinit sequence will be generated.    

  WARNING Messages...
      1 WARNING (TTM-347): There is less than 96 percent active logic in this test mode.  Global fault
      1 WARNING (TTM-809): Test mode COMPRESSION has been created, WARNINGs have been generated -

 For a detailed explanation of a message and a suggested user response execute 'msgHelp <message id>'.  For example: msgHelp TDA-009

-------------------------------------------------------------------------------
@file(TOP_ATPG/runmodus.atpg.tcl) 59: build_testmode \
    -testmode	 COMPRESSION_DECOMP \
    -assignfile	 $WORKDIR/TOP_DATA_WIDTH8_ADDR_WIDTH4_RF_DEPTH16_FIFO_DEPTH2048_FIFO_PTR_WIDTH11.COMPRESSION_DECOMP.pinassign \
    -modedef	 COMPRESSION \
 
Starting Command: build_testmode 
INFO (TDA-014): Cadence(R) Modus(TM) DFT Software Solution, Version 25.10-p027_1, built Mar 13 2025 (linux26_64) [end TDA_014]
INFO (TDA-009): Options/Values information.
            (options marked with '*' have program generated values,
             options marked with '+' were specified to default.)

            -WORKDIR /home/admin/DFT/SOCX/DFT/5_INSERT_SCAN_COMPRESSION_LOGIC/TOP_ATPG
            -TESTMODE COMPRESSION_DECOMP

            -ASSIGNFILE /home/admin/DFT/SOCX/DFT/5_INSERT_SCAN_COMPRESSION_LOGIC/TOP_ATPG/TOP_DATA_WIDTH8_ADDR_WIDTH4_RF_DEPTH16_FIFO_DEPTH2048_FIFO_PTR_WIDTH11.COMPRESSION_DECOMP.pinassign
          * update_assign_file=
            -LOGFILE /home/admin/DFT/SOCX/DFT/5_INSERT_SCAN_COMPRESSION_LOGIC/TOP_ATPG/testresults/logs/log_build_testmode_COMPRESSION_DECOMP_071726134356-107719000
            -MODEDEF COMPRESSION
            -STDOUT summary
[end TDA_009]


-------------------------------------------------------------------------------
*                      Message Summary                                        *
-------------------------------------------------------------------------------
 Count  Number             First Instance of Message Text
------- ------             ------------------------------

  INFO Messages...
      1 INFO (TFW-117): Modus checked out a modus_atpg license.   
      1 INFO (TFW-119): Modus checked in a modus_atpg license.   
      1 INFO (THM-814): Testmode contains 91.13% active logic,  8.87% inactive logic and  0.00% constraint logic.    
      1 INFO (TTM-352): There are 2 Channel Mask Load chains.    
      1 INFO (TTM-357): There are 198 scan chains which are controllable and observable.    
      1 INFO (TTM-387): A default scanop sequence will be generated.    
      1 INFO (TTM-391): A default modeinit sequence will be generated.    

  WARNING Messages...
      1 WARNING (TTM-347): There is less than 96 percent active logic in this test mode.  Global fault
      1 WARNING (TTM-809): Test mode COMPRESSION_DECOMP has been created, WARNINGs have been generated -

 For a detailed explanation of a message and a suggested user response execute 'msgHelp <message id>'.  For example: msgHelp TDA-009

-------------------------------------------------------------------------------
@file(TOP_ATPG/runmodus.atpg.tcl) 68: report_test_structures \
    -testmode	 COMPRESSION \
    -reportscanchain	 all \
    -reportchannelio	 yes \
    -reportchannelmaskscanchain	 yes \
    -reportchannelmaskstate	 yes \
 
Starting Command: report_test_structures 
INFO (TDA-014): Cadence(R) Modus(TM) DFT Software Solution, Version 25.10-p027_1, built Mar 13 2025 (linux26_64) [end TDA_014]
INFO (TDA-009): Options/Values information.
            (options marked with '*' have program generated values,
             options marked with '+' were specified to default.)

            -WORKDIR /home/admin/DFT/SOCX/DFT/5_INSERT_SCAN_COMPRESSION_LOGIC/TOP_ATPG
            -TESTMODE COMPRESSION

            -LOGFILE /home/admin/DFT/SOCX/DFT/5_INSERT_SCAN_COMPRESSION_LOGIC/TOP_ATPG/testresults/logs/log_report_test_structures_COMPRESSION_071726134358-110033000
            -STDOUT summary
            -reportchannelmaskchain yes
            -reportchannelmaskstate yes
            -reportchannelio yes
            -reportscanchain all
[end TDA_009]


-------------------------------------------------------------------------------
*                      Message Summary                                        *
-------------------------------------------------------------------------------
 Count  Number             First Instance of Message Text
------- ------             ------------------------------

  INFO Messages...
      1 INFO (TFW-117): Modus checked out a modus_atpg license.   
      1 INFO (TFW-119): Modus checked in a modus_atpg license.   
      1 INFO (TLM-055): Design Summary

 For a detailed explanation of a message and a suggested user response execute 'msgHelp <message id>'.  For example: msgHelp TDA-009

-------------------------------------------------------------------------------
@file(TOP_ATPG/runmodus.atpg.tcl) 79: report_test_structures \
    -testmode	 COMPRESSION_DECOMP \
    -reportscanchain	 all \
    -reportchannelio	 yes \
    -reportchannelmaskscanchain	 yes \
    -reportchannelmaskstate	 yes \
 
Starting Command: report_test_structures 
INFO (TDA-014): Cadence(R) Modus(TM) DFT Software Solution, Version 25.10-p027_1, built Mar 13 2025 (linux26_64) [end TDA_014]
INFO (TDA-009): Options/Values information.
            (options marked with '*' have program generated values,
             options marked with '+' were specified to default.)

            -WORKDIR /home/admin/DFT/SOCX/DFT/5_INSERT_SCAN_COMPRESSION_LOGIC/TOP_ATPG
            -TESTMODE COMPRESSION_DECOMP

            -LOGFILE /home/admin/DFT/SOCX/DFT/5_INSERT_SCAN_COMPRESSION_LOGIC/TOP_ATPG/testresults/logs/log_report_test_structures_COMPRESSION_DECOMP_071726134359-418204000
            -STDOUT summary
            -reportchannelmaskchain yes
            -reportchannelmaskstate yes
            -reportchannelio yes
            -reportscanchain all
[end TDA_009]


-------------------------------------------------------------------------------
*                      Message Summary                                        *
-------------------------------------------------------------------------------
 Count  Number             First Instance of Message Text
------- ------             ------------------------------

  INFO Messages...
      1 INFO (TFW-117): Modus checked out a modus_atpg license.   
      1 INFO (TFW-119): Modus checked in a modus_atpg license.   
      1 INFO (TLM-055): Design Summary

 For a detailed explanation of a message and a suggested user response execute 'msgHelp <message id>'.  For example: msgHelp TDA-009

-------------------------------------------------------------------------------
@file(TOP_ATPG/runmodus.atpg.tcl) 90: report_test_structures \
    -testmode	 FULLSCAN \
    -reportscanchain	 all \
 
Starting Command: report_test_structures 
INFO (TDA-014): Cadence(R) Modus(TM) DFT Software Solution, Version 25.10-p027_1, built Mar 13 2025 (linux26_64) [end TDA_014]
INFO (TDA-009): Options/Values information.
            (options marked with '*' have program generated values,
             options marked with '+' were specified to default.)

            -WORKDIR /home/admin/DFT/SOCX/DFT/5_INSERT_SCAN_COMPRESSION_LOGIC/TOP_ATPG
            -TESTMODE FULLSCAN

            -LOGFILE /home/admin/DFT/SOCX/DFT/5_INSERT_SCAN_COMPRESSION_LOGIC/TOP_ATPG/testresults/logs/log_report_test_structures_FULLSCAN_071726134400-692939000
            -STDOUT summary
            -reportscanchain all
[end TDA_009]


-------------------------------------------------------------------------------
*                      Message Summary                                        *
-------------------------------------------------------------------------------
 Count  Number             First Instance of Message Text
------- ------             ------------------------------

  INFO Messages...
      1 INFO (TFW-117): Modus checked out a modus_atpg license.   
      1 INFO (TFW-119): Modus checked in a modus_atpg license.   
      1 INFO (TLM-055): Design Summary

 For a detailed explanation of a message and a suggested user response execute 'msgHelp <message id>'.  For example: msgHelp TDA-009

-------------------------------------------------------------------------------
@file(TOP_ATPG/runmodus.atpg.tcl) 98: verify_test_structures \
    -messagecount	 TSV-016=10,TSV-024=10,TSV-315=10,TSV-027=10 \
    -testmode	 COMPRESSION \
 
Starting Command: verify_test_structures 
INFO (TDA-014): Cadence(R) Modus(TM) DFT Software Solution, Version 25.10-p027_1, built Mar 13 2025 (linux26_64) [end TDA_014]
INFO (TDA-009): Options/Values information.
            (options marked with '*' have program generated values,
             options marked with '+' were specified to default.)

            -WORKDIR /home/admin/DFT/SOCX/DFT/5_INSERT_SCAN_COMPRESSION_LOGIC/TOP_ATPG
            -TESTMODE COMPRESSION

            -messagecount TSV-016=10,TSV-024=10,TSV-315=10,TSV-027=10
            -LOGFILE /home/admin/DFT/SOCX/DFT/5_INSERT_SCAN_COMPRESSION_LOGIC/TOP_ATPG/testresults/logs/log_verify_test_structures_COMPRESSION_071726134401-927783000
            -STDOUT summary
[end TDA_009]


-------------------------------------------------------------------------------
*                      Message Summary                                        *
-------------------------------------------------------------------------------
 Count  Number             First Instance of Message Text
------- ------             ------------------------------

  INFO Messages...
      1 INFO (TFW-117): Modus checked out a modus_atpg license.   
      1 INFO (TFW-119): Modus checked in a modus_atpg license.   
      1 INFO (TLM-055): Design Summary
      1 INFO (TSV-068): The length of the longest scan chain is 43 bit positions, which is 101% of the average scan chain length 43 (based on 8495 total scan chain bits and 198 valid scan chains).    
      2 INFO (TSV-107): X source summary for  Channel Masking Scan Register block COMPACTOR.compressor.\mreg0_reg[98].__iNsT0.dff_primitive : Total Observe Points: 1 : Safe Observe Points: 0, Unsafe Observe Points: 1, Unverified Observed Points: 0   
      1 INFO (TSV-328): The length of the longest Channel Mask Scan Register is 99 bit positions, which is 100% of the average Channel Mask Scan Register length of 99 (based on 198 total Channel Mask Scan Register bits and 2 Channel Mask Scan Registers). In addition, there are a total of 1 Channel Mask Registers and each has a length of 198 bits.    
    198 INFO (TSV-346): Channel mask shift register element block COMPACTOR.compressor.\mreg0_reg[0].__iNsT1.dff_primitive may be corrupted in the Test Constraint state. This condition may prevents the creation of a single Load Channel Mask event for use by multiple test sequences.   
    198 INFO (TSV-378): Scan chain beginning at 'pin ScanIn_1' and ending at 'pin COMPACTOR.compressor.g_186.g44.__iNsT1.01' is controllable and observable. The length of the scan chain is 43 bit positions.    
      1 INFO (TSV-383): There are 4 floating latches.    
      1 INFO (TSV-567): There are 2 controllable scan chains fed by Scan In (SI) primary inputs.    
      1 INFO (TSV-568): There are 198 observable scan chains feeding to Scan Out (SO) primary outputs.    
      1 INFO (TSV-569): There are 0 controllable scan chains fed by on-product Pattern Generator(s).    
      1 INFO (TSV-570): There are 0 observable scan chains feeding to on-product Multiple-Input Signature Register (MISRs).    
      1 INFO (TSV-900): verify_test_structures processing has started Fri Jul 17 13:44:01 2026     
      1 INFO (TSV-908): verify_test_structures processing complete.    

  WARNING Messages...
      1 WARNING (TSV-163): Scan chain flop or latch block U0_SYS_CTRL.\current_state_reg[3].__iNsT2.dff_primitive changes value during the same scan cycle as scan chain flop or latch block U0_Async_fifo.u_fifo_rd.\gray_rd_ptr_reg[0].__iNsT2.dff_primitive. The upstream and downstream flops or latches are changing on the same scan cycle but the clocks are in different domains which may cause the scan chain to fail to shift properly.   
      1 WARNING (TSV-372): The Masking scan chain length exceeds the longest scan chain. Excessive tester cycles may be required. Please consider using Masking sharing techniques. The longest Masking chain depth is 99, the longest scan channel depth is 43.  
      1 WARNING (TSV-390): There are 1 inactive (non-scan) latches.    

  WARNING [Severe] Messages...
      2 WARNING (TSV-101): [Severe] Unpredictable signal value (X) from  Channel Masking Scan Register block COMPACTOR.compressor.\mreg0_reg[98].__iNsT0.dff_primitive may be observed at block U0_Async_fifo.u_fifo_mem.\FIFO_MEM_reg[528][7].__iNsT2.dff_primitive.    

 For a detailed explanation of a message and a suggested user response execute 'msgHelp <message id>'.  For example: msgHelp TDA-009

-------------------------------------------------------------------------------
@file(TOP_ATPG/runmodus.atpg.tcl) 106: verify_test_structures \
    -messagecount	 TSV-016=10,TSV-024=10,TSV-315=10,TSV-027=10 \
    -testmode	 COMPRESSION_DECOMP \
 
Starting Command: verify_test_structures 
INFO (TDA-014): Cadence(R) Modus(TM) DFT Software Solution, Version 25.10-p027_1, built Mar 13 2025 (linux26_64) [end TDA_014]
INFO (TDA-009): Options/Values information.
            (options marked with '*' have program generated values,
             options marked with '+' were specified to default.)

            -WORKDIR /home/admin/DFT/SOCX/DFT/5_INSERT_SCAN_COMPRESSION_LOGIC/TOP_ATPG
            -TESTMODE COMPRESSION_DECOMP

            -messagecount TSV-016=10,TSV-024=10,TSV-315=10,TSV-027=10
            -LOGFILE /home/admin/DFT/SOCX/DFT/5_INSERT_SCAN_COMPRESSION_LOGIC/TOP_ATPG/testresults/logs/log_verify_test_structures_COMPRESSION_DECOMP_071726134403-825355000
            -STDOUT summary
[end TDA_009]


-------------------------------------------------------------------------------
*                      Message Summary                                        *
-------------------------------------------------------------------------------
 Count  Number             First Instance of Message Text
------- ------             ------------------------------

  INFO Messages...
      1 INFO (TFW-117): Modus checked out a modus_atpg license.   
      1 INFO (TFW-119): Modus checked in a modus_atpg license.   
      1 INFO (TLM-055): Design Summary
      1 INFO (TSV-068): The length of the longest scan chain is 43 bit positions, which is 101% of the average scan chain length 43 (based on 8495 total scan chain bits and 198 valid scan chains).    
      2 INFO (TSV-107): X source summary for  Channel Masking Scan Register block COMPACTOR.compressor.\mreg0_reg[98].__iNsT0.dff_primitive : Total Observe Points: 1 : Safe Observe Points: 0, Unsafe Observe Points: 1, Unverified Observed Points: 0   
      1 INFO (TSV-328): The length of the longest Channel Mask Scan Register is 99 bit positions, which is 100% of the average Channel Mask Scan Register length of 99 (based on 198 total Channel Mask Scan Register bits and 2 Channel Mask Scan Registers). In addition, there are a total of 1 Channel Mask Registers and each has a length of 198 bits.    
    198 INFO (TSV-346): Channel mask shift register element block COMPACTOR.compressor.\mreg0_reg[0].__iNsT1.dff_primitive may be corrupted in the Test Constraint state. This condition may prevents the creation of a single Load Channel Mask event for use by multiple test sequences.   
    198 INFO (TSV-378): Scan chain beginning at 'pin COMPACTOR.decompressor.g237.__iNsT2.01' and ending at 'pin COMPACTOR.compressor.g_186.g44.__iNsT1.01' is controllable and observable. The length of the scan chain is 43 bit positions.    
      1 INFO (TSV-383): There are 4 floating latches.    
      1 INFO (TSV-567): There are 3 controllable scan chains fed by Scan In (SI) primary inputs.    
      1 INFO (TSV-568): There are 198 observable scan chains feeding to Scan Out (SO) primary outputs.    
      1 INFO (TSV-569): There are 0 controllable scan chains fed by on-product Pattern Generator(s).    
      1 INFO (TSV-570): There are 0 observable scan chains feeding to on-product Multiple-Input Signature Register (MISRs).    
      1 INFO (TSV-900): verify_test_structures processing has started Fri Jul 17 13:44:03 2026     
      1 INFO (TSV-908): verify_test_structures processing complete.    

  WARNING Messages...
      1 WARNING (TSV-163): Scan chain flop or latch block U0_SYS_CTRL.\current_state_reg[3].__iNsT2.dff_primitive changes value during the same scan cycle as scan chain flop or latch block U0_Async_fifo.u_fifo_rd.\gray_rd_ptr_reg[0].__iNsT2.dff_primitive. The upstream and downstream flops or latches are changing on the same scan cycle but the clocks are in different domains which may cause the scan chain to fail to shift properly.   
      1 WARNING (TSV-372): The Masking scan chain length exceeds the longest scan chain. Excessive tester cycles may be required. Please consider using Masking sharing techniques. The longest Masking chain depth is 99, the longest scan channel depth is 43.  
      1 WARNING (TSV-390): There are 1 inactive (non-scan) latches.    

  WARNING [Severe] Messages...
      2 WARNING (TSV-101): [Severe] Unpredictable signal value (X) from  Channel Masking Scan Register block COMPACTOR.compressor.\mreg0_reg[98].__iNsT0.dff_primitive may be observed at block U0_Async_fifo.u_fifo_mem.\FIFO_MEM_reg[528][7].__iNsT2.dff_primitive.    

 For a detailed explanation of a message and a suggested user response execute 'msgHelp <message id>'.  For example: msgHelp TDA-009

-------------------------------------------------------------------------------
@file(TOP_ATPG/runmodus.atpg.tcl) 114: verify_test_structures \
    -messagecount	 TSV-016=10,TSV-024=10,TSV-315=10,TSV-027=10 \
    -testmode	 FULLSCAN \
 
Starting Command: verify_test_structures 
INFO (TDA-014): Cadence(R) Modus(TM) DFT Software Solution, Version 25.10-p027_1, built Mar 13 2025 (linux26_64) [end TDA_014]
INFO (TDA-009): Options/Values information.
            (options marked with '*' have program generated values,
             options marked with '+' were specified to default.)

            -WORKDIR /home/admin/DFT/SOCX/DFT/5_INSERT_SCAN_COMPRESSION_LOGIC/TOP_ATPG
            -TESTMODE FULLSCAN

            -messagecount TSV-016=10,TSV-024=10,TSV-315=10,TSV-027=10
            -LOGFILE /home/admin/DFT/SOCX/DFT/5_INSERT_SCAN_COMPRESSION_LOGIC/TOP_ATPG/testresults/logs/log_verify_test_structures_FULLSCAN_071726134405-695287000
            -STDOUT summary
[end TDA_009]


-------------------------------------------------------------------------------
*                      Message Summary                                        *
-------------------------------------------------------------------------------
 Count  Number             First Instance of Message Text
------- ------             ------------------------------

  INFO Messages...
      1 INFO (TFW-117): Modus checked out a modus_atpg license.   
      1 INFO (TFW-119): Modus checked in a modus_atpg license.   
      1 INFO (TLM-055): Design Summary
      1 INFO (TSV-068): The length of the longest scan chain is 4347 bit positions, which is 100% of the average scan chain length 4347 (based on 8693 total scan chain bits and 2 valid scan chains).    
      2 INFO (TSV-378): Scan chain beginning at 'pin ScanIn_1' and ending at 'pin ScanOut_1' is controllable and observable. The length of the scan chain is 4347 bit positions.    
      1 INFO (TSV-567): There are 2 controllable scan chains fed by Scan In (SI) primary inputs.    
      1 INFO (TSV-568): There are 2 observable scan chains feeding to Scan Out (SO) primary outputs.    
      1 INFO (TSV-569): There are 0 controllable scan chains fed by on-product Pattern Generator(s).    
      1 INFO (TSV-570): There are 0 observable scan chains feeding to on-product Multiple-Input Signature Register (MISRs).    
      1 INFO (TSV-900): verify_test_structures processing has started Fri Jul 17 13:44:05 2026     
      1 INFO (TSV-908): verify_test_structures processing complete.    

  WARNING Messages...
      3 WARNING (TSV-163): Scan chain flop or latch block COMPACTOR.compressor.\mreg1_reg[98].__iNsT0.dff_primitive changes value during the same scan cycle as scan chain flop or latch block U0_ALU_16B.\ALU_OUT_reg[0].__iNsT2.dff_primitive. The upstream and downstream flops or latches are changing on the same scan cycle but the clocks are in different domains which may cause the scan chain to fail to shift properly.   
      1 WARNING (TSV-390): There are 1 inactive (non-scan) latches.    

 For a detailed explanation of a message and a suggested user response execute 'msgHelp <message id>'.  For example: msgHelp TDA-009

-------------------------------------------------------------------------------
@file(TOP_ATPG/runmodus.atpg.tcl) 122: build_faultmodel \
    -includedynamic	 no \
 
INFO (TUI-772): The command 'build_faultmodel' will release the currently acquired resources. [end TUI_772] 

Starting Command: build_faultmodel 
INFO (TDA-014): Cadence(R) Modus(TM) DFT Software Solution, Version 25.10-p027_1, built Mar 13 2025 (linux26_64) [end TDA_014]
INFO (TDA-009): Options/Values information.
            (options marked with '*' have program generated values,
             options marked with '+' were specified to default.)

            -WORKDIR /home/admin/DFT/SOCX/DFT/5_INSERT_SCAN_COMPRESSION_LOGIC/TOP_ATPG

            -LOGFILE /home/admin/DFT/SOCX/DFT/5_INSERT_SCAN_COMPRESSION_LOGIC/TOP_ATPG/testresults/logs/log_build_faultmodel_071726134407-366694000
            -STDOUT summary
            -includedynamic no
[end TDA_009]


-------------------------------------------------------------------------------
*                      Message Summary                                        *
-------------------------------------------------------------------------------
 Count  Number             First Instance of Message Text
------- ------             ------------------------------

  INFO Messages...
      1 INFO (TFM-099): Build Fault Model started.   
      1 INFO (TFM-102): Creating faultModel file /home/admin/DFT/SOCX/DFT/5_INSERT_SCAN_COMPRESSION_LOGIC/TOP_ATPG/tbdata/faultModel.   
      1 INFO (TFM-103): Creating faultStatus file /home/admin/DFT/SOCX/DFT/5_INSERT_SCAN_COMPRESSION_LOGIC/TOP_ATPG/tbdata/faultStatus.   
      1 INFO (TFM-109): Build Fault Model has completed with highest level severity message of INFO.   
      1 INFO (TFM-704): Maximum Global Test Coverage Statistics: 
      1 INFO (TFW-117): Modus checked out a modus_atpg license.   
      1 INFO (TFW-119): Modus checked in a modus_atpg license.   

 For a detailed explanation of a message and a suggested user response execute 'msgHelp <message id>'.  For example: msgHelp TDA-009

-------------------------------------------------------------------------------
@file(TOP_ATPG/runmodus.atpg.tcl) 129: create_logic_tests \
    -experiment	 TOP_DATA_WIDTH8_ADDR_WIDTH4_RF_DEPTH16_FIFO_DEPTH2048_FIFO_PTR_WIDTH11_compression \
    -testmode	 COMPRESSION_DECOMP \


Starting Command: create_logic_tests 
INFO (TDA-014): Cadence(R) Modus(TM) DFT Software Solution, Version 25.10-p027_1, built Mar 13 2025 (linux26_64) [end TDA_014]
INFO (TDA-009): Options/Values information.
            (options marked with '*' have program generated values,
             options marked with '+' were specified to default.)

            -WORKDIR /home/admin/DFT/SOCX/DFT/5_INSERT_SCAN_COMPRESSION_LOGIC/TOP_ATPG
            -TESTMODE COMPRESSION_DECOMP
            -EXPERIMENT TOP_DATA_WIDTH8_ADDR_WIDTH4_RF_DEPTH16_FIFO_DEPTH2048_FIFO_PTR_WIDTH11_compression

            -LOGFILE /home/admin/DFT/SOCX/DFT/5_INSERT_SCAN_COMPRESSION_LOGIC/TOP_ATPG/testresults/logs/log_create_logic_tests_COMPRESSION_DECOMP_TOP_DATA_WIDTH8_ADDR_WIDTH4_RF_DEPTH16_FIFO_DEPTH2048_FIFO_PTR_WIDTH11_compression_071726134408-948042000
            -STDOUT summary
[end TDA_009]
INFO (TDA-220):   --- Tests ---   Faults     ---- ATCov ----   -- Faults --   - Elapsed Time -  [end TDA_220] 
INFO (TDA-220):    Sim.    Eff.  Detected    Tmode    Global     Untested                       [end TDA_220] 
INFO (TDA-220):      9       9      74852    30.50%   29.46%       170603           00:00.64    [end TDA_220] 
INFO (TDA-220):   --- Tests ---   Faults     ---- ATCov ----   -- Faults --   - Elapsed Time -  [end TDA_220] 
INFO (TDA-220):    Sim.    Eff.  Detected    Tmode    Global     Untested                       [end TDA_220] 
INFO (TDA-220):     16      16      94370    68.94%   66.60%        76231           00:02.71    [end TDA_220] 
INFO (TDA-220):     32      32       3448    70.35%   67.96%        72785           00:03.20    [end TDA_220] 
INFO (TDA-220):     48      48       1753    71.06%   68.65%        71032           00:03.60    [end TDA_220] 
INFO (TDA-220):     64      64       1181    71.54%   69.11%        69851           00:04.04    [end TDA_220] 
INFO (TDA-220):     80      80       1207    72.03%   69.59%        68644           00:04.46    [end TDA_220] 
INFO (TDA-220):     96      96        938    72.42%   69.96%        67706           00:04.85    [end TDA_220] 
INFO (TDA-220):    112     112        843    72.76%   70.29%        66863           00:05.22    [end TDA_220] 
INFO (TDA-220):    128     128        759    73.07%   70.59%        66104           00:05.60    [end TDA_220] 
INFO (TDA-220):    144     144        848    73.41%   70.92%        65256           00:05.98    [end TDA_220] 
INFO (TDA-220):    160     160        864    73.77%   71.26%        64392           00:06.36    [end TDA_220] 
INFO (TDA-220):    176     176        720    74.06%   71.55%        63672           00:06.72    [end TDA_220] 
INFO (TDA-220):    192     192        672    74.33%   71.81%        63000           00:07.07    [end TDA_220] 
INFO (TDA-220):    208     208        894    74.70%   72.16%        62106           00:07.42    [end TDA_220] 
INFO (TDA-220):    224     224        585    74.94%   72.39%        61521           00:07.77    [end TDA_220] 
INFO (TDA-220):    240     240        829    75.27%   72.72%        60692           00:08.12    [end TDA_220] 
INFO (TDA-220):    256     256        597    75.52%   72.95%        60095           00:08.46    [end TDA_220] 
INFO (TDA-220):    272     272        653    75.78%   73.21%        59442           00:08.79    [end TDA_220] 
INFO (TDA-220):    288     288        652    76.05%   73.47%        58790           00:09.12    [end TDA_220] 
INFO (TDA-220):    304     304        624    76.30%   73.71%        58166           00:09.44    [end TDA_220] 
INFO (TDA-220):    320     320        745    76.61%   74.01%        57421           00:09.75    [end TDA_220] 
INFO (TDA-220):    336     336        585    76.84%   74.24%        56836           00:10.06    [end TDA_220] 
INFO (TDA-220):    352     352        456    77.03%   74.41%        56380           00:10.36    [end TDA_220] 
INFO (TDA-220):    368     368        496    77.23%   74.61%        55884           00:10.67    [end TDA_220] 
INFO (TDA-220):    384     384        550    77.46%   74.83%        55334           00:10.99    [end TDA_220] 
INFO (TDA-220):    400     400        598    77.70%   75.06%        54736           00:11.30    [end TDA_220] 
INFO (TDA-220):    416     416        488    77.90%   75.25%        54248           00:11.61    [end TDA_220] 
INFO (TDA-220):    432     432        441    78.08%   75.43%        53807           00:11.90    [end TDA_220] 
INFO (TDA-220):    448     448        475    78.27%   75.61%        53332           00:12.21    [end TDA_220] 
INFO (TDA-220):    464     464        409    78.44%   75.78%        52923           00:12.51    [end TDA_220] 
INFO (TDA-220):    480     480        362    78.59%   75.92%        52561           00:12.81    [end TDA_220] 
INFO (TDA-220):    496     496        471    78.78%   76.10%        52090           00:13.12    [end TDA_220] 
INFO (TDA-220):    512     512        410    78.95%   76.26%        51680           00:13.42    [end TDA_220] 
INFO (TDA-220):    528     528        554    79.17%   76.48%        51126           00:13.72    [end TDA_220] 
INFO (TDA-220):    544     544        536    79.39%   76.69%        50590           00:14.02    [end TDA_220] 
INFO (TDA-220):    560     560        466    79.58%   76.88%        50124           00:14.32    [end TDA_220] 
INFO (TDA-220):    576     576        444    79.76%   77.05%        49680           00:14.62    [end TDA_220] 
INFO (TDA-220):    592     592        440    79.94%   77.23%        49240           00:14.91    [end TDA_220] 
INFO (TDA-220):    608     608        458    80.13%   77.41%        48782           00:15.20    [end TDA_220] 
INFO (TDA-220):    624     624        428    80.30%   77.57%        48354           00:15.49    [end TDA_220] 
INFO (TDA-220):    640     640        421    80.47%   77.74%        47933           00:15.78    [end TDA_220] 
INFO (TDA-220):    656     656        509    80.68%   77.94%        47424           00:16.07    [end TDA_220] 
INFO (TDA-220):    672     672        372    80.83%   78.09%        47052           00:16.37    [end TDA_220] 
INFO (TDA-220):    688     688        422    81.00%   78.25%        46630           00:16.65    [end TDA_220] 
INFO (TDA-220):    704     704        453    81.19%   78.43%        46177           00:16.93    [end TDA_220] 
INFO (TDA-220):    720     720        464    81.38%   78.61%        45713           00:17.21    [end TDA_220] 
INFO (TDA-220):    736     736        480    81.57%   78.80%        45233           00:17.49    [end TDA_220] 
INFO (TDA-220):    752     752        448    81.75%   78.98%        44785           00:17.77    [end TDA_220] 
INFO (TDA-220):    768     768        446    81.94%   79.15%        44339           00:18.06    [end TDA_220] 
INFO (TDA-220):    784     784        390    82.09%   79.31%        43949           00:18.33    [end TDA_220] 
INFO (TDA-220):    800     800        361    82.24%   79.45%        43588           00:18.61    [end TDA_220] 
INFO (TDA-220):    816     816        390    82.40%   79.60%        43198           00:18.90    [end TDA_220] 
INFO (TDA-220):    832     832        382    82.56%   79.75%        42816           00:19.17    [end TDA_220] 
INFO (TDA-220):    848     848        399    82.72%   79.91%        42417           00:19.45    [end TDA_220] 
INFO (TDA-220):    864     864        466    82.91%   80.09%        41951           00:19.73    [end TDA_220] 
INFO (TDA-220):    880     880        355    83.05%   80.23%        41596           00:20.01    [end TDA_220] 
INFO (TDA-220):    896     896        360    83.20%   80.38%        41236           00:20.28    [end TDA_220] 
INFO (TDA-220):    912     912        359    83.35%   80.52%        40877           00:20.55    [end TDA_220] 
INFO (TDA-220):    928     928        327    83.48%   80.65%        40550           00:20.83    [end TDA_220] 
INFO (TDA-220):    944     944        373    83.63%   80.79%        40177           00:21.11    [end TDA_220] 
INFO (TDA-220):    960     960        362    83.78%   80.93%        39815           00:21.37    [end TDA_220] 
INFO (TDA-220):    976     976        320    83.91%   81.06%        39495           00:21.64    [end TDA_220] 
INFO (TDA-220):    992     992        353    84.05%   81.20%        39142           00:21.90    [end TDA_220] 
INFO (TDA-220):   1008    1008        392    84.21%   81.35%        38750           00:22.19    [end TDA_220] 
INFO (TDA-220):   1024    1024        331    84.35%   81.48%        38419           00:22.46    [end TDA_220] 
INFO (TDA-220):   1040    1040        308    84.47%   81.61%        38111           00:22.73    [end TDA_220] 
INFO (TDA-220):   1056    1056        425    84.65%   81.77%        37686           00:23.02    [end TDA_220] 
INFO (TDA-220):   1072    1072        408    84.81%   81.93%        37278           00:23.28    [end TDA_220] 
INFO (TDA-220):   1088    1088        390    84.97%   82.09%        36888           00:23.55    [end TDA_220] 
INFO (TDA-220):   1104    1104        367    85.12%   82.23%        36521           00:23.83    [end TDA_220] 
INFO (TDA-220):   1120    1120        340    85.26%   82.36%        36181           00:24.10    [end TDA_220] 
INFO (TDA-220):   1136    1136        331    85.39%   82.50%        35850           00:24.36    [end TDA_220] 
INFO (TDA-220):   1152    1152        358    85.54%   82.64%        35492           00:24.64    [end TDA_220] 
INFO (TDA-220):   1168    1168        275    85.65%   82.74%        35217           00:24.90    [end TDA_220] 
INFO (TDA-220):   1184    1184        311    85.78%   82.87%        34906           00:25.16    [end TDA_220] 
INFO (TDA-220):   1200    1200        316    85.91%   82.99%        34590           00:25.41    [end TDA_220] 
INFO (TDA-220):   1216    1216        330    86.04%   83.12%        34260           00:25.67    [end TDA_220] 
INFO (TDA-220):   1232    1232        317    86.17%   83.25%        33943           00:25.93    [end TDA_220] 
INFO (TDA-220):   1248    1248        362    86.32%   83.39%        33581           00:26.19    [end TDA_220] 
INFO (TDA-220):   1264    1264        283    86.43%   83.50%        33298           00:26.44    [end TDA_220] 
INFO (TDA-220):   1280    1280        324    86.57%   83.63%        32974           00:26.70    [end TDA_220] 
INFO (TDA-220):   1296    1296        309    86.69%   83.75%        32665           00:26.95    [end TDA_220] 
INFO (TDA-220):   1312    1312        277    86.80%   83.86%        32388           00:27.22    [end TDA_220] 
INFO (TDA-220):   1328    1328        323    86.94%   83.98%        32065           00:27.48    [end TDA_220] 
INFO (TDA-220):   1344    1344        269    87.05%   84.09%        31796           00:27.74    [end TDA_220] 
INFO (TDA-220):   1360    1360        309    87.17%   84.21%        31487           00:27.99    [end TDA_220] 
INFO (TDA-220):   1376    1376        333    87.31%   84.34%        31154           00:28.26    [end TDA_220] 
INFO (TDA-220):   1392    1392        313    87.44%   84.47%        30841           00:28.51    [end TDA_220] 
INFO (TDA-220):   1408    1408        324    87.57%   84.59%        30517           00:28.76    [end TDA_220] 
INFO (TDA-220):   1424    1424        322    87.70%   84.72%        30195           00:29.02    [end TDA_220] 
INFO (TDA-220):   1440    1440        281    87.81%   84.83%        29914           00:29.27    [end TDA_220] 
INFO (TDA-220):   1456    1456        304    87.94%   84.95%        29610           00:29.53    [end TDA_220] 
INFO (TDA-220):   1472    1472        311    88.06%   85.07%        29299           00:29.77    [end TDA_220] 
INFO (TDA-220):   1488    1488        303    88.19%   85.19%        28996           00:30.02    [end TDA_220] 
INFO (TDA-220):   1504    1504        353    88.33%   85.33%        28643           00:30.27    [end TDA_220] 
INFO (TDA-220):   1520    1520        299    88.45%   85.45%        28344           00:30.54    [end TDA_220] 
INFO (TDA-220):   1536    1536        323    88.58%   85.58%        28021           00:30.80    [end TDA_220] 
INFO (TDA-220):   1552    1552        308    88.71%   85.70%        27713           00:31.06    [end TDA_220] 
INFO (TDA-220):   1568    1568        290    88.83%   85.81%        27423           00:31.30    [end TDA_220] 
INFO (TDA-220):   1584    1584        266    88.94%   85.92%        27157           00:31.54    [end TDA_220] 
INFO (TDA-220):   1600    1600        267    89.04%   86.02%        26890           00:31.79    [end TDA_220] 
INFO (TDA-220):   1616    1616        278    89.16%   86.13%        26612           00:32.04    [end TDA_220] 
INFO (TDA-220):   1632    1632        308    89.28%   86.25%        26304           00:32.29    [end TDA_220] 
INFO (TDA-220):   1648    1648        289    89.40%   86.37%        26015           00:32.53    [end TDA_220] 
INFO (TDA-220):   1664    1664        283    89.52%   86.48%        25732           00:32.78    [end TDA_220] 
INFO (TDA-220):   1680    1680        333    89.65%   86.61%        25399           00:33.04    [end TDA_220] 
INFO (TDA-220):   1696    1696        266    89.76%   86.71%        25133           00:33.28    [end TDA_220] 
INFO (TDA-220):   1712    1712        271    89.87%   86.82%        24862           00:33.52    [end TDA_220] 
INFO (TDA-220):   1728    1728        245    89.97%   86.92%        24617           00:33.75    [end TDA_220] 
INFO (TDA-220):   1744    1744        237    90.07%   87.01%        24380           00:33.99    [end TDA_220] 
INFO (TDA-220):   1760    1760        237    90.16%   87.10%        24143           00:34.24    [end TDA_220] 
INFO (TDA-220):   1776    1776        298    90.29%   87.22%        23845           00:34.48    [end TDA_220] 
INFO (TDA-220):   1792    1792        271    90.40%   87.33%        23574           00:34.72    [end TDA_220] 
INFO (TDA-220):   1808    1808        261    90.50%   87.43%        23313           00:34.95    [end TDA_220] 
INFO (TDA-220):   1824    1824        288    90.62%   87.54%        23025           00:35.19    [end TDA_220] 
INFO (TDA-220):   1840    1840        293    90.74%   87.66%        22732           00:35.42    [end TDA_220] 
INFO (TDA-220):   1856    1856        239    90.84%   87.75%        22493           00:35.67    [end TDA_220] 
INFO (TDA-220):   1872    1872        221    90.93%   87.84%        22272           00:35.90    [end TDA_220] 
INFO (TDA-220):   1888    1888        281    91.04%   87.95%        21991           00:36.14    [end TDA_220] 
INFO (TDA-220):   1904    1904        257    91.15%   88.05%        21734           00:36.37    [end TDA_220] 
INFO (TDA-220):   1920    1920        248    91.25%   88.15%        21485           00:36.60    [end TDA_220] 
INFO (TDA-220):   1936    1936        220    91.34%   88.24%        21265           00:36.82    [end TDA_220] 
INFO (TDA-220):   1952    1952        274    91.45%   88.34%        20991           00:37.06    [end TDA_220] 
INFO (TDA-220):   1968    1968        212    91.53%   88.43%        20779           00:37.32    [end TDA_220] 
INFO (TDA-220):   1984    1984        295    91.65%   88.54%        20484           00:37.56    [end TDA_220] 
INFO (TDA-220):   2000    2000        254    91.76%   88.64%        20230           00:37.80    [end TDA_220] 
INFO (TDA-220):   2016    2016        229    91.85%   88.73%        20001           00:38.03    [end TDA_220] 
INFO (TDA-220):   2032    2032        286    91.97%   88.85%        19715           00:38.26    [end TDA_220] 
INFO (TDA-220):   2048    2048        233    92.06%   88.94%        19482           00:38.48    [end TDA_220] 
INFO (TDA-220):   2064    2064        243    92.16%   89.03%        19239           00:38.72    [end TDA_220] 
INFO (TDA-220):   2080    2080        227    92.25%   89.12%        19012           00:38.95    [end TDA_220] 
INFO (TDA-220):   2096    2096        214    92.34%   89.21%        18798           00:39.17    [end TDA_220] 
INFO (TDA-220):   2112    2112        232    92.44%   89.30%        18566           00:39.39    [end TDA_220] 
INFO (TDA-220):   2128    2128        220    92.53%   89.38%        18346           00:39.63    [end TDA_220] 
INFO (TDA-220):   2144    2144        210    92.61%   89.47%        18136           00:39.85    [end TDA_220] 
INFO (TDA-220):   2160    2160        240    92.71%   89.56%        17896           00:40.07    [end TDA_220] 
INFO (TDA-220):   2176    2176        226    92.80%   89.65%        17670           00:40.29    [end TDA_220] 
INFO (TDA-220):   2192    2192        248    92.90%   89.75%        17422           00:40.51    [end TDA_220] 
INFO (TDA-220):   2208    2208        240    93.00%   89.84%        17182           00:40.75    [end TDA_220] 
INFO (TDA-220):   2224    2224        211    93.09%   89.93%        16971           00:40.97    [end TDA_220] 
INFO (TDA-220):   2240    2240        215    93.17%   90.01%        16756           00:41.20    [end TDA_220] 
INFO (TDA-220):   2256    2256        216    93.26%   90.09%        16540           00:41.43    [end TDA_220] 
INFO (TDA-220):   2272    2272        204    93.34%   90.18%        16336           00:41.65    [end TDA_220] 
INFO (TDA-220):   2288    2288        224    93.44%   90.26%        16112           00:41.87    [end TDA_220] 
INFO (TDA-220):   2304    2304        228    93.53%   90.35%        15884           00:42.10    [end TDA_220] 
INFO (TDA-220):   2320    2320        203    93.61%   90.43%        15681           00:42.32    [end TDA_220] 
INFO (TDA-220):   2336    2336        180    93.68%   90.50%        15501           00:42.53    [end TDA_220] 
INFO (TDA-220):   2352    2352        215    93.77%   90.59%        15286           00:42.77    [end TDA_220] 
INFO (TDA-220):   2368    2368        266    93.88%   90.69%        15020           00:42.99    [end TDA_220] 
INFO (TDA-220):   2384    2384        192    93.96%   90.77%        14828           00:43.20    [end TDA_220] 
INFO (TDA-220):   2400    2400        197    94.04%   90.85%        14631           00:43.43    [end TDA_220] 
INFO (TDA-220):   2416    2416        220    94.13%   90.93%        14411           00:43.66    [end TDA_220] 
INFO (TDA-220):   2432    2432        207    94.21%   91.01%        14204           00:43.88    [end TDA_220] 
INFO (TDA-220):   2448    2448        180    94.29%   91.09%        14024           00:44.09    [end TDA_220] 
INFO (TDA-220):   2464    2464        211    94.37%   91.17%        13813           00:44.35    [end TDA_220] 
INFO (TDA-220):   2480    2480        194    94.45%   91.24%        13619           00:44.57    [end TDA_220] 
INFO (TDA-220):   2496    2496        207    94.54%   91.33%        13412           00:44.80    [end TDA_220] 
INFO (TDA-220):   2512    2512        183    94.61%   91.40%        13229           00:45.02    [end TDA_220] 
INFO (TDA-220):   2528    2528        203    94.69%   91.48%        13026           00:45.24    [end TDA_220] 
INFO (TDA-220):   2544    2544        227    94.79%   91.57%        12799           00:45.46    [end TDA_220] 
INFO (TDA-220):   2560    2560        198    94.87%   91.65%        12601           00:45.69    [end TDA_220] 
INFO (TDA-220):   2576    2576        180    94.94%   91.72%        12421           00:45.89    [end TDA_220] 
INFO (TDA-220):   2592    2592        210    95.03%   91.80%        12211           00:46.11    [end TDA_220] 
INFO (TDA-220):   2608    2608        189    95.10%   91.87%        12022           00:46.35    [end TDA_220] 
INFO (TDA-220):   2624    2624        191    95.18%   91.95%        11831           00:46.59    [end TDA_220] 
INFO (TDA-220):   2640    2640        178    95.25%   92.02%        11653           00:46.83    [end TDA_220] 
INFO (TDA-220):   2656    2656        197    95.33%   92.10%        11456           00:47.05    [end TDA_220] 
INFO (TDA-220):   2672    2672        186    95.41%   92.17%        11270           00:47.26    [end TDA_220] 
INFO (TDA-220):   2688    2688        177    95.48%   92.24%        11093           00:47.50    [end TDA_220] 
INFO (TDA-220):   2704    2704        180    95.55%   92.31%        10912           00:47.72    [end TDA_220] 
INFO (TDA-220):   2720    2720        162    95.62%   92.37%        10750           00:47.92    [end TDA_220] 
INFO (TDA-220):   2736    2736        201    95.70%   92.45%        10549           00:48.13    [end TDA_220] 
INFO (TDA-220):   2752    2752        212    95.79%   92.54%        10337           00:48.35    [end TDA_220] 
INFO (TDA-220):   2768    2768        204    95.87%   92.62%        10133           00:48.58    [end TDA_220] 
INFO (TDA-220):   2784    2784        183    95.95%   92.69%         9950           00:48.79    [end TDA_220] 
INFO (TDA-220):   2800    2800        161    96.01%   92.75%         9789           00:49.00    [end TDA_220] 
INFO (TDA-220):   2816    2816        185    96.09%   92.82%         9604           00:49.23    [end TDA_220] 
INFO (TDA-220):   2832    2832        175    96.16%   92.89%         9429           00:49.43    [end TDA_220] 
INFO (TDA-220):   2848    2848        177    96.23%   92.96%         9252           00:49.66    [end TDA_220] 
INFO (TDA-220):   2864    2864        183    96.31%   93.04%         9069           00:49.88    [end TDA_220] 
INFO (TDA-220):   2880    2880        154    96.37%   93.10%         8915           00:50.07    [end TDA_220] 
INFO (TDA-220):   2896    2896        178    96.44%   93.17%         8737           00:50.28    [end TDA_220] 
INFO (TDA-220):   2912    2912        171    96.51%   93.23%         8566           00:50.49    [end TDA_220] 
INFO (TDA-220):   2928    2928        164    96.58%   93.30%         8402           00:50.70    [end TDA_220] 
INFO (TDA-220):   2944    2944        182    96.65%   93.37%         8220           00:50.90    [end TDA_220] 
INFO (TDA-220):   2960    2960        161    96.72%   93.43%         8059           00:51.10    [end TDA_220] 
INFO (TDA-220):   2976    2976        159    96.78%   93.50%         7900           00:51.31    [end TDA_220] 
INFO (TDA-220):   2992    2992        150    96.84%   93.55%         7750           00:51.51    [end TDA_220] 
INFO (TDA-220):   3008    3008        146    96.90%   93.61%         7604           00:51.72    [end TDA_220] 
INFO (TDA-220):   3024    3024        175    96.97%   93.68%         7429           00:51.93    [end TDA_220] 
INFO (TDA-220):   3040    3040        144    97.03%   93.74%         7285           00:52.15    [end TDA_220] 
INFO (TDA-220):   3056    3056        184    97.11%   93.81%         7101           00:52.35    [end TDA_220] 
INFO (TDA-220):   3072    3072        191    97.18%   93.89%         6910           00:52.57    [end TDA_220] 
INFO (TDA-220):   3088    3088        183    97.26%   93.96%         6727           00:52.79    [end TDA_220] 
INFO (TDA-220):   3104    3104        164    97.33%   94.02%         6563           00:52.98    [end TDA_220] 
INFO (TDA-220):   3120    3120        190    97.40%   94.10%         6373           00:53.18    [end TDA_220] 
INFO (TDA-220):   3136    3136        153    97.47%   94.16%         6220           00:53.42    [end TDA_220] 
INFO (TDA-220):   3152    3152        148    97.53%   94.21%         6072           00:53.62    [end TDA_220] 
INFO (TDA-220):   3168    3168        158    97.59%   94.28%         5914           00:53.83    [end TDA_220] 
INFO (TDA-220):   3184    3184        164    97.66%   94.34%         5750           00:54.04    [end TDA_220] 
INFO (TDA-220):   3200    3200        131    97.71%   94.39%         5619           00:54.24    [end TDA_220] 
INFO (TDA-220):   3216    3216        135    97.77%   94.45%         5484           00:54.45    [end TDA_220] 
INFO (TDA-220):   3232    3232        145    97.82%   94.50%         5339           00:54.69    [end TDA_220] 
INFO (TDA-220):   3248    3248        150    97.89%   94.56%         5189           00:54.91    [end TDA_220] 
INFO (TDA-220):   3264    3264        144    97.95%   94.62%         5044           00:55.11    [end TDA_220] 
INFO (TDA-220):   3280    3280        150    98.01%   94.68%         4894           00:55.35    [end TDA_220] 
INFO (TDA-220):   3296    3296        165    98.07%   94.74%         4728           00:55.56    [end TDA_220] 
INFO (TDA-220):   3312    3312        139    98.13%   94.80%         4589           00:55.78    [end TDA_220] 
INFO (TDA-220):   3328    3328        131    98.18%   94.85%         4458           00:55.98    [end TDA_220] 
INFO (TDA-220):   3344    3344        131    98.24%   94.90%         4327           00:56.21    [end TDA_220] 
INFO (TDA-220):   3360    3360        135    98.29%   94.95%         4192           00:56.43    [end TDA_220] 
INFO (TDA-220):   3376    3376        152    98.35%   95.01%         4040           00:56.66    [end TDA_220] 
INFO (TDA-220):   3392    3392        129    98.41%   95.07%         3911           00:56.86    [end TDA_220] 
INFO (TDA-220):   3408    3408        178    98.48%   95.14%         3733           00:57.07    [end TDA_220] 
INFO (TDA-220):   3424    3424        122    98.53%   95.18%         3611           00:57.26    [end TDA_220] 
INFO (TDA-220):   3440    3440        142    98.59%   95.24%         3469           00:57.46    [end TDA_220] 
INFO (TDA-220):   3456    3456        152    98.65%   95.30%         3317           00:57.73    [end TDA_220] 
INFO (TDA-220):   3472    3472        122    98.70%   95.35%         3195           00:57.97    [end TDA_220] 
INFO (TDA-220):   3488    3488        126    98.75%   95.40%         3069           00:58.20    [end TDA_220] 
INFO (TDA-220):   3504    3504        116    98.80%   95.44%         2953           00:58.43    [end TDA_220] 
INFO (TDA-220):   3520    3520        151    98.86%   95.50%         2801           00:58.70    [end TDA_220] 
INFO (TDA-220):   3536    3536        110    98.90%   95.55%         2691           00:59.01    [end TDA_220] 
INFO (TDA-220):   3552    3552         97    98.94%   95.58%         2594           00:59.44    [end TDA_220] 
INFO (TDA-220):   3568    3568        126    98.99%   95.63%         2468           00:59.73    [end TDA_220] 
INFO (TDA-220):   3584    3584        114    99.04%   95.68%         2353           01:00.00    [end TDA_220] 
INFO (TDA-220):   3600    3600         86    99.08%   95.71%         2267           01:00.35    [end TDA_220] 
INFO (TDA-220):   3616    3616        124    99.13%   95.76%         2143           01:00.60    [end TDA_220] 
INFO (TDA-220):   3632    3632        100    99.17%   95.80%         2042           01:00.94    [end TDA_220] 
INFO (TDA-220):   3648    3648         92    99.21%   95.84%         1950           01:01.20    [end TDA_220] 
INFO (TDA-220):   3664    3664         90    99.24%   95.87%         1859           01:01.74    [end TDA_220] 
INFO (TDA-220):   3680    3680         84    99.28%   95.91%         1774           01:02.21    [end TDA_220] 
INFO (TDA-220):   3696    3696         79    99.31%   95.94%         1694           01:03.07    [end TDA_220] 
INFO (TDA-220):   3712    3712         55    99.33%   95.96%         1637           01:04.93    [end TDA_220] 
INFO (TDA-220):   3728    3718         12    99.34%   95.97%         1624           01:05.99    [end TDA_220] 
INFO (TDA-220):   3731    3720         14    99.34%   95.97%         1610           01:06.26    [end TDA_220] 
INFO (TDA-220):   3746    3735        106    99.39%   96.01%         1504           01:06.38    [end TDA_220] 
INFO (TDA-220):   3756    3737          4    99.39%   96.01%         1500           01:06.45    [end TDA_220] 
INFO (TDA-220):   3757    3737          0    99.39%   96.01%         1500           01:06.47    [end TDA_220] 
INFO (TDA-220):   3773    3740          6    99.39%   96.02%         1494           01:11.19    [end TDA_220] 
INFO (TDA-220):   3789    3742          4    99.39%   96.02%         1490           01:11.24    [end TDA_220] 
INFO (TDA-220):   3805    3747         10    99.40%   96.02%         1480           01:11.29    [end TDA_220] 
INFO (TDA-220):   3821    3751          8    99.40%   96.03%         1472           01:11.34    [end TDA_220] 
INFO (TDA-220):   3837    3756         10    99.40%   96.03%         1462           01:11.39    [end TDA_220] 
INFO (TDA-220):   3853    3757          2    99.41%   96.03%         1460           01:11.45    [end TDA_220] 
INFO (TDA-220):   3869    3759          4    99.41%   96.03%         1456           01:11.52    [end TDA_220] 
INFO (TDA-220):   3883    3760          2    99.41%   96.03%         1454           01:11.59    [end TDA_220] 
INFO (TDA-220):   3886    3763         21    99.42%   96.04%         1433           01:11.66    [end TDA_220] 
INFO (TDA-220):   3887    3764          2    99.42%   96.04%         1431           01:11.70    [end TDA_220] 
INFO (TDA-220):   3887    3764          0    99.51%   96.13%         1205           01:12.25    [end TDA_220] 


-------------------------------------------------------------------------------
*                      Message Summary                                        *
-------------------------------------------------------------------------------
 Count  Number             First Instance of Message Text
------- ------             ------------------------------

  INFO Messages...
    253 INFO (TDA-220):   --- Tests ---   Faults     ---- ATCov ----   -- Faults --   - Elapsed Time -   
      1 INFO (TDA-221):   3757    3737          0    99.39%   96.01%         1500           01:06.47     
      1 INFO (TFW-117): Modus checked out a modus_atpg license.   
      1 INFO (TFW-119): Modus checked in a modus_atpg license.   
      4 INFO (TTC-110): Starting Scan Test generation                                                    

  WARNING [Severe] Messages...
      1 WARNING (TTC-018): [Severe] verify_test_structures issued Severe messages related to Stored Pattern tests.  Invalid test data may result.   

 For a detailed explanation of a message and a suggested user response execute 'msgHelp <message id>'.  For example: msgHelp TDA-009

-------------------------------------------------------------------------------
@file(TOP_ATPG/runmodus.atpg.tcl) 137: write_toggle_gram \
    -experiment	 TOP_DATA_WIDTH8_ADDR_WIDTH4_RF_DEPTH16_FIFO_DEPTH2048_FIFO_PTR_WIDTH11_compression \
    -testmode	 COMPRESSION_DECOMP \

#-------------------------------------------------------------------------------
Starting Command: write_toggle_gram 
INFO (TDA-014): Cadence(R) Modus(TM) DFT Software Solution, Version 25.10-p027_1, built Mar 13 2025 (linux26_64) [end TDA_014]
INFO (TDA-009): Options/Values information.
            (options marked with '*' have program generated values,
             options marked with '+' were specified to default.)

            -WORKDIR /home/admin/DFT/SOCX/DFT/5_INSERT_SCAN_COMPRESSION_LOGIC/TOP_ATPG
            -TESTMODE COMPRESSION_DECOMP
            -EXPERIMENT TOP_DATA_WIDTH8_ADDR_WIDTH4_RF_DEPTH16_FIFO_DEPTH2048_FIFO_PTR_WIDTH11_compression

            -LOGFILE /home/admin/DFT/SOCX/DFT/5_INSERT_SCAN_COMPRESSION_LOGIC/TOP_ATPG/testresults/logs/log_write_toggle_gram_COMPRESSION_DECOMP_TOP_DATA_WIDTH8_ADDR_WIDTH4_RF_DEPTH16_FIFO_DEPTH2048_FIFO_PTR_WIDTH11_compression_071726134522-369581000
            -STDOUT summary
[end TDA_009]


-------------------------------------------------------------------------------
*                      Message Summary                                        *
-------------------------------------------------------------------------------
 Count  Number             First Instance of Message Text
------- ------             ------------------------------

  INFO Messages...
      5 INFO (TBM-054): Scan Shift Toggle report categorized by SEQUENCE  
      1 INFO (TBM-088): The total number of test to be analyzed for scan is 3773 and for capture is 3764.  
      1 INFO (TFW-117): Modus checked out a modus_atpg license.   
      1 INFO (TFW-119): Modus checked in a modus_atpg license.   

  WARNING Messages...
      1 WARNING (TBM-099):The switching percentage has exceeded the threshold value of 30 percent, in the current testmode. High switching can impact the power numbers at the tester.  
      1 WARNING (TBM-109):The test patterns analyzed for toggle calculations contain X values for unknown latch/flop states. The X values can impact toggle numbers significantly. The default latch fill policy for X values (if not specified otherwise) is the 'dontcare' option set to 'random'.  

 For a detailed explanation of a message and a suggested user response execute 'msgHelp <message id>'.  For example: msgHelp TDA-009

-------------------------------------------------------------------------------
@file(TOP_ATPG/runmodus.atpg.tcl) 144: write_vectors \
    -inexperiment	 TOP_DATA_WIDTH8_ADDR_WIDTH4_RF_DEPTH16_FIFO_DEPTH2048_FIFO_PTR_WIDTH11_compression \
    -testmode	 COMPRESSION_DECOMP \
    -language	 verilog \
    -scanformat	 serial \


Starting Command: write_vectors 
INFO (TDA-014): Cadence(R) Modus(TM) DFT Software Solution, Version 25.10-p027_1, built Mar 13 2025 (linux26_64) [end TDA_014]
INFO (TDA-009): Options/Values information.
            (options marked with '*' have program generated values,
             options marked with '+' were specified to default.)

            -WORKDIR /home/admin/DFT/SOCX/DFT/5_INSERT_SCAN_COMPRESSION_LOGIC/TOP_ATPG
            -TESTMODE COMPRESSION_DECOMP

            -INEXPERIMENT TOP_DATA_WIDTH8_ADDR_WIDTH4_RF_DEPTH16_FIFO_DEPTH2048_FIFO_PTR_WIDTH11_compression
            -LOGFILE /home/admin/DFT/SOCX/DFT/5_INSERT_SCAN_COMPRESSION_LOGIC/TOP_ATPG/testresults/logs/log_write_vectors_COMPRESSION_DECOMP_TOP_DATA_WIDTH8_ADDR_WIDTH4_RF_DEPTH16_FIFO_DEPTH2048_FIFO_PTR_WIDTH11_compression_071726134537-351146000
            -STDOUT summary
          + -language verilog
          + -scanformat serial
[end TDA_009]


-------------------------------------------------------------------------------
*                      Message Summary                                        *
-------------------------------------------------------------------------------
 Count  Number             First Instance of Message Text
------- ------             ------------------------------

  INFO Messages...
      1 INFO (TFW-117): Modus checked out a modus_atpg license.   
      1 INFO (TFW-119): Modus checked in a modus_atpg license.   
      1 INFO (TVE-001): Verilog write vectors started.    
      1 INFO (TVE-002): Verilog write vectors has completed.    
      4 INFO (TVE-003): Verilog write vectors output file will be: /home/admin/DFT/SOCX/DFT/5_INSERT_SCAN_COMPRESSION_LOGIC/TOP_ATPG/testresults/verilog/cycleMap.COMPRESSION_DECOMP.TOP_DATA_WIDTH8_ADDR_WIDTH4_RF_DEPTH16_FIFO_DEPTH2048_FIFO_PTR_WIDTH11_compression.    
      2 INFO (TVE-004): Reading test section 1.1. Test section type equals scan.    
      2 INFO (TVE-005): Created 1145 total cycles, of which 12 are test cycles, 1133 are scan cycles, 0 are dynamic timed cycles and 0 are dynamic cycles that are not timed.    
      2 INFO (TVE-008): Created 774 total measures, of which 0 are PO measures and 774 are SO (Scan Out) measures.   
      1 INFO (TVE-050):         TEST SEQUENCE COVERAGE ESTIMATE REPORT  
      5 INFO (TVE-103): There was no specified SCAN offset for this clock 'pin DFT_mask_clk'.  A default clock offset of 16.000000 ns will be used.    
      1 INFO (TVE-967): Temporary output files are created in /tmp directory.  

 For a detailed explanation of a message and a suggested user response execute 'msgHelp <message id>'.  For example: msgHelp TDA-009

-------------------------------------------------------------------------------
@file(TOP_ATPG/runmodus.atpg.tcl) 154: commit_tests \
    -inexperiment	 TOP_DATA_WIDTH8_ADDR_WIDTH4_RF_DEPTH16_FIFO_DEPTH2048_FIFO_PTR_WIDTH11_compression \
    -testmode	 COMPRESSION_DECOMP 
INFO (TUI-772): The command 'commit_tests' will release the currently acquired resources. [end TUI_772] 

Starting Command: commit_tests 
INFO (TDA-014): Cadence(R) Modus(TM) DFT Software Solution, Version 25.10-p027_1, built Mar 13 2025 (linux26_64) [end TDA_014]
INFO (TDA-009): Options/Values information.
            (options marked with '*' have program generated values,
             options marked with '+' were specified to default.)

            -WORKDIR /home/admin/DFT/SOCX/DFT/5_INSERT_SCAN_COMPRESSION_LOGIC/TOP_ATPG
            -TESTMODE COMPRESSION_DECOMP

            -INEXPERIMENT TOP_DATA_WIDTH8_ADDR_WIDTH4_RF_DEPTH16_FIFO_DEPTH2048_FIFO_PTR_WIDTH11_compression
            -LOGFILE /home/admin/DFT/SOCX/DFT/5_INSERT_SCAN_COMPRESSION_LOGIC/TOP_ATPG/testresults/logs/log_commit_tests_COMPRESSION_DECOMP_TOP_DATA_WIDTH8_ADDR_WIDTH4_RF_DEPTH16_FIFO_DEPTH2048_FIFO_PTR_WIDTH11_compression_071726134540-056107000
            -STDOUT summary
[end TDA_009]


-------------------------------------------------------------------------------
*                      Message Summary                                        *
-------------------------------------------------------------------------------
 Count  Number             First Instance of Message Text
------- ------             ------------------------------

  INFO Messages...
      1 INFO (TBD-805): File(s) generated (bytes and name):   
      1 INFO (TBD-806): Input test vector File(s) (bytes, name):   
      1 INFO (TBD-807): Experiment TOP_DATA_WIDTH8_ADDR_WIDTH4_RF_DEPTH16_FIFO_DEPTH2048_FIFO_PTR_WIDTH11_compression odometers prior to commit_tests: 1.1.1.2.1 thru 1.2.1.247.1 (Relative test numbers 1 thru 3773).   
      1 INFO (TBD-809): Master test vector file statistics:     
      1 INFO (TBD-810): Experiment TOP_DATA_WIDTH8_ADDR_WIDTH4_RF_DEPTH16_FIFO_DEPTH2048_FIFO_PTR_WIDTH11_compression is saved to the master test vectors odometers: 1.1.1.2.1 to 1.2.1.247.1 (Relative test numbers 1 to 3773).   
      1 INFO (TBD-831): commit_tests completed successfully.   
      1 INFO (TFW-117): Modus checked out a modus_atpg license.   
      1 INFO (TFW-119): Modus checked in a modus_atpg license.   

 For a detailed explanation of a message and a suggested user response execute 'msgHelp <message id>'.  For example: msgHelp TDA-009

-------------------------------------------------------------------------------
@file(TOP_ATPG/runmodus.atpg.tcl) 162: create_logic_tests \
    -experiment	 TOP_DATA_WIDTH8_ADDR_WIDTH4_RF_DEPTH16_FIFO_DEPTH2048_FIFO_PTR_WIDTH11_compression \
    -testmode	 COMPRESSION \
    -testscan	 no \


Starting Command: create_logic_tests 
INFO (TDA-014): Cadence(R) Modus(TM) DFT Software Solution, Version 25.10-p027_1, built Mar 13 2025 (linux26_64) [end TDA_014]
INFO (TDA-009): Options/Values information.
            (options marked with '*' have program generated values,
             options marked with '+' were specified to default.)

            -WORKDIR /home/admin/DFT/SOCX/DFT/5_INSERT_SCAN_COMPRESSION_LOGIC/TOP_ATPG
            -TESTMODE COMPRESSION
            -EXPERIMENT TOP_DATA_WIDTH8_ADDR_WIDTH4_RF_DEPTH16_FIFO_DEPTH2048_FIFO_PTR_WIDTH11_compression

            -LOGFILE /home/admin/DFT/SOCX/DFT/5_INSERT_SCAN_COMPRESSION_LOGIC/TOP_ATPG/testresults/logs/log_create_logic_tests_COMPRESSION_TOP_DATA_WIDTH8_ADDR_WIDTH4_RF_DEPTH16_FIFO_DEPTH2048_FIFO_PTR_WIDTH11_compression_071726134541-501447000
            -STDOUT summary
            -testscan no
[end TDA_009]
INFO (TDA-220):   --- Tests ---   Faults     ---- ATCov ----   -- Faults --   - Elapsed Time -  [end TDA_220] 
INFO (TDA-220):    Sim.    Eff.  Detected    Tmode    Global     Untested                       [end TDA_220] 
INFO (TDA-220):     16      16        158    99.57%   96.19%         1047           00:01.33    [end TDA_220] 
INFO (TDA-220):     32      32        126    99.62%   96.24%          921           00:02.06    [end TDA_220] 
INFO (TDA-220):     48      48        131    99.68%   96.29%          790           00:02.53    [end TDA_220] 
INFO (TDA-220):     64      64         90    99.71%   96.33%          700           00:04.15    [end TDA_220] 
INFO (TDA-220):     80      80         69    99.74%   96.35%          631           00:04.22    [end TDA_220] 
INFO (TDA-220):     96      96         76    99.77%   96.38%          555           00:04.33    [end TDA_220] 
INFO (TDA-220):    112     112         69    99.80%   96.41%          486           00:04.43    [end TDA_220] 
INFO (TDA-220):    128     128         39    99.82%   96.43%          447           00:04.51    [end TDA_220] 
INFO (TDA-220):    144     144         38    99.83%   96.44%          409           00:04.57    [end TDA_220] 
INFO (TDA-220):    160     160         41    99.85%   96.46%          368           00:04.64    [end TDA_220] 
INFO (TDA-220):    176     176         30    99.86%   96.47%          338           00:04.71    [end TDA_220] 
INFO (TDA-220):    180     180         13    99.87%   96.47%          325           00:04.80    [end TDA_220] 
INFO (TDA-220):    187     186          8    99.87%   96.48%          317           00:04.86    [end TDA_220] 
INFO (TDA-220):    203     202         18    99.88%   96.48%          299           00:14.79    [end TDA_220] 
INFO (TDA-220):    219     218         16    99.88%   96.49%          283           00:14.85    [end TDA_220] 
INFO (TDA-220):    234     233         15    99.89%   96.50%          268           00:14.92    [end TDA_220] 
INFO (TDA-220):    246     245         12    99.90%   96.50%          256           00:14.99    [end TDA_220] 
INFO (TDA-220):    253     252         11    99.90%   96.50%          245           00:15.03    [end TDA_220] 


-------------------------------------------------------------------------------
*                      Message Summary                                        *
-------------------------------------------------------------------------------
 Count  Number             First Instance of Message Text
------- ------             ------------------------------

  INFO Messages...
     20 INFO (TDA-220):   --- Tests ---   Faults     ---- ATCov ----   -- Faults --   - Elapsed Time -   
      1 INFO (TDA-221):    187     186          0    99.87%   96.48%          317           00:04.86     
      1 INFO (TFW-117): Modus checked out a modus_atpg license.   
      1 INFO (TFW-119): Modus checked in a modus_atpg license.   
      2 INFO (TTC-110): Starting Static Logic Test generation                                            

  WARNING [Severe] Messages...
      1 WARNING (TTC-018): [Severe] verify_test_structures issued Severe messages related to Stored Pattern tests.  Invalid test data may result.   

 For a detailed explanation of a message and a suggested user response execute 'msgHelp <message id>'.  For example: msgHelp TDA-009

-------------------------------------------------------------------------------
@file(TOP_ATPG/runmodus.atpg.tcl) 171: write_toggle_gram \
    -experiment	 TOP_DATA_WIDTH8_ADDR_WIDTH4_RF_DEPTH16_FIFO_DEPTH2048_FIFO_PTR_WIDTH11_compression \
    -testmode	 COMPRESSION \

#-------------------------------------------------------------------------------
Starting Command: write_toggle_gram 
INFO (TDA-014): Cadence(R) Modus(TM) DFT Software Solution, Version 25.10-p027_1, built Mar 13 2025 (linux26_64) [end TDA_014]
INFO (TDA-009): Options/Values information.
            (options marked with '*' have program generated values,
             options marked with '+' were specified to default.)

            -WORKDIR /home/admin/DFT/SOCX/DFT/5_INSERT_SCAN_COMPRESSION_LOGIC/TOP_ATPG
            -TESTMODE COMPRESSION
            -EXPERIMENT TOP_DATA_WIDTH8_ADDR_WIDTH4_RF_DEPTH16_FIFO_DEPTH2048_FIFO_PTR_WIDTH11_compression

            -LOGFILE /home/admin/DFT/SOCX/DFT/5_INSERT_SCAN_COMPRESSION_LOGIC/TOP_ATPG/testresults/logs/log_write_toggle_gram_COMPRESSION_TOP_DATA_WIDTH8_ADDR_WIDTH4_RF_DEPTH16_FIFO_DEPTH2048_FIFO_PTR_WIDTH11_compression_071726134557-895182000
            -STDOUT summary
[end TDA_009]


-------------------------------------------------------------------------------
*                      Message Summary                                        *
-------------------------------------------------------------------------------
 Count  Number             First Instance of Message Text
------- ------             ------------------------------

  INFO Messages...
      5 INFO (TBM-054): Scan Shift Toggle report categorized by SEQUENCE  
      1 INFO (TBM-088): The total number of test to be analyzed for scan is 252 and for capture is 252.  
      1 INFO (TFW-117): Modus checked out a modus_atpg license.   
      1 INFO (TFW-119): Modus checked in a modus_atpg license.   

  WARNING Messages...
      1 WARNING (TBM-099):The switching percentage has exceeded the threshold value of 30 percent, in the current testmode. High switching can impact the power numbers at the tester.  
      1 WARNING (TBM-109):The test patterns analyzed for toggle calculations contain X values for unknown latch/flop states. The X values can impact toggle numbers significantly. The default latch fill policy for X values (if not specified otherwise) is the 'dontcare' option set to 'random'.  

 For a detailed explanation of a message and a suggested user response execute 'msgHelp <message id>'.  For example: msgHelp TDA-009

-------------------------------------------------------------------------------
@file(TOP_ATPG/runmodus.atpg.tcl) 178: write_vectors \
    -inexperiment	 TOP_DATA_WIDTH8_ADDR_WIDTH4_RF_DEPTH16_FIFO_DEPTH2048_FIFO_PTR_WIDTH11_compression \
    -testmode	 COMPRESSION \
    -language	 verilog \
    -scanformat	 serial \


Starting Command: write_vectors 
INFO (TDA-014): Cadence(R) Modus(TM) DFT Software Solution, Version 25.10-p027_1, built Mar 13 2025 (linux26_64) [end TDA_014]
INFO (TDA-009): Options/Values information.
            (options marked with '*' have program generated values,
             options marked with '+' were specified to default.)

            -WORKDIR /home/admin/DFT/SOCX/DFT/5_INSERT_SCAN_COMPRESSION_LOGIC/TOP_ATPG
            -TESTMODE COMPRESSION

            -INEXPERIMENT TOP_DATA_WIDTH8_ADDR_WIDTH4_RF_DEPTH16_FIFO_DEPTH2048_FIFO_PTR_WIDTH11_compression
            -LOGFILE /home/admin/DFT/SOCX/DFT/5_INSERT_SCAN_COMPRESSION_LOGIC/TOP_ATPG/testresults/logs/log_write_vectors_COMPRESSION_TOP_DATA_WIDTH8_ADDR_WIDTH4_RF_DEPTH16_FIFO_DEPTH2048_FIFO_PTR_WIDTH11_compression_071726134559-871249000
            -STDOUT summary
          + -language verilog
          + -scanformat serial
[end TDA_009]


-------------------------------------------------------------------------------
*                      Message Summary                                        *
-------------------------------------------------------------------------------
 Count  Number             First Instance of Message Text
------- ------             ------------------------------

  INFO Messages...
      1 INFO (TFW-117): Modus checked out a modus_atpg license.   
      1 INFO (TFW-119): Modus checked in a modus_atpg license.   
      1 INFO (TVE-001): Verilog write vectors started.    
      1 INFO (TVE-002): Verilog write vectors has completed.    
      3 INFO (TVE-003): Verilog write vectors output file will be: /home/admin/DFT/SOCX/DFT/5_INSERT_SCAN_COMPRESSION_LOGIC/TOP_ATPG/testresults/verilog/cycleMap.COMPRESSION.TOP_DATA_WIDTH8_ADDR_WIDTH4_RF_DEPTH16_FIFO_DEPTH2048_FIFO_PTR_WIDTH11_compression.    
      1 INFO (TVE-004): Reading test section 1.1. Test section type equals logic.    
      1 INFO (TVE-005): Created 12457 total cycles, of which 1325 are test cycles, 11132 are scan cycles, 0 are dynamic timed cycles and 0 are dynamic cycles that are not timed.    
      1 INFO (TVE-008): Created 22867 total measures, of which 1260 are PO measures and 21607 are SO (Scan Out) measures.   
      1 INFO (TVE-050):         TEST SEQUENCE COVERAGE ESTIMATE REPORT  
      4 INFO (TVE-103): There was no specified TEST offset for this clock 'pin REF_CLK'.  A default clock offset of 8.000000 ns will be used.    
      1 INFO (TVE-967): Temporary output files are created in /tmp directory.  

 For a detailed explanation of a message and a suggested user response execute 'msgHelp <message id>'.  For example: msgHelp TDA-009

-------------------------------------------------------------------------------
@file(TOP_ATPG/runmodus.atpg.tcl) 188: commit_tests \
    -inexperiment	 TOP_DATA_WIDTH8_ADDR_WIDTH4_RF_DEPTH16_FIFO_DEPTH2048_FIFO_PTR_WIDTH11_compression \
    -testmode	 COMPRESSION 
INFO (TUI-772): The command 'commit_tests' will release the currently acquired resources. [end TUI_772] 

Starting Command: commit_tests 
INFO (TDA-014): Cadence(R) Modus(TM) DFT Software Solution, Version 25.10-p027_1, built Mar 13 2025 (linux26_64) [end TDA_014]
INFO (TDA-009): Options/Values information.
            (options marked with '*' have program generated values,
             options marked with '+' were specified to default.)

            -WORKDIR /home/admin/DFT/SOCX/DFT/5_INSERT_SCAN_COMPRESSION_LOGIC/TOP_ATPG
            -TESTMODE COMPRESSION

            -INEXPERIMENT TOP_DATA_WIDTH8_ADDR_WIDTH4_RF_DEPTH16_FIFO_DEPTH2048_FIFO_PTR_WIDTH11_compression
            -LOGFILE /home/admin/DFT/SOCX/DFT/5_INSERT_SCAN_COMPRESSION_LOGIC/TOP_ATPG/testresults/logs/log_commit_tests_COMPRESSION_TOP_DATA_WIDTH8_ADDR_WIDTH4_RF_DEPTH16_FIFO_DEPTH2048_FIFO_PTR_WIDTH11_compression_071726134601-177740000
            -STDOUT summary
[end TDA_009]


-------------------------------------------------------------------------------
*                      Message Summary                                        *
-------------------------------------------------------------------------------
 Count  Number             First Instance of Message Text
------- ------             ------------------------------

  INFO Messages...
      1 INFO (TBD-805): File(s) generated (bytes and name):   
      1 INFO (TBD-806): Input test vector File(s) (bytes, name):   
      1 INFO (TBD-807): Experiment TOP_DATA_WIDTH8_ADDR_WIDTH4_RF_DEPTH16_FIFO_DEPTH2048_FIFO_PTR_WIDTH11_compression odometers prior to commit_tests: 1.1.1.2.1 thru 1.1.1.19.7 (Relative test numbers 1 thru 252).   
      1 INFO (TBD-809): Master test vector file statistics:     
      1 INFO (TBD-810): Experiment TOP_DATA_WIDTH8_ADDR_WIDTH4_RF_DEPTH16_FIFO_DEPTH2048_FIFO_PTR_WIDTH11_compression is saved to the master test vectors odometers: 1.1.1.2.1 to 1.1.1.19.7 (Relative test numbers 1 to 252).   
      1 INFO (TBD-831): commit_tests completed successfully.   
      1 INFO (TFW-117): Modus checked out a modus_atpg license.   
      1 INFO (TFW-119): Modus checked in a modus_atpg license.   

 For a detailed explanation of a message and a suggested user response execute 'msgHelp <message id>'.  For example: msgHelp TDA-009

-------------------------------------------------------------------------------
@file(TOP_ATPG/runmodus.atpg.tcl) 196: create_logic_tests \
    -experiment	 TOP_DATA_WIDTH8_ADDR_WIDTH4_RF_DEPTH16_FIFO_DEPTH2048_FIFO_PTR_WIDTH11_compression \
    -testmode	 FULLSCAN \
    -testscan	 no \


Starting Command: create_logic_tests 
INFO (TDA-014): Cadence(R) Modus(TM) DFT Software Solution, Version 25.10-p027_1, built Mar 13 2025 (linux26_64) [end TDA_014]
INFO (TDA-009): Options/Values information.
            (options marked with '*' have program generated values,
             options marked with '+' were specified to default.)

            -WORKDIR /home/admin/DFT/SOCX/DFT/5_INSERT_SCAN_COMPRESSION_LOGIC/TOP_ATPG
            -TESTMODE FULLSCAN
            -EXPERIMENT TOP_DATA_WIDTH8_ADDR_WIDTH4_RF_DEPTH16_FIFO_DEPTH2048_FIFO_PTR_WIDTH11_compression

            -LOGFILE /home/admin/DFT/SOCX/DFT/5_INSERT_SCAN_COMPRESSION_LOGIC/TOP_ATPG/testresults/logs/log_create_logic_tests_FULLSCAN_TOP_DATA_WIDTH8_ADDR_WIDTH4_RF_DEPTH16_FIFO_DEPTH2048_FIFO_PTR_WIDTH11_compression_071726134602-512410000
            -STDOUT summary
            -testscan no
[end TDA_009]
INFO (TDA-220):   --- Tests ---   Faults     ---- ATCov ----   -- Faults --   - Elapsed Time -  [end TDA_220] 
INFO (TDA-220):    Sim.    Eff.  Detected    Tmode    Global     Untested                       [end TDA_220] 
INFO (TDA-220):     16      16        104    99.94%   96.55%          141           00:00.71    [end TDA_220] 
INFO (TDA-220):     32      32         58    99.97%   96.57%           83           00:00.82    [end TDA_220] 
INFO (TDA-220):     48      48         49    99.99%   96.59%           34           00:00.93    [end TDA_220] 
INFO (TDA-220):     56      56         24    99.99%   96.60%           10           00:01.01    [end TDA_220] 
INFO (TDA-220):     57      57          2    99.99%   96.60%            8           00:01.06    [end TDA_220] 
INFO (TDA-220):     58      58          1    99.99%   96.60%            7           00:01.08    [end TDA_220] 


-------------------------------------------------------------------------------
*                      Message Summary                                        *
-------------------------------------------------------------------------------
 Count  Number             First Instance of Message Text
------- ------             ------------------------------

  INFO Messages...
      8 INFO (TDA-220):   --- Tests ---   Faults     ---- ATCov ----   -- Faults --   - Elapsed Time -   
      1 INFO (TDA-221):     56      56          0    99.99%   96.60%           10           00:01.01     
      1 INFO (TFW-117): Modus checked out a modus_atpg license.   
      1 INFO (TFW-119): Modus checked in a modus_atpg license.   
      2 INFO (TTC-110): Starting Static Logic Test generation                                            

  WARNING Messages...
      1 WARNING (TTC-018): verify_test_structures issued Warning messages related to Stored Pattern tests.  Poor test coverage may result.   

 For a detailed explanation of a message and a suggested user response execute 'msgHelp <message id>'.  For example: msgHelp TDA-009

-------------------------------------------------------------------------------
@file(TOP_ATPG/runmodus.atpg.tcl) 205: write_toggle_gram \
    -experiment	 TOP_DATA_WIDTH8_ADDR_WIDTH4_RF_DEPTH16_FIFO_DEPTH2048_FIFO_PTR_WIDTH11_compression \
    -testmode	 FULLSCAN \

#-------------------------------------------------------------------------------
Starting Command: write_toggle_gram 
INFO (TDA-014): Cadence(R) Modus(TM) DFT Software Solution, Version 25.10-p027_1, built Mar 13 2025 (linux26_64) [end TDA_014]
INFO (TDA-009): Options/Values information.
            (options marked with '*' have program generated values,
             options marked with '+' were specified to default.)

            -WORKDIR /home/admin/DFT/SOCX/DFT/5_INSERT_SCAN_COMPRESSION_LOGIC/TOP_ATPG
            -TESTMODE FULLSCAN
            -EXPERIMENT TOP_DATA_WIDTH8_ADDR_WIDTH4_RF_DEPTH16_FIFO_DEPTH2048_FIFO_PTR_WIDTH11_compression

            -LOGFILE /home/admin/DFT/SOCX/DFT/5_INSERT_SCAN_COMPRESSION_LOGIC/TOP_ATPG/testresults/logs/log_write_toggle_gram_FULLSCAN_TOP_DATA_WIDTH8_ADDR_WIDTH4_RF_DEPTH16_FIFO_DEPTH2048_FIFO_PTR_WIDTH11_compression_071726134604-885289000
            -STDOUT summary
[end TDA_009]


-------------------------------------------------------------------------------
*                      Message Summary                                        *
-------------------------------------------------------------------------------
 Count  Number             First Instance of Message Text
------- ------             ------------------------------

  INFO Messages...
      5 INFO (TBM-054): Scan Shift Toggle report categorized by SEQUENCE  
      1 INFO (TBM-088): The total number of test to be analyzed for scan is 58 and for capture is 58.  
      1 INFO (TFW-117): Modus checked out a modus_atpg license.   
      1 INFO (TFW-119): Modus checked in a modus_atpg license.   

  WARNING Messages...
      1 WARNING (TBM-099):The switching percentage has exceeded the threshold value of 30 percent, in the current testmode. High switching can impact the power numbers at the tester.  

 For a detailed explanation of a message and a suggested user response execute 'msgHelp <message id>'.  For example: msgHelp TDA-009

-------------------------------------------------------------------------------
@file(TOP_ATPG/runmodus.atpg.tcl) 212: write_vectors \
    -inexperiment	 TOP_DATA_WIDTH8_ADDR_WIDTH4_RF_DEPTH16_FIFO_DEPTH2048_FIFO_PTR_WIDTH11_compression \
    -testmode	 FULLSCAN \
    -language	 verilog \
    -scanformat	 parallel \


Starting Command: write_vectors 
INFO (TDA-014): Cadence(R) Modus(TM) DFT Software Solution, Version 25.10-p027_1, built Mar 13 2025 (linux26_64) [end TDA_014]
INFO (TDA-009): Options/Values information.
            (options marked with '*' have program generated values,
             options marked with '+' were specified to default.)

            -WORKDIR /home/admin/DFT/SOCX/DFT/5_INSERT_SCAN_COMPRESSION_LOGIC/TOP_ATPG
            -TESTMODE FULLSCAN

            -INEXPERIMENT TOP_DATA_WIDTH8_ADDR_WIDTH4_RF_DEPTH16_FIFO_DEPTH2048_FIFO_PTR_WIDTH11_compression
            -LOGFILE /home/admin/DFT/SOCX/DFT/5_INSERT_SCAN_COMPRESSION_LOGIC/TOP_ATPG/testresults/logs/log_write_vectors_FULLSCAN_TOP_DATA_WIDTH8_ADDR_WIDTH4_RF_DEPTH16_FIFO_DEPTH2048_FIFO_PTR_WIDTH11_compression_071726134606-270187000
            -STDOUT summary
            -scanformat parallel
          + -language verilog
[end TDA_009]


-------------------------------------------------------------------------------
*                      Message Summary                                        *
-------------------------------------------------------------------------------
 Count  Number             First Instance of Message Text
------- ------             ------------------------------

  INFO Messages...
      1 INFO (TFW-117): Modus checked out a modus_atpg license.   
      1 INFO (TFW-119): Modus checked in a modus_atpg license.   
      1 INFO (TVE-001): Verilog write vectors started.    
      1 INFO (TVE-002): Verilog write vectors has completed.    
      3 INFO (TVE-003): Verilog write vectors output file will be: /home/admin/DFT/SOCX/DFT/5_INSERT_SCAN_COMPRESSION_LOGIC/TOP_ATPG/testresults/verilog/cycleMap.FULLSCAN.TOP_DATA_WIDTH8_ADDR_WIDTH4_RF_DEPTH16_FIFO_DEPTH2048_FIFO_PTR_WIDTH11_compression.    
      1 INFO (TVE-004): Reading test section 1.1. Test section type equals logic.    
      1 INFO (TVE-008): Created 504484 total measures, of which 290 are PO measures and 504194 are SO (Scan Out) measures.   
      1 INFO (TVE-050):         TEST SEQUENCE COVERAGE ESTIMATE REPORT  
      6 INFO (TVE-103): There was no specified TEST offset for this clock 'pin DFT_mask_clk'.  A default clock offset of 8.000000 ns will be used.    
      1 INFO (TVE-967): Temporary output files are created in /tmp directory.  

 For a detailed explanation of a message and a suggested user response execute 'msgHelp <message id>'.  For example: msgHelp TDA-009

-------------------------------------------------------------------------------
@file(TOP_ATPG/runmodus.atpg.tcl) 219: exit
