
 
Copyright (C) 2002-2025 Cadence Design Systems Inc. All Rights Reserved. 
Cadence and the Cadence logo are registered trademarks and Modus is a trademark 
of Cadence Design Systems, Inc. in the United States and other countries.

Type 'help legal_notices' for third party license notices. 
Version : 25.10-p027_1, built Mar 13 2025 (linux26_64)
Options : -file TOP_ATPG/runmodus.atpg.tcl
Date    : Sat, July 11 11:14:48 2026
Host    : Pine-06 (x86_64 Linux 5.14.0-611.30.1.el9_7.x86_64) (6*Intel(R) Core(TM) i5-9400 CPU @ 2.90GHz 9216KB)
OS      : Red Hat Enterprise Linux release 9.7 (Plow)
#@ Processing -files option
@modus:root:/ 1>  source TOP_ATPG/runmodus.atpg.tcl
#@ Begin verbose source TOP_ATPG/runmodus.atpg.tcl
@file(TOP_ATPG/runmodus.atpg.tcl) 13: set_db workdir TOP_ATPG;
@file(TOP_ATPG/runmodus.atpg.tcl) 14: set   WORKDIR [get_db workdir]
@file(TOP_ATPG/runmodus.atpg.tcl) 17: set_option stdout     summary;                                # Only print a summary for each command to the terminal
@file(TOP_ATPG/runmodus.atpg.tcl) 19: set ::env(CDS_LIC_REPORT) yes
@file(TOP_ATPG/runmodus.atpg.tcl) 20: set_db stop_on_severity error;
@file(TOP_ATPG/runmodus.atpg.tcl) 22: file delete -force $WORKDIR/tbdata;                       # Delete Test Database
@file(TOP_ATPG/runmodus.atpg.tcl) 23: file delete -force $WORKDIR/testresults;                  # Delete Test Output Files/Logs
@file(TOP_ATPG/runmodus.atpg.tcl) 30: build_model \
    -cell	 TOP \
    -techlib	 ../../../Library/verilog/typical.v \
    -designsource	 $WORKDIR/TOP.test_netlist.v \
    -allowmissingmodules	 yes \
    -messagecounteach	 100 \

 
INFO (TUI-772): The command 'build_model' will release the currently acquired resources. [end TUI_772] 

Starting Command: build_model 
INFO (TDA-014): Cadence(R) Modus(TM) DFT Software Solution, Version 25.10-p027_1, built Mar 13 2025 (linux26_64) [end TDA_014]
INFO (TDA-009): Options/Values information.
            (options marked with '*' have program generated values,
             options marked with '+' were specified to default.)

            -WORKDIR /home/admin/DFT/SOCX/DFT/2_SCAN_INITIAL/TOP_ATPG

            -designtop TOP
            -TECHLIB ../../../Library/verilog/typical.v
            -allowmissingmodules yes
            -LOGFILE /home/admin/DFT/SOCX/DFT/2_SCAN_INITIAL/TOP_ATPG/testresults/logs/log_build_model_071126111448-828535000
            -STDOUT summary
            -messagecounteach 100
            -DESIGNSOURCE /home/admin/DFT/SOCX/DFT/2_SCAN_INITIAL/TOP_ATPG/TOP.test_netlist.v
[end TDA_009]


-------------------------------------------------------------------------------
*                      Message Summary                                        *
-------------------------------------------------------------------------------
 Count  Number             First Instance of Message Text
------- ------             ------------------------------

  INFO Messages...
      1 INFO (TEI-195): Build Model - Controller starting:  
      1 INFO (TEI-196): Build Model - Hierarchical Model Build starting:  
      1 INFO (TEI-197): Build Model - Hierarchical Model Build completed.  
      1 INFO (TEI-198): Build Model - Flat Model Build starting:  
      1 INFO (TEI-199): Build Model - Flat Model Build completed.   
      1 INFO (TEI-200): Build Model - Controller completed.  
      1 INFO (TFW-117): Modus checked out a modus_atpg license.   
      1 INFO (TFW-119): Modus checked in a modus_atpg license.   
      1 INFO (TLM-055): Design Summary

  WARNING Messages...
      2 WARNING (TEI-110): Pin 'NOTIFIER' of 'cell udp_dff' has no external net connection for any usage in the design. Cell contents file: '/home/admin/DFT/Library/verilog/typical.v'.   

 For a detailed explanation of a message and a suggested user response execute 'msgHelp <message id>'.  For example: msgHelp TDA-009

-------------------------------------------------------------------------------
@file(TOP_ATPG/runmodus.atpg.tcl) 41: build_testmode \
    -testmode	 FULLSCAN \
    -assignfile	 $WORKDIR/TOP.FULLSCAN.pinassign \
    -modedef	 FULLSCAN \
 
Starting Command: build_testmode 
INFO (TDA-014): Cadence(R) Modus(TM) DFT Software Solution, Version 25.10-p027_1, built Mar 13 2025 (linux26_64) [end TDA_014]
INFO (TDA-009): Options/Values information.
            (options marked with '*' have program generated values,
             options marked with '+' were specified to default.)

            -WORKDIR /home/admin/DFT/SOCX/DFT/2_SCAN_INITIAL/TOP_ATPG
            -TESTMODE FULLSCAN

            -ASSIGNFILE /home/admin/DFT/SOCX/DFT/2_SCAN_INITIAL/TOP_ATPG/TOP.FULLSCAN.pinassign
          * update_assign_file=
            -LOGFILE /home/admin/DFT/SOCX/DFT/2_SCAN_INITIAL/TOP_ATPG/testresults/logs/log_build_testmode_FULLSCAN_071126111452-583900000
            -MODEDEF FULLSCAN
            -STDOUT summary
[end TDA_009]


-------------------------------------------------------------------------------
*                      Message Summary                                        *
-------------------------------------------------------------------------------
 Count  Number             First Instance of Message Text
------- ------             ------------------------------

  INFO Messages...
      1 INFO (TFW-117): Modus checked out a modus_atpg license.   
      1 INFO (TFW-119): Modus checked in a modus_atpg license.   
      1 INFO (THM-814): Testmode contains 91.08% active logic,  8.92% inactive logic and  0.00% constraint logic.    
      1 INFO (TTM-357): There are 4 scan chains which are controllable and observable.    
      1 INFO (TTM-387): A default scanop sequence will be generated.    
      1 INFO (TTM-391): A default modeinit sequence will be generated.    

  WARNING Messages...
      1 WARNING (TTM-347): There is less than 96 percent active logic in this test mode.  Global fault
      1 WARNING (TTM-809): Test mode FULLSCAN has been created, WARNINGs have been generated -

 For a detailed explanation of a message and a suggested user response execute 'msgHelp <message id>'.  For example: msgHelp TDA-009

-------------------------------------------------------------------------------
@file(TOP_ATPG/runmodus.atpg.tcl) 50: report_test_structures \
    -testmode	 FULLSCAN \
    -reportscanchain	 all \
 
Starting Command: report_test_structures 
INFO (TDA-014): Cadence(R) Modus(TM) DFT Software Solution, Version 25.10-p027_1, built Mar 13 2025 (linux26_64) [end TDA_014]
INFO (TDA-009): Options/Values information.
            (options marked with '*' have program generated values,
             options marked with '+' were specified to default.)

            -WORKDIR /home/admin/DFT/SOCX/DFT/2_SCAN_INITIAL/TOP_ATPG
            -TESTMODE FULLSCAN

            -LOGFILE /home/admin/DFT/SOCX/DFT/2_SCAN_INITIAL/TOP_ATPG/testresults/logs/log_report_test_structures_FULLSCAN_071126111454-175368000
            -STDOUT summary
            -reportscanchain all
[end TDA_009]


-------------------------------------------------------------------------------
*                      Message Summary                                        *
-------------------------------------------------------------------------------
 Count  Number             First Instance of Message Text
------- ------             ------------------------------

  INFO Messages...
      1 INFO (TFW-117): Modus checked out a modus_atpg license.   
      1 INFO (TFW-119): Modus checked in a modus_atpg license.   
      1 INFO (TLM-055): Design Summary

 For a detailed explanation of a message and a suggested user response execute 'msgHelp <message id>'.  For example: msgHelp TDA-009

-------------------------------------------------------------------------------
@file(TOP_ATPG/runmodus.atpg.tcl) 58: verify_test_structures \
    -messagecount	 TSV-016=10,TSV-024=10,TSV-315=10,TSV-027=10 \
    -testmode	 FULLSCAN \
 
Starting Command: verify_test_structures 
INFO (TDA-014): Cadence(R) Modus(TM) DFT Software Solution, Version 25.10-p027_1, built Mar 13 2025 (linux26_64) [end TDA_014]
INFO (TDA-009): Options/Values information.
            (options marked with '*' have program generated values,
             options marked with '+' were specified to default.)

            -WORKDIR /home/admin/DFT/SOCX/DFT/2_SCAN_INITIAL/TOP_ATPG
            -TESTMODE FULLSCAN

            -messagecount TSV-016=10,TSV-024=10,TSV-315=10,TSV-027=10
            -LOGFILE /home/admin/DFT/SOCX/DFT/2_SCAN_INITIAL/TOP_ATPG/testresults/logs/log_verify_test_structures_FULLSCAN_071126111455-372372000
            -STDOUT summary
[end TDA_009]


-------------------------------------------------------------------------------
*                      Message Summary                                        *
-------------------------------------------------------------------------------
 Count  Number             First Instance of Message Text
------- ------             ------------------------------

  INFO Messages...
      1 INFO (TFW-117): Modus checked out a modus_atpg license.   
      1 INFO (TFW-119): Modus checked in a modus_atpg license.   
      1 INFO (TLM-055): Design Summary
      1 INFO (TSV-068): The length of the longest scan chain is 1434 bit positions, which is 131% of the average scan chain length 1100 (based on 4397 total scan chain bits and 4 valid scan chains).    
      4 INFO (TSV-378): Scan chain beginning at 'pin ScanIn_1' and ending at 'pin ScanOut_1' is controllable and observable. The length of the scan chain is 1434 bit positions.    
      1 INFO (TSV-567): There are 4 controllable scan chains fed by Scan In (SI) primary inputs.    
      1 INFO (TSV-568): There are 4 observable scan chains feeding to Scan Out (SO) primary outputs.    
      1 INFO (TSV-569): There are 0 controllable scan chains fed by on-product Pattern Generator(s).    
      1 INFO (TSV-570): There are 0 observable scan chains feeding to on-product Multiple-Input Signature Register (MISRs).    
      1 INFO (TSV-900): verify_test_structures processing has started Sat Jul 11 11:14:55 2026     
      1 INFO (TSV-908): verify_test_structures processing complete.    

  WARNING Messages...
      1 WARNING (TSV-390): There are 1 inactive (non-scan) latches.    

 For a detailed explanation of a message and a suggested user response execute 'msgHelp <message id>'.  For example: msgHelp TDA-009

-------------------------------------------------------------------------------
@file(TOP_ATPG/runmodus.atpg.tcl) 66: build_faultmodel \
    -includedynamic	 no \
 
INFO (TUI-772): The command 'build_faultmodel' will release the currently acquired resources. [end TUI_772] 

Starting Command: build_faultmodel 
INFO (TDA-014): Cadence(R) Modus(TM) DFT Software Solution, Version 25.10-p027_1, built Mar 13 2025 (linux26_64) [end TDA_014]
INFO (TDA-009): Options/Values information.
            (options marked with '*' have program generated values,
             options marked with '+' were specified to default.)

            -WORKDIR /home/admin/DFT/SOCX/DFT/2_SCAN_INITIAL/TOP_ATPG

            -LOGFILE /home/admin/DFT/SOCX/DFT/2_SCAN_INITIAL/TOP_ATPG/testresults/logs/log_build_faultmodel_071126111457-141655000
            -STDOUT summary
            -includedynamic no
[end TDA_009]


-------------------------------------------------------------------------------
*                      Message Summary                                        *
-------------------------------------------------------------------------------
 Count  Number             First Instance of Message Text
------- ------             ------------------------------

  INFO Messages...
      1 INFO (TFM-099): Build Fault Model started.   
      1 INFO (TFM-102): Creating faultModel file /home/admin/DFT/SOCX/DFT/2_SCAN_INITIAL/TOP_ATPG/tbdata/faultModel.   
      1 INFO (TFM-103): Creating faultStatus file /home/admin/DFT/SOCX/DFT/2_SCAN_INITIAL/TOP_ATPG/tbdata/faultStatus.   
      1 INFO (TFM-109): Build Fault Model has completed with highest level severity message of INFO.   
      1 INFO (TFM-704): Maximum Global Test Coverage Statistics: 
      1 INFO (TFW-117): Modus checked out a modus_atpg license.   
      1 INFO (TFW-119): Modus checked in a modus_atpg license.   

 For a detailed explanation of a message and a suggested user response execute 'msgHelp <message id>'.  For example: msgHelp TDA-009

-------------------------------------------------------------------------------
@file(TOP_ATPG/runmodus.atpg.tcl) 73: create_logic_tests \
    -experiment	 TOP_atpg \
    -testmode	 FULLSCAN \


Starting Command: create_logic_tests 
INFO (TDA-014): Cadence(R) Modus(TM) DFT Software Solution, Version 25.10-p027_1, built Mar 13 2025 (linux26_64) [end TDA_014]
INFO (TDA-009): Options/Values information.
            (options marked with '*' have program generated values,
             options marked with '+' were specified to default.)

            -WORKDIR /home/admin/DFT/SOCX/DFT/2_SCAN_INITIAL/TOP_ATPG
            -TESTMODE FULLSCAN
            -EXPERIMENT TOP_atpg

            -LOGFILE /home/admin/DFT/SOCX/DFT/2_SCAN_INITIAL/TOP_ATPG/testresults/logs/log_create_logic_tests_FULLSCAN_TOP_atpg_071126111458-635028000
            -STDOUT summary
[end TDA_009]
INFO (TDA-220):   --- Tests ---   Faults     ---- ATCov ----   -- Faults --   - Elapsed Time -  [end TDA_220] 
INFO (TDA-220):    Sim.    Eff.  Detected    Tmode    Global     Untested                       [end TDA_220] 
INFO (TDA-220):      1       1      35264    28.06%   27.09%        90399           00:00.19    [end TDA_220] 
INFO (TDA-220):   --- Tests ---   Faults     ---- ATCov ----   -- Faults --   - Elapsed Time -  [end TDA_220] 
INFO (TDA-220):    Sim.    Eff.  Detected    Tmode    Global     Untested                       [end TDA_220] 
INFO (TDA-220):     16      16      51055    68.69%   66.30%        39344           00:01.80    [end TDA_220] 
INFO (TDA-220):     32      32       2228    70.46%   68.01%        37116           00:02.02    [end TDA_220] 
INFO (TDA-220):     48      48       1973    72.03%   69.53%        35143           00:02.26    [end TDA_220] 
INFO (TDA-220):     64      64       1438    73.18%   70.63%        33705           00:02.49    [end TDA_220] 
INFO (TDA-220):     80      80        961    73.94%   71.37%        32744           00:02.64    [end TDA_220] 
INFO (TDA-220):     96      96       1027    74.76%   72.16%        31717           00:02.83    [end TDA_220] 
INFO (TDA-220):    112     112        847    75.43%   72.81%        30870           00:03.01    [end TDA_220] 
INFO (TDA-220):    128     128        722    76.01%   73.36%        30148           00:03.19    [end TDA_220] 
INFO (TDA-220):    144     144        752    76.61%   73.94%        29396           00:03.37    [end TDA_220] 
INFO (TDA-220):    160     160        824    77.26%   74.58%        28572           00:03.56    [end TDA_220] 
INFO (TDA-220):    176     176        671    77.80%   75.09%        27901           00:03.73    [end TDA_220] 
INFO (TDA-220):    192     192        740    78.39%   75.66%        27161           00:03.92    [end TDA_220] 
INFO (TDA-220):    208     208        546    78.82%   76.08%        26615           00:04.07    [end TDA_220] 
INFO (TDA-220):    224     224        557    79.26%   76.51%        26058           00:04.23    [end TDA_220] 
INFO (TDA-220):    240     240        641    79.77%   77.00%        25417           00:04.39    [end TDA_220] 
INFO (TDA-220):    256     256        562    80.22%   77.43%        24855           00:04.54    [end TDA_220] 
INFO (TDA-220):    272     272        580    80.68%   77.88%        24275           00:04.69    [end TDA_220] 
INFO (TDA-220):    288     288        714    81.25%   78.42%        23561           00:04.87    [end TDA_220] 
INFO (TDA-220):    304     304        607    81.73%   78.89%        22954           00:05.03    [end TDA_220] 
INFO (TDA-220):    320     320        536    82.16%   79.30%        22418           00:05.19    [end TDA_220] 
INFO (TDA-220):    336     336        642    82.67%   79.80%        21776           00:05.36    [end TDA_220] 
INFO (TDA-220):    352     352        599    83.15%   80.26%        21177           00:05.51    [end TDA_220] 
INFO (TDA-220):    368     368        597    83.62%   80.71%        20580           00:05.67    [end TDA_220] 
INFO (TDA-220):    384     384        420    83.96%   81.04%        20160           00:05.80    [end TDA_220] 
INFO (TDA-220):    400     400        517    84.37%   81.43%        19643           00:05.96    [end TDA_220] 
INFO (TDA-220):    416     416        551    84.81%   81.86%        19092           00:06.11    [end TDA_220] 
INFO (TDA-220):    432     432        576    85.27%   82.30%        18516           00:06.27    [end TDA_220] 
INFO (TDA-220):    448     448        502    85.66%   82.68%        18014           00:06.43    [end TDA_220] 
INFO (TDA-220):    464     464        357    85.95%   82.96%        17657           00:06.55    [end TDA_220] 
INFO (TDA-220):    480     480        515    86.36%   83.35%        17142           00:06.69    [end TDA_220] 
INFO (TDA-220):    496     496        452    86.72%   83.70%        16690           00:06.82    [end TDA_220] 
INFO (TDA-220):    512     512        476    87.10%   84.07%        16214           00:06.96    [end TDA_220] 
INFO (TDA-220):    528     528        527    87.52%   84.47%        15687           00:07.11    [end TDA_220] 
INFO (TDA-220):    544     544        555    87.96%   84.90%        15132           00:07.26    [end TDA_220] 
INFO (TDA-220):    560     560        526    88.38%   85.30%        14606           00:07.40    [end TDA_220] 
INFO (TDA-220):    576     576        451    88.74%   85.65%        14155           00:07.53    [end TDA_220] 
INFO (TDA-220):    592     592        420    89.07%   85.97%        13735           00:07.65    [end TDA_220] 
INFO (TDA-220):    608     608        418    89.40%   86.29%        13317           00:07.78    [end TDA_220] 
INFO (TDA-220):    624     624        460    89.77%   86.65%        12857           00:07.93    [end TDA_220] 
INFO (TDA-220):    640     640        351    90.05%   86.92%        12506           00:08.04    [end TDA_220] 
INFO (TDA-220):    656     656        413    90.38%   87.23%        12093           00:08.16    [end TDA_220] 
INFO (TDA-220):    672     672        470    90.75%   87.59%        11623           00:08.30    [end TDA_220] 
INFO (TDA-220):    688     688        275    90.97%   87.80%        11348           00:08.40    [end TDA_220] 
INFO (TDA-220):    704     704        364    91.26%   88.08%        10984           00:08.53    [end TDA_220] 
INFO (TDA-220):    720     720        443    91.61%   88.42%        10541           00:08.66    [end TDA_220] 
INFO (TDA-220):    736     736        415    91.94%   88.74%        10126           00:08.79    [end TDA_220] 
INFO (TDA-220):    752     752        305    92.18%   88.98%         9821           00:08.88    [end TDA_220] 
INFO (TDA-220):    768     768        386    92.49%   89.27%         9435           00:09.01    [end TDA_220] 
INFO (TDA-220):    784     784        380    92.79%   89.57%         9055           00:09.13    [end TDA_220] 
INFO (TDA-220):    800     800        362    93.08%   89.84%         8693           00:09.25    [end TDA_220] 
INFO (TDA-220):    816     816        350    93.36%   90.11%         8343           00:09.35    [end TDA_220] 
INFO (TDA-220):    832     832        363    93.65%   90.39%         7980           00:09.45    [end TDA_220] 
INFO (TDA-220):    848     848        385    93.96%   90.69%         7595           00:09.57    [end TDA_220] 
INFO (TDA-220):    864     864        386    94.26%   90.98%         7209           00:09.70    [end TDA_220] 
INFO (TDA-220):    880     880        308    94.51%   91.22%         6901           00:09.80    [end TDA_220] 
INFO (TDA-220):    896     896        314    94.76%   91.46%         6587           00:09.91    [end TDA_220] 
INFO (TDA-220):    912     912        346    95.03%   91.73%         6241           00:10.02    [end TDA_220] 
INFO (TDA-220):    928     928        291    95.27%   91.95%         5949           00:10.11    [end TDA_220] 
INFO (TDA-220):    944     944        312    95.51%   92.19%         5637           00:10.22    [end TDA_220] 
INFO (TDA-220):    960     960        293    95.75%   92.42%         5344           00:10.32    [end TDA_220] 
INFO (TDA-220):    976     976        337    96.02%   92.68%         5007           00:10.43    [end TDA_220] 
INFO (TDA-220):    992     992        233    96.20%   92.85%         4774           00:10.52    [end TDA_220] 
INFO (TDA-220):   1008    1008        276    96.42%   93.07%         4498           00:10.61    [end TDA_220] 
INFO (TDA-220):   1024    1024        318    96.67%   93.31%         4180           00:10.71    [end TDA_220] 
INFO (TDA-220):   1040    1040        217    96.85%   93.48%         3962           00:10.79    [end TDA_220] 
INFO (TDA-220):   1056    1056        297    97.08%   93.71%         3665           00:10.90    [end TDA_220] 
INFO (TDA-220):   1072    1072        291    97.31%   93.93%         3374           00:11.00    [end TDA_220] 
INFO (TDA-220):   1088    1088        184    97.46%   94.07%         3190           00:11.07    [end TDA_220] 
INFO (TDA-220):   1104    1104        338    97.73%   94.33%         2851           00:11.18    [end TDA_220] 
INFO (TDA-220):   1120    1120        327    97.99%   94.58%         2524           00:11.28    [end TDA_220] 
INFO (TDA-220):   1136    1136        276    98.21%   94.80%         2247           00:11.37    [end TDA_220] 
INFO (TDA-220):   1152    1152        258    98.42%   94.99%         1989           00:11.45    [end TDA_220] 
INFO (TDA-220):   1168    1168        299    98.66%   95.22%         1690           00:11.56    [end TDA_220] 
INFO (TDA-220):   1184    1184        236    98.84%   95.40%         1454           00:11.64    [end TDA_220] 
INFO (TDA-220):   1200    1200        222    99.02%   95.58%         1230           00:11.74    [end TDA_220] 
INFO (TDA-220):   1216    1216        231    99.21%   95.75%          998           00:11.82    [end TDA_220] 
INFO (TDA-220):   1232    1232        274    99.42%   95.97%          723           00:11.91    [end TDA_220] 
INFO (TDA-220):   1248    1248        285    99.65%   96.18%          438           00:12.00    [end TDA_220] 
INFO (TDA-220):   1264    1264        230    99.84%   96.36%          207           00:12.09    [end TDA_220] 
INFO (TDA-220):   1280    1280         81    99.90%   96.43%          124           00:12.16    [end TDA_220] 
INFO (TDA-220):   1282    1282         22    99.92%   96.45%           98           00:12.21    [end TDA_220] 
INFO (TDA-220):   1293    1293         31    99.95%   96.47%           67           00:12.23    [end TDA_220] 
INFO (TDA-220):   1309    1309         25    99.97%   96.49%           42           00:12.26    [end TDA_220] 
INFO (TDA-220):   1318    1318         12    99.98%   96.50%           30           00:12.27    [end TDA_220] 
INFO (TDA-220):   1319    1319          2    99.98%   96.50%           28           00:12.29    [end TDA_220] 
INFO (TDA-220):   1319    1319          0    99.99%   96.52%            1           00:12.43    [end TDA_220] 


-------------------------------------------------------------------------------
*                      Message Summary                                        *
-------------------------------------------------------------------------------
 Count  Number             First Instance of Message Text
------- ------             ------------------------------

  INFO Messages...
     91 INFO (TDA-220):   --- Tests ---   Faults     ---- ATCov ----   -- Faults --   - Elapsed Time -   
      1 INFO (TDA-221):   1293    1293          0    99.95%   96.47%           67           00:12.23     
      1 INFO (TFW-117): Modus checked out a modus_atpg license.   
      1 INFO (TFW-119): Modus checked in a modus_atpg license.   
      4 INFO (TTC-110): Starting Scan Test generation                                                    

  WARNING Messages...
      1 WARNING (TTC-018): verify_test_structures issued Warning messages related to Stored Pattern tests.  Poor test coverage may result.   

 For a detailed explanation of a message and a suggested user response execute 'msgHelp <message id>'.  For example: msgHelp TDA-009

-------------------------------------------------------------------------------
@file(TOP_ATPG/runmodus.atpg.tcl) 81: write_toggle_gram \
    -experiment	 TOP_atpg \
    -testmode	 FULLSCAN \

#-------------------------------------------------------------------------------
Starting Command: write_toggle_gram 
INFO (TDA-014): Cadence(R) Modus(TM) DFT Software Solution, Version 25.10-p027_1, built Mar 13 2025 (linux26_64) [end TDA_014]
INFO (TDA-009): Options/Values information.
            (options marked with '*' have program generated values,
             options marked with '+' were specified to default.)

            -WORKDIR /home/admin/DFT/SOCX/DFT/2_SCAN_INITIAL/TOP_ATPG
            -TESTMODE FULLSCAN
            -EXPERIMENT TOP_atpg

            -LOGFILE /home/admin/DFT/SOCX/DFT/2_SCAN_INITIAL/TOP_ATPG/testresults/logs/log_write_toggle_gram_FULLSCAN_TOP_atpg_071126111512-245192000
            -STDOUT summary
[end TDA_009]


-------------------------------------------------------------------------------
*                      Message Summary                                        *
-------------------------------------------------------------------------------
 Count  Number             First Instance of Message Text
------- ------             ------------------------------

  INFO Messages...
      5 INFO (TBM-054): Scan Shift Toggle report categorized by SEQUENCE  
      1 INFO (TBM-088): The total number of test to be analyzed for scan is 1320 and for capture is 1319.  
      1 INFO (TFW-117): Modus checked out a modus_atpg license.   
      1 INFO (TFW-119): Modus checked in a modus_atpg license.   

  WARNING Messages...
      1 WARNING (TBM-099):The switching percentage has exceeded the threshold value of 30 percent, in the current testmode. High switching can impact the power numbers at the tester.  

 For a detailed explanation of a message and a suggested user response execute 'msgHelp <message id>'.  For example: msgHelp TDA-009

-------------------------------------------------------------------------------
@file(TOP_ATPG/runmodus.atpg.tcl) 88: write_vectors \
    -inexperiment	 TOP_atpg \
    -testmode	 FULLSCAN \
    -language	 verilog \
    -scanformat	 parallel \


Starting Command: write_vectors 
INFO (TDA-014): Cadence(R) Modus(TM) DFT Software Solution, Version 25.10-p027_1, built Mar 13 2025 (linux26_64) [end TDA_014]
INFO (TDA-009): Options/Values information.
            (options marked with '*' have program generated values,
             options marked with '+' were specified to default.)

            -WORKDIR /home/admin/DFT/SOCX/DFT/2_SCAN_INITIAL/TOP_ATPG
            -TESTMODE FULLSCAN

            -INEXPERIMENT TOP_atpg
            -LOGFILE /home/admin/DFT/SOCX/DFT/2_SCAN_INITIAL/TOP_ATPG/testresults/logs/log_write_vectors_FULLSCAN_TOP_atpg_071126111514-797516000
            -STDOUT summary
            -scanformat parallel
          + -language verilog
[end TDA_009]


-------------------------------------------------------------------------------
*                      Message Summary                                        *
-------------------------------------------------------------------------------
 Count  Number             First Instance of Message Text
------- ------             ------------------------------

  INFO Messages...
      1 INFO (TFW-117): Modus checked out a modus_atpg license.   
      1 INFO (TFW-119): Modus checked in a modus_atpg license.   
      1 INFO (TVE-001): Verilog write vectors started.    
      1 INFO (TVE-002): Verilog write vectors has completed.    
      4 INFO (TVE-003): Verilog write vectors output file will be: /home/admin/DFT/SOCX/DFT/2_SCAN_INITIAL/TOP_ATPG/testresults/verilog/cycleMap.FULLSCAN.TOP_atpg.    
      2 INFO (TVE-004): Reading test section 1.1. Test section type equals scan.    
      2 INFO (TVE-008): Created 4397 total measures, of which 0 are PO measures and 4397 are SO (Scan Out) measures.   
      1 INFO (TVE-050):         TEST SEQUENCE COVERAGE ESTIMATE REPORT  
      4 INFO (TVE-103): There was no specified TEST offset for this clock 'pin REF_CLK'.  A default clock offset of 8.000000 ns will be used.    
      1 INFO (TVE-967): Temporary output files are created in /tmp directory.  

 For a detailed explanation of a message and a suggested user response execute 'msgHelp <message id>'.  For example: msgHelp TDA-009

-------------------------------------------------------------------------------
@file(TOP_ATPG/runmodus.atpg.tcl) 98: commit_tests \
    -inexperiment	 TOP_atpg \
    -testmode	 FULLSCAN 
INFO (TUI-772): The command 'commit_tests' will release the currently acquired resources. [end TUI_772] 

Starting Command: commit_tests 
INFO (TDA-014): Cadence(R) Modus(TM) DFT Software Solution, Version 25.10-p027_1, built Mar 13 2025 (linux26_64) [end TDA_014]
INFO (TDA-009): Options/Values information.
            (options marked with '*' have program generated values,
             options marked with '+' were specified to default.)

            -WORKDIR /home/admin/DFT/SOCX/DFT/2_SCAN_INITIAL/TOP_ATPG
            -TESTMODE FULLSCAN

            -INEXPERIMENT TOP_atpg
            -LOGFILE /home/admin/DFT/SOCX/DFT/2_SCAN_INITIAL/TOP_ATPG/testresults/logs/log_commit_tests_FULLSCAN_TOP_atpg_071126111517-159926000
            -STDOUT summary
[end TDA_009]


-------------------------------------------------------------------------------
*                      Message Summary                                        *
-------------------------------------------------------------------------------
 Count  Number             First Instance of Message Text
------- ------             ------------------------------

  INFO Messages...
      1 INFO (TBD-805): File(s) generated (bytes and name):   
      1 INFO (TBD-806): Input test vector File(s) (bytes, name):   
      1 INFO (TBD-807): Experiment TOP_atpg odometers prior to commit_tests: 1.1.1.2.1 thru 1.2.1.86.1 (Relative test numbers 1 thru 1320).   
      1 INFO (TBD-809): Master test vector file statistics:     
      1 INFO (TBD-810): Experiment TOP_atpg is saved to the master test vectors odometers: 1.1.1.2.1 to 1.2.1.86.1 (Relative test numbers 1 to 1320).   
      1 INFO (TBD-831): commit_tests completed successfully.   
      1 INFO (TFW-117): Modus checked out a modus_atpg license.   
      1 INFO (TFW-119): Modus checked in a modus_atpg license.   

 For a detailed explanation of a message and a suggested user response execute 'msgHelp <message id>'.  For example: msgHelp TDA-009

-------------------------------------------------------------------------------
@file(TOP_ATPG/runmodus.atpg.tcl) 103: exit
