============================================================
  Generated by:           Genus(TM) Synthesis Solution 25.10-p002_1
  Generated on:           Jul 16 2026  01:01:23 pm
  Module:                 TOP_DATA_WIDTH8_ADDR_WIDTH4_RF_DEPTH16_FIFO_DEPTH2048_FIFO_PTR_WIDTH11
  Operating conditions:   slow (balanced_tree)
  Wireload mode:          enclosed
  Area mode:              timing library
============================================================


Path 1: MET (11638 ps) Setup Check with Pin U0_ALU_16B/ALU_OUT_reg[0]/CK->D
          Group: ALU_CLK
     Startpoint: (R) U0_Register_File/Memory_reg[1][6]/CK
          Clock: (R) REF_CLK
       Endpoint: (F) U0_ALU_16B/ALU_OUT_reg[0]/D
          Clock: (R) ALU_CLK

                     Capture       Launch     
        Clock Edge:+   20000            0     
       Src Latency:+       0            0     
       Net Latency:+       0 (I)        0 (I) 
           Arrival:=   20000            0     
                                              
             Setup:-     114                  
       Uncertainty:-     200                  
     Required Time:=   19686                  
      Launch Clock:-       0                  
         Data Path:-    8048                  
             Slack:=   11638                  

#--------------------------------------------------------------------------------------------------------------
#            Timing Point              Flags    Arc   Edge   Cell     Fanout Load Trans Delay Arrival Instance 
#                                                                            (fF)  (ps)  (ps)   (ps)  Location 
#--------------------------------------------------------------------------------------------------------------
  U0_Register_File/Memory_reg[1][6]/CK -       -      R     (arrival)   8384    -     0     0       0    (-,-) 
  U0_Register_File/Memory_reg[1][6]/Q  -       CK->Q  F     SDFFRHQX1     20 13.6   236   347     347    (-,-) 
  U0_ALU_16B/div_67_27_g1958__1666/Y   -       B->Y   F     OR2X1          2  1.5    48   170     517    (-,-) 
  U0_ALU_16B/div_67_27_g1956__2883/Y   -       B->Y   F     OR2X1          2  1.5    48   109     626    (-,-) 
  U0_ALU_16B/div_67_27_g1955__9945/Y   -       B->Y   F     OR2X1          2  1.5    50   109     735    (-,-) 
  U0_ALU_16B/div_67_27_g1954__9315/Y   -       B->Y   F     OR2X1          2  1.5    51   109     844    (-,-) 
  U0_ALU_16B/div_67_27_g1953__6161/Y   -       B->Y   R     NOR2X1         2  1.6    97    56     900    (-,-) 
  U0_ALU_16B/div_67_27_g1951__4733/Y   -       C0->Y  F     OAI211X1       2  1.7   168   130    1029    (-,-) 
  U0_ALU_16B/div_67_27_g1949__7482/Y   -       B->Y   R     NAND2X1        2  1.3    68    80    1110    (-,-) 
  U0_ALU_16B/div_67_27_g1948__5115/Y   -       A1->Y  F     AOI221X1       3  2.0   169   118    1227    (-,-) 
  U0_ALU_16B/div_67_27_g1946__6131/Y   -       A1N->Y F     OAI2BB1X1      3  2.7   125   165    1392    (-,-) 
  U0_ALU_16B/div_67_27_g1945__7098/Y   -       S0->Y  F     MX2X1          2  1.5    53   150    1543    (-,-) 
  U0_ALU_16B/div_67_27_g1943__5122/Y   -       A1->Y  R     AOI22X1        1  0.9   128    78    1620    (-,-) 
  U0_ALU_16B/div_67_27_g1942__1705/Y   -       B0->Y  F     AOI2BB1X1      1  0.6    38    68    1688    (-,-) 
  U0_ALU_16B/div_67_27_g1941__2802/Y   -       C0->Y  R     AOI211XL       5  4.3   414   225    1913    (-,-) 
  U0_ALU_16B/div_67_27_g1936__8428/Y   -       A1->Y  F     AOI22X1        2  2.5   185   230    2142    (-,-) 
  U0_ALU_16B/div_67_27_g1935__4319/CO  -       CI->CO F     ADDFX1         1  1.9    82   231    2373    (-,-) 
  U0_ALU_16B/div_67_27_g1934__6260/CO  -       CI->CO F     ADDFX1         1  0.9    67   188    2561    (-,-) 
  U0_ALU_16B/div_67_27_g1933__5107/Y   -       B1->Y  R     AOI221X1       6  5.5   332   215    2776    (-,-) 
  U0_ALU_16B/div_67_27_g1927__2346/Y   -       A1->Y  F     AOI22X1        2  2.5   174   203    2979    (-,-) 
  U0_ALU_16B/div_67_27_g1926__2883/CO  -       CI->CO F     ADDFX1         1  1.9    83   227    3206    (-,-) 
  U0_ALU_16B/div_67_27_g1925__9945/CO  -       CI->CO F     ADDFX1         1  1.9    82   197    3402    (-,-) 
  U0_ALU_16B/div_67_27_g1924__9315/CO  -       CI->CO F     ADDFX1         1  0.8    65   187    3589    (-,-) 
  U0_ALU_16B/div_67_27_g1923__6161/Y   -       A1->Y  R     AOI221X1       7  6.8   390   262    3851    (-,-) 
  U0_ALU_16B/div_67_27_g1916__8246/Y   -       A1->Y  F     AOI22X1        2  2.5   182   222    4073    (-,-) 
  U0_ALU_16B/div_67_27_g1915__5122/CO  -       CI->CO F     ADDFX1         1  1.9    83   230    4302    (-,-) 
  U0_ALU_16B/div_67_27_g1914__1705/CO  -       CI->CO F     ADDFX1         1  1.9    82   197    4499    (-,-) 
  U0_ALU_16B/div_67_27_g1913__2802/CO  -       CI->CO F     ADDFX1         1  1.9    82   196    4696    (-,-) 
  U0_ALU_16B/div_67_27_g1912__1617/CO  -       CI->CO F     ADDFX1         1  0.9    67   188    4883    (-,-) 
  U0_ALU_16B/div_67_27_g1911__3680/Y   -       B1->Y  R     AOI221X1       8  8.2   450   277    5160    (-,-) 
  U0_ALU_16B/div_67_27_g1908__5526/Y   -       B->Y   F     NAND2X1        1  0.9   116   186    5346    (-,-) 
  U0_ALU_16B/div_67_27_g1902__5477/Y   -       B1->Y  R     AOI22X1        2  2.7   147   103    5449    (-,-) 
  U0_ALU_16B/div_67_27_g1901__6417/CO  -       CI->CO R     ADDFX1         1  1.9    73   229    5678    (-,-) 
  U0_ALU_16B/div_67_27_g1900__7410/CO  -       CI->CO R     ADDFX1         1  1.9    72   205    5883    (-,-) 
  U0_ALU_16B/div_67_27_g1899__1666/CO  -       CI->CO R     ADDFX1         1  1.9    72   204    6087    (-,-) 
  U0_ALU_16B/div_67_27_g1898__2346/CO  -       CI->CO R     ADDFX1         1  1.9    72   204    6292    (-,-) 
  U0_ALU_16B/div_67_27_g1897__2883/CO  -       CI->CO R     ADDFX1         1  0.9    58   197    6488    (-,-) 
  U0_ALU_16B/div_67_27_g1896__9945/Y   -       B1->Y  F     AOI221X1       8  6.7   304   172    6661    (-,-) 
  U0_ALU_16B/div_67_27_g1895/Y         -       A->Y   R     INVX1          6  5.2   126   157    6818    (-,-) 
  U0_ALU_16B/div_67_27_g1887__6131/Y   -       A1->Y  F     OAI22X1        2  1.6   135   123    6941    (-,-) 
  U0_ALU_16B/div_67_27_g1886/Y         -       A->Y   R     INVX1          1  0.8    33    63    7003    (-,-) 
  U0_ALU_16B/div_67_27_g1882__1705/Y   -       A1->Y  F     AOI22X1        1  0.9   120    78    7082    (-,-) 
  U0_ALU_16B/div_67_27_g1880__1617/Y   -       B0->Y  R     AOI221X1       1  0.9   132   135    7216    (-,-) 
  U0_ALU_16B/div_67_27_g1879__3680/Y   -       C0->Y  F     AOI221X1       1  0.9   130    70    7286    (-,-) 
  U0_ALU_16B/div_67_27_g1878__6783/Y   -       C0->Y  R     AOI221X1       1  0.6   119    98    7385    (-,-) 
  U0_ALU_16B/div_67_27_g1877__5526/Y   -       B1->Y  R     OA22X1         1  0.9    43   157    7542    (-,-) 
  U0_ALU_16B/div_67_27_g1876__8428/Y   -       C0->Y  F     AOI221X1       1  0.8   120    35    7577    (-,-) 
  U0_ALU_16B/div_67_27_g1875/Y         -       A->Y   R     INVX1          1  0.9    32    58    7635    (-,-) 
  U0_ALU_16B/div_67_27_g1874__4319/Y   -       B0->Y  F     OAI21X1        1  0.9    78    59    7694    (-,-) 
  U0_ALU_16B/g5641__1705/Y             -       B->Y   R     NAND2X1        1  0.8    39    44    7738    (-,-) 
  U0_ALU_16B/g5615__6131/Y             -       C0->Y  F     OAI211X1       1  0.6   117    84    7822    (-,-) 
  U0_ALU_16B/g5569__7410/Y             -       D->Y   F     OR4X1          1  0.8    74   226    8048    (-,-) 
  U0_ALU_16B/ALU_OUT_reg[0]/D          <<<     -      F     SDFFRHQX1      1    -     -     0    8048    (-,-) 
#--------------------------------------------------------------------------------------------------------------

