============================================================
  Generated by:           Genus(TM) Synthesis Solution 25.10-p002_1
  Generated on:           Jul 16 2026  01:01:24 pm
  Module:                 TOP_DATA_WIDTH8_ADDR_WIDTH4_RF_DEPTH16_FIFO_DEPTH2048_FIFO_PTR_WIDTH11
  Operating conditions:   slow (balanced_tree)
  Wireload mode:          enclosed
  Area mode:              timing library
============================================================

Timing
--------

   Clock      Period  
----------------------
ALU_CLK       20000.0 
REF_CLK       20000.0 
UART_CLK     271267.0 
UART_RX_CLK  271267.0 
UART_TX_CLK 8680544.0 


    Cost      Critical         Violating 
   Group     Path Slack  TNS     Paths   
-----------------------------------------
ALU_CLK         11638.2   0.0          0 
default        No paths   0.0            
REF_CLK         17271.7   0.0          0 
UART_CLK       212070.9   0.0          0 
UART_RX_CLK    215737.4   0.0          0 
UART_TX_CLK    270594.7   0.0          0 
-----------------------------------------
Total                     0.0          0 

Instance Count
--------------
Leaf Instance Count             25927 
Physical Instance count             0 
Sequential Instance Count        8496 
Combinational Instance Count    17431 
Hierarchical Instance Count        30 

Area
----
Cell Area                          105130.800
Physical Cell Area                 0.000
Total Cell Area (Cell+Physical)    105130.800
Net Area                           0.000
Total Area (Cell+Physical+Net)     105130.800

Max Fanout                         8495 (ScanEnable)
Min Fanout                         0 (U0_ALU_16B/n_425_BAR)
Average Fanout                     3.4
Terms to net ratio                 4.7218
Terms to instance ratio            4.7517
Runtime                            275.3454159999999 seconds
Elapsed Runtime                    266 seconds
Genus peak memory usage            2743.89 
Innovus peak memory usage          no_value 
Hostname                           Pine-06
