============================================================
  Generated by:           Genus(TM) Synthesis Solution 25.10-p002_1
  Generated on:           Jul 11 2026  11:14:04 am
  Module:                 TOP
  Operating conditions:   slow (balanced_tree)
  Wireload mode:          enclosed
  Area mode:              timing library
============================================================

 
  Hierarchy Report Format : 
 
    level instance ( module ) <status>
 
    status :    preserve_<value> -- indicating preserve hierachy or inherited_preserve value
           :    blackbox --  indicating  unresolved instance
 
==================================================================

 0 TOP
  1 U0_ALU_16B ( ALU_16B_OPER_WIDTH8_OUT_WIDTH16 ) 
  1 U0_Async_fifo ( Async_fifo_D_SIZE8_F_DEPTH1024_P_SIZE10 ) 
     2 u_fifo_mem ( fifo_mem_D_SIZE8_F_DEPTH1024_P_SIZE10 ) 
     2 u_fifo_rd ( fifo_rd_P_SIZE10 ) 
     2 u_fifo_wr ( fifo_wr_P_SIZE10 ) 
     2 u_w2r_sync ( BIT_SYNC_NUM_STAGES2_BUS_WIDTH10 ) 
  1 U0_CLKDIV_MUX ( CLKDIV_MUX_WIDTH8 ) 
  1 U0_CLK_GATE ( CLK_GATE ) 
  1 U0_DATA_SYNC ( DATA_SYNC_NUM_STAGES2_BUS_WIDTH8 ) 
  1 U0_Integer_Clock_Divider_TX ( Integer_Clock_Divider ) 
  1 U0_PULSE_GEN ( PULSE_GEN ) 
  1 U0_RST_SYNC_REF ( RST_SYNC_NUM_STAGES2 ) 
  1 U0_Register_File ( Register_File_ADDR_WIDTH4_DATA_WIDTH8_MEM_DEPTH1024 ) 
  1 U0_SYS_CTRL ( SYS_CTRL_ADDR_WIDTH4_DATA_WIDTH8 ) 
  1 U0_UART ( UART ) 
     2 U0_UART_RX ( UART_RX ) 
        3 U0_FSM ( UART_RX_FSM ) 
        3 U0_data_sampling ( UART_RX_data_sampling ) 
        3 U0_deserializer ( UART_RX_deserializer ) 
        3 U0_edge_bit_counter ( UART_RX_edge_bit_counter ) 
        3 U0_parity_check ( UART_RX_parity_check ) 
        3 U0_stop_check ( UART_RX_stop_check ) 
        3 U0_strt_check ( UART_RX_strt_check ) 
     2 U0_UART_TX ( UART_TX ) 
        3 U0_FSM ( UART_TX_FSM ) 
        3 U0_MUX ( UART_TX_MUX ) 
        3 U0_parity_Calc ( UART_TX_parity_Calc ) 
        3 U0_serializer ( UART_TX_serializer ) 
  1 U1_Integer_Clock_Divider_RX ( Integer_Clock_Divider_1 ) 
  1 U1_RST_SYNC_UART ( RST_SYNC_NUM_STAGES2_1 ) 
