Cadence Genus(TM) Synthesis Solution.
Copyright 2025 Cadence Design Systems, Inc. All rights reserved worldwide.
Cadence and the Cadence logo are registered trademarks and Genus is a trademark
of Cadence Design Systems, Inc. in the United States and other countries.

[09:50:14.455577] Configured Lic search path (25.01-s002): 5280@pine-server

Version: 25.10-p002_1, built Thu Apr 17 03:05:38 PDT 2025
Options: -files scan.tcl 
Date:    Tue Jun 23 09:50:14 2026
Host:    Pine-06 (x86_64 w/Linux 5.14.0-611.30.1.el9_7.x86_64) (6cores*6cpus*1physical cpu*Intel(R) Core(TM) i5-9400 CPU @ 2.90GHz 9216KB) (7671852KB)
PID:     3186263
OS:      Red Hat Enterprise Linux 9.7 (Plow)

Checking out license: Genus_Synthesis
[09:50:14.077145] Periodic Lic check successful
[09:50:14.601448] Feature usage summary:
[09:50:14.601448] Genus_Synthesis  


***********************************************************************************************************
***********************************************************************************************************



Finished executable startup (3 seconds elapsed).

Loading tool scripts...
Finished loading tool scripts (17 seconds elapsed).

#@ Processing -files option
@genus:root: 1> source scan.tcl
#@ Begin verbose source ./scan.tcl
@file(scan.tcl) 4: set DESIGN_NAME "TOP"                      ;# Top module name
@file(scan.tcl) 5: set HDL_PATH    "../RTL"        ;# RTL file path
@file(scan.tcl) 6: set SCRIPT_PATH "../SCRIPT"               ;# Script path
@file(scan.tcl) 7: set LIB_PATH    "../../Library/timing"             ;# Library path
@file(scan.tcl) 8: set LIB_LIST "slow.lib"
@file(scan.tcl) 9: set EFFORT      "high"                     ;# Synthesis effort level
@file(scan.tcl) 14: set WORK_DIR "${DESIGN_NAME}_Synth"          ;# Output root directory
@file(scan.tcl) 15: file mkdir $WORK_DIR                         ;# Create Output Dir
@file(scan.tcl) 16: file mkdir $WORK_DIR/Report                  ;# Create report folder
@file(scan.tcl) 17: file mkdir $WORK_DIR/Netlist                 ;# Create NETLIST folder
@file(scan.tcl) 19: set REPORT_DIR "$WORK_DIR/Report"
@file(scan.tcl) 20: set NETLIST_DIR "$WORK_DIR/Netlist"
@file(scan.tcl) 25: set_db init_lib_search_path $LIB_PATH
  Setting attribute of root '/': 'init_lib_search_path' = ../../Library/timing
@file(scan.tcl) 26: set_db init_hdl_search_path $HDL_PATH
  Setting attribute of root '/': 'init_hdl_search_path' = ../RTL
@file(scan.tcl) 27: set_db script_search_path   $SCRIPT_PATH 
  Setting attribute of root '/': 'script_search_path' = ../SCRIPT
@file(scan.tcl) 32: read_libs $LIB_LIST

  Message Summary for Library slow.lib:
  *************************************
  Missing a function attribute in the output pin definition. [LBR-518]: 1
  Missing library level attribute. [LBR-516]: 1
  *************************************
 
Info    : Created nominal operating condition. [LBR-412]
        : Operating condition '_nominal_' was created for the PVT values (1.000000, 1.080000, 125.000000) in library 'slow.lib'.
        : The nominal operating condition is represented, either by the nominal PVT values specified in the library source (via nom_process,nom_voltage and nom_temperature respectively), or by the default PVT values (1.0,1.0,1.0).
Warning : Malformed test_cell. [LBR-64]
        : Unusable test_cell in 'SDFFNSRX2'.  Ignoring the test_cell.
        : Review the definition of the test_cell's function or its parent library-cell's function.  An inconsistency between the two may exist.
Warning : Malformed test_cell. [LBR-64]
        : Unusable test_cell in 'SDFFNSRXL'.  Ignoring the test_cell.
Warning : Malformed test_cell. [LBR-64]
        : Unusable test_cell in 'SDFFNSRX1'.  Ignoring the test_cell.
Warning : Malformed test_cell. [LBR-64]
        : Unusable test_cell in 'SDFFNSRX4'.  Ignoring the test_cell.
Info    : Found conflicting clock polarity information. [LBR-409]
        : The clock polarity specified through the Liberty 'clocked_on' attribute in libcell 'SDFFNSRX2' is assumed to be ' CKN'.
        : The tool derives the clock polarity from the sequential timing arcs specified through the Liberty 'timing_type' attribute. For the positive-edge triggered cells a positive value is expected for the 'clocked_on' or 'enable' attribute while an inverted value is expected for the negative-edge triggered sequential cells.
Info    : Found conflicting clock polarity information. [LBR-409]
        : The clock polarity specified through the Liberty 'clocked_on' attribute in libcell 'SDFFNSRXL' is assumed to be ' CKN'.
Info    : Found conflicting clock polarity information. [LBR-409]
        : The clock polarity specified through the Liberty 'clocked_on' attribute in libcell 'SDFFNSRX1' is assumed to be ' CKN'.
Info    : Found conflicting clock polarity information. [LBR-409]
        : The clock polarity specified through the Liberty 'clocked_on' attribute in libcell 'SDFFNSRX4' is assumed to be ' CKN'.
@file(scan.tcl) 37: read_hdl -sv [glob "$HDL_PATH/*.sv"] 
@file(scan.tcl) 38: read_hdl -sv [glob "$HDL_PATH/*.v"] 
@file(scan.tcl) 40: elaborate $DESIGN_NAME                       ;# Build design tree & resolve parameters
  Library has 324 usable logic and 126 usable sequential lib-cells.
Info    : Elaborating Design. [ELAB-1]
        : Elaborating top-level block 'TOP' from file '../RTL/../RTL/TOP.sv'.
Warning : Using default parameter value for module elaboration. [CDFG-818]
        : Elaborating block 'TOP' with default parameters value.
Warning : Removing unused register. [CDFG-508]
        : Removing unused latch register 'FIFO_MEM[512]' in module 'fifo_mem_D_SIZE64_F_DEPTH1024_P_SIZE10' in file '../RTL/../RTL/fifo_mem.v' on line 34.
        : Genus removes the flip-flop or latch inferred for an unused signal or variable. To preserve the flip-flop or latch, set the hdl_preserve_unused_registers attribute to true or use a pragma in the RTL.
Warning : Removing unused register. [CDFG-508]
        : Removing unused latch register 'FIFO_MEM[513]' in module 'fifo_mem_D_SIZE64_F_DEPTH1024_P_SIZE10' in file '../RTL/../RTL/fifo_mem.v' on line 34.
Warning : Removing unused register. [CDFG-508]
        : Removing unused latch register 'FIFO_MEM[514]' in module 'fifo_mem_D_SIZE64_F_DEPTH1024_P_SIZE10' in file '../RTL/../RTL/fifo_mem.v' on line 34.
Warning : Removing unused register. [CDFG-508]
        : Removing unused latch register 'FIFO_MEM[515]' in module 'fifo_mem_D_SIZE64_F_DEPTH1024_P_SIZE10' in file '../RTL/../RTL/fifo_mem.v' on line 34.
Warning : Removing unused register. [CDFG-508]
        : Removing unused latch register 'FIFO_MEM[516]' in module 'fifo_mem_D_SIZE64_F_DEPTH1024_P_SIZE10' in file '../RTL/../RTL/fifo_mem.v' on line 34.
Warning : Removing unused register. [CDFG-508]
        : Removing unused latch register 'FIFO_MEM[517]' in module 'fifo_mem_D_SIZE64_F_DEPTH1024_P_SIZE10' in file '../RTL/../RTL/fifo_mem.v' on line 34.
Warning : Removing unused register. [CDFG-508]
        : Removing unused latch register 'FIFO_MEM[518]' in module 'fifo_mem_D_SIZE64_F_DEPTH1024_P_SIZE10' in file '../RTL/../RTL/fifo_mem.v' on line 34.
Warning : Removing unused register. [CDFG-508]
        : Removing unused latch register 'FIFO_MEM[519]' in module 'fifo_mem_D_SIZE64_F_DEPTH1024_P_SIZE10' in file '../RTL/../RTL/fifo_mem.v' on line 34.
Warning : Removing unused register. [CDFG-508]
        : Removing unused latch register 'FIFO_MEM[520]' in module 'fifo_mem_D_SIZE64_F_DEPTH1024_P_SIZE10' in file '../RTL/../RTL/fifo_mem.v' on line 34.
Warning : Removing unused register. [CDFG-508]
        : Removing unused latch register 'FIFO_MEM[521]' in module 'fifo_mem_D_SIZE64_F_DEPTH1024_P_SIZE10' in file '../RTL/../RTL/fifo_mem.v' on line 34.
Warning : Removing unused register. [CDFG-508]
        : Removing unused latch register 'FIFO_MEM[522]' in module 'fifo_mem_D_SIZE64_F_DEPTH1024_P_SIZE10' in file '../RTL/../RTL/fifo_mem.v' on line 34.
Warning : Removing unused register. [CDFG-508]
        : Removing unused latch register 'FIFO_MEM[523]' in module 'fifo_mem_D_SIZE64_F_DEPTH1024_P_SIZE10' in file '../RTL/../RTL/fifo_mem.v' on line 34.
Warning : Removing unused register. [CDFG-508]
        : Removing unused latch register 'FIFO_MEM[524]' in module 'fifo_mem_D_SIZE64_F_DEPTH1024_P_SIZE10' in file '../RTL/../RTL/fifo_mem.v' on line 34.
Warning : Removing unused register. [CDFG-508]
        : Removing unused latch register 'FIFO_MEM[525]' in module 'fifo_mem_D_SIZE64_F_DEPTH1024_P_SIZE10' in file '../RTL/../RTL/fifo_mem.v' on line 34.
Warning : Removing unused register. [CDFG-508]
        : Removing unused latch register 'FIFO_MEM[526]' in module 'fifo_mem_D_SIZE64_F_DEPTH1024_P_SIZE10' in file '../RTL/../RTL/fifo_mem.v' on line 34.
Warning : Removing unused register. [CDFG-508]
        : Removing unused latch register 'FIFO_MEM[527]' in module 'fifo_mem_D_SIZE64_F_DEPTH1024_P_SIZE10' in file '../RTL/../RTL/fifo_mem.v' on line 34.
Warning : Removing unused register. [CDFG-508]
        : Removing unused latch register 'FIFO_MEM[528]' in module 'fifo_mem_D_SIZE64_F_DEPTH1024_P_SIZE10' in file '../RTL/../RTL/fifo_mem.v' on line 34.
Warning : Removing unused register. [CDFG-508]
        : Removing unused latch register 'FIFO_MEM[529]' in module 'fifo_mem_D_SIZE64_F_DEPTH1024_P_SIZE10' in file '../RTL/../RTL/fifo_mem.v' on line 34.
Warning : Removing unused register. [CDFG-508]
        : Removing unused latch register 'FIFO_MEM[530]' in module 'fifo_mem_D_SIZE64_F_DEPTH1024_P_SIZE10' in file '../RTL/../RTL/fifo_mem.v' on line 34.
Warning : Removing unused register. [CDFG-508]
        : Removing unused latch register 'FIFO_MEM[531]' in module 'fifo_mem_D_SIZE64_F_DEPTH1024_P_SIZE10' in file '../RTL/../RTL/fifo_mem.v' on line 34.
Warning : Maximum message print count reached. [MESG-11]
        : Maximum print count of '20' reached for message 'CDFG-508'.
Warning : Connected signal is wider than module port. [CDFG-464]
        : Signal width (64) does not match width of input port 'i_div_ratio' (8) of instance 'U0_Integer_Clock_Divider_TX' of module 'Integer_Clock_Divider' in file '../RTL/../RTL/TOP.sv' on line 177.
        : This may cause simulation mismatches between the original and synthesized designs.
Warning : Connected signal is wider than module port. [CDFG-464]
        : Signal width (64) does not match width of input port 'i_div_ratio' (8) of instance 'U1_Integer_Clock_Divider_RX' of module 'Integer_Clock_Divider' in file '../RTL/../RTL/TOP.sv' on line 195.
Warning : Unreachable statements for case item. [CDFG-472]
        : Case item 'default' in module 'UART_TX_MUX' in file '../RTL/../RTL/UART_TX_MUX.sv' on line 26.
Warning : Connected signal is wider than module port. [CDFG-464]
        : Signal width (64) does not match width of input port 'TX_IN_P' (8) of instance 'U0_UART' of module 'UART' in file '../RTL/../RTL/TOP.sv' on line 208.
Warning : Connected signal is wider than module port. [CDFG-464]
        : Signal width (64) does not match width of output port 'RX_OUT_P' (8) of instance 'U0_UART' of module 'UART' in file '../RTL/../RTL/TOP.sv' on line 208.
Warning : Undriven module input port. [ELABUTL-127]
        : Undriven bits of port 'unsync_bus' of instance 'U0_DATA_SYNC' of module 'DATA_SYNC_NUM_STAGES8_BUS_WIDTH64' in file '../RTL/../RTL/TOP.sv' on line 122, column 13, hid = 0.
        : Run check_design to check 'Undriven Port(s)/Pin(s)' section for all undriven module input ports. It is better to double confirm with designer if these undriven ports are expected. During syn_gen the undriven ports are controlled by attribute 'hdl_unconnected_value', the default value is 0.
Info    : Done Elaborating Design. [ELAB-3]
        : Done elaborating 'TOP'.
Checking for source RTL...
Check completed for source RTL.
Running Unified Mux Engine Tricks...
Completed Unified Mux Engine Tricks

Stage: post_elab
-------------------------------------------------------
| Trick             | Accepts | Rejects | Runtime (s) | 
-------------------------------------------------------
| ume_constant_bmux |       0 |       0 |        0.01 | 
| ume_merge         |       0 |       0 |        0.00 | 
| ume_ssm           |       0 |       0 |        0.03 | 
| ume_cse           |       1 |       0 |        0.31 | 
| ume_shrink        |       0 |       0 |        0.01 | 
| ume_sweep         |       0 |       0 |        0.40 | 
| ume_constant_bmux |       0 |       0 |        0.01 | 
| ume_merge         |       0 |       0 |        0.00 | 
| ume_ssm           |       0 |       0 |        0.03 | 
| ume_cse           |       0 |       0 |        0.25 | 
| ume_shrink        |       0 |       0 |        0.01 | 
| ume_sweep         |       0 |       0 |        0.39 | 
-------------------------------------------------------
Starting optimize datapath shifters [v1.0] (stage: post_elab, startdef: TOP, recur: true)
Completed optimize datapath shifters (accepts: 0, rejects: 0, runtime: 0.002s)
Starting clip mux common data inputs [v1.0] (stage: post_elab, startdef: TOP, recur: true)
Completed clip mux common data inputs (accepts: 0, rejects: 0, runtime: 0.010s)
Starting clip the non-user hierarchies [v2.0] (stage: post_elab, startdef: TOP, recur: true)
Completed clip the non-user hierarchies (accepts: 0, rejects: 0, runtime: 0.005s)
Starting basic netlist cleanup [v1.0] (stage: post_elab, startdef: TOP, recur: true)
Completed basic netlist cleanup (accepts: 0, rejects: 0, runtime: 0.006s)

Stage: post_elab
--------------------------------------------------------------------
| Transform                      | Accepts | Rejects | Runtime (s) | 
--------------------------------------------------------------------
| hlo_optimize_datapath_shifters |       0 |       0 |        0.00 | 
| hlo_clip_mux_input             |       0 |       0 |        0.01 | 
| hlo_clip                       |       0 |       0 |        0.00 | 
| hlo_cleanup                    |       0 |       0 |        0.01 | 
--------------------------------------------------------------------
UM:   flow.cputime  flow.realtime  timing.setup.tns  timing.setup.wns  snapshot
UM:*                                                                   elaborate
@file(scan.tcl) 41: check_design -unresolved                     ;# Check for missing sub-modules


 	 Check Design Report (c)
	 ------------------- 

  Unresolved References & Empty Modules
  ------------------------------------- 
No unresolved references in design 'TOP'

No empty modules in design 'TOP'

  Done Checking the design.
@file(scan.tcl) 42: set_db auto_ungroup none
  Setting attribute of root '/': 'auto_ungroup' = none
@file(scan.tcl) 47: source cons.tcl 
Sourcing '../SCRIPT/cons.tcl' (Tue Jun 23 09:50:52 IST 2026)...
#@ Begin verbose source ../SCRIPT/cons.tcl
@file(cons.tcl) 2: set CLK1 REF_CLK
@file(cons.tcl) 3: set CLK1_PERIOD 20
@file(cons.tcl) 6: set CLK2 UART_CLK
@file(cons.tcl) 7: set CLK2_PERIOD 271.267
@file(cons.tcl) 10: set CLK_SETUP_SKEW 0.2
@file(cons.tcl) 11: set CLK_HOLD_SKEW 0.1
@file(cons.tcl) 15: create_clock -name $CLK1 -period $CLK1_PERIOD -waveform "0 [expr $CLK1_PERIOD/2]" [get_ports REF_CLK]
@file(cons.tcl) 17: set_clock_uncertainty -setup $CLK_SETUP_SKEW [get_clocks $CLK1]
@file(cons.tcl) 18: set_clock_uncertainty -hold $CLK_HOLD_SKEW  [get_clocks $CLK1]
@file(cons.tcl) 20: create_clock -name $CLK2 -period $CLK2_PERIOD -waveform "0 [expr $CLK2_PERIOD/2]" [get_ports UART_CLK]
@file(cons.tcl) 22: set_clock_uncertainty -setup $CLK_SETUP_SKEW [get_clocks $CLK2]
@file(cons.tcl) 23: set_clock_uncertainty -hold $CLK_HOLD_SKEW  [get_clocks $CLK2]
@file(cons.tcl) 28: create_generated_clock -master_clock $CLK2 -source [get_ports UART_CLK] \
                       -name "UART_RX_CLK" [get_port U1_Integer_Clock_Divider_RX/o_div_clk] \
                       -divide_by 1
Warning : Could not find requested search value. [SDC-208] [get_ports]
        : The 'get_ports' command  cannot find any ports named 'U1_Integer_Clock_Divider_RX/o_div_clk'
        : Use get_* commands to find the objects along with a wild card entry in the name of the object to check if the object is existing with different naming style.
Error   : A required object parameter could not be found. [TUI-61] [parse_options]
        : An object of type 'pin|hpin|port' named '' could not be found.
        : Check to make sure that the object exists and is of the correct type.  The 'what_is' command can be used to determine the type of an object.

Usage: create_generated_clock [-name <string>] [-comment <string>] [-domain <string>] [-add] [-dont_create_cost_group]
           -source <pin|hpin|port> [-master_clock <clock>] [-divide_by <integer>] [-multiply_by <integer>] [-duty_cycle <float>]
           [-invert] [-source_invert] [-edges <integer>+] [-edge_shift <float>+] [-apply_inverted <object>+] [-combinational]
           <pin|hpin|port>+

    [-name <string>]:
        name of the generated clock 
    [-comment <string>]:
        comment to be tagged with this command 
    [-domain <string>]:
        name of the clock domain for the clock 
    [-add]:
        should the clock sources add or overwrite 
    [-dont_create_cost_group]:
        should the cost group been created 
    -source <pin|hpin|port>:
        master_pin 
    [-master_clock <clock>]:
        master clock 
    [-divide_by <integer>]:
        divide_factor 
    [-multiply_by <integer>]:
        multiply_factor 
    [-duty_cycle <float>]:
        percentage high pulse for multiply factor (between 0.0 and 100.0) 
    [-invert]:
        should we invert the resulting waveform 
    [-source_invert]:
        should we invert the master clock waveform 
    [-edges <integer>+]:
        list of clock edge identifiers 
    [-edge_shift <float>+]:
        list of clock edge shift values 
    [-apply_inverted <object>+]:
        where to apply the inverted clock waveform 
    [-combinational]:
        source latency includes the logic where the master clock propagates 
    <pin|hpin|port>+:
        where to apply the clock 
#@ End verbose source ../SCRIPT/cons.tcl
#@ End verbose source ./scan.tcl

Encountered problems processing file: scan.tcl
WARNING: This version of the tool is 431 days old.
@genus:root: 2> create_generated_clock -master_clock $CLK2 -source [get_ports UART_CLK] \
                       -name "UART_RX_CLK" [get_* U1_Integer_Clock_Divider_RX/o_div_clk] \
                       -divide_by 1
invalid command name "get_*"
@genus:root: 3> create_generated_clock -master_clock $CLK2 -source [get_ports UART_CLK] \
                       -name "UART_RX_CLK" [get_ports U1_Integer_Clock_Divider_RX/o_div_clk] \
                       -divide_by 1
Warning : Could not find requested search value. [SDC-208] [get_ports]
        : The 'get_ports' command  cannot find any ports named 'U1_Integer_Clock_Divider_RX/o_div_clk'
Error   : A required object parameter could not be found. [TUI-61] [parse_options]
        : An object of type 'pin|hpin|port' named '' could not be found.

Usage: create_generated_clock [-name <string>] [-comment <string>] [-domain <string>] [-add] [-dont_create_cost_group]
           -source <pin|hpin|port> [-master_clock <clock>] [-divide_by <integer>] [-multiply_by <integer>] [-duty_cycle <float>]
           [-invert] [-source_invert] [-edges <integer>+] [-edge_shift <float>+] [-apply_inverted <object>+] [-combinational]
           <pin|hpin|port>+

    [-name <string>]:
        name of the generated clock 
    [-comment <string>]:
        comment to be tagged with this command 
    [-domain <string>]:
        name of the clock domain for the clock 
    [-add]:
        should the clock sources add or overwrite 
    [-dont_create_cost_group]:
        should the cost group been created 
    -source <pin|hpin|port>:
        master_pin 
    [-master_clock <clock>]:
        master clock 
    [-divide_by <integer>]:
        divide_factor 
    [-multiply_by <integer>]:
        multiply_factor 
    [-duty_cycle <float>]:
        percentage high pulse for multiply factor (between 0.0 and 100.0) 
    [-invert]:
        should we invert the resulting waveform 
    [-source_invert]:
        should we invert the master clock waveform 
    [-edges <integer>+]:
        list of clock edge identifiers 
    [-edge_shift <float>+]:
        list of clock edge shift values 
    [-apply_inverted <object>+]:
        where to apply the inverted clock waveform 
    [-combinational]:
        source latency includes the logic where the master clock propagates 
    <pin|hpin|port>+:
        where to apply the clock 
@genus:root: 4> create_generated_clock -master_clock $CLK2 -source [get_ports UART_CLK] \
                       -name "UART_RX_CLK" [get_pins U1_Integer_Clock_Divider_RX/o_div_clk] \
                       -divide_by 1
Error   : Invalid SDC command option combination. [SDC-204] [create_generated_clock]
        : The 'create_generated_clock' command requires that the '-add' and '-master_clock' options be specified together.
        : This option is not valid for the indicated SDC command. Check the SDC command and contact Cadence customer support if you believe this option combination should be supported.
@genus:root: 5> create_generated_clock -master_clock $CLK2 -source [get_ports UART_CLK] \
                       -name "UART_RX_CLK" -devide_by 1 [get_pins U1_Integer_Clock_Divider_RX/o_div_clk]
Error   : An invalid option was specified. [TUI-204] [parse_options]
        : An option named '-devide_by' could not be found.
        : Run 'command_name -help' to check all valid options. To correct the option and rerun the command.

Usage: create_generated_clock [-name <string>] [-comment <string>] [-domain <string>] [-add] [-dont_create_cost_group]
           -source <pin|hpin|port> [-master_clock <clock>] [-divide_by <integer>] [-multiply_by <integer>] [-duty_cycle <float>]
           [-invert] [-source_invert] [-edges <integer>+] [-edge_shift <float>+] [-apply_inverted <object>+] [-combinational]
           <pin|hpin|port>+

    [-name <string>]:
        name of the generated clock 
    [-comment <string>]:
        comment to be tagged with this command 
    [-domain <string>]:
        name of the clock domain for the clock 
    [-add]:
        should the clock sources add or overwrite 
    [-dont_create_cost_group]:
        should the cost group been created 
    -source <pin|hpin|port>:
        master_pin 
    [-master_clock <clock>]:
        master clock 
    [-divide_by <integer>]:
        divide_factor 
    [-multiply_by <integer>]:
        multiply_factor 
    [-duty_cycle <float>]:
        percentage high pulse for multiply factor (between 0.0 and 100.0) 
    [-invert]:
        should we invert the resulting waveform 
    [-source_invert]:
        should we invert the master clock waveform 
    [-edges <integer>+]:
        list of clock edge identifiers 
    [-edge_shift <float>+]:
        list of clock edge shift values 
    [-apply_inverted <object>+]:
        where to apply the inverted clock waveform 
    [-combinational]:
        source latency includes the logic where the master clock propagates 
    <pin|hpin|port>+:
        where to apply the clock 
@genus:root: 6> create_generated_clock -master_clock $CLK2 -source [get_ports UART_CLK] \
                       -name "UART_RX_CLK" -divide_by 1 [get_pins U1_Integer_Clock_Divider_RX/o_div_clk]
Error   : Invalid SDC command option combination. [SDC-204] [create_generated_clock]
        : The 'create_generated_clock' command requires that the '-add' and '-master_clock' options be specified together.
@genus:root: 7> create_generated_clock -source [get_ports UART_CLK] \
                       -name "UART_RX_CLK" -divide_by 1 [get_pins U1_Integer_Clock_Divider_RX/o_div_clk]
@genus:root: 8> exit

Lic Summary:
[10:01:55.113114] Cdslmd servers: pine-server
[10:01:55.637417] Feature usage summary:
[10:01:55.637418] Genus_Synthesis  
Normal exit.