
 
Copyright (C) 2002-2025 Cadence Design Systems Inc. All Rights Reserved. 
Cadence and the Cadence logo are registered trademarks and Modus is a trademark 
of Cadence Design Systems, Inc. in the United States and other countries.

Type 'help legal_notices' for third party license notices. 
Version : 25.10-p027_1, built Mar 13 2025 (linux26_64)
Options : -files ./test_scripts/runmodus.dfa.tcl
Date    : Sat, July 04 14:10:40 2026
Host    : Pine-06 (x86_64 Linux 5.14.0-611.30.1.el9_7.x86_64) (6*Intel(R) Core(TM) i5-9400 CPU @ 2.90GHz 9216KB)
OS      : Red Hat Enterprise Linux release 9.7 (Plow)
#@ Processing -files option
@modus:root:/ 1>  source ./test_scripts/runmodus.dfa.tcl
#@ Begin verbose source ./test_scripts/runmodus.dfa.tcl
@file(./test_scripts/runmodus.dfa.tcl) 13: set_db workdir ./test_scripts;
@file(./test_scripts/runmodus.dfa.tcl) 14: set   WORKDIR [get_db workdir]
@file(./test_scripts/runmodus.dfa.tcl) 17: set_option stdout     summary;                                # Only print a summary for each command to the terminal
@file(./test_scripts/runmodus.dfa.tcl) 19: set ::env(CDS_LIC_REPORT) yes
@file(./test_scripts/runmodus.dfa.tcl) 20: set_db stop_on_severity error;
@file(./test_scripts/runmodus.dfa.tcl) 22: file delete -force $WORKDIR/tbdata;                       # Delete Test Database
@file(./test_scripts/runmodus.dfa.tcl) 23: file delete -force $WORKDIR/testresults;                  # Delete Test Output Files/Logs
@file(./test_scripts/runmodus.dfa.tcl) 30: build_model \
    -cell	 TOP \
    -techlib	 ../../Library/verilog/typical.v \
    -designsource	 $WORKDIR/TOP.test_netlist.v \
    -allowmissingmodules	 yes \
    -messagecounteach	 100 \

 
INFO (TUI-772): The command 'build_model' will release the currently acquired resources. [end TUI_772] 

Starting Command: build_model 
INFO (TDA-014): Cadence(R) Modus(TM) DFT Software Solution, Version 25.10-p027_1, built Mar 13 2025 (linux26_64) [end TDA_014]
INFO (TDA-009): Options/Values information.
            (options marked with '*' have program generated values,
             options marked with '+' were specified to default.)

            -WORKDIR /home/admin/DFT/SOCX/SCAN/test_scripts

            -designtop TOP
            -TECHLIB ../../Library/verilog/typical.v
            -allowmissingmodules yes
            -LOGFILE /home/admin/DFT/SOCX/SCAN/test_scripts/testresults/logs/log_build_model_070426141041-563081000
            -STDOUT summary
            -messagecounteach 100
            -DESIGNSOURCE /home/admin/DFT/SOCX/SCAN/test_scripts/TOP.test_netlist.v
[end TDA_009]


-------------------------------------------------------------------------------
*                      Message Summary                                        *
-------------------------------------------------------------------------------
 Count  Number             First Instance of Message Text
------- ------             ------------------------------

  INFO Messages...
      1 INFO (TEI-195): Build Model - Controller starting:  
      1 INFO (TEI-196): Build Model - Hierarchical Model Build starting:  
      1 INFO (TEI-197): Build Model - Hierarchical Model Build completed.  
      1 INFO (TEI-198): Build Model - Flat Model Build starting:  
      1 INFO (TEI-199): Build Model - Flat Model Build completed.   
      1 INFO (TEI-200): Build Model - Controller completed.  
      1 INFO (TFW-117): Modus checked out a modus_atpg license.   
      1 INFO (TFW-119): Modus checked in a modus_atpg license.   
      1 INFO (TLM-055): Design Summary

  WARNING Messages...
      2 WARNING (TEI-110): Pin 'NOTIFIER' of 'cell udp_dff' has no external net connection for any usage in the design. Cell contents file: '/home/admin/DFT/Library/verilog/typical.v'.   

 For a detailed explanation of a message and a suggested user response execute 'msgHelp <message id>'.  For example: msgHelp TDA-009

-------------------------------------------------------------------------------
@file(./test_scripts/runmodus.dfa.tcl) 41: build_testmode \
    -testmode	 FULLSCAN \
    -assignfile	 $WORKDIR/TOP.FULLSCAN.pinassign \
    -modedef	 FULLSCAN \
 
Starting Command: build_testmode 
INFO (TDA-014): Cadence(R) Modus(TM) DFT Software Solution, Version 25.10-p027_1, built Mar 13 2025 (linux26_64) [end TDA_014]
INFO (TDA-009): Options/Values information.
            (options marked with '*' have program generated values,
             options marked with '+' were specified to default.)

            -WORKDIR /home/admin/DFT/SOCX/SCAN/test_scripts
            -TESTMODE FULLSCAN

            -ASSIGNFILE /home/admin/DFT/SOCX/SCAN/test_scripts/TOP.FULLSCAN.pinassign
          * update_assign_file=
            -LOGFILE /home/admin/DFT/SOCX/SCAN/test_scripts/testresults/logs/log_build_testmode_FULLSCAN_070426141044-621261000
            -MODEDEF FULLSCAN
            -STDOUT summary
[end TDA_009]


-------------------------------------------------------------------------------
*                      Message Summary                                        *
-------------------------------------------------------------------------------
 Count  Number             First Instance of Message Text
------- ------             ------------------------------

  INFO Messages...
      1 INFO (TFW-117): Modus checked out a modus_atpg license.   
      1 INFO (TFW-119): Modus checked in a modus_atpg license.   
      1 INFO (THM-814): Testmode contains 92.84% active logic,  7.16% inactive logic and  0.00% constraint logic.    
      1 INFO (TTM-357): There are 20 scan chains which are controllable and observable.    
      1 INFO (TTM-387): A default scanop sequence will be generated.    
      1 INFO (TTM-391): A default modeinit sequence will be generated.    

  WARNING Messages...
      1 WARNING (TTM-347): There is less than 96 percent active logic in this test mode.  Global fault
     71 WARNING (TTM-362): At event 2.1.1 of the scanop sequence, observable scan 
      1 WARNING (TTM-809): Test mode FULLSCAN has been created, WARNINGs have been generated -

 For a detailed explanation of a message and a suggested user response execute 'msgHelp <message id>'.  For example: msgHelp TDA-009

-------------------------------------------------------------------------------
@file(./test_scripts/runmodus.dfa.tcl) 50: report_test_structures \
    -testmode	 FULLSCAN \
    -reportscanchain	 all \
 
Starting Command: report_test_structures 
INFO (TDA-014): Cadence(R) Modus(TM) DFT Software Solution, Version 25.10-p027_1, built Mar 13 2025 (linux26_64) [end TDA_014]
INFO (TDA-009): Options/Values information.
            (options marked with '*' have program generated values,
             options marked with '+' were specified to default.)

            -WORKDIR /home/admin/DFT/SOCX/SCAN/test_scripts
            -TESTMODE FULLSCAN

            -LOGFILE /home/admin/DFT/SOCX/SCAN/test_scripts/testresults/logs/log_report_test_structures_FULLSCAN_070426141045-942288000
            -STDOUT summary
            -reportscanchain all
[end TDA_009]


-------------------------------------------------------------------------------
*                      Message Summary                                        *
-------------------------------------------------------------------------------
 Count  Number             First Instance of Message Text
------- ------             ------------------------------

  INFO Messages...
      1 INFO (TFW-117): Modus checked out a modus_atpg license.   
      1 INFO (TFW-119): Modus checked in a modus_atpg license.   
      1 INFO (TLM-055): Design Summary

 For a detailed explanation of a message and a suggested user response execute 'msgHelp <message id>'.  For example: msgHelp TDA-009

-------------------------------------------------------------------------------
@file(./test_scripts/runmodus.dfa.tcl) 58: verify_test_structures \
    -messagecount	 TSV-016=10,TSV-024=10,TSV-315=10,TSV-027=10 \
    -testmode	 FULLSCAN \
 
Starting Command: verify_test_structures 
INFO (TDA-014): Cadence(R) Modus(TM) DFT Software Solution, Version 25.10-p027_1, built Mar 13 2025 (linux26_64) [end TDA_014]
INFO (TDA-009): Options/Values information.
            (options marked with '*' have program generated values,
             options marked with '+' were specified to default.)

            -WORKDIR /home/admin/DFT/SOCX/SCAN/test_scripts
            -TESTMODE FULLSCAN

            -messagecount TSV-016=10,TSV-024=10,TSV-315=10,TSV-027=10
            -LOGFILE /home/admin/DFT/SOCX/SCAN/test_scripts/testresults/logs/log_verify_test_structures_FULLSCAN_070426141047-068474000
            -STDOUT summary
[end TDA_009]


-------------------------------------------------------------------------------
*                      Message Summary                                        *
-------------------------------------------------------------------------------
 Count  Number             First Instance of Message Text
------- ------             ------------------------------

  INFO Messages...
      1 INFO (TFW-117): Modus checked out a modus_atpg license.   
      1 INFO (TFW-119): Modus checked in a modus_atpg license.   
      1 INFO (TLM-055): Design Summary
      1 INFO (TSV-068): The length of the longest scan chain is 19 bit positions, which is 106% of the average scan chain length 19 (based on 361 total scan chain bits and 20 valid scan chains).    
     20 INFO (TSV-378): Scan chain beginning at 'pin ScanIn_1' and ending at 'pin ScanOut_1' is controllable and observable. The length of the scan chain is 19 bit positions.    
      1 INFO (TSV-383): There are 1 floating latches.    
      1 INFO (TSV-567): There are 20 controllable scan chains fed by Scan In (SI) primary inputs.    
      1 INFO (TSV-568): There are 20 observable scan chains feeding to Scan Out (SO) primary outputs.    
      1 INFO (TSV-569): There are 0 controllable scan chains fed by on-product Pattern Generator(s).    
      1 INFO (TSV-570): There are 0 observable scan chains feeding to on-product Multiple-Input Signature Register (MISRs).    
      1 INFO (TSV-900): verify_test_structures processing has started Sat Jul  4 14:10:47 2026     
      1 INFO (TSV-908): verify_test_structures processing complete.    

 For a detailed explanation of a message and a suggested user response execute 'msgHelp <message id>'.  For example: msgHelp TDA-009

-------------------------------------------------------------------------------
@file(./test_scripts/runmodus.dfa.tcl) 66: build_faultmodel \
    -includedynamic	 no \
 
INFO (TUI-772): The command 'build_faultmodel' will release the currently acquired resources. [end TUI_772] 

Starting Command: build_faultmodel 
INFO (TDA-014): Cadence(R) Modus(TM) DFT Software Solution, Version 25.10-p027_1, built Mar 13 2025 (linux26_64) [end TDA_014]
INFO (TDA-009): Options/Values information.
            (options marked with '*' have program generated values,
             options marked with '+' were specified to default.)

            -WORKDIR /home/admin/DFT/SOCX/SCAN/test_scripts

            -LOGFILE /home/admin/DFT/SOCX/SCAN/test_scripts/testresults/logs/log_build_faultmodel_070426141048-495483000
            -STDOUT summary
            -includedynamic no
[end TDA_009]


-------------------------------------------------------------------------------
*                      Message Summary                                        *
-------------------------------------------------------------------------------
 Count  Number             First Instance of Message Text
------- ------             ------------------------------

  INFO Messages...
      1 INFO (TFM-099): Build Fault Model started.   
      1 INFO (TFM-102): Creating faultModel file /home/admin/DFT/SOCX/SCAN/test_scripts/tbdata/faultModel.   
      1 INFO (TFM-103): Creating faultStatus file /home/admin/DFT/SOCX/SCAN/test_scripts/tbdata/faultStatus.   
      1 INFO (TFM-109): Build Fault Model has completed with highest level severity message of INFO.   
      1 INFO (TFM-704): Maximum Global Test Coverage Statistics: 
      1 INFO (TFW-117): Modus checked out a modus_atpg license.   
      1 INFO (TFW-119): Modus checked in a modus_atpg license.   

 For a detailed explanation of a message and a suggested user response execute 'msgHelp <message id>'.  For example: msgHelp TDA-009

-------------------------------------------------------------------------------
@file(./test_scripts/runmodus.dfa.tcl) 73: create_logic_tests \
    -experiment	 TOP_atpg \
    -testmode	 FULLSCAN \


Starting Command: create_logic_tests 
INFO (TDA-014): Cadence(R) Modus(TM) DFT Software Solution, Version 25.10-p027_1, built Mar 13 2025 (linux26_64) [end TDA_014]
INFO (TDA-009): Options/Values information.
            (options marked with '*' have program generated values,
             options marked with '+' were specified to default.)

            -WORKDIR /home/admin/DFT/SOCX/SCAN/test_scripts
            -TESTMODE FULLSCAN
            -EXPERIMENT TOP_atpg

            -LOGFILE /home/admin/DFT/SOCX/SCAN/test_scripts/testresults/logs/log_create_logic_tests_FULLSCAN_TOP_atpg_070426141049-773690000
            -STDOUT summary
[end TDA_009]
INFO (TDA-220):   --- Tests ---   Faults     ---- ATCov ----   -- Faults --   - Elapsed Time -  [end TDA_220] 
INFO (TDA-220):    Sim.    Eff.  Detected    Tmode    Global     Untested                       [end TDA_220] 
INFO (TDA-220):      1       1       3050    21.00%   20.35%        11471           00:00.09    [end TDA_220] 
INFO (TDA-220):   --- Tests ---   Faults     ---- ATCov ----   -- Faults --   - Elapsed Time -  [end TDA_220] 
INFO (TDA-220):    Sim.    Eff.  Detected    Tmode    Global     Untested                       [end TDA_220] 
INFO (TDA-220):     16      16       4739    53.65%   51.98%         6728           00:25.66    [end TDA_220] 
INFO (TDA-220):     32      32       1317    62.73%   60.76%         5411           00:29.33    [end TDA_220] 
INFO (TDA-220):     48      48        575    66.69%   64.60%         4836           00:31.36    [end TDA_220] 
INFO (TDA-220):     64      64        446    69.76%   67.58%         4390           00:32.79    [end TDA_220] 
INFO (TDA-220):     80      80        402    72.53%   70.26%         3988           00:34.21    [end TDA_220] 
INFO (TDA-220):     96      96        218    74.03%   71.71%         3770           00:35.69    [end TDA_220] 
INFO (TDA-220):    112     112        158    75.13%   72.78%         3610           00:36.59    [end TDA_220] 
INFO (TDA-220):    128     128        173    76.33%   73.94%         3435           00:37.59    [end TDA_220] 
INFO (TDA-220):    144     142        222    77.86%   75.42%         3213           00:38.04    [end TDA_220] 
INFO (TDA-220):    160     158        143    78.85%   76.38%         3069           00:38.74    [end TDA_220] 
INFO (TDA-220):    176     174        162    79.97%   77.47%         2906           00:40.03    [end TDA_220] 
INFO (TDA-220):    180     178         45    80.34%   77.83%         2850           00:40.72    [end TDA_220] 
INFO (TDA-220):    191     188        386    83.01%   80.41%         2464           00:40.73    [end TDA_220] 
INFO (TDA-220):    207     200        292    85.02%   82.36%         2172           00:40.73    [end TDA_220] 
INFO (TDA-220):    223     216        180    86.26%   83.56%         1992           00:40.74    [end TDA_220] 
INFO (TDA-220):    239     231         49    86.60%   83.89%         1943           00:40.75    [end TDA_220] 
INFO (TDA-220):    255     240         29    86.80%   84.08%         1914           00:40.75    [end TDA_220] 
INFO (TDA-220):    258     240          0    86.80%   84.08%         1914           00:40.75    [end TDA_220] 
INFO (TDA-220):    274     255         38    87.06%   84.33%         1876           00:40.76    [end TDA_220] 
INFO (TDA-220):    282     263         78    87.60%   84.86%         1798           00:40.76    [end TDA_220] 
INFO (TDA-220):    289     270        128    88.48%   85.71%         1670           00:40.77    [end TDA_220] 
INFO (TDA-220):    296     277         79    89.03%   86.24%         1591           00:40.78    [end TDA_220] 
INFO (TDA-220):    303     281         70    89.51%   86.71%         1521           00:40.79    [end TDA_220] 
INFO (TDA-220):    312     285         24    89.68%   86.87%         1497           00:40.80    [end TDA_220] 
INFO (TDA-220):    323     285          0    89.68%   86.87%         1497           00:40.80    [end TDA_220] 
INFO (TDA-220):    328     285          0    89.68%   86.87%         1497           00:40.80    [end TDA_220] 
INFO (TDA-220):    332     289        119    90.50%   87.66%         1378           00:40.80    [end TDA_220] 
INFO (TDA-220):    336     289          0    90.50%   87.66%         1378           00:40.81    [end TDA_220] 
INFO (TDA-220):    341     289          0    90.50%   87.66%         1378           00:40.81    [end TDA_220] 
INFO (TDA-220):    345     293          6    90.54%   87.70%         1372           00:40.81    [end TDA_220] 
INFO (TDA-220):    347     294         23    90.70%   87.85%         1349           00:40.82    [end TDA_220] 
INFO (TDA-220):    350     295          3    90.72%   87.87%         1346           00:40.82    [end TDA_220] 
INFO (TDA-220):    352     295          0    90.72%   87.87%         1346           00:40.82    [end TDA_220] 
INFO (TDA-220):    354     297          4    90.74%   87.90%         1342           00:40.83    [end TDA_220] 
INFO (TDA-220):    356     299          2    90.76%   87.92%         1340           00:40.83    [end TDA_220] 
INFO (TDA-220):    357     299          0    90.76%   87.92%         1340           00:40.83    [end TDA_220] 
INFO (TDA-220):    364     305         73    91.26%   88.40%         1267           00:45.25    [end TDA_220] 
INFO (TDA-220):    380     321         19    91.39%   88.53%         1248           00:45.25    [end TDA_220] 
INFO (TDA-220):    385     321          0    91.39%   88.53%         1248           00:45.25    [end TDA_220] 
INFO (TDA-220):    388     324         27    91.58%   88.71%         1221           00:45.25    [end TDA_220] 
INFO (TDA-220):    392     328          4    91.61%   88.74%         1217           00:45.25    [end TDA_220] 
INFO (TDA-220):    395     331          3    91.63%   88.76%         1214           00:45.26    [end TDA_220] 
INFO (TDA-220):    396     331          0    91.63%   88.76%         1214           00:45.26    [end TDA_220] 
INFO (TDA-220):    397     332          4    91.66%   88.78%         1210           00:45.26    [end TDA_220] 
INFO (TDA-220):    399     332          0    91.66%   88.78%         1210           00:45.26    [end TDA_220] 
INFO (TDA-220):    401     332          0    91.66%   88.78%         1210           00:45.26    [end TDA_220] 
INFO (TDA-220):    402     332          0    91.66%   88.78%         1210           00:45.27    [end TDA_220] 
INFO (TDA-220):    403     332          0    91.66%   88.78%         1210           00:45.27    [end TDA_220] 
INFO (TDA-220):    404     333         80    92.21%   89.32%         1130           00:45.27    [end TDA_220] 
INFO (TDA-220):    405     334          2    92.22%   89.33%         1128           00:45.27    [end TDA_220] 
INFO (TDA-220):    408     334          0    92.22%   89.33%         1128           00:45.34    [end TDA_220] 
INFO (TDA-220):    409     334          0    92.22%   89.33%         1128           00:45.34    [end TDA_220] 
INFO (TDA-220):    409     334          0    92.41%   89.51%         1098           00:45.52    [end TDA_220] 


-------------------------------------------------------------------------------
*                      Message Summary                                        *
-------------------------------------------------------------------------------
 Count  Number             First Instance of Message Text
------- ------             ------------------------------

  INFO Messages...
     58 INFO (TDA-220):   --- Tests ---   Faults     ---- ATCov ----   -- Faults --   - Elapsed Time -   
      1 INFO (TDA-221):    357     299          0    90.76%   87.92%         1340           00:40.83     
      1 INFO (TFW-117): Modus checked out a modus_atpg license.   
      1 INFO (TFW-119): Modus checked in a modus_atpg license.   
      4 INFO (TTC-110): Starting Scan Test generation                                                    

 For a detailed explanation of a message and a suggested user response execute 'msgHelp <message id>'.  For example: msgHelp TDA-009

-------------------------------------------------------------------------------
@file(./test_scripts/runmodus.dfa.tcl) 81: set env(THM_TESTBENCH_NAME) yes
@file(./test_scripts/runmodus.dfa.tcl) 85: analyze_deterministic_testpoints \
    -testmode	 FULLSCAN \
    -inexperiment	 TOP_atpg
INFO (TUI-772): The command 'analyze_deterministic_testpoints' will release the currently acquired resources. [end TUI_772] 

Starting Command: analyze_deterministic_testpoints 
INFO (TDA-014): Cadence(R) Modus(TM) DFT Software Solution, Version 25.10-p027_1, built Mar 13 2025 (linux26_64) [end TDA_014]
INFO (TDA-009): Options/Values information.
            (options marked with '*' have program generated values,
             options marked with '+' were specified to default.)

            -WORKDIR /home/admin/DFT/SOCX/SCAN/test_scripts
            -TESTMODE FULLSCAN

            -INEXPERIMENT TOP_atpg
            -LOGFILE /home/admin/DFT/SOCX/SCAN/test_scripts/testresults/logs/log_analyze_deterministic_testpoints_FULLSCAN_TOP_atpg_070426141136-471241000
            -STDOUT summary
[end TDA_009]


-------------------------------------------------------------------------------
*                      Message Summary                                        *
-------------------------------------------------------------------------------
 Count  Number             First Instance of Message Text
------- ------             ------------------------------

  INFO Messages...
      1 INFO (TFW-117): Modus checked out a modus_atpg license.   
      1 INFO (TFW-119): Modus checked in a modus_atpg license.   

 For a detailed explanation of a message and a suggested user response execute 'msgHelp <message id>'.  For example: msgHelp TDA-009

-------------------------------------------------------------------------------
@file(./test_scripts/runmodus.dfa.tcl) 90: exec ln -s -f ./testresults/TestPointInsertion.FULLSCAN.dfa $WORKDIR/TOP.dfa.tpfile
@file(./test_scripts/runmodus.dfa.tcl) 95: commit_tests \
    -inexperiment	 TOP_atpg \
    -testmode	 FULLSCAN 
INFO (TUI-772): The command 'commit_tests' will release the currently acquired resources. [end TUI_772] 

Starting Command: commit_tests 
INFO (TDA-014): Cadence(R) Modus(TM) DFT Software Solution, Version 25.10-p027_1, built Mar 13 2025 (linux26_64) [end TDA_014]
INFO (TDA-009): Options/Values information.
            (options marked with '*' have program generated values,
             options marked with '+' were specified to default.)

            -WORKDIR /home/admin/DFT/SOCX/SCAN/test_scripts
            -TESTMODE FULLSCAN

            -INEXPERIMENT TOP_atpg
            -LOGFILE /home/admin/DFT/SOCX/SCAN/test_scripts/testresults/logs/log_commit_tests_FULLSCAN_TOP_atpg_070426141137-763467000
            -STDOUT summary
[end TDA_009]


-------------------------------------------------------------------------------
*                      Message Summary                                        *
-------------------------------------------------------------------------------
 Count  Number             First Instance of Message Text
------- ------             ------------------------------

  INFO Messages...
      1 INFO (TBD-805): File(s) generated (bytes and name):   
      1 INFO (TBD-806): Input test vector File(s) (bytes, name):   
      1 INFO (TBD-807): Experiment TOP_atpg odometers prior to commit_tests: 1.1.1.2.1 thru 1.2.1.38.1 (Relative test numbers 1 thru 335).   
      1 INFO (TBD-809): Master test vector file statistics:     
      1 INFO (TBD-810): Experiment TOP_atpg is saved to the master test vectors odometers: 1.1.1.2.1 to 1.2.1.38.1 (Relative test numbers 1 to 335).   
      1 INFO (TBD-831): commit_tests completed successfully.   
      1 INFO (TFW-117): Modus checked out a modus_atpg license.   
      1 INFO (TFW-119): Modus checked in a modus_atpg license.   

 For a detailed explanation of a message and a suggested user response execute 'msgHelp <message id>'.  For example: msgHelp TDA-009

-------------------------------------------------------------------------------
@file(./test_scripts/runmodus.dfa.tcl) 100: exit
