Detected 26 DFT rule violation(s)
	Summary of check_dft_rules
	**************************
	Number of usable scan cells: 44
Clock Rule Violations:
---------------------
	  Internally driven clock net: 0
	      Tied constant clock net: 2
	           Undriven clock net: 0
	Conflicting async & clock net: 0
	              Misc. clock net: 0

Async. set/reset Rule Violations:
--------------------------------
	Internally driven async net: 0
	      Tied active async net: 24
	         Undriven async net: 0
	            Misc. async net: 0

   Total number of DFT violations: 26

Async Violation
# 5 <vid_5_async>: async signal driven to a constant active value, possibly due to a polarity conflict in module 'fifo_mem_D_SIZE8_F_DEPTH1024_P_SIZE10', net 'n_4097', inst/pin 'U0_Async_fifo/u_fifo_mem/FIFO_MEM_reg[0][0]/aclr'   [ASYNC-02]
 
Async Violation
# 24 <vid_24_async>: async signal driven to a constant active value, possibly due to a polarity conflict in module 'Register_File_ADDR_WIDTH4_DATA_WIDTH8_MEM_DEPTH1024', net 'n_140', inst/pin 'U0_Register_File/RdData_reg[0]/aclr'   [ASYNC-02]
 
Clock Violation
# 0 <vid_0_clock>: clock signal driven to a constant value in module 'bmux_2', net 'z', inst/pin 'U0_Integer_Clock_Divider_TX/mux_o_div_clk_69_7/g1/z'   [CLOCK-02]
  Effective fanin cone:
    UART_CLK 
 
Async Violation
# 23 <vid_23_async>: async signal driven to a constant active value, possibly due to a polarity conflict in module 'SYS_CTRL_ADDR_WIDTH4_DATA_WIDTH8', net 'n_265', inst/pin 'U0_SYS_CTRL/current_state_reg[0]/aclr'   [ASYNC-02]
 
Async Violation
# 7 <vid_7_async>: async signal driven to a constant active value, possibly due to a polarity conflict in module 'BIT_SYNC_NUM_STAGES2_BUS_WIDTH10', net 'n_21', inst/pin 'U0_Async_fifo/u_w2r_sync/sync_reg_reg[0][0]/aclr'   [ASYNC-02]
 
Async Violation
# 8 <vid_8_async>: async signal driven to a constant active value, possibly due to a polarity conflict in module 'fifo_wr_P_SIZE10', net 'n_182', inst/pin 'U0_Async_fifo/u_fifo_wr/w_ptr_reg[0]/aclr'   [ASYNC-02]
 
Async Violation
# 9 <vid_9_async>: async signal driven to a constant active value, possibly due to a polarity conflict in module 'BIT_SYNC_NUM_STAGES2_BUS_WIDTH10', net 'n_21', inst/pin 'U0_Async_fifo/u_r2w_sync/sync_reg_reg[0][0]/aclr'   [ASYNC-02]
 
Async Violation
# 6 <vid_6_async>: async signal driven to a constant active value, possibly due to a polarity conflict in module 'fifo_rd_P_SIZE10', net 'n_182', inst/pin 'U0_Async_fifo/u_fifo_rd/rd_ptr_reg[0]/aclr'   [ASYNC-02]
 
Clock Violation
# 1 <vid_1_clock>: clock signal driven to a constant value in module 'CLK_GATE', net 'GATED_CLK', inst/pin 'U0_CLK_GATE/U0_TLATNCAX12M/ECK'   [CLOCK-02]
  Effective fanin cone:
    U0_CLK_GATE/U0_TLATNCAX12M/ECK 
 
Async Violation
# 25 <vid_25_async>: async signal driven to a constant active value, possibly due to a polarity conflict in module 'ALU_16B_OPER_WIDTH8_OUT_WIDTH16', net 'n_149', inst/pin 'U0_ALU_16B/ALU_OUT_reg[0]/aclr'   [ASYNC-02]
 
Async Violation
# 13 <vid_13_async>: async signal driven to a constant active value, possibly due to a polarity conflict in module 'UART_TX_serializer', net 'n_34', inst/pin 'U0_UART/U0_UART_TX/U0_serializer/ser_done_reg/aclr'   [ASYNC-02]
 
Async Violation
# 4 <vid_4_async>: async signal driven to a constant active value, possibly due to a polarity conflict in module 'DATA_SYNC_NUM_STAGES2_BUS_WIDTH8', net 'n_13', inst/pin 'U0_DATA_SYNC/sync_reg_reg[0]/aclr'   [ASYNC-02]
 
Async Violation
# 17 <vid_17_async>: async signal driven to a constant active value, possibly due to a polarity conflict in module 'UART_RX_edge_bit_counter', net 'n_27', inst/pin 'U0_UART/U0_UART_RX/U0_edge_bit_counter/bit_cnt_reg[0]/aclr'   [ASYNC-02]
 
Async Violation
# 19 <vid_19_async>: async signal driven to a constant active value, possibly due to a polarity conflict in module 'UART_RX_deserializer', net 'n_17', inst/pin 'U0_UART/U0_UART_RX/U0_deserializer/P_DATA_reg[0]/aclr'   [ASYNC-02]
 
Async Violation
# 15 <vid_15_async>: async signal driven to a constant active value, possibly due to a polarity conflict in module 'UART_TX_parity_Calc', net 'n_9', inst/pin 'U0_UART/U0_UART_TX/U0_parity_Calc/parallel_data_reg[0]/aclr'   [ASYNC-02]
 
Async Violation
# 12 <vid_12_async>: async signal driven to a constant active value, possibly due to a polarity conflict in module 'Integer_Clock_Divider', net 'n_27', inst/pin 'U1_Integer_Clock_Divider_RX/counter_reg[0]/aclr'   [ASYNC-02]
 
Async Violation
# 11 <vid_11_async>: async signal driven to a constant active value, possibly due to a polarity conflict in module 'Integer_Clock_Divider', net 'n_27', inst/pin 'U0_Integer_Clock_Divider_TX/counter_reg[0]/aclr'   [ASYNC-02]
 
Async Violation
# 14 <vid_14_async>: async signal driven to a constant active value, possibly due to a polarity conflict in module 'UART_TX_FSM', net 'n_59', inst/pin 'U0_UART/U0_UART_TX/U0_FSM/current_state_reg[0]/aclr'   [ASYNC-02]
 
Async Violation
# 16 <vid_16_async>: async signal driven to a constant active value, possibly due to a polarity conflict in module 'UART_RX_FSM', net 'n_129', inst/pin 'U0_UART/U0_UART_RX/U0_FSM/current_state_reg[0]/aclr'   [ASYNC-02]
 
Async Violation
# 20 <vid_20_async>: async signal driven to a constant active value, possibly due to a polarity conflict in module 'UART_RX_parity_check', net 'n_11', inst/pin 'U0_UART/U0_UART_RX/U0_parity_check/par_err_reg/aclr'   [ASYNC-02]
 
Violations sorted by type and number of affected registers
Note - a register may be violating multiple DFT rules.
	Violation #0 <vid_0_clock> affects 67 registers
	Violation #1 <vid_1_clock> affects 17 registers
 
	Violation #5 <vid_5_async> affects 4096 registers
	Violation #24 <vid_24_async> affects 137 registers
	Violation #23 <vid_23_async> affects 24 registers
	Violation #7 <vid_7_async> affects 20 registers
	Violation #8 <vid_8_async> affects 20 registers
	Violation #9 <vid_9_async> affects 20 registers
	Violation #6 <vid_6_async> affects 20 registers
	Violation #25 <vid_25_async> affects 17 registers
	Violation #13 <vid_13_async> affects 14 registers
	Violation #4 <vid_4_async> affects 12 registers
	Violation #17 <vid_17_async> affects  9 registers
	Violation #19 <vid_19_async> affects  8 registers
	Violation #15 <vid_15_async> affects  8 registers
	Violation #12 <vid_12_async> affects  8 registers
	Violation #11 <vid_11_async> affects  8 registers
	Violation #14 <vid_14_async> affects  3 registers
	Violation #16 <vid_16_async> affects  3 registers
	Violation #20 <vid_20_async> affects  2 registers
 

	Warning - Some of the violations have been suppressed. To get the complete list, set '-max_list_violations' to -1
Total number of Test Clock Domains: 2
  DFT Test Clock Domain: ScanClock
  DFT Test Clock Domain: UART_CLK
	Test Clock 'UART_CLK' (Positive edge) has   3 registers
Number of user specified non-Scan registers:   0
    Number of registers that fail DFT rules: 4438
    Number of registers that pass DFT rules:   3
Percentage of total registers that are scannable:  0%
