
 
Copyright (C) 2002-2025 Cadence Design Systems Inc. All Rights Reserved. 
Cadence and the Cadence logo are registered trademarks and Modus is a trademark 
of Cadence Design Systems, Inc. in the United States and other countries.

Type 'help legal_notices' for third party license notices. 
Version : 25.10-p027_1, built Mar 13 2025 (linux26_64)
Options : -file runmodus.atpg.tcl
Date    : Sat, July 04 14:13:14 2026
Host    : Pine-06 (x86_64 Linux 5.14.0-611.30.1.el9_7.x86_64) (6*Intel(R) Core(TM) i5-9400 CPU @ 2.90GHz 9216KB)
OS      : Red Hat Enterprise Linux release 9.7 (Plow)
#@ Processing -files option
@modus:root:/ 1>  source runmodus.atpg.tcl
#@ Begin verbose source runmodus.atpg.tcl
@file(runmodus.atpg.tcl) 13: set_db workdir ../ATPG;
@file(runmodus.atpg.tcl) 14: set   WORKDIR [get_db workdir]
@file(runmodus.atpg.tcl) 17: set_option stdout     summary;                                # Only print a summary for each command to the terminal
@file(runmodus.atpg.tcl) 19: set ::env(CDS_LIC_REPORT) yes
@file(runmodus.atpg.tcl) 20: set_db stop_on_severity error;
@file(runmodus.atpg.tcl) 22: file delete -force $WORKDIR/tbdata;                       # Delete Test Database
@file(runmodus.atpg.tcl) 23: file delete -force $WORKDIR/testresults;                  # Delete Test Output Files/Logs
@file(runmodus.atpg.tcl) 30: build_model \
    -cell	 TOP \
    -techlib	 ../../Library/verilog/typical.v \
    -designsource	 $WORKDIR/TOP.test_netlist.v \
    -allowmissingmodules	 yes \
    -messagecounteach	 100 \

 
INFO (TUI-772): The command 'build_model' will release the currently acquired resources. [end TUI_772] 

Starting Command: build_model 
INFO (TDA-014): Cadence(R) Modus(TM) DFT Software Solution, Version 25.10-p027_1, built Mar 13 2025 (linux26_64) [end TDA_014]
INFO (TDA-009): Options/Values information.
            (options marked with '*' have program generated values,
             options marked with '+' were specified to default.)

            -WORKDIR /home/admin/DFT/SOCX/ATPG

            -designtop TOP
            -TECHLIB ../../Library/verilog/typical.v
            -allowmissingmodules yes
            -LOGFILE /home/admin/DFT/SOCX/ATPG/testresults/logs/log_build_model_070426141315-520555000
            -STDOUT summary
            -messagecounteach 100
            -DESIGNSOURCE /home/admin/DFT/SOCX/ATPG/TOP.test_netlist.v
[end TDA_009]


-------------------------------------------------------------------------------
*                      Message Summary                                        *
-------------------------------------------------------------------------------
 Count  Number             First Instance of Message Text
------- ------             ------------------------------

  INFO Messages...
      1 INFO (TEI-195): Build Model - Controller starting:  
      1 INFO (TEI-196): Build Model - Hierarchical Model Build starting:  
      1 INFO (TEI-197): Build Model - Hierarchical Model Build completed.  
      1 INFO (TEI-198): Build Model - Flat Model Build starting:  
      1 INFO (TEI-199): Build Model - Flat Model Build completed.   
      1 INFO (TEI-200): Build Model - Controller completed.  
      1 INFO (TFW-117): Modus checked out a modus_atpg license.   
      1 INFO (TFW-119): Modus checked in a modus_atpg license.   
      1 INFO (TLM-055): Design Summary

  WARNING Messages...
      2 WARNING (TEI-110): Pin 'NOTIFIER' of 'cell udp_dff' has no external net connection for any usage in the design. Cell contents file: '/home/admin/DFT/Library/verilog/typical.v'.   

 For a detailed explanation of a message and a suggested user response execute 'msgHelp <message id>'.  For example: msgHelp TDA-009

-------------------------------------------------------------------------------
@file(runmodus.atpg.tcl) 41: build_testmode \
    -testmode	 FULLSCAN \
    -assignfile	 $WORKDIR/TOP.FULLSCAN.pinassign \
    -modedef	 FULLSCAN \
 
Starting Command: build_testmode 
INFO (TDA-014): Cadence(R) Modus(TM) DFT Software Solution, Version 25.10-p027_1, built Mar 13 2025 (linux26_64) [end TDA_014]
INFO (TDA-009): Options/Values information.
            (options marked with '*' have program generated values,
             options marked with '+' were specified to default.)

            -WORKDIR /home/admin/DFT/SOCX/ATPG
            -TESTMODE FULLSCAN

            -ASSIGNFILE /home/admin/DFT/SOCX/ATPG/TOP.FULLSCAN.pinassign
          * update_assign_file=
            -LOGFILE /home/admin/DFT/SOCX/ATPG/testresults/logs/log_build_testmode_FULLSCAN_070426141318-772574000
            -MODEDEF FULLSCAN
            -STDOUT summary
[end TDA_009]


-------------------------------------------------------------------------------
*                      Message Summary                                        *
-------------------------------------------------------------------------------
 Count  Number             First Instance of Message Text
------- ------             ------------------------------

  INFO Messages...
      1 INFO (TFW-117): Modus checked out a modus_atpg license.   
      1 INFO (TFW-119): Modus checked in a modus_atpg license.   
      1 INFO (THM-814): Testmode contains 93.03% active logic,  6.97% inactive logic and  0.00% constraint logic.    
      1 INFO (TTM-357): There are 20 scan chains which are controllable and observable.    
      1 INFO (TTM-387): A default scanop sequence will be generated.    
      1 INFO (TTM-391): A default modeinit sequence will be generated.    

  WARNING Messages...
      1 WARNING (TTM-347): There is less than 96 percent active logic in this test mode.  Global fault
     87 WARNING (TTM-362): At event 2.1.1 of the scanop sequence, observable scan 
      1 WARNING (TTM-809): Test mode FULLSCAN has been created, WARNINGs have been generated -

 For a detailed explanation of a message and a suggested user response execute 'msgHelp <message id>'.  For example: msgHelp TDA-009

-------------------------------------------------------------------------------
@file(runmodus.atpg.tcl) 50: report_test_structures \
    -testmode	 FULLSCAN \
    -reportscanchain	 all \
 
Starting Command: report_test_structures 
INFO (TDA-014): Cadence(R) Modus(TM) DFT Software Solution, Version 25.10-p027_1, built Mar 13 2025 (linux26_64) [end TDA_014]
INFO (TDA-009): Options/Values information.
            (options marked with '*' have program generated values,
             options marked with '+' were specified to default.)

            -WORKDIR /home/admin/DFT/SOCX/ATPG
            -TESTMODE FULLSCAN

            -LOGFILE /home/admin/DFT/SOCX/ATPG/testresults/logs/log_report_test_structures_FULLSCAN_070426141320-126442000
            -STDOUT summary
            -reportscanchain all
[end TDA_009]


-------------------------------------------------------------------------------
*                      Message Summary                                        *
-------------------------------------------------------------------------------
 Count  Number             First Instance of Message Text
------- ------             ------------------------------

  INFO Messages...
      1 INFO (TFW-117): Modus checked out a modus_atpg license.   
      1 INFO (TFW-119): Modus checked in a modus_atpg license.   
      1 INFO (TLM-055): Design Summary

 For a detailed explanation of a message and a suggested user response execute 'msgHelp <message id>'.  For example: msgHelp TDA-009

-------------------------------------------------------------------------------
@file(runmodus.atpg.tcl) 58: verify_test_structures \
    -messagecount	 TSV-016=10,TSV-024=10,TSV-315=10,TSV-027=10 \
    -testmode	 FULLSCAN \
 
Starting Command: verify_test_structures 
INFO (TDA-014): Cadence(R) Modus(TM) DFT Software Solution, Version 25.10-p027_1, built Mar 13 2025 (linux26_64) [end TDA_014]
INFO (TDA-009): Options/Values information.
            (options marked with '*' have program generated values,
             options marked with '+' were specified to default.)

            -WORKDIR /home/admin/DFT/SOCX/ATPG
            -TESTMODE FULLSCAN

            -messagecount TSV-016=10,TSV-024=10,TSV-315=10,TSV-027=10
            -LOGFILE /home/admin/DFT/SOCX/ATPG/testresults/logs/log_verify_test_structures_FULLSCAN_070426141321-252097000
            -STDOUT summary
[end TDA_009]


-------------------------------------------------------------------------------
*                      Message Summary                                        *
-------------------------------------------------------------------------------
 Count  Number             First Instance of Message Text
------- ------             ------------------------------

  INFO Messages...
      1 INFO (TFW-117): Modus checked out a modus_atpg license.   
      1 INFO (TFW-119): Modus checked in a modus_atpg license.   
      1 INFO (TLM-055): Design Summary
      1 INFO (TSV-068): The length of the longest scan chain is 20 bit positions, which is 106% of the average scan chain length 19 (based on 378 total scan chain bits and 20 valid scan chains).    
     20 INFO (TSV-378): Scan chain beginning at 'pin ScanIn_1' and ending at 'pin ScanOut_1' is controllable and observable. The length of the scan chain is 20 bit positions.    
      1 INFO (TSV-383): There are 1 floating latches.    
      1 INFO (TSV-567): There are 20 controllable scan chains fed by Scan In (SI) primary inputs.    
      1 INFO (TSV-568): There are 20 observable scan chains feeding to Scan Out (SO) primary outputs.    
      1 INFO (TSV-569): There are 0 controllable scan chains fed by on-product Pattern Generator(s).    
      1 INFO (TSV-570): There are 0 observable scan chains feeding to on-product Multiple-Input Signature Register (MISRs).    
      1 INFO (TSV-900): verify_test_structures processing has started Sat Jul  4 14:13:21 2026     
      1 INFO (TSV-908): verify_test_structures processing complete.    

 For a detailed explanation of a message and a suggested user response execute 'msgHelp <message id>'.  For example: msgHelp TDA-009

-------------------------------------------------------------------------------
@file(runmodus.atpg.tcl) 66: build_faultmodel \
    -includedynamic	 no \
 
INFO (TUI-772): The command 'build_faultmodel' will release the currently acquired resources. [end TUI_772] 

Starting Command: build_faultmodel 
INFO (TDA-014): Cadence(R) Modus(TM) DFT Software Solution, Version 25.10-p027_1, built Mar 13 2025 (linux26_64) [end TDA_014]
INFO (TDA-009): Options/Values information.
            (options marked with '*' have program generated values,
             options marked with '+' were specified to default.)

            -WORKDIR /home/admin/DFT/SOCX/ATPG

            -LOGFILE /home/admin/DFT/SOCX/ATPG/testresults/logs/log_build_faultmodel_070426141322-724620000
            -STDOUT summary
            -includedynamic no
[end TDA_009]


-------------------------------------------------------------------------------
*                      Message Summary                                        *
-------------------------------------------------------------------------------
 Count  Number             First Instance of Message Text
------- ------             ------------------------------

  INFO Messages...
      1 INFO (TFM-099): Build Fault Model started.   
      1 INFO (TFM-102): Creating faultModel file /home/admin/DFT/SOCX/ATPG/tbdata/faultModel.   
      1 INFO (TFM-103): Creating faultStatus file /home/admin/DFT/SOCX/ATPG/tbdata/faultStatus.   
      1 INFO (TFM-109): Build Fault Model has completed with highest level severity message of INFO.   
      1 INFO (TFM-704): Maximum Global Test Coverage Statistics: 
      1 INFO (TFW-117): Modus checked out a modus_atpg license.   
      1 INFO (TFW-119): Modus checked in a modus_atpg license.   

 For a detailed explanation of a message and a suggested user response execute 'msgHelp <message id>'.  For example: msgHelp TDA-009

-------------------------------------------------------------------------------
@file(runmodus.atpg.tcl) 73: create_logic_tests \
    -experiment	 TOP_atpg \
    -testmode	 FULLSCAN \


Starting Command: create_logic_tests 
INFO (TDA-014): Cadence(R) Modus(TM) DFT Software Solution, Version 25.10-p027_1, built Mar 13 2025 (linux26_64) [end TDA_014]
INFO (TDA-009): Options/Values information.
            (options marked with '*' have program generated values,
             options marked with '+' were specified to default.)

            -WORKDIR /home/admin/DFT/SOCX/ATPG
            -TESTMODE FULLSCAN
            -EXPERIMENT TOP_atpg

            -LOGFILE /home/admin/DFT/SOCX/ATPG/testresults/logs/log_create_logic_tests_FULLSCAN_TOP_atpg_070426141324-053947000
            -STDOUT summary
[end TDA_009]
INFO (TDA-220):   --- Tests ---   Faults     ---- ATCov ----   -- Faults --   - Elapsed Time -  [end TDA_220] 
INFO (TDA-220):    Sim.    Eff.  Detected    Tmode    Global     Untested                       [end TDA_220] 
INFO (TDA-220):      1       1       3206    20.93%   20.22%        12111           00:00.10    [end TDA_220] 
INFO (TDA-220):   --- Tests ---   Faults     ---- ATCov ----   -- Faults --   - Elapsed Time -  [end TDA_220] 
INFO (TDA-220):    Sim.    Eff.  Detected    Tmode    Global     Untested                       [end TDA_220] 
INFO (TDA-220):     16      16       5185    54.79%   52.94%         6915           00:33.00    [end TDA_220] 
INFO (TDA-220):     32      32        607    58.76%   56.77%         6312           00:37.34    [end TDA_220] 
INFO (TDA-220):     48      48        324    60.87%   58.81%         5989           00:39.02    [end TDA_220] 
INFO (TDA-220):     64      64        792    66.04%   63.81%         5199           00:39.94    [end TDA_220] 
INFO (TDA-220):     80      80        435    68.88%   66.55%         4765           00:40.35    [end TDA_220] 
INFO (TDA-220):     96      96        357    71.22%   68.80%         4408           00:40.80    [end TDA_220] 
INFO (TDA-220):    112     110        202    72.53%   70.08%         4206           00:40.93    [end TDA_220] 
INFO (TDA-220):    128     126        191    73.78%   71.28%         4015           00:41.35    [end TDA_220] 
INFO (TDA-220):    144     142        164    74.86%   72.33%         3849           00:41.78    [end TDA_220] 
INFO (TDA-220):    160     158        163    75.95%   73.37%         3682           00:41.98    [end TDA_220] 
INFO (TDA-220):    176     174        144    76.91%   74.30%         3534           00:42.47    [end TDA_220] 
INFO (TDA-220):    181     179         31    77.17%   74.55%         3491           00:42.91    [end TDA_220] 
INFO (TDA-220):    197     194        720    81.88%   79.10%         2771           00:42.92    [end TDA_220] 
INFO (TDA-220):    213     208        304    83.87%   81.02%         2467           00:42.94    [end TDA_220] 
INFO (TDA-220):    229     220        285    85.73%   82.82%         2182           00:42.95    [end TDA_220] 
INFO (TDA-220):    245     233        299    87.69%   84.71%         1883           00:42.97    [end TDA_220] 
INFO (TDA-220):    261     249        245    89.29%   86.26%         1638           00:42.98    [end TDA_220] 
INFO (TDA-220):    277     265        171    90.41%   87.34%         1467           00:42.99    [end TDA_220] 
INFO (TDA-220):    293     280        143    91.34%   88.24%         1324           00:43.01    [end TDA_220] 
INFO (TDA-220):    309     295        121    92.13%   89.01%         1203           00:43.02    [end TDA_220] 
INFO (TDA-220):    321     304         28    92.32%   89.18%         1175           00:43.02    [end TDA_220] 
INFO (TDA-220):    337     318        115    93.07%   89.91%         1060           00:43.03    [end TDA_220] 
INFO (TDA-220):    353     334         37    93.31%   90.14%         1023           00:43.04    [end TDA_220] 
INFO (TDA-220):    367     334          0    93.31%   90.14%         1023           00:43.04    [end TDA_220] 
INFO (TDA-220):    383     350         29    93.50%   90.33%          994           00:43.04    [end TDA_220] 
INFO (TDA-220):    392     356         70    93.96%   90.77%          924           00:43.05    [end TDA_220] 
INFO (TDA-220):    399     363         93    94.57%   91.36%          831           00:43.06    [end TDA_220] 
INFO (TDA-220):    403     367         12    94.64%   91.43%          819           00:43.07    [end TDA_220] 
INFO (TDA-220):    408     370          9    94.70%   91.49%          810           00:43.07    [end TDA_220] 
INFO (TDA-220):    413     372          3    94.72%   91.51%          807           00:43.08    [end TDA_220] 
INFO (TDA-220):    415     372          0    94.72%   91.51%          807           00:43.08    [end TDA_220] 
INFO (TDA-220):    419     374          4    94.75%   91.53%          803           00:43.08    [end TDA_220] 
INFO (TDA-220):    421     376          7    94.79%   91.58%          796           00:43.09    [end TDA_220] 
INFO (TDA-220):    424     377          1    94.80%   91.59%          795           00:43.09    [end TDA_220] 
INFO (TDA-220):    425     377          0    94.80%   91.59%          795           00:43.09    [end TDA_220] 
INFO (TDA-220):    427     377          0    94.80%   91.59%          795           00:43.09    [end TDA_220] 
INFO (TDA-220):    429     377          0    94.80%   91.59%          795           00:43.10    [end TDA_220] 
INFO (TDA-220):    431     377          0    94.80%   91.59%          795           00:43.10    [end TDA_220] 
INFO (TDA-220):    432     377          0    94.80%   91.59%          795           00:43.10    [end TDA_220] 
INFO (TDA-220):    433     378          1    94.81%   91.59%          794           00:43.10    [end TDA_220] 
INFO (TDA-220):    434     378          0    94.81%   91.59%          794           00:43.11    [end TDA_220] 
INFO (TDA-220):    435     379          4    94.83%   91.62%          790           00:43.11    [end TDA_220] 
INFO (TDA-220):    436     380          1    94.84%   91.62%          789           00:43.11    [end TDA_220] 
INFO (TDA-220):    437     381         34    95.06%   91.84%          755           00:43.12    [end TDA_220] 
INFO (TDA-220):    438     381          0    95.06%   91.84%          755           00:43.12    [end TDA_220] 
INFO (TDA-220):    454     397         26    95.23%   92.00%          729           00:48.71    [end TDA_220] 
INFO (TDA-220):    458     401          9    95.29%   92.06%          720           00:48.72    [end TDA_220] 
INFO (TDA-220):    461     401          0    95.29%   92.06%          720           00:48.72    [end TDA_220] 
INFO (TDA-220):    463     403          2    95.30%   92.07%          718           00:48.72    [end TDA_220] 
INFO (TDA-220):    464     404          1    95.31%   92.08%          717           00:48.72    [end TDA_220] 
INFO (TDA-220):    465     405          4    95.34%   92.10%          713           00:48.72    [end TDA_220] 
INFO (TDA-220):    466     406          1    95.34%   92.11%          712           00:48.73    [end TDA_220] 
INFO (TDA-220):    466     406          0    95.53%   92.28%          682           00:48.88    [end TDA_220] 


-------------------------------------------------------------------------------
*                      Message Summary                                        *
-------------------------------------------------------------------------------
 Count  Number             First Instance of Message Text
------- ------             ------------------------------

  INFO Messages...
     58 INFO (TDA-220):   --- Tests ---   Faults     ---- ATCov ----   -- Faults --   - Elapsed Time -   
      1 INFO (TDA-221):    438     381          0    95.06%   91.84%          755           00:43.12     
      1 INFO (TFW-117): Modus checked out a modus_atpg license.   
      1 INFO (TFW-119): Modus checked in a modus_atpg license.   
      4 INFO (TTC-110): Starting Scan Test generation                                                    

 For a detailed explanation of a message and a suggested user response execute 'msgHelp <message id>'.  For example: msgHelp TDA-009

-------------------------------------------------------------------------------
@file(runmodus.atpg.tcl) 81: write_toggle_gram \
    -experiment	 TOP_atpg \
    -testmode	 FULLSCAN \

#-------------------------------------------------------------------------------
Starting Command: write_toggle_gram 
INFO (TDA-014): Cadence(R) Modus(TM) DFT Software Solution, Version 25.10-p027_1, built Mar 13 2025 (linux26_64) [end TDA_014]
INFO (TDA-009): Options/Values information.
            (options marked with '*' have program generated values,
             options marked with '+' were specified to default.)

            -WORKDIR /home/admin/DFT/SOCX/ATPG
            -TESTMODE FULLSCAN
            -EXPERIMENT TOP_atpg

            -LOGFILE /home/admin/DFT/SOCX/ATPG/testresults/logs/log_write_toggle_gram_FULLSCAN_TOP_atpg_070426141414-067287000
            -STDOUT summary
[end TDA_009]


-------------------------------------------------------------------------------
*                      Message Summary                                        *
-------------------------------------------------------------------------------
 Count  Number             First Instance of Message Text
------- ------             ------------------------------

  INFO Messages...
      5 INFO (TBM-054): Scan Shift Toggle report categorized by SEQUENCE  
      1 INFO (TBM-088): The total number of test to be analyzed for scan is 407 and for capture is 406.  
      1 INFO (TFW-117): Modus checked out a modus_atpg license.   
      1 INFO (TFW-119): Modus checked in a modus_atpg license.   

  WARNING Messages...
      1 WARNING (TBM-099):The switching percentage has exceeded the threshold value of 30 percent, in the current testmode. High switching can impact the power numbers at the tester.  
      1 WARNING (TBM-109):The test patterns analyzed for toggle calculations contain X values for unknown latch/flop states. The X values can impact toggle numbers significantly. The default latch fill policy for X values (if not specified otherwise) is the 'dontcare' option set to 'random'.  

 For a detailed explanation of a message and a suggested user response execute 'msgHelp <message id>'.  For example: msgHelp TDA-009

-------------------------------------------------------------------------------
@file(runmodus.atpg.tcl) 88: write_vectors \
    -inexperiment	 TOP_atpg \
    -testmode	 FULLSCAN \
    -language	 verilog \
    -scanformat	 parallel \


Starting Command: write_vectors 
INFO (TDA-014): Cadence(R) Modus(TM) DFT Software Solution, Version 25.10-p027_1, built Mar 13 2025 (linux26_64) [end TDA_014]
INFO (TDA-009): Options/Values information.
            (options marked with '*' have program generated values,
             options marked with '+' were specified to default.)

            -WORKDIR /home/admin/DFT/SOCX/ATPG
            -TESTMODE FULLSCAN

            -INEXPERIMENT TOP_atpg
            -LOGFILE /home/admin/DFT/SOCX/ATPG/testresults/logs/log_write_vectors_FULLSCAN_TOP_atpg_070426141415-328761000
            -STDOUT summary
            -scanformat parallel
          + -language verilog
[end TDA_009]


-------------------------------------------------------------------------------
*                      Message Summary                                        *
-------------------------------------------------------------------------------
 Count  Number             First Instance of Message Text
------- ------             ------------------------------

  INFO Messages...
      1 INFO (TFW-117): Modus checked out a modus_atpg license.   
      1 INFO (TFW-119): Modus checked in a modus_atpg license.   
      1 INFO (TVE-001): Verilog write vectors started.    
      1 INFO (TVE-002): Verilog write vectors has completed.    
      4 INFO (TVE-003): Verilog write vectors output file will be: /home/admin/DFT/SOCX/ATPG/testresults/verilog/cycleMap.FULLSCAN.TOP_atpg.    
      2 INFO (TVE-004): Reading test section 1.1. Test section type equals scan.    
      2 INFO (TVE-008): Created 291 total measures, of which 0 are PO measures and 291 are SO (Scan Out) measures.   
      1 INFO (TVE-050):         TEST SEQUENCE COVERAGE ESTIMATE REPORT  
      4 INFO (TVE-103): There was no specified TEST offset for this clock 'pin REF_CLK'.  A default clock offset of 8.000000 ns will be used.    
      1 INFO (TVE-967): Temporary output files are created in /tmp directory.  

 For a detailed explanation of a message and a suggested user response execute 'msgHelp <message id>'.  For example: msgHelp TDA-009

-------------------------------------------------------------------------------
@file(runmodus.atpg.tcl) 98: commit_tests \
    -inexperiment	 TOP_atpg \
    -testmode	 FULLSCAN 
INFO (TUI-772): The command 'commit_tests' will release the currently acquired resources. [end TUI_772] 

Starting Command: commit_tests 
INFO (TDA-014): Cadence(R) Modus(TM) DFT Software Solution, Version 25.10-p027_1, built Mar 13 2025 (linux26_64) [end TDA_014]
INFO (TDA-009): Options/Values information.
            (options marked with '*' have program generated values,
             options marked with '+' were specified to default.)

            -WORKDIR /home/admin/DFT/SOCX/ATPG
            -TESTMODE FULLSCAN

            -INEXPERIMENT TOP_atpg
            -LOGFILE /home/admin/DFT/SOCX/ATPG/testresults/logs/log_commit_tests_FULLSCAN_TOP_atpg_070426141416-684319000
            -STDOUT summary
[end TDA_009]


-------------------------------------------------------------------------------
*                      Message Summary                                        *
-------------------------------------------------------------------------------
 Count  Number             First Instance of Message Text
------- ------             ------------------------------

  INFO Messages...
      1 INFO (TBD-805): File(s) generated (bytes and name):   
      1 INFO (TBD-806): Input test vector File(s) (bytes, name):   
      1 INFO (TBD-807): Experiment TOP_atpg odometers prior to commit_tests: 1.1.1.2.1 thru 1.2.1.43.1 (Relative test numbers 1 thru 407).   
      1 INFO (TBD-809): Master test vector file statistics:     
      1 INFO (TBD-810): Experiment TOP_atpg is saved to the master test vectors odometers: 1.1.1.2.1 to 1.2.1.43.1 (Relative test numbers 1 to 407).   
      1 INFO (TBD-831): commit_tests completed successfully.   
      1 INFO (TFW-117): Modus checked out a modus_atpg license.   
      1 INFO (TFW-119): Modus checked in a modus_atpg license.   

 For a detailed explanation of a message and a suggested user response execute 'msgHelp <message id>'.  For example: msgHelp TDA-009

-------------------------------------------------------------------------------
@file(runmodus.atpg.tcl) 103: exit
