
 
Copyright (C) 2002-2025 Cadence Design Systems Inc. All Rights Reserved. 
Cadence and the Cadence logo are registered trademarks and Modus is a trademark 
of Cadence Design Systems, Inc. in the United States and other countries.

Type 'help legal_notices' for third party license notices. 
Version : 25.10-p027_1, built Mar 13 2025 (linux26_64)
Options : -no_gui -log TOP_TP/atpg -overwrite
Date    : Sat, July 11 11:58:35 2026
Host    : Pine-06 (x86_64 Linux 5.14.0-611.30.1.el9_7.x86_64) (6*Intel(R) Core(TM) i5-9400 CPU @ 2.90GHz 9216KB)
OS      : Red Hat Enterprise Linux release 9.7 (Plow)
@modus:root:/ 1> set code [catch { source TOP_TP/runmodus.init.tcl ; source TOP_TP/runmodus.atpg.tcl ;}]; exit $code
INFO (TUI-772): The command 'build_model' will release the currently acquired resources. [end TUI_772] 

Starting Command: build_model 

INFO (TDA-015): Log File: /home/admin/DFT/SOCX/DFT/3_SCAN_WITH_ATPG_ANALYSIS_N_TPI/TOP_TP/testresults/logs/log_build_model_071126115835-507264000 [end TDA_015]

INFO (TFW-117): Modus checked out a modus_atpg license.  [end TFW_117] 
INFO (TEI-195): Build Model - Controller starting: [end TEI_195] 


Search Order  1:  "/home/admin/DFT/SOCX/DFT/3_SCAN_WITH_ATPG_ANALYSIS_N_TPI/TOP_TP/test_netlist.v"
Search Order  2:  "../../../Library/verilog/typical.v"



Reading Verilog data from /home/admin/DFT/SOCX/DFT/3_SCAN_WITH_ATPG_ANALYSIS_N_TPI/TOP_TP/test_netlist.v

Verilog Parser complete - 31 modules, 68 gates, 0 user defined primitives.


Reading Verilog data from ../../../Library/verilog/typical.v

Verilog Parser complete - 477 modules, 2799 gates, 3 user defined primitives.



INFO (TEI-196): Build Model - Hierarchical Model Build starting: [end TEI_196] 

WARNING (TEI-110): Pin 'NOTIFIER' of 'cell udp_dff' has no external net connection for any usage in the design. Cell contents file: '/home/admin/DFT/Library/verilog/typical.v'.  [end TEI_110] 
WARNING (TEI-110): Pin 'NOTIFIER' of 'cell udp_tlat' has no external net connection for any usage in the design. Cell contents file: '/home/admin/DFT/Library/verilog/typical.v'.  [end TEI_110] 


Number of blocks in the hierarchical model is: 187,152.

Number of technology library cell instances in the hierarchical model is: 13,910.


INFO (TEI-197): Build Model - Hierarchical Model Build completed. [end TEI_197] 



INFO (TEI-198): Build Model - Flat Model Build starting: [end TEI_198] 

 defaultTIE = X
 defaultDFN = T


INFO (TLM-055): Design Summary
                --------------

Hierarchical Model:                  Flattened Model:
        187,152  Blocks                      98,733  Blocks
        582,110  Pins                        98,733  Nodes
        305,276  Nets

Primary Inputs:                      Primary Outputs:
         50  Input Only                        47  Output Only
          0  Input/Output                       0  Input/Output
         50  Total Inputs                      47  Total Outputs

Tied Nets:                           Dotted Nets:
      8,782  Tied to 0                          0  Two-State
      4,397  Tied to 1                          0  Three-State
          0  Tied to X                          0  Total Dotted Nets
     13,179  Total Tied Nets

Selected Primitive Functions:
          0  Clock Chopper (CHOP) primitives 
          0  RAMs
          0  ROMs
          0  TSDs
          0  Resistors
          0  Transistors
      8,720  MUX2s
          1  Latches


      4,397  Rising  Edge Flop w/Set-Dominant and Reset Port
      4,397  Total Flops

     13,910  Technology Library Cell Instances

[end TLM_055] 
Optimization removed logic for 4 of 72 cells in this design.

Optimization removed a total of 22 tied Latch Ports.
Optimization removed a total of 4,415 non-controlling inputs.
Optimization removed a total of 57,195 dangling logic nodes.



INFO (TEI-199): Build Model - Flat Model Build completed.  [end TEI_199] 


INFO (TDA-001): Maximum Memory used during the run and Cumulative Time in hours:minutes:seconds:

                  Total Memory =          118,092,592  bytes

                      CPU Time =    0:00:01.30
                  Elapsed Time =    0:00:02.63                    [end TDA_001]



INFO (TEI-200): Build Model - Controller completed. [end TEI_200] 

INFO (TFW-119): Modus checked in a modus_atpg license.  [end TFW_119] 



-------------------------------------------------------------------------------
*                      Message Summary                                        *
-------------------------------------------------------------------------------
 Count  Number             First Instance of Message Text
------- ------             ------------------------------

  INFO Messages...
      1 INFO (TEI-195): Build Model - Controller starting:  
      1 INFO (TEI-196): Build Model - Hierarchical Model Build starting:  
      1 INFO (TEI-197): Build Model - Hierarchical Model Build completed.  
      1 INFO (TEI-198): Build Model - Flat Model Build starting:  
      1 INFO (TEI-199): Build Model - Flat Model Build completed.   
      1 INFO (TEI-200): Build Model - Controller completed.  
      1 INFO (TFW-117): Modus checked out a modus_atpg license.   
      1 INFO (TFW-119): Modus checked in a modus_atpg license.   
      1 INFO (TLM-055): Design Summary

  WARNING Messages...
      2 WARNING (TEI-110): Pin 'NOTIFIER' of 'cell udp_dff' has no external net connection for any usage in the design. Cell contents file: '/home/admin/DFT/Library/verilog/typical.v'.   

 For a detailed explanation of a message and a suggested user response execute 'msgHelp <message id>'.  For example: msgHelp TDA-009

-------------------------------------------------------------------------------
Starting Command: build_testmode 

INFO (TDA-015): Log File: /home/admin/DFT/SOCX/DFT/3_SCAN_WITH_ATPG_ANALYSIS_N_TPI/TOP_TP/testresults/logs/log_build_testmode_SCAN_071126115839-281035000 [end TDA_015]

TDRPATH set to: /mnt/22b703da-ca2b-42dd-9641-48ed3afe6614/cadence/installs/MODUS251/tools.lnx86/tb/defaults/rules/tdr 

Modus Build Test Mode(s) beginning...

   TDR NAME      =  dummy.tdr 

   SCAN_TYPE     =  GSD 
   BOUNDARY      =  NONE 
   IN            =  PI 
   OUT           =  PO 

INFO (TFW-117): Modus checked out a modus_atpg license.  [end TFW_117] 
INFO (TTM-391): A default modeinit sequence will be generated.   [end TTM_391] 
INFO (TTM-387): A default scanop sequence will be generated.   [end TTM_387] 
INFO (THM-814): Testmode contains 91.09% active logic,  8.91% inactive logic and  0.00% constraint logic.   [end THM_814] 
WARNING (TTM-347): There is less than 96 percent active logic in this test mode.  Global fault
           coverage is impacted when too little of the logic is visible.   [end TTM_347] 
INFO (TTM-357): There are 44 scan chains which are controllable and observable.   [end TTM_357] 
INFO (TFW-119): Modus checked in a modus_atpg license.  [end TFW_119] 

There are no PPIs for Test Mode:  SCAN

Information for Test Mode:  SCAN
-------------------------

         Scan Type = GSD


 Latch Summary for Test Mode:  SCAN
 Latch Type                #Active   #Inactive       Total
 ---------------------   ---------   ---------   ---------
 Test Constraint (TC)            0           0           0 
 Scan Enable     (SE)            0           0           0 
 Fixed Value     (FV)            0           0           0 
 Floating                        0           1           1 
 Finite State    (FSM)           0           0           0 

WARNING (TTM-809): Test mode SCAN has been created, WARNINGs have been generated -
           see preceding message(s) for details. [end TTM_809] 

Test Function Pin Information for Test Mode:  SCAN
-------------------------------------------

          3  SC    (System  Clock)             Pins
          0  PC    (P Shift Clock)             Pins
          2  EC    (E Shift Clock)             Pins

          0  OSC   (Oscillator)                Pins

          1  TI    (Test Inhibit)              Pins
          1  SE    (Scan Enable)               Pins
          0  CI    (Clock Isolation)           Pins
          0  OI    (Output Inhibit)            Pins

         44  SI    (Scan Input)                Pins
         44  SO    (Scan Output)               Pins

  Pin Index    Type Test Function                         Pin Name / Net Name
  ---------    ---- ----------------------------------    -------------------
          1      PI  -SC                                  RST_N / RST_N
          0      PI  -EC  -SC                             REF_CLK / REF_CLK
         48      PI  -EC  -SC                             UART_CLK / UART_CLK
         47      PI  +TI                                  TestMode / TestMode
          2      PI  +SE                                  ScanEnable / ScanEnable
          3      PI   SI                                  ScanIn_1 / ScanIn_1
         14      PI   SI1                                 ScanIn_2 / ScanIn_2
         25      PI   SI2                                 ScanIn_3 / ScanIn_3
         36      PI   SI3                                 ScanIn_4 / ScanIn_4
         42      PI   SI4                                 ScanIn_5 / ScanIn_5
         43      PI   SI5                                 ScanIn_6 / ScanIn_6
         44      PI   SI6                                 ScanIn_7 / ScanIn_7
         45      PI   SI7                                 ScanIn_8 / ScanIn_8
         46      PI   SI8                                 ScanIn_9 / ScanIn_9
          4      PI   SI9                                 ScanIn_10 / ScanIn_10
          5      PI   SI10                                ScanIn_11 / ScanIn_11
          6      PI   SI11                                ScanIn_12 / ScanIn_12
          7      PI   SI12                                ScanIn_13 / ScanIn_13
          8      PI   SI13                                ScanIn_14 / ScanIn_14
          9      PI   SI14                                ScanIn_15 / ScanIn_15
         10      PI   SI15                                ScanIn_16 / ScanIn_16
         11      PI   SI16                                ScanIn_17 / ScanIn_17
         12      PI   SI17                                ScanIn_18 / ScanIn_18
         13      PI   SI18                                ScanIn_19 / ScanIn_19
         15      PI   SI19                                ScanIn_20 / ScanIn_20
         16      PI   SI20                                ScanIn_21 / ScanIn_21
         17      PI   SI21                                ScanIn_22 / ScanIn_22
         18      PI   SI22                                ScanIn_23 / ScanIn_23
         19      PI   SI23                                ScanIn_24 / ScanIn_24
         20      PI   SI24                                ScanIn_25 / ScanIn_25
         21      PI   SI25                                ScanIn_26 / ScanIn_26
         22      PI   SI26                                ScanIn_27 / ScanIn_27
         23      PI   SI27                                ScanIn_28 / ScanIn_28
         24      PI   SI28                                ScanIn_29 / ScanIn_29
         26      PI   SI29                                ScanIn_30 / ScanIn_30
         27      PI   SI30                                ScanIn_31 / ScanIn_31
         28      PI   SI31                                ScanIn_32 / ScanIn_32
         29      PI   SI32                                ScanIn_33 / ScanIn_33
         30      PI   SI33                                ScanIn_34 / ScanIn_34
         31      PI   SI34                                ScanIn_35 / ScanIn_35
         32      PI   SI35                                ScanIn_36 / ScanIn_36
         33      PI   SI36                                ScanIn_37 / ScanIn_37
         34      PI   SI37                                ScanIn_38 / ScanIn_38
         35      PI   SI38                                ScanIn_39 / ScanIn_39
         37      PI   SI39                                ScanIn_40 / ScanIn_40
         38      PI   SI40                                ScanIn_41 / ScanIn_41
         39      PI   SI41                                ScanIn_42 / ScanIn_42
         40      PI   SI42                                ScanIn_43 / ScanIn_43
         41      PI   SI43                                ScanIn_44 / ScanIn_44
         50      PO   SO                                  ScanOut_1 / ScanOut_1
         61      PO   SO1                                 ScanOut_2 / ScanOut_2
         72      PO   SO2                                 ScanOut_3 / ScanOut_3
         83      PO   SO3                                 ScanOut_4 / ScanOut_4
         89      PO   SO4                                 ScanOut_5 / ScanOut_5
         90      PO   SO5                                 ScanOut_6 / ScanOut_6
         91      PO   SO6                                 ScanOut_7 / ScanOut_7
         92      PO   SO7                                 ScanOut_8 / ScanOut_8
         93      PO   SO8                                 ScanOut_9 / ScanOut_9
         51      PO   SO9                                 ScanOut_10 / ScanOut_10
         52      PO   SO10                                ScanOut_11 / ScanOut_11
         53      PO   SO11                                ScanOut_12 / ScanOut_12
         54      PO   SO12                                ScanOut_13 / ScanOut_13
         55      PO   SO13                                ScanOut_14 / ScanOut_14
         56      PO   SO14                                ScanOut_15 / ScanOut_15
         57      PO   SO15                                ScanOut_16 / ScanOut_16
         58      PO   SO16                                ScanOut_17 / ScanOut_17
         59      PO   SO17                                ScanOut_18 / ScanOut_18
         60      PO   SO18                                ScanOut_19 / ScanOut_19
         62      PO   SO19                                ScanOut_20 / ScanOut_20
         63      PO   SO20                                ScanOut_21 / ScanOut_21
         64      PO   SO21                                ScanOut_22 / ScanOut_22
         65      PO   SO22                                ScanOut_23 / ScanOut_23
         66      PO   SO23                                ScanOut_24 / ScanOut_24
         67      PO   SO24                                ScanOut_25 / ScanOut_25
         68      PO   SO25                                ScanOut_26 / ScanOut_26
         69      PO   SO26                                ScanOut_27 / ScanOut_27
         70      PO   SO27                                ScanOut_28 / ScanOut_28
         71      PO   SO28                                ScanOut_29 / ScanOut_29
         73      PO   SO29                                ScanOut_30 / ScanOut_30
         74      PO   SO30                                ScanOut_31 / ScanOut_31
         75      PO   SO31                                ScanOut_32 / ScanOut_32
         76      PO   SO32                                ScanOut_33 / ScanOut_33
         77      PO   SO33                                ScanOut_34 / ScanOut_34
         78      PO   SO34                                ScanOut_35 / ScanOut_35
         79      PO   SO35                                ScanOut_36 / ScanOut_36
         80      PO   SO36                                ScanOut_37 / ScanOut_37
         81      PO   SO37                                ScanOut_38 / ScanOut_38
         82      PO   SO38                                ScanOut_39 / ScanOut_39
         84      PO   SO39                                ScanOut_40 / ScanOut_40
         85      PO   SO40                                ScanOut_41 / ScanOut_41
         86      PO   SO41                                ScanOut_42 / ScanOut_42
         87      PO   SO42                                ScanOut_43 / ScanOut_43
         88      PO   SO43                                ScanOut_44 / ScanOut_44



Modus Build Test Mode(s) completed. Highest severity is (WARNING).

               Total Memory =           49,500,080  bytes

            Cumulative Time in hours:minutes:seconds:
                   CPU Time =   0:00:00.36
               Elapsed Time =   0:00:00.46




-------------------------------------------------------------------------------
*                      Message Summary                                        *
-------------------------------------------------------------------------------
 Count  Number             First Instance of Message Text
------- ------             ------------------------------

  INFO Messages...
      1 INFO (TFW-117): Modus checked out a modus_atpg license.   
      1 INFO (TFW-119): Modus checked in a modus_atpg license.   
      1 INFO (THM-814): Testmode contains 91.09% active logic,  8.91% inactive logic and  0.00% constraint logic.    
      1 INFO (TTM-357): There are 44 scan chains which are controllable and observable.    
      1 INFO (TTM-387): A default scanop sequence will be generated.    
      1 INFO (TTM-391): A default modeinit sequence will be generated.    

  WARNING Messages...
      1 WARNING (TTM-347): There is less than 96 percent active logic in this test mode.  Global fault
      1 WARNING (TTM-809): Test mode SCAN has been created, WARNINGs have been generated -

 For a detailed explanation of a message and a suggested user response execute 'msgHelp <message id>'.  For example: msgHelp TDA-009

-------------------------------------------------------------------------------
INFO (TUI-772): The command 'build_faultmodel' will release the currently acquired resources. [end TUI_772] 

Starting Command: build_faultmodel 

INFO (TDA-015): Log File: /home/admin/DFT/SOCX/DFT/3_SCAN_WITH_ATPG_ANALYSIS_N_TPI/TOP_TP/testresults/logs/log_build_faultmodel_071126115840-832649000 [end TDA_015]

INFO (TFW-117): Modus checked out a modus_atpg license.  [end TFW_117] 
INFO (TFM-099): Build Fault Model started.  [end TFM_099] 
INFO (TFM-102): Creating faultModel file /home/admin/DFT/SOCX/DFT/3_SCAN_WITH_ATPG_ANALYSIS_N_TPI/TOP_TP/tbdata/faultModel.  [end TFM_102] 

Global Ignored Static Fault Count                10
Global Ignored Dynamic Fault Count                0


                            Global Statistics

                    ATCov  ----------------------- Global Faults --------------------------
                   Global        Total       Tested     Possibly    Redundant     Untested

Total Static         0.00       130766            0            0            0       130766
Collapsed Static     0.00       103637            0            0            0       103637
PI Static            0.00          100            0            0            0          100
PO Static            0.00           94            0            0            0           94

Total Dynamic                        0

Parametric        

IDDq                 0.00       130766            0                                 130766



INFO (TFM-103): Creating faultStatus file /home/admin/DFT/SOCX/DFT/3_SCAN_WITH_ATPG_ANALYSIS_N_TPI/TOP_TP/tbdata/faultStatus.  [end TFM_103] 

                           Testmode Statistics: SCAN

                 ---- ATCov ---- ------------------------ Testmode Faults ----------------------- ------------------------- Global Faults ------------------------
                 Testmode Global        Total       Tested     Possibly    Redundant     Untested        Total       Tested     Possibly    Redundant     Untested

Total Static         0.00   0.00       126235            0            0            0       126235       130766            0            0            0       130766
Collapsed Static     0.00   0.00        99176            0            0            0        99176       103637            0            0            0       103637
PI Static            0.00   0.00           97            0            0            0           97          100            0            0            0          100
PO Static            0.00   0.00           94            0            0            0           94           94            0            0            0           94

Total Dynamic                               0

Parametric        

IDDq                 0.00   0.00       130766            0                                 130766       130766            0                                 130766

Path                 0.00   0.00            0            0                                      0            0            0                                      0



INFO (TFM-704): Maximum Global Test Coverage Statistics: 

                  %Active      #Faults      #Active    #Inactive
Total Static        96.54       130766       126235         4531
Collapsed Static    95.70       103637        99176         4461
PI Static           97.00          100           97            3
PO Static          100.00           94           94            0

Total Dynamic                        0

Parametric        

There are 1 test mode(s) defined:
      SCAN

[end TFM_704]
INFO (TFM-109): Build Fault Model has completed with highest level severity message of INFO.  [end TFM_109] 

INFO (TDA-001): Maximum Memory used during the run and Cumulative Time in hours:minutes:seconds:

                  Total Memory =           47,087,888  bytes

                      CPU Time =    0:00:00.10
                  Elapsed Time =    0:00:00.15                    [end TDA_001]

     Date Ended:  Saturday Jul 11 11:58:41 2026  IST

INFO (TFW-119): Modus checked in a modus_atpg license.  [end TFW_119] 



-------------------------------------------------------------------------------
*                      Message Summary                                        *
-------------------------------------------------------------------------------
 Count  Number             First Instance of Message Text
------- ------             ------------------------------

  INFO Messages...
      1 INFO (TFM-099): Build Fault Model started.   
      1 INFO (TFM-102): Creating faultModel file /home/admin/DFT/SOCX/DFT/3_SCAN_WITH_ATPG_ANALYSIS_N_TPI/TOP_TP/tbdata/faultModel.   
      1 INFO (TFM-103): Creating faultStatus file /home/admin/DFT/SOCX/DFT/3_SCAN_WITH_ATPG_ANALYSIS_N_TPI/TOP_TP/tbdata/faultStatus.   
      1 INFO (TFM-109): Build Fault Model has completed with highest level severity message of INFO.   
      1 INFO (TFM-704): Maximum Global Test Coverage Statistics: 
      1 INFO (TFW-117): Modus checked out a modus_atpg license.   
      1 INFO (TFW-119): Modus checked in a modus_atpg license.   

 For a detailed explanation of a message and a suggested user response execute 'msgHelp <message id>'.  For example: msgHelp TDA-009

-------------------------------------------------------------------------------
#@ Begin verbose source TOP_TP/runmodus.atpg.tcl
@file(TOP_TP/runmodus.atpg.tcl) 13: set_db workdir TOP_TP;
@file(TOP_TP/runmodus.atpg.tcl) 14: set   WORKDIR [get_db workdir]
@file(TOP_TP/runmodus.atpg.tcl) 17: set_option stdout     all;                                     # Not printing output for each command to the terminal
@file(TOP_TP/runmodus.atpg.tcl) 19: set ::env(CDS_LIC_REPORT) yes
@file(TOP_TP/runmodus.atpg.tcl) 20: set_db stop_on_severity error;
@file(TOP_TP/runmodus.atpg.tcl) 25: verify_test_structures \
    -testmode	 SCAN \
 
Starting Command: verify_test_structures 

INFO (TDA-015): Log File: /home/admin/DFT/SOCX/DFT/3_SCAN_WITH_ATPG_ANALYSIS_N_TPI/TOP_TP/testresults/logs/log_verify_test_structures_SCAN_071126115842-121140000 [end TDA_015]

INFO (TSV-900): verify_test_structures processing has started Sat Jul 11 11:58:42 2026    [end TSV_900] 
INFO (TFW-117): Modus checked out a modus_atpg license.  [end TFW_117] 
------------------- verify_test_structures Process Preview ---------------------
  apply constraints ...................................... constraints=yes    
  Print 1 message per source of clock race ............... limitcisource=yes  
  Print 1 Message per capture of clock race .............. limitcicapture=yes 
  Check for mutually exclusive gating logic (MEG) ........ megraces=yes       
  Use raise message severity attributes if they exist .... raisemsgsev=no    
  Reporting options ...................................... report[option]=yes/no 
    Process Preview ......................................   preview=yes     
    Circuit Statistics ...................................   circuit=yes      
    Message Summary ......................................   summary=yes      
    Specific Messages ....................................   specific=yes     
    Tests Status .........................................   status=no       
    Output File Names and Size ...........................   filestats=yes    
    Display messages for cloaked objects .................   cloakedobj=no   
  Re-run verify_test_structures test(s) ................... reruntests=no     
  Use message suppression attributes if they exist ....... suppressmsg=no    
  Test selected .......................................... test[option]=yes/no 
    Analyze test clock control of memory elements ........   testclockusage=yes 
    Analyze three-state drivers for contention ...........   tsdcontention=yes 
    Analyze feedback loops and keeper devices ............   feedback=yes 
    Analyze clock choppers ...............................   clockchopper=yes 
    Analyze flip-flop and latch scan characteristics .....   latchusage=yes 
    Analyze explicit fixed value latches .................   explicitfvlatch=yes 
    Analyze potential clock signal races .................   clocksignalraces=yes 
    Analyze internal scan chains .........................   internalscanchains=yes 

--------------------Circuit Statistics--------------------

INFO (TLM-055): Design Summary
                --------------

Hierarchical Model:                  Flattened Model:
        187,152  Blocks                      98,733  Blocks
        582,110  Pins                        98,733  Nodes
        305,276  Nets

Primary Inputs:                      Primary Outputs:
         50  Input Only                        47  Output Only
          0  Input/Output                       0  Input/Output
         50  Total Inputs                      47  Total Outputs

Tied Nets:                           Dotted Nets:
      8,782  Tied to 0                          0  Two-State
      4,397  Tied to 1                          0  Three-State
          0  Tied to X                          0  Total Dotted Nets
     13,179  Total Tied Nets

Selected Primitive Functions:
          0  Clock Chopper (CHOP) primitives 
          0  RAMs
          0  ROMs
          0  TSDs
          0  Resistors
          0  Transistors
      8,720  MUX2s
          1  Latches


      4,397  Rising  Edge Flop w/Set-Dominant and Reset Port
      4,397  Total Flops

     13,910  Technology Library Cell Instances

[end TLM_055] 

Test Function Pin Information for Test Mode:  SCAN
-------------------------------------------

          3  SC    (System  Clock)             Pins
          0  PC    (P Shift Clock)             Pins
          2  EC    (E Shift Clock)             Pins

          0  OSC   (Oscillator)                Pins

          1  TI    (Test Inhibit)              Pins
          1  SE    (Scan Enable)               Pins
          0  CI    (Clock Isolation)           Pins
          0  OI    (Output Inhibit)            Pins

         44  SI    (Scan Input)                Pins
         44  SO    (Scan Output)               Pins

  Pin Index    Type Test Function                         Pin Name / Net Name
  ---------    ---- ----------------------------------    -------------------
          1      PI  -SC                                  RST_N / RST_N
          0      PI  -EC  -SC                             REF_CLK / REF_CLK
         48      PI  -EC  -SC                             UART_CLK / UART_CLK
         47      PI  +TI                                  TestMode / TestMode
          2      PI  +SE                                  ScanEnable / ScanEnable
          3      PI   SI                                  ScanIn_1 / ScanIn_1
         14      PI   SI1                                 ScanIn_2 / ScanIn_2
         25      PI   SI2                                 ScanIn_3 / ScanIn_3
         36      PI   SI3                                 ScanIn_4 / ScanIn_4
         42      PI   SI4                                 ScanIn_5 / ScanIn_5
         43      PI   SI5                                 ScanIn_6 / ScanIn_6
         44      PI   SI6                                 ScanIn_7 / ScanIn_7
         45      PI   SI7                                 ScanIn_8 / ScanIn_8
         46      PI   SI8                                 ScanIn_9 / ScanIn_9
          4      PI   SI9                                 ScanIn_10 / ScanIn_10
          5      PI   SI10                                ScanIn_11 / ScanIn_11
          6      PI   SI11                                ScanIn_12 / ScanIn_12
          7      PI   SI12                                ScanIn_13 / ScanIn_13
          8      PI   SI13                                ScanIn_14 / ScanIn_14
          9      PI   SI14                                ScanIn_15 / ScanIn_15
         10      PI   SI15                                ScanIn_16 / ScanIn_16
         11      PI   SI16                                ScanIn_17 / ScanIn_17
         12      PI   SI17                                ScanIn_18 / ScanIn_18
         13      PI   SI18                                ScanIn_19 / ScanIn_19
         15      PI   SI19                                ScanIn_20 / ScanIn_20
         16      PI   SI20                                ScanIn_21 / ScanIn_21
         17      PI   SI21                                ScanIn_22 / ScanIn_22
         18      PI   SI22                                ScanIn_23 / ScanIn_23
         19      PI   SI23                                ScanIn_24 / ScanIn_24
         20      PI   SI24                                ScanIn_25 / ScanIn_25
         21      PI   SI25                                ScanIn_26 / ScanIn_26
         22      PI   SI26                                ScanIn_27 / ScanIn_27
         23      PI   SI27                                ScanIn_28 / ScanIn_28
         24      PI   SI28                                ScanIn_29 / ScanIn_29
         26      PI   SI29                                ScanIn_30 / ScanIn_30
         27      PI   SI30                                ScanIn_31 / ScanIn_31
         28      PI   SI31                                ScanIn_32 / ScanIn_32
         29      PI   SI32                                ScanIn_33 / ScanIn_33
         30      PI   SI33                                ScanIn_34 / ScanIn_34
         31      PI   SI34                                ScanIn_35 / ScanIn_35
         32      PI   SI35                                ScanIn_36 / ScanIn_36
         33      PI   SI36                                ScanIn_37 / ScanIn_37
         34      PI   SI37                                ScanIn_38 / ScanIn_38
         35      PI   SI38                                ScanIn_39 / ScanIn_39
         37      PI   SI39                                ScanIn_40 / ScanIn_40
         38      PI   SI40                                ScanIn_41 / ScanIn_41
         39      PI   SI41                                ScanIn_42 / ScanIn_42
         40      PI   SI42                                ScanIn_43 / ScanIn_43
         41      PI   SI43                                ScanIn_44 / ScanIn_44
         50      PO   SO                                  ScanOut_1 / ScanOut_1
         61      PO   SO1                                 ScanOut_2 / ScanOut_2
         72      PO   SO2                                 ScanOut_3 / ScanOut_3
         83      PO   SO3                                 ScanOut_4 / ScanOut_4
         89      PO   SO4                                 ScanOut_5 / ScanOut_5
         90      PO   SO5                                 ScanOut_6 / ScanOut_6
         91      PO   SO6                                 ScanOut_7 / ScanOut_7
         92      PO   SO7                                 ScanOut_8 / ScanOut_8
         93      PO   SO8                                 ScanOut_9 / ScanOut_9
         51      PO   SO9                                 ScanOut_10 / ScanOut_10
         52      PO   SO10                                ScanOut_11 / ScanOut_11
         53      PO   SO11                                ScanOut_12 / ScanOut_12
         54      PO   SO12                                ScanOut_13 / ScanOut_13
         55      PO   SO13                                ScanOut_14 / ScanOut_14
         56      PO   SO14                                ScanOut_15 / ScanOut_15
         57      PO   SO15                                ScanOut_16 / ScanOut_16
         58      PO   SO16                                ScanOut_17 / ScanOut_17
         59      PO   SO17                                ScanOut_18 / ScanOut_18
         60      PO   SO18                                ScanOut_19 / ScanOut_19
         62      PO   SO19                                ScanOut_20 / ScanOut_20
         63      PO   SO20                                ScanOut_21 / ScanOut_21
         64      PO   SO21                                ScanOut_22 / ScanOut_22
         65      PO   SO22                                ScanOut_23 / ScanOut_23
         66      PO   SO23                                ScanOut_24 / ScanOut_24
         67      PO   SO24                                ScanOut_25 / ScanOut_25
         68      PO   SO25                                ScanOut_26 / ScanOut_26
         69      PO   SO26                                ScanOut_27 / ScanOut_27
         70      PO   SO27                                ScanOut_28 / ScanOut_28
         71      PO   SO28                                ScanOut_29 / ScanOut_29
         73      PO   SO29                                ScanOut_30 / ScanOut_30
         74      PO   SO30                                ScanOut_31 / ScanOut_31
         75      PO   SO31                                ScanOut_32 / ScanOut_32
         76      PO   SO32                                ScanOut_33 / ScanOut_33
         77      PO   SO33                                ScanOut_34 / ScanOut_34
         78      PO   SO34                                ScanOut_35 / ScanOut_35
         79      PO   SO35                                ScanOut_36 / ScanOut_36
         80      PO   SO36                                ScanOut_37 / ScanOut_37
         81      PO   SO37                                ScanOut_38 / ScanOut_38
         82      PO   SO38                                ScanOut_39 / ScanOut_39
         84      PO   SO39                                ScanOut_40 / ScanOut_40
         85      PO   SO40                                ScanOut_41 / ScanOut_41
         86      PO   SO41                                ScanOut_42 / ScanOut_42
         87      PO   SO42                                ScanOut_43 / ScanOut_43
         88      PO   SO43                                ScanOut_44 / ScanOut_44

  
   Analyze test clocks' control of memory elements    

Analyze test clocks' control of memory elements process has completed.
                             CPU time =  0:00:00.01  Elapsed time =  0:00:00.03
  
   Analyze three-state drivers for contention 

Analyze three-state drivers for contention process has completed.
                             CPU time =  0:00:00.00  Elapsed time =  0:00:00.02
  
   Analyze feedback loops and keeper devices          

Analyze feedback loops and keeper devices process has completed.
                             CPU time =  0:00:00.00  Elapsed time =  0:00:00.02
  
   Analyze clock choppers                             

Analyze clock choppers process has completed.
                             CPU time =  0:00:00.03  Elapsed time =  0:00:00.07
  
   Analyze flip-flop and latch scan characteristics   
INFO (TSV-068): The length of the longest scan chain is 101 bit positions, which is 101% of the average scan chain length 100 (based on 4397 total scan chain bits and 44 valid scan chains).   [end TSV_068] 
INFO (TSV-378): Scan chain beginning at 'pin ScanIn_1' and ending at 'pin ScanOut_1' is controllable and observable. The length of the scan chain is 101 bit positions.   [end TSV_378] 
INFO (TSV-378): Scan chain beginning at 'pin ScanIn_2' and ending at 'pin ScanOut_2' is controllable and observable. The length of the scan chain is 95 bit positions.   [end TSV_378] 
INFO (TSV-378): Scan chain beginning at 'pin ScanIn_3' and ending at 'pin ScanOut_3' is controllable and observable. The length of the scan chain is 101 bit positions.   [end TSV_378] 
INFO (TSV-378): Scan chain beginning at 'pin ScanIn_4' and ending at 'pin ScanOut_4' is controllable and observable. The length of the scan chain is 100 bit positions.   [end TSV_378] 
INFO (TSV-378): Scan chain beginning at 'pin ScanIn_5' and ending at 'pin ScanOut_5' is controllable and observable. The length of the scan chain is 100 bit positions.   [end TSV_378] 
INFO (TSV-378): Scan chain beginning at 'pin ScanIn_6' and ending at 'pin ScanOut_6' is controllable and observable. The length of the scan chain is 100 bit positions.   [end TSV_378] 
INFO (TSV-378): Scan chain beginning at 'pin ScanIn_7' and ending at 'pin ScanOut_7' is controllable and observable. The length of the scan chain is 100 bit positions.   [end TSV_378] 
INFO (TSV-378): Scan chain beginning at 'pin ScanIn_8' and ending at 'pin ScanOut_8' is controllable and observable. The length of the scan chain is 100 bit positions.   [end TSV_378] 
INFO (TSV-378): Scan chain beginning at 'pin ScanIn_9' and ending at 'pin ScanOut_9' is controllable and observable. The length of the scan chain is 100 bit positions.   [end TSV_378] 
INFO (TSV-378): Scan chain beginning at 'pin ScanIn_10' and ending at 'pin ScanOut_10' is controllable and observable. The length of the scan chain is 100 bit positions.   [end TSV_378] 
INFO (TSV-378): Scan chain beginning at 'pin ScanIn_11' and ending at 'pin ScanOut_11' is controllable and observable. The length of the scan chain is 100 bit positions.   [end TSV_378] 
INFO (TSV-378): Scan chain beginning at 'pin ScanIn_12' and ending at 'pin ScanOut_12' is controllable and observable. The length of the scan chain is 100 bit positions.   [end TSV_378] 
INFO (TSV-378): Scan chain beginning at 'pin ScanIn_13' and ending at 'pin ScanOut_13' is controllable and observable. The length of the scan chain is 100 bit positions.   [end TSV_378] 
INFO (TSV-378): Scan chain beginning at 'pin ScanIn_14' and ending at 'pin ScanOut_14' is controllable and observable. The length of the scan chain is 100 bit positions.   [end TSV_378] 
INFO (TSV-378): Scan chain beginning at 'pin ScanIn_15' and ending at 'pin ScanOut_15' is controllable and observable. The length of the scan chain is 100 bit positions.   [end TSV_378] 
INFO (TSV-378): Scan chain beginning at 'pin ScanIn_16' and ending at 'pin ScanOut_16' is controllable and observable. The length of the scan chain is 100 bit positions.   [end TSV_378] 
INFO (TSV-378): Scan chain beginning at 'pin ScanIn_17' and ending at 'pin ScanOut_17' is controllable and observable. The length of the scan chain is 100 bit positions.   [end TSV_378] 
INFO (TSV-378): Scan chain beginning at 'pin ScanIn_18' and ending at 'pin ScanOut_18' is controllable and observable. The length of the scan chain is 100 bit positions.   [end TSV_378] 
INFO (TSV-378): Scan chain beginning at 'pin ScanIn_19' and ending at 'pin ScanOut_19' is controllable and observable. The length of the scan chain is 100 bit positions.   [end TSV_378] 
INFO (TSV-378): Scan chain beginning at 'pin ScanIn_20' and ending at 'pin ScanOut_20' is controllable and observable. The length of the scan chain is 100 bit positions.   [end TSV_378] 
INFO (TSV-378): Scan chain beginning at 'pin ScanIn_21' and ending at 'pin ScanOut_21' is controllable and observable. The length of the scan chain is 100 bit positions.   [end TSV_378] 
INFO (TSV-378): Scan chain beginning at 'pin ScanIn_22' and ending at 'pin ScanOut_22' is controllable and observable. The length of the scan chain is 100 bit positions.   [end TSV_378] 
INFO (TSV-378): Scan chain beginning at 'pin ScanIn_23' and ending at 'pin ScanOut_23' is controllable and observable. The length of the scan chain is 100 bit positions.   [end TSV_378] 
INFO (TSV-378): Scan chain beginning at 'pin ScanIn_24' and ending at 'pin ScanOut_24' is controllable and observable. The length of the scan chain is 100 bit positions.   [end TSV_378] 
INFO (TSV-378): Scan chain beginning at 'pin ScanIn_25' and ending at 'pin ScanOut_25' is controllable and observable. The length of the scan chain is 100 bit positions.   [end TSV_378] 
INFO (TSV-378): Scan chain beginning at 'pin ScanIn_26' and ending at 'pin ScanOut_26' is controllable and observable. The length of the scan chain is 100 bit positions.   [end TSV_378] 
INFO (TSV-378): Scan chain beginning at 'pin ScanIn_27' and ending at 'pin ScanOut_27' is controllable and observable. The length of the scan chain is 100 bit positions.   [end TSV_378] 
INFO (TSV-378): Scan chain beginning at 'pin ScanIn_28' and ending at 'pin ScanOut_28' is controllable and observable. The length of the scan chain is 100 bit positions.   [end TSV_378] 
INFO (TSV-378): Scan chain beginning at 'pin ScanIn_29' and ending at 'pin ScanOut_29' is controllable and observable. The length of the scan chain is 100 bit positions.   [end TSV_378] 
INFO (TSV-378): Scan chain beginning at 'pin ScanIn_30' and ending at 'pin ScanOut_30' is controllable and observable. The length of the scan chain is 100 bit positions.   [end TSV_378] 
INFO (TSV-378): Scan chain beginning at 'pin ScanIn_31' and ending at 'pin ScanOut_31' is controllable and observable. The length of the scan chain is 100 bit positions.   [end TSV_378] 
INFO (TSV-378): Scan chain beginning at 'pin ScanIn_32' and ending at 'pin ScanOut_32' is controllable and observable. The length of the scan chain is 100 bit positions.   [end TSV_378] 
INFO (TSV-378): Scan chain beginning at 'pin ScanIn_33' and ending at 'pin ScanOut_33' is controllable and observable. The length of the scan chain is 100 bit positions.   [end TSV_378] 
INFO (TSV-378): Scan chain beginning at 'pin ScanIn_34' and ending at 'pin ScanOut_34' is controllable and observable. The length of the scan chain is 100 bit positions.   [end TSV_378] 
INFO (TSV-378): Scan chain beginning at 'pin ScanIn_35' and ending at 'pin ScanOut_35' is controllable and observable. The length of the scan chain is 100 bit positions.   [end TSV_378] 
INFO (TSV-378): Scan chain beginning at 'pin ScanIn_36' and ending at 'pin ScanOut_36' is controllable and observable. The length of the scan chain is 100 bit positions.   [end TSV_378] 
INFO (TSV-378): Scan chain beginning at 'pin ScanIn_37' and ending at 'pin ScanOut_37' is controllable and observable. The length of the scan chain is 100 bit positions.   [end TSV_378] 
INFO (TSV-378): Scan chain beginning at 'pin ScanIn_38' and ending at 'pin ScanOut_38' is controllable and observable. The length of the scan chain is 100 bit positions.   [end TSV_378] 
INFO (TSV-378): Scan chain beginning at 'pin ScanIn_39' and ending at 'pin ScanOut_39' is controllable and observable. The length of the scan chain is 100 bit positions.   [end TSV_378] 
INFO (TSV-378): Scan chain beginning at 'pin ScanIn_40' and ending at 'pin ScanOut_40' is controllable and observable. The length of the scan chain is 100 bit positions.   [end TSV_378] 
INFO (TSV-378): Scan chain beginning at 'pin ScanIn_41' and ending at 'pin ScanOut_41' is controllable and observable. The length of the scan chain is 100 bit positions.   [end TSV_378] 
INFO (TSV-378): Scan chain beginning at 'pin ScanIn_42' and ending at 'pin ScanOut_42' is controllable and observable. The length of the scan chain is 100 bit positions.   [end TSV_378] 
INFO (TSV-378): Scan chain beginning at 'pin ScanIn_43' and ending at 'pin ScanOut_43' is controllable and observable. The length of the scan chain is 100 bit positions.   [end TSV_378] 
INFO (TSV-378): Scan chain beginning at 'pin ScanIn_44' and ending at 'pin ScanOut_44' is controllable and observable. The length of the scan chain is 100 bit positions.   [end TSV_378] 
INFO (TSV-567): There are 44 controllable scan chains fed by Scan In (SI) primary inputs.   [end TSV_567] 
INFO (TSV-568): There are 44 observable scan chains feeding to Scan Out (SO) primary outputs.   [end TSV_568] 
INFO (TSV-569): There are 0 controllable scan chains fed by on-product Pattern Generator(s).   [end TSV_569] 
INFO (TSV-570): There are 0 observable scan chains feeding to on-product Multiple-Input Signature Register (MISRs).   [end TSV_570] 
WARNING (TSV-390): There are 1 inactive (non-scan) latches.   [end TSV_390] 

Analyze flip-flop and latch scan characteristics process has completed.
                             CPU time =  0:00:00.01  Elapsed time =  0:00:00.03
  
   Analyze explicit fixed value latches 

Analyze explicit fixed value latches process has completed.
                             CPU time =  0:00:00.00  Elapsed time =  0:00:00.02
  
   Analyze potential clock signal races               
   Check for mutually exclusive gating logic (MEG)    

Analyze potential clock signal races process has completed.
                             CPU time =  0:00:00.06  Elapsed time =  0:00:00.08
  
   Analyze internal scan chains 

Analyze channel inputs for validity process has completed.
                             CPU time =  0:00:00.00  Elapsed time =  0:00:00.02

--------------------File Information----------------------
          57344 /home/admin/DFT/SOCX/DFT/3_SCAN_WITH_ATPG_ANALYSIS_N_TPI/TOP_TP/tbdata/TSVmessageFile.SCAN 

INFO (TSV-908): verify_test_structures processing complete.   [end TSV_908] 
INFO (TFW-119): Modus checked in a modus_atpg license.  [end TFW_119] 

INFO (TDA-001): Maximum Memory used during the run and Cumulative Time in hours:minutes:seconds:

                  Total Memory =           27,664,688  bytes

                      CPU Time =    0:00:00.17
                  Elapsed Time =    0:00:00.43                    [end TDA_001]

     Date Ended:  Saturday Jul 11 11:58:42 2026  IST




-------------------------------------------------------------------------------
*                      Message Summary                                        *
-------------------------------------------------------------------------------
 Count  Number             First Instance of Message Text
------- ------             ------------------------------

  INFO Messages...
      1 INFO (TFW-117): Modus checked out a modus_atpg license.   
      1 INFO (TFW-119): Modus checked in a modus_atpg license.   
      1 INFO (TLM-055): Design Summary
      1 INFO (TSV-068): The length of the longest scan chain is 101 bit positions, which is 101% of the average scan chain length 100 (based on 4397 total scan chain bits and 44 valid scan chains).    
     44 INFO (TSV-378): Scan chain beginning at 'pin ScanIn_1' and ending at 'pin ScanOut_1' is controllable and observable. The length of the scan chain is 101 bit positions.    
      1 INFO (TSV-567): There are 44 controllable scan chains fed by Scan In (SI) primary inputs.    
      1 INFO (TSV-568): There are 44 observable scan chains feeding to Scan Out (SO) primary outputs.    
      1 INFO (TSV-569): There are 0 controllable scan chains fed by on-product Pattern Generator(s).    
      1 INFO (TSV-570): There are 0 observable scan chains feeding to on-product Multiple-Input Signature Register (MISRs).    
      1 INFO (TSV-900): verify_test_structures processing has started Sat Jul 11 11:58:42 2026     
      1 INFO (TSV-908): verify_test_structures processing complete.    

  WARNING Messages...
      1 WARNING (TSV-390): There are 1 inactive (non-scan) latches.    

 For a detailed explanation of a message and a suggested user response execute 'msgHelp <message id>'.  For example: msgHelp TDA-009

-------------------------------------------------------------------------------
@file(TOP_TP/runmodus.atpg.tcl) 32: analyze_testability \
    -testmode	 SCAN \
  -faultsample 20 \


Starting Command: analyze_testability 

INFO (TDA-015): Log File: /home/admin/DFT/SOCX/DFT/3_SCAN_WITH_ATPG_ANALYSIS_N_TPI/TOP_TP/testresults/logs/log_analyze_testability_SCAN_071126115843-636447000 [end TDA_015]



WARNING (TTC-018): verify_test_structures issued Warning messages related to Stored Pattern tests.  Poor test coverage may result.  [end TTC_018] 
INFO (TFW-117): Modus checked out a modus_atpg license.  [end TFW_117] 
****************************************************************************************************
Coverage Definitions:
 #Faults  : Number of Active Faults (observable).
 #Tested  : Number of Active Faults marked tested.
 #Possibly: Number of Active Faults marked possibly tested
            (good value is 0 or 1; fault value is X).
 #Redund  : Number of Active Faults untestable due to redundancy.
 #Untested: Number of Active Faults untested.
 %TCov  (%Test Coverage)                      : #Tested / #Faults
 %ATCov (%Adjusted TCov)                      : #Tested / (#Faults-#Redund)
****************************************************************************************************
****************************************************************************************************
                           Testmode Statistics: SCAN

                           #Faults      #Tested    #Possibly      #Redund    #Untested  %TCov %ATCov
Total Static                 25247            0            0            0        25247   0.00   0.00

                            Global Statistics

                           #Faults      #Tested    #Possibly      #Redund    #Untested  %TCov %ATCov
Total Static                130766            0            0            0       130766   0.00   0.00
****************************************************************************************************

*************************************************************************************************************
INFO (TTC-110): Starting Scan Test generation                                                   [end TTC_110] 

INFO (TDA-220):   --- Tests ---   Faults     ---- ATCov ----   -- Faults --   - Elapsed Time -  [end TDA_220] 
INFO (TDA-220):    Sim.    Eff.  Detected    Tmode    Global     Untested                       [end TDA_220] 
INFO (TDA-220):      0       0       7098    28.11%    5.43%        18149           00:00.17    [end TDA_220] 
INFO (TTC-110): Ending Scan Test generation                                                     [end TTC_110] 
*************************************************************************************************************

*************************************************************************************************************
INFO (TTC-110): Starting Static Logic Test generation                                           [end TTC_110] 

INFO (TDA-220):   --- Tests ---   Faults     ---- ATCov ----   -- Faults --   - Elapsed Time -  [end TDA_220] 
INFO (TDA-220):    Sim.    Eff.  Detected    Tmode    Global     Untested                       [end TDA_220] 
INFO (TDA-220):     16      16        872    31.57%    6.09%        17277           00:00.69    [end TDA_220] 
INFO (TDA-220):     32      32        305    32.78%    6.33%        16972           00:00.74    [end TDA_220] 
INFO (TDA-220):     48      48       6489    58.48%   11.29%        10483           00:00.78    [end TDA_220] 
INFO (TDA-220):     64      64        217    59.34%   11.46%        10266           00:00.80    [end TDA_220] 
INFO (TDA-220):     80      80        304    60.54%   11.69%         9962           00:00.83    [end TDA_220] 
INFO (TDA-220):     96      96        221    61.42%   11.86%         9741           00:00.86    [end TDA_220] 
INFO (TDA-220):    112     112        186    62.15%   12.00%         9555           00:00.89    [end TDA_220] 
INFO (TDA-220):    128     128        227    63.05%   12.17%         9328           00:00.91    [end TDA_220] 
INFO (TDA-220):    144     144        192    63.81%   12.32%         9136           00:00.94    [end TDA_220] 
INFO (TDA-220):    160     160        176    64.51%   12.46%         8960           00:00.97    [end TDA_220] 
INFO (TDA-220):    176     176        159    65.14%   12.58%         8801           00:01.00    [end TDA_220] 
INFO (TDA-220):    192     192        184    65.87%   12.72%         8617           00:01.02    [end TDA_220] 
INFO (TDA-220):    208     208        202    66.67%   12.87%         8415           00:01.06    [end TDA_220] 
INFO (TDA-220):    224     224        161    67.31%   12.99%         8254           00:01.08    [end TDA_220] 
INFO (TDA-220):    240     240        159    67.94%   13.12%         8095           00:01.11    [end TDA_220] 
INFO (TDA-220):    256     256        158    68.56%   13.24%         7937           00:01.14    [end TDA_220] 
INFO (TDA-220):    272     272        146    69.14%   13.35%         7791           00:01.17    [end TDA_220] 
INFO (TDA-220):    288     288        150    69.74%   13.46%         7641           00:01.20    [end TDA_220] 
INFO (TDA-220):    304     304        145    70.31%   13.57%         7496           00:01.22    [end TDA_220] 
INFO (TDA-220):    320     320        203    71.11%   13.73%         7293           00:01.25    [end TDA_220] 
INFO (TDA-220):    336     336        162    71.76%   13.85%         7131           00:01.28    [end TDA_220] 
INFO (TDA-220):    352     352        190    72.51%   14.00%         6941           00:01.30    [end TDA_220] 
INFO (TDA-220):    368     368        140    73.06%   14.11%         6801           00:01.33    [end TDA_220] 
INFO (TDA-220):    384     384         87    73.41%   14.17%         6714           00:01.35    [end TDA_220] 
INFO (TDA-220):    400     400        152    74.01%   14.29%         6562           00:01.37    [end TDA_220] 
INFO (TDA-220):    416     416         83    74.34%   14.35%         6479           00:01.40    [end TDA_220] 
INFO (TDA-220):    432     432        130    74.85%   14.45%         6349           00:01.42    [end TDA_220] 
INFO (TDA-220):    448     448        126    75.35%   14.55%         6223           00:01.45    [end TDA_220] 
INFO (TDA-220):    464     464        143    75.92%   14.66%         6080           00:01.47    [end TDA_220] 
INFO (TDA-220):    480     480         88    76.27%   14.72%         5992           00:01.50    [end TDA_220] 
INFO (TDA-220):    496     496         67    76.53%   14.78%         5925           00:01.52    [end TDA_220] 
INFO (TDA-220):    512     512        150    77.13%   14.89%         5775           00:01.54    [end TDA_220] 
INFO (TDA-220):    528     528         52    77.33%   14.93%         5723           00:01.57    [end TDA_220] 
INFO (TDA-220):    544     544         55    77.55%   14.97%         5668           00:01.60    [end TDA_220] 
INFO (TDA-220):    560     560        165    78.20%   15.10%         5503           00:01.62    [end TDA_220] 
INFO (TDA-220):    576     576         74    78.50%   15.16%         5429           00:01.64    [end TDA_220] 
INFO (TDA-220):    592     592        134    79.03%   15.26%         5295           00:01.67    [end TDA_220] 
INFO (TDA-220):    608     608         70    79.30%   15.31%         5225           00:01.69    [end TDA_220] 
INFO (TDA-220):    624     624        140    79.86%   15.42%         5085           00:01.72    [end TDA_220] 
INFO (TDA-220):    640     640         57    80.08%   15.46%         5028           00:01.75    [end TDA_220] 
INFO (TDA-220):    656     656        141    80.64%   15.57%         4887           00:01.77    [end TDA_220] 
INFO (TDA-220):    672     672         56    80.87%   15.61%         4831           00:01.80    [end TDA_220] 
INFO (TDA-220):    688     688         82    81.19%   15.68%         4749           00:01.82    [end TDA_220] 
INFO (TDA-220):    704     704         63    81.44%   15.72%         4686           00:01.85    [end TDA_220] 
INFO (TDA-220):    720     720        109    81.87%   15.81%         4577           00:01.87    [end TDA_220] 
INFO (TDA-220):    736     736         47    82.06%   15.84%         4530           00:01.89    [end TDA_220] 
INFO (TDA-220):    752     752        150    82.65%   15.96%         4380           00:01.92    [end TDA_220] 
INFO (TDA-220):    768     768         43    82.82%   15.99%         4337           00:01.94    [end TDA_220] 
INFO (TDA-220):    784     784        107    83.25%   16.07%         4230           00:01.97    [end TDA_220] 
INFO (TDA-220):    800     800         68    83.51%   16.12%         4162           00:01.99    [end TDA_220] 
INFO (TDA-220):    816     816         55    83.73%   16.17%         4107           00:02.02    [end TDA_220] 
INFO (TDA-220):    832     832         76    84.03%   16.22%         4031           00:02.04    [end TDA_220] 
INFO (TDA-220):    848     848        148    84.62%   16.34%         3883           00:02.07    [end TDA_220] 
INFO (TDA-220):    864     864         52    84.83%   16.38%         3831           00:02.09    [end TDA_220] 
INFO (TDA-220):    880     880         93    85.19%   16.45%         3738           00:02.12    [end TDA_220] 
INFO (TDA-220):    896     896         54    85.41%   16.49%         3684           00:02.14    [end TDA_220] 
INFO (TDA-220):    912     912        135    85.94%   16.59%         3549           00:02.17    [end TDA_220] 
INFO (TDA-220):    928     928         47    86.13%   16.63%         3502           00:02.19    [end TDA_220] 
INFO (TDA-220):    944     944        101    86.53%   16.71%         3401           00:02.23    [end TDA_220] 
INFO (TDA-220):    960     960         67    86.79%   16.76%         3334           00:02.25    [end TDA_220] 
INFO (TDA-220):    976     976         51    87.00%   16.80%         3283           00:02.29    [end TDA_220] 
INFO (TDA-220):    992     992        185    87.73%   16.94%         3098           00:02.30    [end TDA_220] 
INFO (TDA-220):   1008    1008         86    88.07%   17.00%         3012           00:02.33    [end TDA_220] 
INFO (TDA-220):   1024    1024         50    88.27%   17.04%         2962           00:02.35    [end TDA_220] 
INFO (TDA-220):   1040    1040         55    88.49%   17.08%         2907           00:02.38    [end TDA_220] 
INFO (TDA-220):   1056    1056        112    88.93%   17.17%         2795           00:02.39    [end TDA_220] 
INFO (TDA-220):   1072    1072         81    89.25%   17.23%         2713           00:02.42    [end TDA_220] 
INFO (TDA-220):   1088    1088         53    89.46%   17.27%         2660           00:02.43    [end TDA_220] 
INFO (TDA-220):   1104    1104         37    89.61%   17.30%         2623           00:02.46    [end TDA_220] 
INFO (TDA-220):   1120    1120        141    90.17%   17.41%         2482           00:02.48    [end TDA_220] 
INFO (TDA-220):   1136    1135         42    90.34%   17.44%         2440           00:02.50    [end TDA_220] 
INFO (TDA-220):   1152    1151         93    90.70%   17.51%         2347           00:02.53    [end TDA_220] 
INFO (TDA-220):   1168    1167         39    90.86%   17.54%         2308           00:02.55    [end TDA_220] 
INFO (TDA-220):   1184    1183        119    91.33%   17.63%         2189           00:02.57    [end TDA_220] 
INFO (TDA-220):   1200    1199         80    91.65%   17.69%         2109           00:02.60    [end TDA_220] 
INFO (TDA-220):   1216    1215         58    91.88%   17.74%         2051           00:02.61    [end TDA_220] 
INFO (TDA-220):   1232    1231         71    92.16%   17.79%         1980           00:02.64    [end TDA_220] 
INFO (TDA-220):   1248    1247        181    92.87%   17.93%         1799           00:02.65    [end TDA_220] 
INFO (TDA-220):   1264    1263        146    93.45%   18.04%         1653           00:02.66    [end TDA_220] 
INFO (TDA-220):   1280    1279         77    93.76%   18.10%         1576           00:02.66    [end TDA_220] 
INFO (TDA-220):   1296    1295         48    93.95%   18.14%         1528           00:02.68    [end TDA_220] 
INFO (TDA-220):   1312    1311         50    94.15%   18.18%         1478           00:02.69    [end TDA_220] 
INFO (TDA-220):   1328    1327         51    94.35%   18.22%         1427           00:02.70    [end TDA_220] 
INFO (TDA-220):   1344    1343         53    94.56%   18.26%         1374           00:02.71    [end TDA_220] 
INFO (TDA-220):   1360    1359         49    94.75%   18.29%         1325           00:02.72    [end TDA_220] 
INFO (TDA-220):   1376    1374         62    95.00%   18.34%         1263           00:02.73    [end TDA_220] 
INFO (TDA-220):   1392    1390         50    95.20%   18.38%         1213           00:02.74    [end TDA_220] 
INFO (TDA-220):   1408    1406         42    95.36%   18.41%         1171           00:02.75    [end TDA_220] 
INFO (TDA-220):   1424    1422         76    95.66%   18.47%         1095           00:02.76    [end TDA_220] 
INFO (TDA-220):   1440    1438         68    95.93%   18.52%         1027           00:02.77    [end TDA_220] 
INFO (TDA-220):   1456    1454         55    96.15%   18.56%          972           00:02.77    [end TDA_220] 
INFO (TDA-220):   1472    1470         69    96.42%   18.62%          903           00:02.78    [end TDA_220] 
INFO (TDA-220):   1488    1486         56    96.65%   18.66%          847           00:02.79    [end TDA_220] 
INFO (TDA-220):   1504    1502         43    96.82%   18.69%          804           00:02.79    [end TDA_220] 
INFO (TDA-220):   1520    1518         42    96.98%   18.72%          762           00:02.81    [end TDA_220] 
INFO (TDA-220):   1536    1534         39    97.14%   18.75%          723           00:02.81    [end TDA_220] 
INFO (TDA-220):   1552    1550         41    97.30%   18.78%          682           00:02.82    [end TDA_220] 
INFO (TDA-220):   1568    1566         47    97.48%   18.82%          635           00:02.83    [end TDA_220] 
INFO (TDA-220):   1584    1582         45    97.66%   18.86%          590           00:02.84    [end TDA_220] 
INFO (TDA-220):   1600    1598         40    97.82%   18.89%          550           00:02.85    [end TDA_220] 
INFO (TDA-220):   1616    1614         41    97.98%   18.92%          509           00:02.86    [end TDA_220] 
INFO (TDA-220):   1632    1630         30    98.10%   18.94%          479           00:02.87    [end TDA_220] 
INFO (TDA-220):   1648    1646         40    98.26%   18.97%          439           00:02.88    [end TDA_220] 
INFO (TDA-220):   1664    1662         27    98.37%   18.99%          412           00:02.89    [end TDA_220] 
INFO (TDA-220):   1680    1678         29    98.48%   19.01%          383           00:02.90    [end TDA_220] 
INFO (TDA-220):   1696    1693         28    98.59%   19.03%          355           00:02.91    [end TDA_220] 
INFO (TDA-220):   1712    1709         29    98.71%   19.06%          326           00:02.92    [end TDA_220] 
INFO (TDA-220):   1728    1725         30    98.83%   19.08%          296           00:02.92    [end TDA_220] 
INFO (TDA-220):   1744    1741         38    98.98%   19.11%          258           00:02.93    [end TDA_220] 
INFO (TDA-220):   1760    1757         28    99.09%   19.13%          230           00:02.94    [end TDA_220] 
INFO (TDA-220):   1776    1773         24    99.18%   19.15%          206           00:02.95    [end TDA_220] 
INFO (TDA-220):   1792    1789         23    99.28%   19.17%          183           00:02.96    [end TDA_220] 
INFO (TDA-220):   1808    1805         22    99.36%   19.18%          161           00:02.97    [end TDA_220] 
INFO (TDA-220):   1824    1821         19    99.44%   19.20%          142           00:02.97    [end TDA_220] 
INFO (TDA-220):   1840    1837         22    99.52%   19.21%          120           00:02.98    [end TDA_220] 
INFO (TDA-220):   1856    1853         32    99.65%   19.24%           88           00:02.99    [end TDA_220] 
INFO (TDA-220):   1872    1869         18    99.72%   19.25%           70           00:03.00    [end TDA_220] 
INFO (TDA-220):   1888    1885         17    99.79%   19.27%           53           00:03.01    [end TDA_220] 
INFO (TDA-220):   1904    1901         18    99.86%   19.28%           35           00:03.02    [end TDA_220] 
INFO (TDA-220):   1916    1912         12    99.91%   19.29%           23           00:03.03    [end TDA_220] 
INFO (TDA-220):   1925    1921         11    99.95%   19.30%           12           00:03.03    [end TDA_220] 
INFO (TDA-221):   1925    1921          0    99.95%   19.30%           12           00:03.03    [end TDA_221] 
INFO (TDA-220):   1926    1922          1    99.96%   19.30%           11           00:03.06    [end TDA_220] 
INFO (TDA-220):   1926    1922          0    99.99%   19.30%            0           00:03.18    [end TDA_220] 
INFO (TTC-110): Ending Static Logic Test generation - processing limit reached                  [end TTC_110] 
*************************************************************************************************************

****************************************************************************************************
                           Testmode Statistics: SCAN

                           #Faults      #Tested    #Possibly      #Redund    #Untested  %TCov %ATCov
Total Static                 25247        25235            0           12            0  99.95 100.00

                            Global Statistics

                           #Faults      #Tested    #Possibly      #Redund    #Untested  %TCov %ATCov
Total Static                130766        25235            0           12       105519  19.30  19.30
****************************************************************************************************

(I) File(s) generated (bytes and name):

         495616 /home/admin/DFT/SOCX/DFT/3_SCAN_WITH_ATPG_ANALYSIS_N_TPI/TOP_TP/tbdata/faultStatus.SCAN.TFA

INFO (TDA-001): Maximum Memory used during the run and Cumulative Time in hours:minutes:seconds:

                  Total Memory =           33,611,472  bytes

                      CPU Time =    0:00:02.99
                  Elapsed Time =    0:00:03.22                    [end TDA_001]

     Date Ended:  Saturday Jul 11 11:58:46 2026  IST

INFO (TFW-119): Modus checked in a modus_atpg license.  [end TFW_119] 



-------------------------------------------------------------------------------
*                      Message Summary                                        *
-------------------------------------------------------------------------------
 Count  Number             First Instance of Message Text
------- ------             ------------------------------

  INFO Messages...
    128 INFO (TDA-220):   --- Tests ---   Faults     ---- ATCov ----   -- Faults --   - Elapsed Time -   
      1 INFO (TDA-221):   1925    1921          0    99.95%   19.30%           12           00:03.03     
      1 INFO (TFW-117): Modus checked out a modus_atpg license.   
      1 INFO (TFW-119): Modus checked in a modus_atpg license.   
      4 INFO (TTC-110): Starting Scan Test generation                                                    

  WARNING Messages...
      1 WARNING (TTC-018): verify_test_structures issued Warning messages related to Stored Pattern tests.  Poor test coverage may result.   

 For a detailed explanation of a message and a suggested user response execute 'msgHelp <message id>'.  For example: msgHelp TDA-009

-------------------------------------------------------------------------------
#@ End verbose source TOP_TP/runmodus.atpg.tcl
