============================================================
  Generated by:           Genus(TM) Synthesis Solution 25.10-p002_1
  Generated on:           Jul 01 2026  05:01:25 pm
  Operating conditions:   slow (balanced_tree)
  Wireload mode:          enclosed
  Area mode:              timing library
============================================================

                                      
   Gate    Instances   Area   Library 
--------------------------------------
ADDFX1            62  318.060    slow 
ADDHX1             3   11.286    slow 
AND2X1            62   84.816    slow 
AND2XL             9   12.312    slow 
AND3XL             2    4.104    slow 
AO22XL             2    5.472    slow 
AOI211XL          13   26.676    slow 
AOI21X1           28   47.880    slow 
AOI21XL            4    6.840    slow 
AOI221X1          37   88.578    slow 
AOI222X1          10   30.780    slow 
AOI22X1           86  176.472    slow 
AOI22XL           20   41.040    slow 
AOI2BB1X1          2    4.104    slow 
AOI31X1            6   12.312    slow 
AOI32X1            4    9.576    slow 
AOI33XL            2    4.788    slow 
CLKXOR2X1          4   10.944    slow 
DFFRHQX1          91  560.196    slow 
DFFRX1            18  123.120    slow 
DFFSHQX1           4   25.992    slow 
INVX1             96   65.664    slow 
INVXL              3    2.052    slow 
MX2X1             18   43.092    slow 
MX2XL              3    7.182    slow 
MXI2XL            12   28.728    slow 
NAND2BX1          59   80.712    slow 
NAND2BXL           6    8.208    slow 
NAND2X1          113  115.938    slow 
NAND2XL            4    4.104    slow 
NAND3BXL          10   17.100    slow 
NAND3X1            3    5.130    slow 
NAND4BBXL          2    6.156    slow 
NAND4BX1           2    4.788    slow 
NAND4XL           24   41.040    slow 
NOR2BX1           56   76.608    slow 
NOR2X1           105  107.730    slow 
NOR2XL             4    4.104    slow 
NOR3BX1            1    2.052    slow 
NOR3BXL            2    4.104    slow 
NOR3X1             1    1.710    slow 
NOR3XL             5    8.550    slow 
NOR4BBX1           4   10.944    slow 
NOR4BX1            4    9.576    slow 
NOR4X1             9   15.390    slow 
OA21X1             7   14.364    slow 
OA22X1             2    4.788    slow 
OAI211X1          25   42.750    slow 
OAI21X1           21   35.910    slow 
OAI21XL            1    1.710    slow 
OAI221X1           7   16.758    slow 
OAI222X1           4   10.944    slow 
OAI22X1           10   20.520    slow 
OAI2BB1X1         46   78.660    slow 
OAI31X1            4    8.208    slow 
OAI33X1            1    2.736    slow 
OR2X1             29   39.672    slow 
OR2XL              3    4.104    slow 
OR3X1              3    6.156    slow 
OR4X1              2    4.104    slow 
SDFFQX1            3   22.572    slow 
SDFFRHQX1        245 2010.960    slow 
TLATNCAX2          1    5.472    slow 
XNOR2X1           48  114.912    slow 
XOR2XL             4   10.944    slow 
--------------------------------------
total           1481 4732.254         
                                                       
            Type             Instances   Area   Area % 
-------------------------------------------------------
sequential                         361 2742.840   58.0 
inverter                            99   67.716    1.4 
clock_gating_integrated_cell         1    5.472    0.1 
logic                             1020 1916.226   40.5 
physical_cells                       0    0.000    0.0 
-------------------------------------------------------
total                             1481 4732.254  100.0 
