============================================================
  Generated by:           Genus(TM) Synthesis Solution 25.10-p002_1
  Generated on:           Jun 23 2026  10:26:39 am
  Module:                 TOP
  Operating conditions:   slow (balanced_tree)
  Wireload mode:          enclosed
  Area mode:              timing library
============================================================


Path 1: MET (10925 ps) Setup Check with Pin U0_ALU_16B/ALU_OUT_reg[0]/CK->D
          Group: ALU_CLK
     Startpoint: (R) U0_Register_File/Memory_reg[1][2]/CK
          Clock: (R) REF_CLK
       Endpoint: (F) U0_ALU_16B/ALU_OUT_reg[0]/D
          Clock: (R) ALU_CLK

                     Capture       Launch     
        Clock Edge:+   20000            0     
       Src Latency:+       0            0     
       Net Latency:+       0 (I)        0 (I) 
           Arrival:=   20000            0     
                                              
             Setup:-      89                  
       Uncertainty:-     200                  
     Required Time:=   19711                  
      Launch Clock:-       0                  
         Data Path:-    8786                  
             Slack:=   10925                  

#--------------------------------------------------------------------------------------------------------------
#            Timing Point              Flags    Arc   Edge   Cell     Fanout Load Trans Delay Arrival Instance 
#                                                                            (fF)  (ps)  (ps)   (ps)  Location 
#--------------------------------------------------------------------------------------------------------------
  U0_Register_File/Memory_reg[1][2]/CK -       -      R     (arrival)   6215    -     0     0       0    (-,-) 
  U0_Register_File/Memory_reg[1][2]/Q  -       CK->Q  F     SDFFRHQX1     20 22.2   376   418     418    (-,-) 
  U0_ALU_16B/div_67_27_g96503/Y        -       A->Y   R     INVX1          3  2.4   106   165     584    (-,-) 
  U0_ALU_16B/div_67_27_g96485__2883/Y  -       C0->Y  F     OAI211X1       1  0.6   116   105     688    (-,-) 
  U0_ALU_16B/div_67_27_g96484__9945/Y  -       AN->Y  F     NAND3BXL       1  0.8   156   169     857    (-,-) 
  U0_ALU_16B/div_67_27_g96483__9315/Y  -       D->Y   R     NOR4X1         2  1.7   195   136     993    (-,-) 
  U0_ALU_16B/div_67_27_g96482__6161/Y  -       B->Y   F     NOR2BX1        2  1.4    55    94    1087    (-,-) 
  U0_ALU_16B/div_67_27_g96480__4733/Y  -       A1->Y  R     OAI22X1        1  0.8   103    67    1154    (-,-) 
  U0_ALU_16B/div_67_27_g96479__7482/Y  -       D->Y   F     NOR4X1         1  0.6    86    58    1211    (-,-) 
  U0_ALU_16B/div_67_27_g96478__5115/Y  -       D->Y   R     NAND4XL        2  1.6    81    68    1280    (-,-) 
  U0_ALU_16B/g2/Y                      -       A0->Y  F     OAI21X1        3  2.3   122   110    1390    (-,-) 
  U0_ALU_16B/div_67_27_g96473__7098/Y  -       B->Y   R     NAND2X1        2  1.7    73    66    1456    (-,-) 
  U0_ALU_16B/div_67_27_g96470__5122/Y  -       B1->Y  F     AOI221X1       1  0.6   113    77    1533    (-,-) 
  U0_ALU_16B/div_67_27_g96469__1705/Y  -       D->Y   F     OR4X1          1  0.8    74   225    1758    (-,-) 
  U0_ALU_16B/div_67_27_g96468__2802/Y  -       D->Y   R     NOR4X1         5  4.4   354   195    1953    (-,-) 
  U0_ALU_16B/div_67_27_g96464__6783/Y  -       S0->Y  R     MX2X1          2  2.5    65   246    2199    (-,-) 
  U0_ALU_16B/div_67_27_g96462__8428/CO -       CI->CO R     ADDFX1         1  0.8    58   193    2392    (-,-) 
  U0_ALU_16B/div_67_27_g96461/Y        -       A->Y   F     INVX1          1  1.9    42    45    2437    (-,-) 
  U0_ALU_16B/div_67_27_g96460__4319/CO -       CI->CO F     ADDFX1         1  0.9    68   175    2612    (-,-) 
  U0_ALU_16B/div_67_27_g96459__6260/Y  -       B0->Y  R     OAI2BB1X1      1  0.8    42    42    2654    (-,-) 
  U0_ALU_16B/div_67_27_g96458__5107/Y  -       C0->Y  F     OAI211X1       1  0.8   126    90    2744    (-,-) 
  U0_ALU_16B/div_67_27_g96457__2398/Y  -       D->Y   R     NOR4X1         5  5.3   405   236    2981    (-,-) 
  U0_ALU_16B/div_67_27_g96453__5477/Y  -       S0->Y  R     MX2X1          2  2.7    68   265    3246    (-,-) 
  U0_ALU_16B/div_67_27_g96449__1666/CO -       CI->CO R     ADDFX1         1  0.8    58   194    3440    (-,-) 
  U0_ALU_16B/div_67_27_g96448/Y        -       A->Y   F     INVX1          1  1.9    42    45    3485    (-,-) 
  U0_ALU_16B/div_67_27_g96447__2346/CO -       CI->CO F     ADDFX1         1  1.9    84   183    3668    (-,-) 
  U0_ALU_16B/div_67_27_g96446__2883/CO -       CI->CO F     ADDFX1         1  0.9    67   188    3857    (-,-) 
  U0_ALU_16B/div_67_27_g96445__9945/Y  -       A1->Y  R     AOI22X1        1  0.6    83    78    3935    (-,-) 
  U0_ALU_16B/div_67_27_g96444__9315/Y  -       D->Y   F     NAND4XL        5  5.0   707   398    4333    (-,-) 
  U0_ALU_16B/div_67_27_g96443/Y        -       A->Y   R     INVX1          3  2.8   182   296    4628    (-,-) 
  U0_ALU_16B/div_67_27_g96439__5115/Y  -       S0->Y  R     MX2X1          2  2.7    67   188    4816    (-,-) 
  U0_ALU_16B/div_67_27_g96436__7098/CO -       CI->CO R     ADDFX1         1  0.8    58   194    5011    (-,-) 
  U0_ALU_16B/div_67_27_g96435/Y        -       A->Y   F     INVX1          1  1.9    42    45    5056    (-,-) 
  U0_ALU_16B/div_67_27_g96434__8246/CO -       CI->CO F     ADDFX1         1  1.9    84   183    5239    (-,-) 
  U0_ALU_16B/div_67_27_g96433__5122/CO -       CI->CO F     ADDFX1         1  1.9    82   197    5436    (-,-) 
  U0_ALU_16B/div_67_27_g96432__1705/CO -       CI->CO F     ADDFX1         1  0.9    67   188    5624    (-,-) 
  U0_ALU_16B/div_67_27_g96431__2802/Y  -       B0->Y  R     OAI21X1        1  0.6    64    38    5662    (-,-) 
  U0_ALU_16B/div_67_27_g96430__1617/Y  -       D->Y   F     NAND4XL        5  4.5   649   363    6025    (-,-) 
  U0_ALU_16B/div_67_27_g96429/Y        -       A->Y   R     INVX1          6  5.5   198   291    6316    (-,-) 
  U0_ALU_16B/div_67_27_g96423__6260/Y  -       S0->Y  R     MX2X1          2  2.7    67   194    6510    (-,-) 
  U0_ALU_16B/div_67_27_g96414__9945/CO -       CI->CO R     ADDFX1         1  0.8    56   194    6704    (-,-) 
  U0_ALU_16B/div_67_27_g96413/Y        -       A->Y   F     INVX1          1  1.9    42    44    6748    (-,-) 
  U0_ALU_16B/div_67_27_g96412__9315/CO -       CI->CO F     ADDFX1         1  1.9    84   183    6931    (-,-) 
  U0_ALU_16B/div_67_27_g96411__6161/CO -       CI->CO F     ADDFX1         4  3.3   103   209    7141    (-,-) 
  U0_ALU_16B/div_67_27_g96409__7482/Y  -       A1->Y  R     OAI221X1       1  0.6   108    88    7229    (-,-) 
  U0_ALU_16B/div_67_27_g96406__6131/Y  -       A2->Y  F     AOI33XL        7  5.2   637   397    7626    (-,-) 
  U0_ALU_16B/div_67_27_g96405/Y        -       A->Y   R     INVX1          8  6.3   204   292    7918    (-,-) 
  U0_ALU_16B/div_67_27_g96400__2802/Y  -       A1->Y  R     OA22X1         2  1.5    52   219    8137    (-,-) 
  U0_ALU_16B/div_67_27_g96392__5107/Y  -       B->Y   R     AND2XL         2  1.7    64   115    8253    (-,-) 
  U0_ALU_16B/div_67_27_g96388__7410/Y  -       A2->Y  F     OAI32X1        1  0.9   118    93    8346    (-,-) 
  U0_ALU_16B/div_67_27_g96383__9945/Y  -       A0->Y  R     OAI221X1       1  0.8   114   104    8449    (-,-) 
  U0_ALU_16B/div_67_27_g96382__9315/Y  -       C0->Y  F     OAI211X1       1  0.8   126   112    8562    (-,-) 
  U0_ALU_16B/g5130__8428/Y             -       B1->Y  R     AOI32X1        1  0.6    77    78    8640    (-,-) 
  U0_ALU_16B/g5109__7098/Y             -       D->Y   F     NAND4XL        1  0.8   257   146    8786    (-,-) 
  U0_ALU_16B/ALU_OUT_reg[0]/D          -       -      F     DFFRHQX1       1    -     -     0    8786    (-,-) 
#--------------------------------------------------------------------------------------------------------------



Path 2: MET (10925 ps) Setup Check with Pin U0_ALU_16B/ALU_OUT_reg[0]/CK->D
          Group: ALU_CLK
     Startpoint: (R) U0_Register_File/Memory_reg[1][1]/CK
          Clock: (R) REF_CLK
       Endpoint: (F) U0_ALU_16B/ALU_OUT_reg[0]/D
          Clock: (R) ALU_CLK

                     Capture       Launch     
        Clock Edge:+   20000            0     
       Src Latency:+       0            0     
       Net Latency:+       0 (I)        0 (I) 
           Arrival:=   20000            0     
                                              
             Setup:-      89                  
       Uncertainty:-     200                  
     Required Time:=   19711                  
      Launch Clock:-       0                  
         Data Path:-    8786                  
             Slack:=   10925                  

#--------------------------------------------------------------------------------------------------------------
#            Timing Point              Flags    Arc   Edge   Cell     Fanout Load Trans Delay Arrival Instance 
#                                                                            (fF)  (ps)  (ps)   (ps)  Location 
#--------------------------------------------------------------------------------------------------------------
  U0_Register_File/Memory_reg[1][1]/CK -       -      R     (arrival)   6215    -     0     0       0    (-,-) 
  U0_Register_File/Memory_reg[1][1]/Q  -       CK->Q  F     SDFFRHQX1     17 14.0   243   351     351    (-,-) 
  U0_ALU_16B/div_67_27_g96499/Y        -       A->Y   R     INVX1          7 12.6   211   187     538    (-,-) 
  U0_ALU_16B/div_67_27_g96485__2883/Y  -       B0->Y  F     OAI211X1       1  0.6   116   151     688    (-,-) 
  U0_ALU_16B/div_67_27_g96484__9945/Y  -       AN->Y  F     NAND3BXL       1  0.8   156   169     857    (-,-) 
  U0_ALU_16B/div_67_27_g96483__9315/Y  -       D->Y   R     NOR4X1         2  1.7   195   136     993    (-,-) 
  U0_ALU_16B/div_67_27_g96482__6161/Y  -       B->Y   F     NOR2BX1        2  1.4    55    94    1087    (-,-) 
  U0_ALU_16B/div_67_27_g96480__4733/Y  -       A1->Y  R     OAI22X1        1  0.8   103    67    1154    (-,-) 
  U0_ALU_16B/div_67_27_g96479__7482/Y  -       D->Y   F     NOR4X1         1  0.6    86    58    1211    (-,-) 
  U0_ALU_16B/div_67_27_g96478__5115/Y  -       D->Y   R     NAND4XL        2  1.6    81    68    1280    (-,-) 
  U0_ALU_16B/g2/Y                      -       A0->Y  F     OAI21X1        3  2.3   122   110    1390    (-,-) 
  U0_ALU_16B/div_67_27_g96473__7098/Y  -       B->Y   R     NAND2X1        2  1.7    73    66    1456    (-,-) 
  U0_ALU_16B/div_67_27_g96470__5122/Y  -       B1->Y  F     AOI221X1       1  0.6   113    77    1533    (-,-) 
  U0_ALU_16B/div_67_27_g96469__1705/Y  -       D->Y   F     OR4X1          1  0.8    74   225    1758    (-,-) 
  U0_ALU_16B/div_67_27_g96468__2802/Y  -       D->Y   R     NOR4X1         5  4.4   354   195    1953    (-,-) 
  U0_ALU_16B/div_67_27_g96464__6783/Y  -       S0->Y  R     MX2X1          2  2.5    65   246    2199    (-,-) 
  U0_ALU_16B/div_67_27_g96462__8428/CO -       CI->CO R     ADDFX1         1  0.8    58   193    2392    (-,-) 
  U0_ALU_16B/div_67_27_g96461/Y        -       A->Y   F     INVX1          1  1.9    42    45    2437    (-,-) 
  U0_ALU_16B/div_67_27_g96460__4319/CO -       CI->CO F     ADDFX1         1  0.9    68   175    2612    (-,-) 
  U0_ALU_16B/div_67_27_g96459__6260/Y  -       B0->Y  R     OAI2BB1X1      1  0.8    42    42    2654    (-,-) 
  U0_ALU_16B/div_67_27_g96458__5107/Y  -       C0->Y  F     OAI211X1       1  0.8   126    90    2744    (-,-) 
  U0_ALU_16B/div_67_27_g96457__2398/Y  -       D->Y   R     NOR4X1         5  5.3   405   236    2981    (-,-) 
  U0_ALU_16B/div_67_27_g96453__5477/Y  -       S0->Y  R     MX2X1          2  2.7    68   265    3246    (-,-) 
  U0_ALU_16B/div_67_27_g96449__1666/CO -       CI->CO R     ADDFX1         1  0.8    58   194    3440    (-,-) 
  U0_ALU_16B/div_67_27_g96448/Y        -       A->Y   F     INVX1          1  1.9    42    45    3485    (-,-) 
  U0_ALU_16B/div_67_27_g96447__2346/CO -       CI->CO F     ADDFX1         1  1.9    84   183    3668    (-,-) 
  U0_ALU_16B/div_67_27_g96446__2883/CO -       CI->CO F     ADDFX1         1  0.9    67   188    3857    (-,-) 
  U0_ALU_16B/div_67_27_g96445__9945/Y  -       A1->Y  R     AOI22X1        1  0.6    83    78    3935    (-,-) 
  U0_ALU_16B/div_67_27_g96444__9315/Y  -       D->Y   F     NAND4XL        5  5.0   707   398    4333    (-,-) 
  U0_ALU_16B/div_67_27_g96443/Y        -       A->Y   R     INVX1          3  2.8   182   296    4628    (-,-) 
  U0_ALU_16B/div_67_27_g96439__5115/Y  -       S0->Y  R     MX2X1          2  2.7    67   188    4816    (-,-) 
  U0_ALU_16B/div_67_27_g96436__7098/CO -       CI->CO R     ADDFX1         1  0.8    58   194    5011    (-,-) 
  U0_ALU_16B/div_67_27_g96435/Y        -       A->Y   F     INVX1          1  1.9    42    45    5055    (-,-) 
  U0_ALU_16B/div_67_27_g96434__8246/CO -       CI->CO F     ADDFX1         1  1.9    84   183    5239    (-,-) 
  U0_ALU_16B/div_67_27_g96433__5122/CO -       CI->CO F     ADDFX1         1  1.9    82   197    5436    (-,-) 
  U0_ALU_16B/div_67_27_g96432__1705/CO -       CI->CO F     ADDFX1         1  0.9    67   188    5624    (-,-) 
  U0_ALU_16B/div_67_27_g96431__2802/Y  -       B0->Y  R     OAI21X1        1  0.6    64    38    5662    (-,-) 
  U0_ALU_16B/div_67_27_g96430__1617/Y  -       D->Y   F     NAND4XL        5  4.5   649   363    6025    (-,-) 
  U0_ALU_16B/div_67_27_g96429/Y        -       A->Y   R     INVX1          6  5.5   198   291    6316    (-,-) 
  U0_ALU_16B/div_67_27_g96423__6260/Y  -       S0->Y  R     MX2X1          2  2.7    67   194    6510    (-,-) 
  U0_ALU_16B/div_67_27_g96414__9945/CO -       CI->CO R     ADDFX1         1  0.8    56   194    6704    (-,-) 
  U0_ALU_16B/div_67_27_g96413/Y        -       A->Y   F     INVX1          1  1.9    42    44    6748    (-,-) 
  U0_ALU_16B/div_67_27_g96412__9315/CO -       CI->CO F     ADDFX1         1  1.9    84   183    6931    (-,-) 
  U0_ALU_16B/div_67_27_g96411__6161/CO -       CI->CO F     ADDFX1         4  3.3   103   209    7141    (-,-) 
  U0_ALU_16B/div_67_27_g96409__7482/Y  -       A1->Y  R     OAI221X1       1  0.6   108    88    7229    (-,-) 
  U0_ALU_16B/div_67_27_g96406__6131/Y  -       A2->Y  F     AOI33XL        7  5.2   637   397    7626    (-,-) 
  U0_ALU_16B/div_67_27_g96405/Y        -       A->Y   R     INVX1          8  6.3   204   292    7918    (-,-) 
  U0_ALU_16B/div_67_27_g96400__2802/Y  -       A1->Y  R     OA22X1         2  1.5    52   219    8137    (-,-) 
  U0_ALU_16B/div_67_27_g96392__5107/Y  -       B->Y   R     AND2XL         2  1.7    64   115    8253    (-,-) 
  U0_ALU_16B/div_67_27_g96388__7410/Y  -       A2->Y  F     OAI32X1        1  0.9   118    93    8345    (-,-) 
  U0_ALU_16B/div_67_27_g96383__9945/Y  -       A0->Y  R     OAI221X1       1  0.8   114   104    8449    (-,-) 
  U0_ALU_16B/div_67_27_g96382__9315/Y  -       C0->Y  F     OAI211X1       1  0.8   126   112    8562    (-,-) 
  U0_ALU_16B/g5130__8428/Y             -       B1->Y  R     AOI32X1        1  0.6    77    78    8640    (-,-) 
  U0_ALU_16B/g5109__7098/Y             -       D->Y   F     NAND4XL        1  0.8   257   146    8786    (-,-) 
  U0_ALU_16B/ALU_OUT_reg[0]/D          -       -      F     DFFRHQX1       1    -     -     0    8786    (-,-) 
#--------------------------------------------------------------------------------------------------------------



Path 3: MET (10938 ps) Setup Check with Pin U0_ALU_16B/ALU_OUT_reg[0]/CK->D
          Group: ALU_CLK
     Startpoint: (R) U0_Register_File/Memory_reg[1][2]/CK
          Clock: (R) REF_CLK
       Endpoint: (F) U0_ALU_16B/ALU_OUT_reg[0]/D
          Clock: (R) ALU_CLK

                     Capture       Launch     
        Clock Edge:+   20000            0     
       Src Latency:+       0            0     
       Net Latency:+       0 (I)        0 (I) 
           Arrival:=   20000            0     
                                              
             Setup:-      89                  
       Uncertainty:-     200                  
     Required Time:=   19711                  
      Launch Clock:-       0                  
         Data Path:-    8773                  
             Slack:=   10938                  

#--------------------------------------------------------------------------------------------------------------
#            Timing Point              Flags    Arc   Edge   Cell     Fanout Load Trans Delay Arrival Instance 
#                                                                            (fF)  (ps)  (ps)   (ps)  Location 
#--------------------------------------------------------------------------------------------------------------
  U0_Register_File/Memory_reg[1][2]/CK -       -      R     (arrival)   6215    -     0     0       0    (-,-) 
  U0_Register_File/Memory_reg[1][2]/Q  -       CK->Q  F     SDFFRHQX1     20 22.2   376   418     418    (-,-) 
  U0_ALU_16B/div_67_27_g96503/Y        -       A->Y   R     INVX1          3  2.4   106   165     584    (-,-) 
  U0_ALU_16B/div_67_27_g96485__2883/Y  -       C0->Y  F     OAI211X1       1  0.6   116   105     688    (-,-) 
  U0_ALU_16B/div_67_27_g96484__9945/Y  -       AN->Y  F     NAND3BXL       1  0.8   156   169     857    (-,-) 
  U0_ALU_16B/div_67_27_g96483__9315/Y  -       D->Y   R     NOR4X1         2  1.7   195   136     993    (-,-) 
  U0_ALU_16B/div_67_27_g96482__6161/Y  -       B->Y   F     NOR2BX1        2  1.4    55    94    1087    (-,-) 
  U0_ALU_16B/div_67_27_g96480__4733/Y  -       A1->Y  R     OAI22X1        1  0.8   103    67    1154    (-,-) 
  U0_ALU_16B/div_67_27_g96479__7482/Y  -       D->Y   F     NOR4X1         1  0.6    86    58    1211    (-,-) 
  U0_ALU_16B/div_67_27_g96478__5115/Y  -       D->Y   R     NAND4XL        2  1.6    81    68    1280    (-,-) 
  U0_ALU_16B/g2/Y                      -       A0->Y  F     OAI21X1        3  2.3   122   110    1390    (-,-) 
  U0_ALU_16B/div_67_27_g96471__8246/Y  -       B->Y   R     NOR2X1         2  1.7    86    80    1470    (-,-) 
  U0_ALU_16B/div_67_27_g96470__5122/Y  -       C0->Y  F     AOI221X1       1  0.6   113    50    1520    (-,-) 
  U0_ALU_16B/div_67_27_g96469__1705/Y  -       D->Y   F     OR4X1          1  0.8    74   225    1745    (-,-) 
  U0_ALU_16B/div_67_27_g96468__2802/Y  -       D->Y   R     NOR4X1         5  4.4   354   195    1940    (-,-) 
  U0_ALU_16B/div_67_27_g96464__6783/Y  -       S0->Y  R     MX2X1          2  2.5    65   246    2186    (-,-) 
  U0_ALU_16B/div_67_27_g96462__8428/CO -       CI->CO R     ADDFX1         1  0.8    58   193    2380    (-,-) 
  U0_ALU_16B/div_67_27_g96461/Y        -       A->Y   F     INVX1          1  1.9    42    45    2424    (-,-) 
  U0_ALU_16B/div_67_27_g96460__4319/CO -       CI->CO F     ADDFX1         1  0.9    68   175    2599    (-,-) 
  U0_ALU_16B/div_67_27_g96459__6260/Y  -       B0->Y  R     OAI2BB1X1      1  0.8    42    42    2641    (-,-) 
  U0_ALU_16B/div_67_27_g96458__5107/Y  -       C0->Y  F     OAI211X1       1  0.8   126    90    2732    (-,-) 
  U0_ALU_16B/div_67_27_g96457__2398/Y  -       D->Y   R     NOR4X1         5  5.3   405   236    2968    (-,-) 
  U0_ALU_16B/div_67_27_g96453__5477/Y  -       S0->Y  R     MX2X1          2  2.7    68   265    3233    (-,-) 
  U0_ALU_16B/div_67_27_g96449__1666/CO -       CI->CO R     ADDFX1         1  0.8    58   194    3428    (-,-) 
  U0_ALU_16B/div_67_27_g96448/Y        -       A->Y   F     INVX1          1  1.9    42    45    3472    (-,-) 
  U0_ALU_16B/div_67_27_g96447__2346/CO -       CI->CO F     ADDFX1         1  1.9    84   183    3656    (-,-) 
  U0_ALU_16B/div_67_27_g96446__2883/CO -       CI->CO F     ADDFX1         1  0.9    67   188    3844    (-,-) 
  U0_ALU_16B/div_67_27_g96445__9945/Y  -       A1->Y  R     AOI22X1        1  0.6    83    78    3922    (-,-) 
  U0_ALU_16B/div_67_27_g96444__9315/Y  -       D->Y   F     NAND4XL        5  5.0   707   398    4320    (-,-) 
  U0_ALU_16B/div_67_27_g96443/Y        -       A->Y   R     INVX1          3  2.8   182   296    4615    (-,-) 
  U0_ALU_16B/div_67_27_g96439__5115/Y  -       S0->Y  R     MX2X1          2  2.7    67   188    4804    (-,-) 
  U0_ALU_16B/div_67_27_g96436__7098/CO -       CI->CO R     ADDFX1         1  0.8    58   194    4998    (-,-) 
  U0_ALU_16B/div_67_27_g96435/Y        -       A->Y   F     INVX1          1  1.9    42    45    5043    (-,-) 
  U0_ALU_16B/div_67_27_g96434__8246/CO -       CI->CO F     ADDFX1         1  1.9    84   183    5226    (-,-) 
  U0_ALU_16B/div_67_27_g96433__5122/CO -       CI->CO F     ADDFX1         1  1.9    82   197    5423    (-,-) 
  U0_ALU_16B/div_67_27_g96432__1705/CO -       CI->CO F     ADDFX1         1  0.9    67   188    5611    (-,-) 
  U0_ALU_16B/div_67_27_g96431__2802/Y  -       B0->Y  R     OAI21X1        1  0.6    64    38    5649    (-,-) 
  U0_ALU_16B/div_67_27_g96430__1617/Y  -       D->Y   F     NAND4XL        5  4.5   649   363    6012    (-,-) 
  U0_ALU_16B/div_67_27_g96429/Y        -       A->Y   R     INVX1          6  5.5   198   291    6303    (-,-) 
  U0_ALU_16B/div_67_27_g96423__6260/Y  -       S0->Y  R     MX2X1          2  2.7    67   194    6497    (-,-) 
  U0_ALU_16B/div_67_27_g96414__9945/CO -       CI->CO R     ADDFX1         1  0.8    56   194    6691    (-,-) 
  U0_ALU_16B/div_67_27_g96413/Y        -       A->Y   F     INVX1          1  1.9    42    44    6735    (-,-) 
  U0_ALU_16B/div_67_27_g96412__9315/CO -       CI->CO F     ADDFX1         1  1.9    84   183    6918    (-,-) 
  U0_ALU_16B/div_67_27_g96411__6161/CO -       CI->CO F     ADDFX1         4  3.3   103   209    7128    (-,-) 
  U0_ALU_16B/div_67_27_g96409__7482/Y  -       A1->Y  R     OAI221X1       1  0.6   108    88    7216    (-,-) 
  U0_ALU_16B/div_67_27_g96406__6131/Y  -       A2->Y  F     AOI33XL        7  5.2   637   397    7613    (-,-) 
  U0_ALU_16B/div_67_27_g96405/Y        -       A->Y   R     INVX1          8  6.3   204   292    7905    (-,-) 
  U0_ALU_16B/div_67_27_g96400__2802/Y  -       A1->Y  R     OA22X1         2  1.5    52   219    8124    (-,-) 
  U0_ALU_16B/div_67_27_g96392__5107/Y  -       B->Y   R     AND2XL         2  1.7    64   115    8240    (-,-) 
  U0_ALU_16B/div_67_27_g96388__7410/Y  -       A2->Y  F     OAI32X1        1  0.9   118    93    8333    (-,-) 
  U0_ALU_16B/div_67_27_g96383__9945/Y  -       A0->Y  R     OAI221X1       1  0.8   114   104    8436    (-,-) 
  U0_ALU_16B/div_67_27_g96382__9315/Y  -       C0->Y  F     OAI211X1       1  0.8   126   112    8549    (-,-) 
  U0_ALU_16B/g5130__8428/Y             -       B1->Y  R     AOI32X1        1  0.6    77    78    8627    (-,-) 
  U0_ALU_16B/g5109__7098/Y             -       D->Y   F     NAND4XL        1  0.8   257   146    8773    (-,-) 
  U0_ALU_16B/ALU_OUT_reg[0]/D          -       -      F     DFFRHQX1       1    -     -     0    8773    (-,-) 
#--------------------------------------------------------------------------------------------------------------



Path 4: MET (10938 ps) Setup Check with Pin U0_ALU_16B/ALU_OUT_reg[0]/CK->D
          Group: ALU_CLK
     Startpoint: (R) U0_Register_File/Memory_reg[1][1]/CK
          Clock: (R) REF_CLK
       Endpoint: (F) U0_ALU_16B/ALU_OUT_reg[0]/D
          Clock: (R) ALU_CLK

                     Capture       Launch     
        Clock Edge:+   20000            0     
       Src Latency:+       0            0     
       Net Latency:+       0 (I)        0 (I) 
           Arrival:=   20000            0     
                                              
             Setup:-      89                  
       Uncertainty:-     200                  
     Required Time:=   19711                  
      Launch Clock:-       0                  
         Data Path:-    8773                  
             Slack:=   10938                  

#--------------------------------------------------------------------------------------------------------------
#            Timing Point              Flags    Arc   Edge   Cell     Fanout Load Trans Delay Arrival Instance 
#                                                                            (fF)  (ps)  (ps)   (ps)  Location 
#--------------------------------------------------------------------------------------------------------------
  U0_Register_File/Memory_reg[1][1]/CK -       -      R     (arrival)   6215    -     0     0       0    (-,-) 
  U0_Register_File/Memory_reg[1][1]/Q  -       CK->Q  F     SDFFRHQX1     17 14.0   243   351     351    (-,-) 
  U0_ALU_16B/div_67_27_g96499/Y        -       A->Y   R     INVX1          7 12.6   211   187     538    (-,-) 
  U0_ALU_16B/div_67_27_g96485__2883/Y  -       B0->Y  F     OAI211X1       1  0.6   116   151     688    (-,-) 
  U0_ALU_16B/div_67_27_g96484__9945/Y  -       AN->Y  F     NAND3BXL       1  0.8   156   169     857    (-,-) 
  U0_ALU_16B/div_67_27_g96483__9315/Y  -       D->Y   R     NOR4X1         2  1.7   195   136     993    (-,-) 
  U0_ALU_16B/div_67_27_g96482__6161/Y  -       B->Y   F     NOR2BX1        2  1.4    55    94    1087    (-,-) 
  U0_ALU_16B/div_67_27_g96480__4733/Y  -       A1->Y  R     OAI22X1        1  0.8   103    67    1154    (-,-) 
  U0_ALU_16B/div_67_27_g96479__7482/Y  -       D->Y   F     NOR4X1         1  0.6    86    58    1211    (-,-) 
  U0_ALU_16B/div_67_27_g96478__5115/Y  -       D->Y   R     NAND4XL        2  1.6    81    68    1280    (-,-) 
  U0_ALU_16B/g2/Y                      -       A0->Y  F     OAI21X1        3  2.3   122   110    1390    (-,-) 
  U0_ALU_16B/div_67_27_g96471__8246/Y  -       B->Y   R     NOR2X1         2  1.7    86    80    1470    (-,-) 
  U0_ALU_16B/div_67_27_g96470__5122/Y  -       C0->Y  F     AOI221X1       1  0.6   113    50    1520    (-,-) 
  U0_ALU_16B/div_67_27_g96469__1705/Y  -       D->Y   F     OR4X1          1  0.8    74   225    1745    (-,-) 
  U0_ALU_16B/div_67_27_g96468__2802/Y  -       D->Y   R     NOR4X1         5  4.4   354   195    1940    (-,-) 
  U0_ALU_16B/div_67_27_g96464__6783/Y  -       S0->Y  R     MX2X1          2  2.5    65   246    2186    (-,-) 
  U0_ALU_16B/div_67_27_g96462__8428/CO -       CI->CO R     ADDFX1         1  0.8    58   193    2379    (-,-) 
  U0_ALU_16B/div_67_27_g96461/Y        -       A->Y   F     INVX1          1  1.9    42    45    2424    (-,-) 
  U0_ALU_16B/div_67_27_g96460__4319/CO -       CI->CO F     ADDFX1         1  0.9    68   175    2599    (-,-) 
  U0_ALU_16B/div_67_27_g96459__6260/Y  -       B0->Y  R     OAI2BB1X1      1  0.8    42    42    2641    (-,-) 
  U0_ALU_16B/div_67_27_g96458__5107/Y  -       C0->Y  F     OAI211X1       1  0.8   126    90    2732    (-,-) 
  U0_ALU_16B/div_67_27_g96457__2398/Y  -       D->Y   R     NOR4X1         5  5.3   405   236    2968    (-,-) 
  U0_ALU_16B/div_67_27_g96453__5477/Y  -       S0->Y  R     MX2X1          2  2.7    68   265    3233    (-,-) 
  U0_ALU_16B/div_67_27_g96449__1666/CO -       CI->CO R     ADDFX1         1  0.8    58   194    3427    (-,-) 
  U0_ALU_16B/div_67_27_g96448/Y        -       A->Y   F     INVX1          1  1.9    42    45    3472    (-,-) 
  U0_ALU_16B/div_67_27_g96447__2346/CO -       CI->CO F     ADDFX1         1  1.9    84   183    3656    (-,-) 
  U0_ALU_16B/div_67_27_g96446__2883/CO -       CI->CO F     ADDFX1         1  0.9    67   188    3844    (-,-) 
  U0_ALU_16B/div_67_27_g96445__9945/Y  -       A1->Y  R     AOI22X1        1  0.6    83    78    3922    (-,-) 
  U0_ALU_16B/div_67_27_g96444__9315/Y  -       D->Y   F     NAND4XL        5  5.0   707   398    4320    (-,-) 
  U0_ALU_16B/div_67_27_g96443/Y        -       A->Y   R     INVX1          3  2.8   182   296    4615    (-,-) 
  U0_ALU_16B/div_67_27_g96439__5115/Y  -       S0->Y  R     MX2X1          2  2.7    67   188    4804    (-,-) 
  U0_ALU_16B/div_67_27_g96436__7098/CO -       CI->CO R     ADDFX1         1  0.8    58   194    4998    (-,-) 
  U0_ALU_16B/div_67_27_g96435/Y        -       A->Y   F     INVX1          1  1.9    42    45    5042    (-,-) 
  U0_ALU_16B/div_67_27_g96434__8246/CO -       CI->CO F     ADDFX1         1  1.9    84   183    5226    (-,-) 
  U0_ALU_16B/div_67_27_g96433__5122/CO -       CI->CO F     ADDFX1         1  1.9    82   197    5423    (-,-) 
  U0_ALU_16B/div_67_27_g96432__1705/CO -       CI->CO F     ADDFX1         1  0.9    67   188    5611    (-,-) 
  U0_ALU_16B/div_67_27_g96431__2802/Y  -       B0->Y  R     OAI21X1        1  0.6    64    38    5649    (-,-) 
  U0_ALU_16B/div_67_27_g96430__1617/Y  -       D->Y   F     NAND4XL        5  4.5   649   363    6012    (-,-) 
  U0_ALU_16B/div_67_27_g96429/Y        -       A->Y   R     INVX1          6  5.5   198   291    6303    (-,-) 
  U0_ALU_16B/div_67_27_g96423__6260/Y  -       S0->Y  R     MX2X1          2  2.7    67   194    6497    (-,-) 
  U0_ALU_16B/div_67_27_g96414__9945/CO -       CI->CO R     ADDFX1         1  0.8    56   194    6691    (-,-) 
  U0_ALU_16B/div_67_27_g96413/Y        -       A->Y   F     INVX1          1  1.9    42    44    6735    (-,-) 
  U0_ALU_16B/div_67_27_g96412__9315/CO -       CI->CO F     ADDFX1         1  1.9    84   183    6918    (-,-) 
  U0_ALU_16B/div_67_27_g96411__6161/CO -       CI->CO F     ADDFX1         4  3.3   103   209    7128    (-,-) 
  U0_ALU_16B/div_67_27_g96409__7482/Y  -       A1->Y  R     OAI221X1       1  0.6   108    88    7216    (-,-) 
  U0_ALU_16B/div_67_27_g96406__6131/Y  -       A2->Y  F     AOI33XL        7  5.2   637   397    7613    (-,-) 
  U0_ALU_16B/div_67_27_g96405/Y        -       A->Y   R     INVX1          8  6.3   204   292    7905    (-,-) 
  U0_ALU_16B/div_67_27_g96400__2802/Y  -       A1->Y  R     OA22X1         2  1.5    52   219    8124    (-,-) 
  U0_ALU_16B/div_67_27_g96392__5107/Y  -       B->Y   R     AND2XL         2  1.7    64   115    8240    (-,-) 
  U0_ALU_16B/div_67_27_g96388__7410/Y  -       A2->Y  F     OAI32X1        1  0.9   118    93    8332    (-,-) 
  U0_ALU_16B/div_67_27_g96383__9945/Y  -       A0->Y  R     OAI221X1       1  0.8   114   104    8436    (-,-) 
  U0_ALU_16B/div_67_27_g96382__9315/Y  -       C0->Y  F     OAI211X1       1  0.8   126   112    8549    (-,-) 
  U0_ALU_16B/g5130__8428/Y             -       B1->Y  R     AOI32X1        1  0.6    77    78    8627    (-,-) 
  U0_ALU_16B/g5109__7098/Y             -       D->Y   F     NAND4XL        1  0.8   257   146    8773    (-,-) 
  U0_ALU_16B/ALU_OUT_reg[0]/D          -       -      F     DFFRHQX1       1    -     -     0    8773    (-,-) 
#--------------------------------------------------------------------------------------------------------------



Path 5: MET (10948 ps) Setup Check with Pin U0_ALU_16B/ALU_OUT_reg[0]/CK->D
          Group: ALU_CLK
     Startpoint: (R) U0_Register_File/Memory_reg[1][0]/CK
          Clock: (R) REF_CLK
       Endpoint: (F) U0_ALU_16B/ALU_OUT_reg[0]/D
          Clock: (R) ALU_CLK

                     Capture       Launch     
        Clock Edge:+   20000            0     
       Src Latency:+       0            0     
       Net Latency:+       0 (I)        0 (I) 
           Arrival:=   20000            0     
                                              
             Setup:-      89                  
       Uncertainty:-     200                  
     Required Time:=   19711                  
      Launch Clock:-       0                  
         Data Path:-    8763                  
             Slack:=   10948                  

#--------------------------------------------------------------------------------------------------------------
#            Timing Point              Flags    Arc   Edge   Cell     Fanout Load Trans Delay Arrival Instance 
#                                                                            (fF)  (ps)  (ps)   (ps)  Location 
#--------------------------------------------------------------------------------------------------------------
  U0_Register_File/Memory_reg[1][0]/CK -       -      R     (arrival)   6215    -     0     0       0    (-,-) 
  U0_Register_File/Memory_reg[1][0]/Q  -       CK->Q  F     SDFFRHQX1     20 17.0   292   375     375    (-,-) 
  U0_ALU_16B/div_67_27_g96498/Y        -       A->Y   R     INVX1          9  6.9   145   164     540    (-,-) 
  U0_ALU_16B/div_67_27_g96485__2883/Y  -       A1->Y  F     OAI211X1       1  0.6   116   126     666    (-,-) 
  U0_ALU_16B/div_67_27_g96484__9945/Y  -       AN->Y  F     NAND3BXL       1  0.8   156   169     834    (-,-) 
  U0_ALU_16B/div_67_27_g96483__9315/Y  -       D->Y   R     NOR4X1         2  1.7   195   136     970    (-,-) 
  U0_ALU_16B/div_67_27_g96482__6161/Y  -       B->Y   F     NOR2BX1        2  1.4    55    94    1064    (-,-) 
  U0_ALU_16B/div_67_27_g96480__4733/Y  -       A1->Y  R     OAI22X1        1  0.8   103    67    1131    (-,-) 
  U0_ALU_16B/div_67_27_g96479__7482/Y  -       D->Y   F     NOR4X1         1  0.6    86    58    1189    (-,-) 
  U0_ALU_16B/div_67_27_g96478__5115/Y  -       D->Y   R     NAND4XL        2  1.6    81    68    1257    (-,-) 
  U0_ALU_16B/g2/Y                      -       A0->Y  F     OAI21X1        3  2.3   122   110    1367    (-,-) 
  U0_ALU_16B/div_67_27_g96473__7098/Y  -       B->Y   R     NAND2X1        2  1.7    73    66    1433    (-,-) 
  U0_ALU_16B/div_67_27_g96470__5122/Y  -       B1->Y  F     AOI221X1       1  0.6   113    77    1510    (-,-) 
  U0_ALU_16B/div_67_27_g96469__1705/Y  -       D->Y   F     OR4X1          1  0.8    74   225    1735    (-,-) 
  U0_ALU_16B/div_67_27_g96468__2802/Y  -       D->Y   R     NOR4X1         5  4.4   354   195    1930    (-,-) 
  U0_ALU_16B/div_67_27_g96464__6783/Y  -       S0->Y  R     MX2X1          2  2.5    65   246    2176    (-,-) 
  U0_ALU_16B/div_67_27_g96462__8428/CO -       CI->CO R     ADDFX1         1  0.8    58   193    2370    (-,-) 
  U0_ALU_16B/div_67_27_g96461/Y        -       A->Y   F     INVX1          1  1.9    42    45    2414    (-,-) 
  U0_ALU_16B/div_67_27_g96460__4319/CO -       CI->CO F     ADDFX1         1  0.9    68   175    2589    (-,-) 
  U0_ALU_16B/div_67_27_g96459__6260/Y  -       B0->Y  R     OAI2BB1X1      1  0.8    42    42    2631    (-,-) 
  U0_ALU_16B/div_67_27_g96458__5107/Y  -       C0->Y  F     OAI211X1       1  0.8   126    90    2722    (-,-) 
  U0_ALU_16B/div_67_27_g96457__2398/Y  -       D->Y   R     NOR4X1         5  5.3   405   236    2958    (-,-) 
  U0_ALU_16B/div_67_27_g96453__5477/Y  -       S0->Y  R     MX2X1          2  2.7    68   265    3223    (-,-) 
  U0_ALU_16B/div_67_27_g96449__1666/CO -       CI->CO R     ADDFX1         1  0.8    58   194    3418    (-,-) 
  U0_ALU_16B/div_67_27_g96448/Y        -       A->Y   F     INVX1          1  1.9    42    45    3462    (-,-) 
  U0_ALU_16B/div_67_27_g96447__2346/CO -       CI->CO F     ADDFX1         1  1.9    84   183    3646    (-,-) 
  U0_ALU_16B/div_67_27_g96446__2883/CO -       CI->CO F     ADDFX1         1  0.9    67   188    3834    (-,-) 
  U0_ALU_16B/div_67_27_g96445__9945/Y  -       A1->Y  R     AOI22X1        1  0.6    83    78    3912    (-,-) 
  U0_ALU_16B/div_67_27_g96444__9315/Y  -       D->Y   F     NAND4XL        5  5.0   707   398    4310    (-,-) 
  U0_ALU_16B/div_67_27_g96443/Y        -       A->Y   R     INVX1          3  2.8   182   296    4605    (-,-) 
  U0_ALU_16B/div_67_27_g96439__5115/Y  -       S0->Y  R     MX2X1          2  2.7    67   188    4794    (-,-) 
  U0_ALU_16B/div_67_27_g96436__7098/CO -       CI->CO R     ADDFX1         1  0.8    58   194    4988    (-,-) 
  U0_ALU_16B/div_67_27_g96435/Y        -       A->Y   F     INVX1          1  1.9    42    45    5033    (-,-) 
  U0_ALU_16B/div_67_27_g96434__8246/CO -       CI->CO F     ADDFX1         1  1.9    84   183    5216    (-,-) 
  U0_ALU_16B/div_67_27_g96433__5122/CO -       CI->CO F     ADDFX1         1  1.9    82   197    5413    (-,-) 
  U0_ALU_16B/div_67_27_g96432__1705/CO -       CI->CO F     ADDFX1         1  0.9    67   188    5601    (-,-) 
  U0_ALU_16B/div_67_27_g96431__2802/Y  -       B0->Y  R     OAI21X1        1  0.6    64    38    5639    (-,-) 
  U0_ALU_16B/div_67_27_g96430__1617/Y  -       D->Y   F     NAND4XL        5  4.5   649   363    6002    (-,-) 
  U0_ALU_16B/div_67_27_g96429/Y        -       A->Y   R     INVX1          6  5.5   198   291    6293    (-,-) 
  U0_ALU_16B/div_67_27_g96423__6260/Y  -       S0->Y  R     MX2X1          2  2.7    67   194    6487    (-,-) 
  U0_ALU_16B/div_67_27_g96414__9945/CO -       CI->CO R     ADDFX1         1  0.8    56   194    6681    (-,-) 
  U0_ALU_16B/div_67_27_g96413/Y        -       A->Y   F     INVX1          1  1.9    42    44    6725    (-,-) 
  U0_ALU_16B/div_67_27_g96412__9315/CO -       CI->CO F     ADDFX1         1  1.9    84   183    6909    (-,-) 
  U0_ALU_16B/div_67_27_g96411__6161/CO -       CI->CO F     ADDFX1         4  3.3   103   209    7118    (-,-) 
  U0_ALU_16B/div_67_27_g96409__7482/Y  -       A1->Y  R     OAI221X1       1  0.6   108    88    7206    (-,-) 
  U0_ALU_16B/div_67_27_g96406__6131/Y  -       A2->Y  F     AOI33XL        7  5.2   637   397    7603    (-,-) 
  U0_ALU_16B/div_67_27_g96405/Y        -       A->Y   R     INVX1          8  6.3   204   292    7895    (-,-) 
  U0_ALU_16B/div_67_27_g96400__2802/Y  -       A1->Y  R     OA22X1         2  1.5    52   219    8115    (-,-) 
  U0_ALU_16B/div_67_27_g96392__5107/Y  -       B->Y   R     AND2XL         2  1.7    64   115    8230    (-,-) 
  U0_ALU_16B/div_67_27_g96388__7410/Y  -       A2->Y  F     OAI32X1        1  0.9   118    93    8323    (-,-) 
  U0_ALU_16B/div_67_27_g96383__9945/Y  -       A0->Y  R     OAI221X1       1  0.8   114   104    8426    (-,-) 
  U0_ALU_16B/div_67_27_g96382__9315/Y  -       C0->Y  F     OAI211X1       1  0.8   126   112    8539    (-,-) 
  U0_ALU_16B/g5130__8428/Y             -       B1->Y  R     AOI32X1        1  0.6    77    78    8617    (-,-) 
  U0_ALU_16B/g5109__7098/Y             -       D->Y   F     NAND4XL        1  0.8   257   146    8763    (-,-) 
  U0_ALU_16B/ALU_OUT_reg[0]/D          -       -      F     DFFRHQX1       1    -     -     0    8763    (-,-) 
#--------------------------------------------------------------------------------------------------------------



Path 6: MET (10952 ps) Setup Check with Pin U0_ALU_16B/ALU_OUT_reg[0]/CK->D
          Group: ALU_CLK
     Startpoint: (R) U0_Register_File/Memory_reg[1][2]/CK
          Clock: (R) REF_CLK
       Endpoint: (F) U0_ALU_16B/ALU_OUT_reg[0]/D
          Clock: (R) ALU_CLK

                     Capture       Launch     
        Clock Edge:+   20000            0     
       Src Latency:+       0            0     
       Net Latency:+       0 (I)        0 (I) 
           Arrival:=   20000            0     
                                              
             Setup:-      89                  
       Uncertainty:-     200                  
     Required Time:=   19711                  
      Launch Clock:-       0                  
         Data Path:-    8758                  
             Slack:=   10952                  

#--------------------------------------------------------------------------------------------------------------
#            Timing Point              Flags    Arc   Edge   Cell     Fanout Load Trans Delay Arrival Instance 
#                                                                            (fF)  (ps)  (ps)   (ps)  Location 
#--------------------------------------------------------------------------------------------------------------
  U0_Register_File/Memory_reg[1][2]/CK -       -      R     (arrival)   6215    -     0     0       0    (-,-) 
  U0_Register_File/Memory_reg[1][2]/Q  -       CK->Q  F     SDFFRHQX1     20 22.2   376   418     418    (-,-) 
  U0_ALU_16B/div_67_27_g96503/Y        -       A->Y   R     INVX1          3  2.4   106   165     584    (-,-) 
  U0_ALU_16B/div_67_27_g96485__2883/Y  -       C0->Y  F     OAI211X1       1  0.6   116   105     688    (-,-) 
  U0_ALU_16B/div_67_27_g96484__9945/Y  -       AN->Y  F     NAND3BXL       1  0.8   156   169     857    (-,-) 
  U0_ALU_16B/div_67_27_g96483__9315/Y  -       D->Y   R     NOR4X1         2  1.7   195   136     993    (-,-) 
  U0_ALU_16B/div_67_27_g96482__6161/Y  -       B->Y   F     NOR2BX1        2  1.4    55    94    1087    (-,-) 
  U0_ALU_16B/div_67_27_g96480__4733/Y  -       A1->Y  R     OAI22X1        1  0.8   103    67    1154    (-,-) 
  U0_ALU_16B/div_67_27_g96479__7482/Y  -       D->Y   F     NOR4X1         1  0.6    86    58    1211    (-,-) 
  U0_ALU_16B/div_67_27_g96478__5115/Y  -       D->Y   R     NAND4XL        2  1.6    81    68    1280    (-,-) 
  U0_ALU_16B/g2/Y                      -       A0->Y  F     OAI21X1        3  2.3   122   110    1390    (-,-) 
  U0_ALU_16B/div_67_27_g96473__7098/Y  -       B->Y   R     NAND2X1        2  1.7    73    66    1456    (-,-) 
  U0_ALU_16B/div_67_27_g96470__5122/Y  -       B1->Y  F     AOI221X1       1  0.6   113    77    1533    (-,-) 
  U0_ALU_16B/div_67_27_g96469__1705/Y  -       D->Y   F     OR4X1          1  0.8    74   225    1758    (-,-) 
  U0_ALU_16B/div_67_27_g96468__2802/Y  -       D->Y   R     NOR4X1         5  4.4   354   195    1953    (-,-) 
  U0_ALU_16B/div_67_27_g96464__6783/Y  -       S0->Y  R     MX2X1          2  2.5    65   246    2199    (-,-) 
  U0_ALU_16B/div_67_27_g96462__8428/CO -       CI->CO R     ADDFX1         1  0.8    58   193    2392    (-,-) 
  U0_ALU_16B/div_67_27_g96461/Y        -       A->Y   F     INVX1          1  1.9    42    45    2437    (-,-) 
  U0_ALU_16B/div_67_27_g96460__4319/CO -       CI->CO F     ADDFX1         1  0.9    68   175    2612    (-,-) 
  U0_ALU_16B/div_67_27_g96459__6260/Y  -       B0->Y  R     OAI2BB1X1      1  0.8    42    42    2654    (-,-) 
  U0_ALU_16B/div_67_27_g96458__5107/Y  -       C0->Y  F     OAI211X1       1  0.8   126    90    2744    (-,-) 
  U0_ALU_16B/div_67_27_g96457__2398/Y  -       D->Y   R     NOR4X1         5  5.3   405   236    2981    (-,-) 
  U0_ALU_16B/div_67_27_g96453__5477/Y  -       S0->Y  R     MX2X1          2  2.7    68   265    3246    (-,-) 
  U0_ALU_16B/div_67_27_g96449__1666/CO -       CI->CO R     ADDFX1         1  0.8    58   194    3440    (-,-) 
  U0_ALU_16B/div_67_27_g96448/Y        -       A->Y   F     INVX1          1  1.9    42    45    3485    (-,-) 
  U0_ALU_16B/div_67_27_g96447__2346/CO -       CI->CO F     ADDFX1         1  1.9    84   183    3668    (-,-) 
  U0_ALU_16B/div_67_27_g96446__2883/CO -       CI->CO F     ADDFX1         1  0.9    67   188    3857    (-,-) 
  U0_ALU_16B/div_67_27_g96445__9945/Y  -       A1->Y  R     AOI22X1        1  0.6    83    78    3935    (-,-) 
  U0_ALU_16B/div_67_27_g96444__9315/Y  -       D->Y   F     NAND4XL        5  5.0   707   398    4333    (-,-) 
  U0_ALU_16B/div_67_27_g96443/Y        -       A->Y   R     INVX1          3  2.8   182   296    4628    (-,-) 
  U0_ALU_16B/div_67_27_g96439__5115/Y  -       S0->Y  R     MX2X1          2  2.7    67   188    4816    (-,-) 
  U0_ALU_16B/div_67_27_g96436__7098/CO -       CI->CO R     ADDFX1         1  0.8    58   194    5011    (-,-) 
  U0_ALU_16B/div_67_27_g96435/Y        -       A->Y   F     INVX1          1  1.9    42    45    5056    (-,-) 
  U0_ALU_16B/div_67_27_g96434__8246/CO -       CI->CO F     ADDFX1         1  1.9    84   183    5239    (-,-) 
  U0_ALU_16B/div_67_27_g96433__5122/CO -       CI->CO F     ADDFX1         1  1.9    82   197    5436    (-,-) 
  U0_ALU_16B/div_67_27_g96432__1705/CO -       CI->CO F     ADDFX1         1  0.9    67   188    5624    (-,-) 
  U0_ALU_16B/div_67_27_g96431__2802/Y  -       B0->Y  R     OAI21X1        1  0.6    64    38    5662    (-,-) 
  U0_ALU_16B/div_67_27_g96430__1617/Y  -       D->Y   F     NAND4XL        5  4.5   649   363    6025    (-,-) 
  U0_ALU_16B/div_67_27_g96429/Y        -       A->Y   R     INVX1          6  5.5   198   291    6316    (-,-) 
  U0_ALU_16B/div_67_27_g96423__6260/Y  -       S0->Y  R     MX2X1          2  2.7    67   194    6510    (-,-) 
  U0_ALU_16B/div_67_27_g96414__9945/CO -       CI->CO R     ADDFX1         1  0.8    56   194    6704    (-,-) 
  U0_ALU_16B/div_67_27_g96413/Y        -       A->Y   F     INVX1          1  1.9    42    44    6748    (-,-) 
  U0_ALU_16B/div_67_27_g96412__9315/CO -       CI->CO F     ADDFX1         1  1.9    84   183    6931    (-,-) 
  U0_ALU_16B/div_67_27_g96411__6161/CO -       CI->CO F     ADDFX1         4  3.3   103   209    7141    (-,-) 
  U0_ALU_16B/div_67_27_g96409__7482/Y  -       A1->Y  R     OAI221X1       1  0.6   108    88    7229    (-,-) 
  U0_ALU_16B/div_67_27_g96406__6131/Y  -       A2->Y  F     AOI33XL        7  5.2   637   397    7626    (-,-) 
  U0_ALU_16B/div_67_27_g96405/Y        -       A->Y   R     INVX1          8  6.3   204   292    7918    (-,-) 
  U0_ALU_16B/div_67_27_g96395__8428/Y  -       A1N->Y R     OAI2BB1X1      2  1.5    66   180    8098    (-,-) 
  U0_ALU_16B/div_67_27_g96393__6260/Y  -       C->Y   F     NAND3X1        1  0.9   112    83    8181    (-,-) 
  U0_ALU_16B/div_67_27_g96390__5477/Y  -       B0->Y  R     OAI21X1        1  0.9    76    57    8238    (-,-) 
  U0_ALU_16B/div_67_27_g96385__2346/Y  -       B1->Y  F     AOI221X1       1  0.9   132    83    8321    (-,-) 
  U0_ALU_16B/div_67_27_g96383__9945/Y  -       A1->Y  R     OAI221X1       1  0.8   114   100    8422    (-,-) 
  U0_ALU_16B/div_67_27_g96382__9315/Y  -       C0->Y  F     OAI211X1       1  0.8   126   112    8534    (-,-) 
  U0_ALU_16B/g5130__8428/Y             -       B1->Y  R     AOI32X1        1  0.6    77    78    8612    (-,-) 
  U0_ALU_16B/g5109__7098/Y             -       D->Y   F     NAND4XL        1  0.8   257   146    8758    (-,-) 
  U0_ALU_16B/ALU_OUT_reg[0]/D          -       -      F     DFFRHQX1       1    -     -     0    8758    (-,-) 
#--------------------------------------------------------------------------------------------------------------



Path 7: MET (10953 ps) Setup Check with Pin U0_ALU_16B/ALU_OUT_reg[0]/CK->D
          Group: ALU_CLK
     Startpoint: (R) U0_Register_File/Memory_reg[1][1]/CK
          Clock: (R) REF_CLK
       Endpoint: (F) U0_ALU_16B/ALU_OUT_reg[0]/D
          Clock: (R) ALU_CLK

                     Capture       Launch     
        Clock Edge:+   20000            0     
       Src Latency:+       0            0     
       Net Latency:+       0 (I)        0 (I) 
           Arrival:=   20000            0     
                                              
             Setup:-      89                  
       Uncertainty:-     200                  
     Required Time:=   19711                  
      Launch Clock:-       0                  
         Data Path:-    8758                  
             Slack:=   10953                  

#--------------------------------------------------------------------------------------------------------------
#            Timing Point              Flags    Arc   Edge   Cell     Fanout Load Trans Delay Arrival Instance 
#                                                                            (fF)  (ps)  (ps)   (ps)  Location 
#--------------------------------------------------------------------------------------------------------------
  U0_Register_File/Memory_reg[1][1]/CK -       -      R     (arrival)   6215    -     0     0       0    (-,-) 
  U0_Register_File/Memory_reg[1][1]/Q  -       CK->Q  F     SDFFRHQX1     17 14.0   243   351     351    (-,-) 
  U0_ALU_16B/div_67_27_g96499/Y        -       A->Y   R     INVX1          7 12.6   211   187     538    (-,-) 
  U0_ALU_16B/div_67_27_g96485__2883/Y  -       B0->Y  F     OAI211X1       1  0.6   116   151     688    (-,-) 
  U0_ALU_16B/div_67_27_g96484__9945/Y  -       AN->Y  F     NAND3BXL       1  0.8   156   169     857    (-,-) 
  U0_ALU_16B/div_67_27_g96483__9315/Y  -       D->Y   R     NOR4X1         2  1.7   195   136     993    (-,-) 
  U0_ALU_16B/div_67_27_g96482__6161/Y  -       B->Y   F     NOR2BX1        2  1.4    55    94    1087    (-,-) 
  U0_ALU_16B/div_67_27_g96480__4733/Y  -       A1->Y  R     OAI22X1        1  0.8   103    67    1154    (-,-) 
  U0_ALU_16B/div_67_27_g96479__7482/Y  -       D->Y   F     NOR4X1         1  0.6    86    58    1211    (-,-) 
  U0_ALU_16B/div_67_27_g96478__5115/Y  -       D->Y   R     NAND4XL        2  1.6    81    68    1280    (-,-) 
  U0_ALU_16B/g2/Y                      -       A0->Y  F     OAI21X1        3  2.3   122   110    1390    (-,-) 
  U0_ALU_16B/div_67_27_g96473__7098/Y  -       B->Y   R     NAND2X1        2  1.7    73    66    1456    (-,-) 
  U0_ALU_16B/div_67_27_g96470__5122/Y  -       B1->Y  F     AOI221X1       1  0.6   113    77    1533    (-,-) 
  U0_ALU_16B/div_67_27_g96469__1705/Y  -       D->Y   F     OR4X1          1  0.8    74   225    1758    (-,-) 
  U0_ALU_16B/div_67_27_g96468__2802/Y  -       D->Y   R     NOR4X1         5  4.4   354   195    1953    (-,-) 
  U0_ALU_16B/div_67_27_g96464__6783/Y  -       S0->Y  R     MX2X1          2  2.5    65   246    2199    (-,-) 
  U0_ALU_16B/div_67_27_g96462__8428/CO -       CI->CO R     ADDFX1         1  0.8    58   193    2392    (-,-) 
  U0_ALU_16B/div_67_27_g96461/Y        -       A->Y   F     INVX1          1  1.9    42    45    2437    (-,-) 
  U0_ALU_16B/div_67_27_g96460__4319/CO -       CI->CO F     ADDFX1         1  0.9    68   175    2612    (-,-) 
  U0_ALU_16B/div_67_27_g96459__6260/Y  -       B0->Y  R     OAI2BB1X1      1  0.8    42    42    2654    (-,-) 
  U0_ALU_16B/div_67_27_g96458__5107/Y  -       C0->Y  F     OAI211X1       1  0.8   126    90    2744    (-,-) 
  U0_ALU_16B/div_67_27_g96457__2398/Y  -       D->Y   R     NOR4X1         5  5.3   405   236    2981    (-,-) 
  U0_ALU_16B/div_67_27_g96453__5477/Y  -       S0->Y  R     MX2X1          2  2.7    68   265    3246    (-,-) 
  U0_ALU_16B/div_67_27_g96449__1666/CO -       CI->CO R     ADDFX1         1  0.8    58   194    3440    (-,-) 
  U0_ALU_16B/div_67_27_g96448/Y        -       A->Y   F     INVX1          1  1.9    42    45    3485    (-,-) 
  U0_ALU_16B/div_67_27_g96447__2346/CO -       CI->CO F     ADDFX1         1  1.9    84   183    3668    (-,-) 
  U0_ALU_16B/div_67_27_g96446__2883/CO -       CI->CO F     ADDFX1         1  0.9    67   188    3857    (-,-) 
  U0_ALU_16B/div_67_27_g96445__9945/Y  -       A1->Y  R     AOI22X1        1  0.6    83    78    3935    (-,-) 
  U0_ALU_16B/div_67_27_g96444__9315/Y  -       D->Y   F     NAND4XL        5  5.0   707   398    4333    (-,-) 
  U0_ALU_16B/div_67_27_g96443/Y        -       A->Y   R     INVX1          3  2.8   182   296    4628    (-,-) 
  U0_ALU_16B/div_67_27_g96439__5115/Y  -       S0->Y  R     MX2X1          2  2.7    67   188    4816    (-,-) 
  U0_ALU_16B/div_67_27_g96436__7098/CO -       CI->CO R     ADDFX1         1  0.8    58   194    5011    (-,-) 
  U0_ALU_16B/div_67_27_g96435/Y        -       A->Y   F     INVX1          1  1.9    42    45    5055    (-,-) 
  U0_ALU_16B/div_67_27_g96434__8246/CO -       CI->CO F     ADDFX1         1  1.9    84   183    5239    (-,-) 
  U0_ALU_16B/div_67_27_g96433__5122/CO -       CI->CO F     ADDFX1         1  1.9    82   197    5436    (-,-) 
  U0_ALU_16B/div_67_27_g96432__1705/CO -       CI->CO F     ADDFX1         1  0.9    67   188    5624    (-,-) 
  U0_ALU_16B/div_67_27_g96431__2802/Y  -       B0->Y  R     OAI21X1        1  0.6    64    38    5662    (-,-) 
  U0_ALU_16B/div_67_27_g96430__1617/Y  -       D->Y   F     NAND4XL        5  4.5   649   363    6025    (-,-) 
  U0_ALU_16B/div_67_27_g96429/Y        -       A->Y   R     INVX1          6  5.5   198   291    6316    (-,-) 
  U0_ALU_16B/div_67_27_g96423__6260/Y  -       S0->Y  R     MX2X1          2  2.7    67   194    6510    (-,-) 
  U0_ALU_16B/div_67_27_g96414__9945/CO -       CI->CO R     ADDFX1         1  0.8    56   194    6704    (-,-) 
  U0_ALU_16B/div_67_27_g96413/Y        -       A->Y   F     INVX1          1  1.9    42    44    6748    (-,-) 
  U0_ALU_16B/div_67_27_g96412__9315/CO -       CI->CO F     ADDFX1         1  1.9    84   183    6931    (-,-) 
  U0_ALU_16B/div_67_27_g96411__6161/CO -       CI->CO F     ADDFX1         4  3.3   103   209    7141    (-,-) 
  U0_ALU_16B/div_67_27_g96409__7482/Y  -       A1->Y  R     OAI221X1       1  0.6   108    88    7229    (-,-) 
  U0_ALU_16B/div_67_27_g96406__6131/Y  -       A2->Y  F     AOI33XL        7  5.2   637   397    7626    (-,-) 
  U0_ALU_16B/div_67_27_g96405/Y        -       A->Y   R     INVX1          8  6.3   204   292    7918    (-,-) 
  U0_ALU_16B/div_67_27_g96395__8428/Y  -       A1N->Y R     OAI2BB1X1      2  1.5    66   180    8098    (-,-) 
  U0_ALU_16B/div_67_27_g96393__6260/Y  -       C->Y   F     NAND3X1        1  0.9   112    83    8181    (-,-) 
  U0_ALU_16B/div_67_27_g96390__5477/Y  -       B0->Y  R     OAI21X1        1  0.9    76    57    8238    (-,-) 
  U0_ALU_16B/div_67_27_g96385__2346/Y  -       B1->Y  F     AOI221X1       1  0.9   132    83    8321    (-,-) 
  U0_ALU_16B/div_67_27_g96383__9945/Y  -       A1->Y  R     OAI221X1       1  0.8   114   100    8422    (-,-) 
  U0_ALU_16B/div_67_27_g96382__9315/Y  -       C0->Y  F     OAI211X1       1  0.8   126   112    8534    (-,-) 
  U0_ALU_16B/g5130__8428/Y             -       B1->Y  R     AOI32X1        1  0.6    77    78    8612    (-,-) 
  U0_ALU_16B/g5109__7098/Y             -       D->Y   F     NAND4XL        1  0.8   257   146    8758    (-,-) 
  U0_ALU_16B/ALU_OUT_reg[0]/D          -       -      F     DFFRHQX1       1    -     -     0    8758    (-,-) 
#--------------------------------------------------------------------------------------------------------------



Path 8: MET (10961 ps) Setup Check with Pin U0_ALU_16B/ALU_OUT_reg[0]/CK->D
          Group: ALU_CLK
     Startpoint: (R) U0_Register_File/Memory_reg[1][0]/CK
          Clock: (R) REF_CLK
       Endpoint: (F) U0_ALU_16B/ALU_OUT_reg[0]/D
          Clock: (R) ALU_CLK

                     Capture       Launch     
        Clock Edge:+   20000            0     
       Src Latency:+       0            0     
       Net Latency:+       0 (I)        0 (I) 
           Arrival:=   20000            0     
                                              
             Setup:-      89                  
       Uncertainty:-     200                  
     Required Time:=   19711                  
      Launch Clock:-       0                  
         Data Path:-    8750                  
             Slack:=   10961                  

#--------------------------------------------------------------------------------------------------------------
#            Timing Point              Flags    Arc   Edge   Cell     Fanout Load Trans Delay Arrival Instance 
#                                                                            (fF)  (ps)  (ps)   (ps)  Location 
#--------------------------------------------------------------------------------------------------------------
  U0_Register_File/Memory_reg[1][0]/CK -       -      R     (arrival)   6215    -     0     0       0    (-,-) 
  U0_Register_File/Memory_reg[1][0]/Q  -       CK->Q  F     SDFFRHQX1     20 17.0   292   375     375    (-,-) 
  U0_ALU_16B/div_67_27_g96498/Y        -       A->Y   R     INVX1          9  6.9   145   164     540    (-,-) 
  U0_ALU_16B/div_67_27_g96485__2883/Y  -       A1->Y  F     OAI211X1       1  0.6   116   126     666    (-,-) 
  U0_ALU_16B/div_67_27_g96484__9945/Y  -       AN->Y  F     NAND3BXL       1  0.8   156   169     834    (-,-) 
  U0_ALU_16B/div_67_27_g96483__9315/Y  -       D->Y   R     NOR4X1         2  1.7   195   136     970    (-,-) 
  U0_ALU_16B/div_67_27_g96482__6161/Y  -       B->Y   F     NOR2BX1        2  1.4    55    94    1064    (-,-) 
  U0_ALU_16B/div_67_27_g96480__4733/Y  -       A1->Y  R     OAI22X1        1  0.8   103    67    1131    (-,-) 
  U0_ALU_16B/div_67_27_g96479__7482/Y  -       D->Y   F     NOR4X1         1  0.6    86    58    1189    (-,-) 
  U0_ALU_16B/div_67_27_g96478__5115/Y  -       D->Y   R     NAND4XL        2  1.6    81    68    1257    (-,-) 
  U0_ALU_16B/g2/Y                      -       A0->Y  F     OAI21X1        3  2.3   122   110    1367    (-,-) 
  U0_ALU_16B/div_67_27_g96471__8246/Y  -       B->Y   R     NOR2X1         2  1.7    86    80    1447    (-,-) 
  U0_ALU_16B/div_67_27_g96470__5122/Y  -       C0->Y  F     AOI221X1       1  0.6   113    50    1497    (-,-) 
  U0_ALU_16B/div_67_27_g96469__1705/Y  -       D->Y   F     OR4X1          1  0.8    74   225    1722    (-,-) 
  U0_ALU_16B/div_67_27_g96468__2802/Y  -       D->Y   R     NOR4X1         5  4.4   354   195    1917    (-,-) 
  U0_ALU_16B/div_67_27_g96464__6783/Y  -       S0->Y  R     MX2X1          2  2.5    65   246    2163    (-,-) 
  U0_ALU_16B/div_67_27_g96462__8428/CO -       CI->CO R     ADDFX1         1  0.8    58   193    2357    (-,-) 
  U0_ALU_16B/div_67_27_g96461/Y        -       A->Y   F     INVX1          1  1.9    42    45    2402    (-,-) 
  U0_ALU_16B/div_67_27_g96460__4319/CO -       CI->CO F     ADDFX1         1  0.9    68   175    2576    (-,-) 
  U0_ALU_16B/div_67_27_g96459__6260/Y  -       B0->Y  R     OAI2BB1X1      1  0.8    42    42    2618    (-,-) 
  U0_ALU_16B/div_67_27_g96458__5107/Y  -       C0->Y  F     OAI211X1       1  0.8   126    90    2709    (-,-) 
  U0_ALU_16B/div_67_27_g96457__2398/Y  -       D->Y   R     NOR4X1         5  5.3   405   236    2945    (-,-) 
  U0_ALU_16B/div_67_27_g96453__5477/Y  -       S0->Y  R     MX2X1          2  2.7    68   265    3210    (-,-) 
  U0_ALU_16B/div_67_27_g96449__1666/CO -       CI->CO R     ADDFX1         1  0.8    58   194    3405    (-,-) 
  U0_ALU_16B/div_67_27_g96448/Y        -       A->Y   F     INVX1          1  1.9    42    45    3450    (-,-) 
  U0_ALU_16B/div_67_27_g96447__2346/CO -       CI->CO F     ADDFX1         1  1.9    84   183    3633    (-,-) 
  U0_ALU_16B/div_67_27_g96446__2883/CO -       CI->CO F     ADDFX1         1  0.9    67   188    3821    (-,-) 
  U0_ALU_16B/div_67_27_g96445__9945/Y  -       A1->Y  R     AOI22X1        1  0.6    83    78    3899    (-,-) 
  U0_ALU_16B/div_67_27_g96444__9315/Y  -       D->Y   F     NAND4XL        5  5.0   707   398    4297    (-,-) 
  U0_ALU_16B/div_67_27_g96443/Y        -       A->Y   R     INVX1          3  2.8   182   296    4592    (-,-) 
  U0_ALU_16B/div_67_27_g96439__5115/Y  -       S0->Y  R     MX2X1          2  2.7    67   188    4781    (-,-) 
  U0_ALU_16B/div_67_27_g96436__7098/CO -       CI->CO R     ADDFX1         1  0.8    58   194    4975    (-,-) 
  U0_ALU_16B/div_67_27_g96435/Y        -       A->Y   F     INVX1          1  1.9    42    45    5020    (-,-) 
  U0_ALU_16B/div_67_27_g96434__8246/CO -       CI->CO F     ADDFX1         1  1.9    84   183    5203    (-,-) 
  U0_ALU_16B/div_67_27_g96433__5122/CO -       CI->CO F     ADDFX1         1  1.9    82   197    5400    (-,-) 
  U0_ALU_16B/div_67_27_g96432__1705/CO -       CI->CO F     ADDFX1         1  0.9    67   188    5588    (-,-) 
  U0_ALU_16B/div_67_27_g96431__2802/Y  -       B0->Y  R     OAI21X1        1  0.6    64    38    5626    (-,-) 
  U0_ALU_16B/div_67_27_g96430__1617/Y  -       D->Y   F     NAND4XL        5  4.5   649   363    5989    (-,-) 
  U0_ALU_16B/div_67_27_g96429/Y        -       A->Y   R     INVX1          6  5.5   198   291    6280    (-,-) 
  U0_ALU_16B/div_67_27_g96423__6260/Y  -       S0->Y  R     MX2X1          2  2.7    67   194    6474    (-,-) 
  U0_ALU_16B/div_67_27_g96414__9945/CO -       CI->CO R     ADDFX1         1  0.8    56   194    6668    (-,-) 
  U0_ALU_16B/div_67_27_g96413/Y        -       A->Y   F     INVX1          1  1.9    42    44    6712    (-,-) 
  U0_ALU_16B/div_67_27_g96412__9315/CO -       CI->CO F     ADDFX1         1  1.9    84   183    6896    (-,-) 
  U0_ALU_16B/div_67_27_g96411__6161/CO -       CI->CO F     ADDFX1         4  3.3   103   209    7105    (-,-) 
  U0_ALU_16B/div_67_27_g96409__7482/Y  -       A1->Y  R     OAI221X1       1  0.6   108    88    7193    (-,-) 
  U0_ALU_16B/div_67_27_g96406__6131/Y  -       A2->Y  F     AOI33XL        7  5.2   637   397    7590    (-,-) 
  U0_ALU_16B/div_67_27_g96405/Y        -       A->Y   R     INVX1          8  6.3   204   292    7882    (-,-) 
  U0_ALU_16B/div_67_27_g96400__2802/Y  -       A1->Y  R     OA22X1         2  1.5    52   219    8102    (-,-) 
  U0_ALU_16B/div_67_27_g96392__5107/Y  -       B->Y   R     AND2XL         2  1.7    64   115    8217    (-,-) 
  U0_ALU_16B/div_67_27_g96388__7410/Y  -       A2->Y  F     OAI32X1        1  0.9   118    93    8310    (-,-) 
  U0_ALU_16B/div_67_27_g96383__9945/Y  -       A0->Y  R     OAI221X1       1  0.8   114   104    8414    (-,-) 
  U0_ALU_16B/div_67_27_g96382__9315/Y  -       C0->Y  F     OAI211X1       1  0.8   126   112    8526    (-,-) 
  U0_ALU_16B/g5130__8428/Y             -       B1->Y  R     AOI32X1        1  0.6    77    78    8604    (-,-) 
  U0_ALU_16B/g5109__7098/Y             -       D->Y   F     NAND4XL        1  0.8   257   146    8750    (-,-) 
  U0_ALU_16B/ALU_OUT_reg[0]/D          -       -      F     DFFRHQX1       1    -     -     0    8750    (-,-) 
#--------------------------------------------------------------------------------------------------------------



Path 9: MET (10963 ps) Setup Check with Pin U0_ALU_16B/ALU_OUT_reg[0]/CK->D
          Group: ALU_CLK
     Startpoint: (R) U0_Register_File/Memory_reg[1][2]/CK
          Clock: (R) REF_CLK
       Endpoint: (F) U0_ALU_16B/ALU_OUT_reg[0]/D
          Clock: (R) ALU_CLK

                     Capture       Launch     
        Clock Edge:+   20000            0     
       Src Latency:+       0            0     
       Net Latency:+       0 (I)        0 (I) 
           Arrival:=   20000            0     
                                              
             Setup:-      89                  
       Uncertainty:-     200                  
     Required Time:=   19711                  
      Launch Clock:-       0                  
         Data Path:-    8748                  
             Slack:=   10963                  

#--------------------------------------------------------------------------------------------------------------
#            Timing Point              Flags    Arc   Edge   Cell     Fanout Load Trans Delay Arrival Instance 
#                                                                            (fF)  (ps)  (ps)   (ps)  Location 
#--------------------------------------------------------------------------------------------------------------
  U0_Register_File/Memory_reg[1][2]/CK -       -      R     (arrival)   6215    -     0     0       0    (-,-) 
  U0_Register_File/Memory_reg[1][2]/Q  -       CK->Q  F     SDFFRHQX1     20 22.2   376   418     418    (-,-) 
  U0_ALU_16B/div_67_27_g96503/Y        -       A->Y   R     INVX1          3  2.4   106   165     584    (-,-) 
  U0_ALU_16B/div_67_27_g96485__2883/Y  -       C0->Y  F     OAI211X1       1  0.6   116   105     688    (-,-) 
  U0_ALU_16B/div_67_27_g96484__9945/Y  -       AN->Y  F     NAND3BXL       1  0.8   156   169     857    (-,-) 
  U0_ALU_16B/div_67_27_g96483__9315/Y  -       D->Y   R     NOR4X1         2  1.7   195   136     993    (-,-) 
  U0_ALU_16B/div_67_27_g96482__6161/Y  -       B->Y   F     NOR2BX1        2  1.4    55    94    1087    (-,-) 
  U0_ALU_16B/div_67_27_g96480__4733/Y  -       A1->Y  R     OAI22X1        1  0.8   103    67    1154    (-,-) 
  U0_ALU_16B/div_67_27_g96479__7482/Y  -       D->Y   F     NOR4X1         1  0.6    86    58    1211    (-,-) 
  U0_ALU_16B/div_67_27_g96478__5115/Y  -       D->Y   R     NAND4XL        2  1.6    81    68    1280    (-,-) 
  U0_ALU_16B/g2/Y                      -       A0->Y  F     OAI21X1        3  2.3   122   110    1390    (-,-) 
  U0_ALU_16B/div_67_27_g96473__7098/Y  -       B->Y   R     NAND2X1        2  1.7    73    66    1456    (-,-) 
  U0_ALU_16B/div_67_27_g96470__5122/Y  -       B1->Y  F     AOI221X1       1  0.6   113    77    1533    (-,-) 
  U0_ALU_16B/div_67_27_g96469__1705/Y  -       D->Y   F     OR4X1          1  0.8    74   225    1758    (-,-) 
  U0_ALU_16B/div_67_27_g96468__2802/Y  -       D->Y   R     NOR4X1         5  4.4   354   195    1953    (-,-) 
  U0_ALU_16B/div_67_27_g96464__6783/Y  -       S0->Y  R     MX2X1          2  2.5    65   246    2199    (-,-) 
  U0_ALU_16B/div_67_27_g96462__8428/CO -       CI->CO R     ADDFX1         1  0.8    58   193    2392    (-,-) 
  U0_ALU_16B/div_67_27_g96461/Y        -       A->Y   F     INVX1          1  1.9    42    45    2437    (-,-) 
  U0_ALU_16B/div_67_27_g96460__4319/CO -       CI->CO F     ADDFX1         1  0.9    68   175    2612    (-,-) 
  U0_ALU_16B/div_67_27_g96459__6260/Y  -       B0->Y  R     OAI2BB1X1      1  0.8    42    42    2654    (-,-) 
  U0_ALU_16B/div_67_27_g96458__5107/Y  -       C0->Y  F     OAI211X1       1  0.8   126    90    2744    (-,-) 
  U0_ALU_16B/div_67_27_g96457__2398/Y  -       D->Y   R     NOR4X1         5  5.3   405   236    2981    (-,-) 
  U0_ALU_16B/div_67_27_g96453__5477/Y  -       S0->Y  R     MX2X1          2  2.7    68   265    3246    (-,-) 
  U0_ALU_16B/div_67_27_g96449__1666/CO -       CI->CO R     ADDFX1         1  0.8    58   194    3440    (-,-) 
  U0_ALU_16B/div_67_27_g96448/Y        -       A->Y   F     INVX1          1  1.9    42    45    3485    (-,-) 
  U0_ALU_16B/div_67_27_g96447__2346/CO -       CI->CO F     ADDFX1         1  1.9    84   183    3668    (-,-) 
  U0_ALU_16B/div_67_27_g96446__2883/CO -       CI->CO F     ADDFX1         1  0.9    67   188    3857    (-,-) 
  U0_ALU_16B/div_67_27_g96445__9945/Y  -       A1->Y  R     AOI22X1        1  0.6    83    78    3935    (-,-) 
  U0_ALU_16B/div_67_27_g96444__9315/Y  -       D->Y   F     NAND4XL        5  5.0   707   398    4333    (-,-) 
  U0_ALU_16B/div_67_27_g96443/Y        -       A->Y   R     INVX1          3  2.8   182   296    4628    (-,-) 
  U0_ALU_16B/div_67_27_g96439__5115/Y  -       S0->Y  R     MX2X1          2  2.7    67   188    4816    (-,-) 
  U0_ALU_16B/div_67_27_g96436__7098/CO -       CI->CO R     ADDFX1         1  0.8    58   194    5011    (-,-) 
  U0_ALU_16B/div_67_27_g96435/Y        -       A->Y   F     INVX1          1  1.9    42    45    5056    (-,-) 
  U0_ALU_16B/div_67_27_g96434__8246/CO -       CI->CO F     ADDFX1         1  1.9    84   183    5239    (-,-) 
  U0_ALU_16B/div_67_27_g96433__5122/CO -       CI->CO F     ADDFX1         1  1.9    82   197    5436    (-,-) 
  U0_ALU_16B/div_67_27_g96432__1705/CO -       CI->CO F     ADDFX1         1  0.9    67   188    5624    (-,-) 
  U0_ALU_16B/div_67_27_g96431__2802/Y  -       B0->Y  R     OAI21X1        1  0.6    64    38    5662    (-,-) 
  U0_ALU_16B/div_67_27_g96430__1617/Y  -       D->Y   F     NAND4XL        5  4.5   649   363    6025    (-,-) 
  U0_ALU_16B/div_67_27_g96429/Y        -       A->Y   R     INVX1          6  5.5   198   291    6316    (-,-) 
  U0_ALU_16B/div_67_27_g96423__6260/Y  -       S0->Y  R     MX2X1          2  2.7    67   194    6510    (-,-) 
  U0_ALU_16B/div_67_27_g96414__9945/CO -       CI->CO R     ADDFX1         1  0.8    56   194    6704    (-,-) 
  U0_ALU_16B/div_67_27_g96413/Y        -       A->Y   F     INVX1          1  1.9    42    44    6748    (-,-) 
  U0_ALU_16B/div_67_27_g96412__9315/CO -       CI->CO F     ADDFX1         1  1.9    84   183    6931    (-,-) 
  U0_ALU_16B/div_67_27_g96411__6161/CO -       CI->CO F     ADDFX1         4  3.3   103   209    7141    (-,-) 
  U0_ALU_16B/div_67_27_g96409__7482/Y  -       A1->Y  R     OAI221X1       1  0.6   108    88    7229    (-,-) 
  U0_ALU_16B/div_67_27_g96406__6131/Y  -       A2->Y  F     AOI33XL        7  5.2   637   397    7626    (-,-) 
  U0_ALU_16B/div_67_27_g96405/Y        -       A->Y   R     INVX1          8  6.3   204   292    7918    (-,-) 
  U0_ALU_16B/div_67_27_g96395__8428/Y  -       A1N->Y R     OAI2BB1X1      2  1.5    66   180    8098    (-,-) 
  U0_ALU_16B/div_67_27_g96389__6417/Y  -       A1N->Y R     OAI2BB1X1      1  0.9    60   128    8226    (-,-) 
  U0_ALU_16B/div_67_27_g96385__2346/Y  -       B0->Y  F     AOI221X1       1  0.9   132    84    8310    (-,-) 
  U0_ALU_16B/div_67_27_g96383__9945/Y  -       A1->Y  R     OAI221X1       1  0.8   114   100    8411    (-,-) 
  U0_ALU_16B/div_67_27_g96382__9315/Y  -       C0->Y  F     OAI211X1       1  0.8   126   112    8523    (-,-) 
  U0_ALU_16B/g5130__8428/Y             -       B1->Y  R     AOI32X1        1  0.6    77    78    8601    (-,-) 
  U0_ALU_16B/g5109__7098/Y             -       D->Y   F     NAND4XL        1  0.8   257   146    8748    (-,-) 
  U0_ALU_16B/ALU_OUT_reg[0]/D          -       -      F     DFFRHQX1       1    -     -     0    8748    (-,-) 
#--------------------------------------------------------------------------------------------------------------



Path 10: MET (10964 ps) Setup Check with Pin U0_ALU_16B/ALU_OUT_reg[0]/CK->D
          Group: ALU_CLK
     Startpoint: (R) U0_Register_File/Memory_reg[1][1]/CK
          Clock: (R) REF_CLK
       Endpoint: (F) U0_ALU_16B/ALU_OUT_reg[0]/D
          Clock: (R) ALU_CLK

                     Capture       Launch     
        Clock Edge:+   20000            0     
       Src Latency:+       0            0     
       Net Latency:+       0 (I)        0 (I) 
           Arrival:=   20000            0     
                                              
             Setup:-      89                  
       Uncertainty:-     200                  
     Required Time:=   19711                  
      Launch Clock:-       0                  
         Data Path:-    8747                  
             Slack:=   10964                  

#--------------------------------------------------------------------------------------------------------------
#            Timing Point              Flags    Arc   Edge   Cell     Fanout Load Trans Delay Arrival Instance 
#                                                                            (fF)  (ps)  (ps)   (ps)  Location 
#--------------------------------------------------------------------------------------------------------------
  U0_Register_File/Memory_reg[1][1]/CK -       -      R     (arrival)   6215    -     0     0       0    (-,-) 
  U0_Register_File/Memory_reg[1][1]/Q  -       CK->Q  F     SDFFRHQX1     17 14.0   243   351     351    (-,-) 
  U0_ALU_16B/div_67_27_g96499/Y        -       A->Y   R     INVX1          7 12.6   211   187     538    (-,-) 
  U0_ALU_16B/div_67_27_g96485__2883/Y  -       B0->Y  F     OAI211X1       1  0.6   116   151     688    (-,-) 
  U0_ALU_16B/div_67_27_g96484__9945/Y  -       AN->Y  F     NAND3BXL       1  0.8   156   169     857    (-,-) 
  U0_ALU_16B/div_67_27_g96483__9315/Y  -       D->Y   R     NOR4X1         2  1.7   195   136     993    (-,-) 
  U0_ALU_16B/div_67_27_g96482__6161/Y  -       B->Y   F     NOR2BX1        2  1.4    55    94    1087    (-,-) 
  U0_ALU_16B/div_67_27_g96480__4733/Y  -       A1->Y  R     OAI22X1        1  0.8   103    67    1154    (-,-) 
  U0_ALU_16B/div_67_27_g96479__7482/Y  -       D->Y   F     NOR4X1         1  0.6    86    58    1211    (-,-) 
  U0_ALU_16B/div_67_27_g96478__5115/Y  -       D->Y   R     NAND4XL        2  1.6    81    68    1280    (-,-) 
  U0_ALU_16B/g2/Y                      -       A0->Y  F     OAI21X1        3  2.3   122   110    1390    (-,-) 
  U0_ALU_16B/div_67_27_g96473__7098/Y  -       B->Y   R     NAND2X1        2  1.7    73    66    1456    (-,-) 
  U0_ALU_16B/div_67_27_g96470__5122/Y  -       B1->Y  F     AOI221X1       1  0.6   113    77    1533    (-,-) 
  U0_ALU_16B/div_67_27_g96469__1705/Y  -       D->Y   F     OR4X1          1  0.8    74   225    1758    (-,-) 
  U0_ALU_16B/div_67_27_g96468__2802/Y  -       D->Y   R     NOR4X1         5  4.4   354   195    1953    (-,-) 
  U0_ALU_16B/div_67_27_g96464__6783/Y  -       S0->Y  R     MX2X1          2  2.5    65   246    2199    (-,-) 
  U0_ALU_16B/div_67_27_g96462__8428/CO -       CI->CO R     ADDFX1         1  0.8    58   193    2392    (-,-) 
  U0_ALU_16B/div_67_27_g96461/Y        -       A->Y   F     INVX1          1  1.9    42    45    2437    (-,-) 
  U0_ALU_16B/div_67_27_g96460__4319/CO -       CI->CO F     ADDFX1         1  0.9    68   175    2612    (-,-) 
  U0_ALU_16B/div_67_27_g96459__6260/Y  -       B0->Y  R     OAI2BB1X1      1  0.8    42    42    2654    (-,-) 
  U0_ALU_16B/div_67_27_g96458__5107/Y  -       C0->Y  F     OAI211X1       1  0.8   126    90    2744    (-,-) 
  U0_ALU_16B/div_67_27_g96457__2398/Y  -       D->Y   R     NOR4X1         5  5.3   405   236    2981    (-,-) 
  U0_ALU_16B/div_67_27_g96453__5477/Y  -       S0->Y  R     MX2X1          2  2.7    68   265    3246    (-,-) 
  U0_ALU_16B/div_67_27_g96449__1666/CO -       CI->CO R     ADDFX1         1  0.8    58   194    3440    (-,-) 
  U0_ALU_16B/div_67_27_g96448/Y        -       A->Y   F     INVX1          1  1.9    42    45    3485    (-,-) 
  U0_ALU_16B/div_67_27_g96447__2346/CO -       CI->CO F     ADDFX1         1  1.9    84   183    3668    (-,-) 
  U0_ALU_16B/div_67_27_g96446__2883/CO -       CI->CO F     ADDFX1         1  0.9    67   188    3857    (-,-) 
  U0_ALU_16B/div_67_27_g96445__9945/Y  -       A1->Y  R     AOI22X1        1  0.6    83    78    3935    (-,-) 
  U0_ALU_16B/div_67_27_g96444__9315/Y  -       D->Y   F     NAND4XL        5  5.0   707   398    4333    (-,-) 
  U0_ALU_16B/div_67_27_g96443/Y        -       A->Y   R     INVX1          3  2.8   182   296    4628    (-,-) 
  U0_ALU_16B/div_67_27_g96439__5115/Y  -       S0->Y  R     MX2X1          2  2.7    67   188    4816    (-,-) 
  U0_ALU_16B/div_67_27_g96436__7098/CO -       CI->CO R     ADDFX1         1  0.8    58   194    5011    (-,-) 
  U0_ALU_16B/div_67_27_g96435/Y        -       A->Y   F     INVX1          1  1.9    42    45    5055    (-,-) 
  U0_ALU_16B/div_67_27_g96434__8246/CO -       CI->CO F     ADDFX1         1  1.9    84   183    5239    (-,-) 
  U0_ALU_16B/div_67_27_g96433__5122/CO -       CI->CO F     ADDFX1         1  1.9    82   197    5436    (-,-) 
  U0_ALU_16B/div_67_27_g96432__1705/CO -       CI->CO F     ADDFX1         1  0.9    67   188    5624    (-,-) 
  U0_ALU_16B/div_67_27_g96431__2802/Y  -       B0->Y  R     OAI21X1        1  0.6    64    38    5662    (-,-) 
  U0_ALU_16B/div_67_27_g96430__1617/Y  -       D->Y   F     NAND4XL        5  4.5   649   363    6025    (-,-) 
  U0_ALU_16B/div_67_27_g96429/Y        -       A->Y   R     INVX1          6  5.5   198   291    6316    (-,-) 
  U0_ALU_16B/div_67_27_g96423__6260/Y  -       S0->Y  R     MX2X1          2  2.7    67   194    6510    (-,-) 
  U0_ALU_16B/div_67_27_g96414__9945/CO -       CI->CO R     ADDFX1         1  0.8    56   194    6704    (-,-) 
  U0_ALU_16B/div_67_27_g96413/Y        -       A->Y   F     INVX1          1  1.9    42    44    6748    (-,-) 
  U0_ALU_16B/div_67_27_g96412__9315/CO -       CI->CO F     ADDFX1         1  1.9    84   183    6931    (-,-) 
  U0_ALU_16B/div_67_27_g96411__6161/CO -       CI->CO F     ADDFX1         4  3.3   103   209    7141    (-,-) 
  U0_ALU_16B/div_67_27_g96409__7482/Y  -       A1->Y  R     OAI221X1       1  0.6   108    88    7229    (-,-) 
  U0_ALU_16B/div_67_27_g96406__6131/Y  -       A2->Y  F     AOI33XL        7  5.2   637   397    7626    (-,-) 
  U0_ALU_16B/div_67_27_g96405/Y        -       A->Y   R     INVX1          8  6.3   204   292    7918    (-,-) 
  U0_ALU_16B/div_67_27_g96395__8428/Y  -       A1N->Y R     OAI2BB1X1      2  1.5    66   180    8098    (-,-) 
  U0_ALU_16B/div_67_27_g96389__6417/Y  -       A1N->Y R     OAI2BB1X1      1  0.9    60   128    8226    (-,-) 
  U0_ALU_16B/div_67_27_g96385__2346/Y  -       B0->Y  F     AOI221X1       1  0.9   132    84    8310    (-,-) 
  U0_ALU_16B/div_67_27_g96383__9945/Y  -       A1->Y  R     OAI221X1       1  0.8   114   100    8411    (-,-) 
  U0_ALU_16B/div_67_27_g96382__9315/Y  -       C0->Y  F     OAI211X1       1  0.8   126   112    8523    (-,-) 
  U0_ALU_16B/g5130__8428/Y             -       B1->Y  R     AOI32X1        1  0.6    77    78    8601    (-,-) 
  U0_ALU_16B/g5109__7098/Y             -       D->Y   F     NAND4XL        1  0.8   257   146    8747    (-,-) 
  U0_ALU_16B/ALU_OUT_reg[0]/D          -       -      F     DFFRHQX1       1    -     -     0    8747    (-,-) 
#--------------------------------------------------------------------------------------------------------------

