============================================================
  Generated by:           Genus(TM) Synthesis Solution 25.10-p002_1
  Generated on:           Jul 11 2026  11:02:26 am
  Module:                 TOP
  Operating conditions:   slow (balanced_tree)
  Wireload mode:          enclosed
  Area mode:              timing library
============================================================

           Instance                                  Module                        Cell-Count  Cell-Area  Net-Area   Total-Area   Wireload  
--------------------------------------------------------------------------------------------------------------------------------------------
TOP                           NA                                                         9553  44584.488     0.000    44584.488 <none> (D)  
  U0_ALU_16B                  ALU_16B_OPER_WIDTH8_OUT_WIDTH16                             433    943.920     0.000      943.920 <none> (D)  
  U0_Async_fifo               Async_fifo_D_SIZE8_F_DEPTH1024_P_SIZE10                    8261  40740.066     0.000    40740.066 <none> (D)  
    u_fifo_mem                fifo_mem_D_SIZE8_F_DEPTH1024_P_SIZE10                      8158  40374.126     0.000    40374.126 <none> (D)  
    u_fifo_rd                 fifo_rd_P_SIZE10                                             51    164.844     0.000      164.844 <none> (D)  
    u_fifo_wr                 fifo_wr_P_SIZE10                                             44    151.848     0.000      151.848 <none> (D)  
    u_w2r_sync                BIT_SYNC_NUM_STAGES2_BUS_WIDTH10                              8     49.248     0.000       49.248 <none> (D)  
  U0_CLKDIV_MUX               CLKDIV_MUX_WIDTH8                                             6     11.628     0.000       11.628 <none> (D)  
  U0_CLK_GATE                 CLK_GATE                                                      1      5.472     0.000        5.472 <none> (D)  
  U0_DATA_SYNC                DATA_SYNC_NUM_STAGES2_BUS_WIDTH8                             14     92.340     0.000       92.340 <none> (D)  
  U0_Integer_Clock_Divider_TX Integer_Clock_Divider                                        56    129.276     0.000      129.276 <none> (D)  
  U0_PULSE_GEN                PULSE_GEN                                                     3     13.680     0.000       13.680 <none> (D)  
  U0_RST_SYNC_REF             RST_SYNC_NUM_STAGES2                                          2     12.312     0.000       12.312 <none> (D)  
  U0_Register_File            Register_File_ADDR_WIDTH4_DATA_WIDTH8_MEM_DEPTH1024         282   1344.402     0.000     1344.402 <none> (D)  
  U0_SYS_CTRL                 SYS_CTRL_ADDR_WIDTH4_DATA_WIDTH8                            110    338.922     0.000      338.922 <none> (D)  
  U0_UART                     UART                                                        342    833.796     0.000      833.796 <none> (D)  
    U0_UART_RX                UART_RX                                                     263    565.668     0.000      565.668 <none> (D)  
      U0_FSM                  UART_RX_FSM                                                  59    101.574     0.000      101.574 <none> (D)  
      U0_data_sampling        UART_RX_data_sampling                                        44     94.734     0.000       94.734 <none> (D)  
      U0_deserializer         UART_RX_deserializer                                         41    104.652     0.000      104.652 <none> (D)  
      U0_edge_bit_counter     UART_RX_edge_bit_counter                                     50    118.332     0.000      118.332 <none> (D)  
      U0_parity_check         UART_RX_parity_check                                         30     70.794     0.000       70.794 <none> (D)  
      U0_stop_check           UART_RX_stop_check                                           21     37.620     0.000       37.620 <none> (D)  
      U0_strt_check           UART_RX_strt_check                                           18     37.962     0.000       37.962 <none> (D)  
    U0_UART_TX                UART_TX                                                      79    268.128     0.000      268.128 <none> (D)  
      U0_FSM                  UART_TX_FSM                                                  13     33.858     0.000       33.858 <none> (D)  
      U0_MUX                  UART_TX_MUX                                                   3      4.788     0.000        4.788 <none> (D)  
      U0_parity_Calc          UART_TX_parity_Calc                                          17     86.184     0.000       86.184 <none> (D)  
      U0_serializer           UART_TX_serializer                                           46    143.298     0.000      143.298 <none> (D)  
  U1_Integer_Clock_Divider_RX Integer_Clock_Divider_1                                      40    105.678     0.000      105.678 <none> (D)  
  U1_RST_SYNC_UART            RST_SYNC_NUM_STAGES2_926                                      2     12.312     0.000       12.312 <none> (D)  
  (D) = wireload is default in technology library
