============================================================
  Generated by:           Genus(TM) Synthesis Solution 25.10-p002_1
  Generated on:           Jul 16 2026  12:27:21 pm
  Module:                 TOP_DATA_WIDTH8_ADDR_WIDTH4_RF_DEPTH16_FIFO_DEPTH2048_FIFO_PTR_WIDTH11
  Operating conditions:   slow (balanced_tree)
  Wireload mode:          enclosed
  Area mode:              timing library
============================================================

Timing
--------

   Clock      Period  
----------------------
ALU_CLK       20000.0 
REF_CLK       20000.0 
UART_CLK     271267.0 
UART_RX_CLK  271267.0 
UART_TX_CLK 8680544.0 


    Cost      Critical         Violating 
   Group     Path Slack  TNS     Paths   
-----------------------------------------
ALU_CLK         11841.0   0.0          0 
default        No paths   0.0            
REF_CLK         17483.9   0.0          0 
UART_CLK       212079.0   0.0          0 
UART_RX_CLK    216126.2   0.0          0 
UART_TX_CLK   8620525.9   0.0          0 
-----------------------------------------
Total                     0.0          0 

Instance Count
--------------
Leaf Instance Count             17395 
Physical Instance count             0 
Sequential Instance Count        8496 
Combinational Instance Count     8899 
Hierarchical Instance Count        30 

Area
----
Cell Area                          84701.088
Physical Cell Area                 0.000
Total Cell Area (Cell+Physical)    84701.088
Net Area                           0.000
Total Area (Cell+Physical+Net)     84701.088

Max Fanout                         8383 (REF_CLK)
Min Fanout                         0 (SYNC_RST_REF)
Average Fanout                     3.6
Terms to net ratio                 5.0963
Terms to instance ratio            5.1226
Runtime                            267.34128200000004 seconds
Elapsed Runtime                    258 seconds
Genus peak memory usage            2745.90 
Innovus peak memory usage          no_value 
Hostname                           Pine-06
