============================================================
  Generated by:           Genus(TM) Synthesis Solution 25.10-p002_1
  Generated on:           Jul 11 2026  11:02:26 am
  Module:                 TOP
  Operating conditions:   slow (balanced_tree)
  Wireload mode:          enclosed
  Area mode:              timing library
============================================================


Path 1: MET (11841 ps) Setup Check with Pin U0_ALU_16B/ALU_OUT_reg[0]/CK->D
          Group: ALU_CLK
     Startpoint: (R) U0_Register_File/Memory_reg[1][7]/CK
          Clock: (R) REF_CLK
       Endpoint: (F) U0_ALU_16B/ALU_OUT_reg[0]/D
          Clock: (R) ALU_CLK

                     Capture       Launch     
        Clock Edge:+   20000            0     
       Src Latency:+       0            0     
       Net Latency:+       0 (I)        0 (I) 
           Arrival:=   20000            0     
                                              
             Setup:-      55                  
       Uncertainty:-     200                  
     Required Time:=   19745                  
      Launch Clock:-       0                  
         Data Path:-    7904                  
             Slack:=   11841                  

#--------------------------------------------------------------------------------------------------------------
#            Timing Point              Flags    Arc   Edge   Cell     Fanout Load Trans Delay Arrival Instance 
#                                                                            (fF)  (ps)  (ps)   (ps)  Location 
#--------------------------------------------------------------------------------------------------------------
  U0_Register_File/Memory_reg[1][7]/CK -       -      R     (arrival)   4286    -     0     0       0    (-,-) 
  U0_Register_File/Memory_reg[1][7]/Q  -       CK->Q  F     SDFFRHQX1     18 12.6   220   339     339    (-,-) 
  U0_ALU_16B/div_67_27_g1958__5122/Y   -       A->Y   F     OR2X1          2  1.5    48   170     509    (-,-) 
  U0_ALU_16B/div_67_27_g1956__2802/Y   -       B->Y   F     OR2X1          2  1.5    48   109     618    (-,-) 
  U0_ALU_16B/div_67_27_g1955__1617/Y   -       B->Y   F     OR2X1          2  1.5    50   109     726    (-,-) 
  U0_ALU_16B/div_67_27_g1954__3680/Y   -       B->Y   F     OR2X1          2  1.5    51   109     836    (-,-) 
  U0_ALU_16B/div_67_27_g1953__6783/Y   -       B->Y   R     NOR2X1         2  1.6    97    56     892    (-,-) 
  U0_ALU_16B/div_67_27_g1951__5526/Y   -       C0->Y  F     OAI211X1       2  1.5   158   125    1016    (-,-) 
  U0_ALU_16B/div_67_27_g1949__8428/Y   -       B->Y   R     NAND2X1        2  1.3    70    77    1093    (-,-) 
  U0_ALU_16B/div_67_27_g1948__4319/Y   -       A1->Y  F     AOI221X1       3  2.0   170   118    1211    (-,-) 
  U0_ALU_16B/div_67_27_g1946__5107/Y   -       A1N->Y F     OAI2BB1X1      3  2.7   124   165    1376    (-,-) 
  U0_ALU_16B/div_67_27_g1945__2398/Y   -       S0->Y  F     MX2X1          2  1.5    53   150    1526    (-,-) 
  U0_ALU_16B/div_67_27_g1943__6417/Y   -       A1->Y  R     AOI22X1        1  0.9   129    78    1604    (-,-) 
  U0_ALU_16B/div_67_27_g1942__7410/Y   -       B0->Y  F     AOI2BB1X1      1  0.6    38    68    1672    (-,-) 
  U0_ALU_16B/div_67_27_g1941__1666/Y   -       C0->Y  R     AOI211XL       5  4.4   421   228    1900    (-,-) 
  U0_ALU_16B/div_67_27_g1936__6161/Y   -       A1->Y  F     AOI22X1        2  2.5   186   232    2132    (-,-) 
  U0_ALU_16B/div_67_27_g1935__4733/CO  -       CI->CO F     ADDFX1         1  1.9    82   231    2363    (-,-) 
  U0_ALU_16B/div_67_27_g1934__7482/CO  -       CI->CO F     ADDFX1         1  0.9    67   188    2551    (-,-) 
  U0_ALU_16B/div_67_27_g1933__5115/Y   -       B1->Y  R     AOI221X1       6  5.6   337   217    2768    (-,-) 
  U0_ALU_16B/div_67_27_g1927__1705/Y   -       A1->Y  F     AOI22X1        2  2.5   175   204    2973    (-,-) 
  U0_ALU_16B/div_67_27_g1926__2802/CO  -       CI->CO F     ADDFX1         1  1.9    83   227    3200    (-,-) 
  U0_ALU_16B/div_67_27_g1925__1617/CO  -       CI->CO F     ADDFX1         1  1.9    82   197    3397    (-,-) 
  U0_ALU_16B/div_67_27_g1924__3680/CO  -       CI->CO F     ADDFX1         1  0.8    65   187    3584    (-,-) 
  U0_ALU_16B/div_67_27_g1923__6783/Y   -       A1->Y  R     AOI221X1       7  6.8   389   262    3845    (-,-) 
  U0_ALU_16B/div_67_27_g1916__5477/Y   -       A1->Y  F     AOI22X1        2  2.5   182   222    4067    (-,-) 
  U0_ALU_16B/div_67_27_g1915__6417/CO  -       CI->CO F     ADDFX1         1  1.9    83   230    4296    (-,-) 
  U0_ALU_16B/div_67_27_g1914__7410/CO  -       CI->CO F     ADDFX1         1  1.9    82   197    4493    (-,-) 
  U0_ALU_16B/div_67_27_g1913__1666/CO  -       CI->CO F     ADDFX1         1  1.9    82   196    4690    (-,-) 
  U0_ALU_16B/div_67_27_g1912__2346/CO  -       CI->CO F     ADDFX1         1  0.9    67   188    4878    (-,-) 
  U0_ALU_16B/div_67_27_g1911__2883/Y   -       B1->Y  R     AOI221X1       8  8.2   450   277    5154    (-,-) 
  U0_ALU_16B/div_67_27_g1908__9315/Y   -       B->Y   F     NAND2X1        1  0.9   116   186    5340    (-,-) 
  U0_ALU_16B/div_67_27_g1902__6131/Y   -       B1->Y  R     AOI22X1        2  2.7   144   103    5443    (-,-) 
  U0_ALU_16B/div_67_27_g1901__7098/CO  -       CI->CO R     ADDFX1         1  1.9    73   228    5671    (-,-) 
  U0_ALU_16B/div_67_27_g1900__8246/CO  -       CI->CO R     ADDFX1         1  1.9    72   205    5876    (-,-) 
  U0_ALU_16B/div_67_27_g1899__5122/CO  -       CI->CO R     ADDFX1         1  1.9    72   204    6080    (-,-) 
  U0_ALU_16B/div_67_27_g1898__1705/CO  -       CI->CO R     ADDFX1         1  1.9    72   204    6284    (-,-) 
  U0_ALU_16B/div_67_27_g1897__2802/CO  -       CI->CO R     ADDFX1         1  0.9    58   197    6481    (-,-) 
  U0_ALU_16B/div_67_27_g1896__1617/Y   -       B1->Y  F     AOI221X1       8  6.4   294   167    6649    (-,-) 
  U0_ALU_16B/div_67_27_g1895/Y         -       A->Y   R     INVX1          6  5.2   124   154    6802    (-,-) 
  U0_ALU_16B/div_67_27_g1887__5107/Y   -       A1->Y  F     OAI22X1        2  1.6   134   122    6924    (-,-) 
  U0_ALU_16B/div_67_27_g1886/Y         -       A->Y   R     INVX1          1  0.8    33    62    6987    (-,-) 
  U0_ALU_16B/div_67_27_g1882__7410/Y   -       A1->Y  F     AOI22X1        1  0.9   121    78    7065    (-,-) 
  U0_ALU_16B/div_67_27_g1880__2346/Y   -       B0->Y  R     AOI221X1       1  0.9   132   135    7200    (-,-) 
  U0_ALU_16B/div_67_27_g1879__2883/Y   -       C0->Y  F     AOI221X1       1  0.9   131    70    7270    (-,-) 
  U0_ALU_16B/div_67_27_g1878__9945/Y   -       C0->Y  R     AOI221X1       1  0.6   119    98    7368    (-,-) 
  U0_ALU_16B/div_67_27_g1877__9315/Y   -       B1->Y  R     OA22X1         1  0.9    43   157    7525    (-,-) 
  U0_ALU_16B/div_67_27_g1876__6161/Y   -       C0->Y  F     AOI221X1       1  0.8   120    35    7561    (-,-) 
  U0_ALU_16B/div_67_27_g1875/Y         -       A->Y   R     INVX1          1  0.9    32    58    7618    (-,-) 
  U0_ALU_16B/div_67_27_g1874__4733/Y   -       B0->Y  F     OAI21X1        1  0.9    78    59    7677    (-,-) 
  U0_ALU_16B/g5510__5107/Y             -       B1->Y  R     AOI221X1       1  0.8   127   111    7788    (-,-) 
  U0_ALU_16B/g5507__5477/Y             -       C0->Y  F     OAI211X1       1  0.8   126   116    7904    (-,-) 
  U0_ALU_16B/ALU_OUT_reg[0]/D          <<<     -      F     DFFRHQX1       1    -     -     0    7904    (-,-) 
#--------------------------------------------------------------------------------------------------------------

