============================================================
  Generated by:           Genus(TM) Synthesis Solution 25.10-p002_1
  Generated on:           Jul 16 2026  12:25:18 pm
  Module:                 TOP_DATA_WIDTH8_ADDR_WIDTH4_RF_DEPTH16_FIFO_DEPTH2048_FIFO_PTR_WIDTH11
  Technology libraries:   slow 
                          slow 
  Operating conditions:   slow (balanced_tree)
  Wireload mode:          enclosed
  Area mode:              timing library
============================================================


Lint summary
 Unconnected/logic driven clocks                                                           0
 Sequential data pins driven by a clock signal                                             0
 Sequential clock pins without clock waveform                                              0
 Sequential clock pins with multiple clock waveforms                                       0
 Generated clocks without clock waveform                                                   0
 Generated clocks with incompatible options                                                0
 Generated clocks with multi-master clock                                                  0
 Generated clocks with master clock not reaching the generated clock target                0
 Paths constrained with different clocks                                                   0
 Loop-breaking cells for combinational feedback                                            0
 Nets with multiple drivers                                                                0
 Timing exceptions with no effect                                                          0
 Suspicious multi_cycle exceptions                                                         0
 Pins/ports with conflicting case constants                                                0
 Inputs without clocked external delays                                                    0
 Outputs without clocked external delays                                                   0
 Inputs without external driver/transition                                                 0
 Outputs without external load                                                             0
 Exceptions with invalid timing start-/endpoints                                           0

                                                                           Total:          0

