============================================================
  Generated by:           Genus(TM) Synthesis Solution 25.10-p002_1
  Generated on:           Jul 17 2026  01:46:08 pm
  Module:                 TOP_DATA_WIDTH8_ADDR_WIDTH4_RF_DEPTH16_FIFO_DEPTH2048_FIFO_PTR_WIDTH11
  Operating conditions:   slow (balanced_tree)
  Wireload mode:          enclosed
  Area mode:              timing library
============================================================


Path 1: MET (9511 ps)
          Group: REF_CLK
     Startpoint: (R) U0_SYS_CTRL/current_state_reg[3]/CK
          Clock: (R) REF_CLK
       Endpoint: (R) U0_SYS_CTRL/DFT_lockup_latch_neg_edge/D
          Clock: (F) REF_CLK

                     Capture       Launch     
        Clock Edge:+   10000            0     
       Src Latency:+       0            0     
       Net Latency:+       0 (I)        0 (I) 
           Arrival:=   10000            0     
                                              
     Time Borrowed:+       0                  
       Uncertainty:-     200                  
     Required Time:=    9800                  
      Launch Clock:-       0                  
         Data Path:-     289                  
             Slack:=    9511                  

#----------------------------------------------------------------------------------------------------------------
#              Timing Point               Flags   Arc   Edge   Cell     Fanout Load Trans Delay Arrival Instance 
#                                                                              (fF)  (ps)  (ps)   (ps)  Location 
#----------------------------------------------------------------------------------------------------------------
  U0_SYS_CTRL/current_state_reg[3]/CK     -       -     R     (arrival)   8385    -     0     0       0    (-,-) 
  U0_SYS_CTRL/current_state_reg[3]/Q      -       CK->Q R     SDFFRHQX1      8  5.5   106   289     289    (-,-) 
  U0_SYS_CTRL/DFT_lockup_latch_neg_edge/D <<<     -     R     TLATNXL        8    -     -     0     289    (-,-) 
#----------------------------------------------------------------------------------------------------------------

