============================================================
  Generated by:           Genus(TM) Synthesis Solution 25.10-p002_1
  Generated on:           Jul 17 2026  01:12:59 pm
  Module:                 TOP_DATA_WIDTH8_ADDR_WIDTH4_RF_DEPTH16_FIFO_DEPTH2048_FIFO_PTR_WIDTH11
  Operating conditions:   slow (balanced_tree)
  Wireload mode:          enclosed
  Area mode:              timing library
============================================================

                               Instance                                                      Module                       Cell-Count  Cell-Area  Net-Area   Total-Area   Wireload  
-----------------------------------------------------------------------------------------------------------------------------------------------------------------------------------
TOP_DATA_WIDTH8_ADDR_WIDTH4_RF_DEPTH16_FIFO_DEPTH2048_FIFO_PTR_WIDTH11 NA                                                      27715 109101.762     0.000   109101.762 <none> (D)  
  COMPACTOR                                                            XOR_COMPRESSION_294_2_1x2_21100110                       1486   3240.450     0.000     3240.450 <none> (D)  
    compressor                                                         comp_294_2_1x2_21100110                                  1471   3222.666     0.000     3222.666 <none> (D)  
      g_0                                                              comp_294_2_1x2_21100110_gate                                3      3.078     0.000        3.078 <none> (D)  
      g_1                                                              comp_294_2_1x2_21100110_gate_1                              3      3.078     0.000        3.078 <none> (D)  
      g_10                                                             comp_294_2_1x2_21100110_gate_7                              3      3.078     0.000        3.078 <none> (D)  
      g_100                                                            comp_294_2_1x2_21100110_gate_67                             3      3.078     0.000        3.078 <none> (D)  
      g_101                                                            comp_294_2_1x2_21100110_gate_884_33                         3      3.078     0.000        3.078 <none> (D)  
      g_102                                                            comp_294_2_1x2_21100110_gate_68                             3      3.078     0.000        3.078 <none> (D)  
      g_103                                                            comp_294_2_1x2_21100110_gate_69                             3      3.078     0.000        3.078 <none> (D)  
      g_104                                                            comp_294_2_1x2_21100110_gate_884_34                         3      3.078     0.000        3.078 <none> (D)  
      g_105                                                            comp_294_2_1x2_21100110_gate_70                             3      3.078     0.000        3.078 <none> (D)  
      g_106                                                            comp_294_2_1x2_21100110_gate_71                             3      3.078     0.000        3.078 <none> (D)  
      g_107                                                            comp_294_2_1x2_21100110_gate_884_35                         3      3.078     0.000        3.078 <none> (D)  
      g_108                                                            comp_294_2_1x2_21100110_gate_72                             3      3.078     0.000        3.078 <none> (D)  
      g_109                                                            comp_294_2_1x2_21100110_gate_73                             3      3.078     0.000        3.078 <none> (D)  
      g_11                                                             comp_294_2_1x2_21100110_gate_884_3                          3      3.078     0.000        3.078 <none> (D)  
      g_110                                                            comp_294_2_1x2_21100110_gate_884_36                         3      3.078     0.000        3.078 <none> (D)  
      g_111                                                            comp_294_2_1x2_21100110_gate_74                             3      3.078     0.000        3.078 <none> (D)  
      g_112                                                            comp_294_2_1x2_21100110_gate_75                             3      3.078     0.000        3.078 <none> (D)  
      g_113                                                            comp_294_2_1x2_21100110_gate_884_37                         3      3.078     0.000        3.078 <none> (D)  
      g_114                                                            comp_294_2_1x2_21100110_gate_76                             3      3.078     0.000        3.078 <none> (D)  
      g_115                                                            comp_294_2_1x2_21100110_gate_77                             3      3.078     0.000        3.078 <none> (D)  
      g_116                                                            comp_294_2_1x2_21100110_gate_884_38                         3      3.078     0.000        3.078 <none> (D)  
      g_117                                                            comp_294_2_1x2_21100110_gate_78                             3      3.078     0.000        3.078 <none> (D)  
      g_118                                                            comp_294_2_1x2_21100110_gate_79                             3      3.078     0.000        3.078 <none> (D)  
      g_119                                                            comp_294_2_1x2_21100110_gate_884_39                         3      3.078     0.000        3.078 <none> (D)  
      g_12                                                             comp_294_2_1x2_21100110_gate_8                              3      3.078     0.000        3.078 <none> (D)  
      g_120                                                            comp_294_2_1x2_21100110_gate_80                             3      3.078     0.000        3.078 <none> (D)  
      g_121                                                            comp_294_2_1x2_21100110_gate_81                             3      3.078     0.000        3.078 <none> (D)  
      g_122                                                            comp_294_2_1x2_21100110_gate_884_40                         3      3.078     0.000        3.078 <none> (D)  
      g_123                                                            comp_294_2_1x2_21100110_gate_82                             3      3.078     0.000        3.078 <none> (D)  
      g_124                                                            comp_294_2_1x2_21100110_gate_83                             3      3.078     0.000        3.078 <none> (D)  
      g_125                                                            comp_294_2_1x2_21100110_gate_884_41                         3      3.078     0.000        3.078 <none> (D)  
      g_126                                                            comp_294_2_1x2_21100110_gate_84                             3      3.078     0.000        3.078 <none> (D)  
      g_127                                                            comp_294_2_1x2_21100110_gate_85                             3      3.078     0.000        3.078 <none> (D)  
      g_128                                                            comp_294_2_1x2_21100110_gate_884_42                         3      3.078     0.000        3.078 <none> (D)  
      g_129                                                            comp_294_2_1x2_21100110_gate_86                             3      3.078     0.000        3.078 <none> (D)  
      g_13                                                             comp_294_2_1x2_21100110_gate_9                              3      3.078     0.000        3.078 <none> (D)  
      g_130                                                            comp_294_2_1x2_21100110_gate_87                             3      3.078     0.000        3.078 <none> (D)  
      g_131                                                            comp_294_2_1x2_21100110_gate_884_43                         3      3.078     0.000        3.078 <none> (D)  
      g_132                                                            comp_294_2_1x2_21100110_gate_88                             3      3.078     0.000        3.078 <none> (D)  
      g_133                                                            comp_294_2_1x2_21100110_gate_89                             3      3.078     0.000        3.078 <none> (D)  
      g_134                                                            comp_294_2_1x2_21100110_gate_884_44                         3      3.078     0.000        3.078 <none> (D)  
      g_135                                                            comp_294_2_1x2_21100110_gate_90                             3      3.078     0.000        3.078 <none> (D)  
      g_136                                                            comp_294_2_1x2_21100110_gate_91                             3      3.078     0.000        3.078 <none> (D)  
      g_137                                                            comp_294_2_1x2_21100110_gate_884_45                         3      3.078     0.000        3.078 <none> (D)  
      g_138                                                            comp_294_2_1x2_21100110_gate_92                             3      3.078     0.000        3.078 <none> (D)  
      g_139                                                            comp_294_2_1x2_21100110_gate_93                             3      3.078     0.000        3.078 <none> (D)  
      g_14                                                             comp_294_2_1x2_21100110_gate_884_4                          3      3.078     0.000        3.078 <none> (D)  
      g_140                                                            comp_294_2_1x2_21100110_gate_884_46                         3      3.078     0.000        3.078 <none> (D)  
      g_141                                                            comp_294_2_1x2_21100110_gate_94                             3      3.078     0.000        3.078 <none> (D)  
      g_142                                                            comp_294_2_1x2_21100110_gate_95                             3      3.078     0.000        3.078 <none> (D)  
      g_143                                                            comp_294_2_1x2_21100110_gate_884_47                         3      3.078     0.000        3.078 <none> (D)  
      g_144                                                            comp_294_2_1x2_21100110_gate_96                             3      3.078     0.000        3.078 <none> (D)  
      g_145                                                            comp_294_2_1x2_21100110_gate_97                             3      3.078     0.000        3.078 <none> (D)  
      g_146                                                            comp_294_2_1x2_21100110_gate_884_48                         3      3.078     0.000        3.078 <none> (D)  
      g_147                                                            comp_294_2_1x2_21100110_gate_98                             3      3.078     0.000        3.078 <none> (D)  
      g_148                                                            comp_294_2_1x2_21100110_gate_99                             3      3.078     0.000        3.078 <none> (D)  
      g_149                                                            comp_294_2_1x2_21100110_gate_884_49                         3      3.078     0.000        3.078 <none> (D)  
      g_15                                                             comp_294_2_1x2_21100110_gate_10                             3      3.078     0.000        3.078 <none> (D)  
      g_150                                                            comp_294_2_1x2_21100110_gate_100                            3      3.078     0.000        3.078 <none> (D)  
      g_151                                                            comp_294_2_1x2_21100110_gate_101                            3      3.078     0.000        3.078 <none> (D)  
      g_152                                                            comp_294_2_1x2_21100110_gate_884_50                         3      3.078     0.000        3.078 <none> (D)  
      g_153                                                            comp_294_2_1x2_21100110_gate_102                            3      3.078     0.000        3.078 <none> (D)  
      g_154                                                            comp_294_2_1x2_21100110_gate_103                            3      3.078     0.000        3.078 <none> (D)  
      g_155                                                            comp_294_2_1x2_21100110_gate_884_51                         3      3.078     0.000        3.078 <none> (D)  
      g_156                                                            comp_294_2_1x2_21100110_gate_104                            3      3.078     0.000        3.078 <none> (D)  
      g_157                                                            comp_294_2_1x2_21100110_gate_105                            3      3.078     0.000        3.078 <none> (D)  
      g_158                                                            comp_294_2_1x2_21100110_gate_884_52                         3      3.078     0.000        3.078 <none> (D)  
      g_159                                                            comp_294_2_1x2_21100110_gate_106                            3      3.078     0.000        3.078 <none> (D)  
      g_16                                                             comp_294_2_1x2_21100110_gate_11                             3      3.078     0.000        3.078 <none> (D)  
      g_160                                                            comp_294_2_1x2_21100110_gate_107                            3      3.078     0.000        3.078 <none> (D)  
      g_161                                                            comp_294_2_1x2_21100110_gate_884_53                         3      3.078     0.000        3.078 <none> (D)  
      g_162                                                            comp_294_2_1x2_21100110_gate_108                            3      3.078     0.000        3.078 <none> (D)  
      g_163                                                            comp_294_2_1x2_21100110_gate_109                            3      3.078     0.000        3.078 <none> (D)  
      g_164                                                            comp_294_2_1x2_21100110_gate_884_54                         3      3.078     0.000        3.078 <none> (D)  
      g_165                                                            comp_294_2_1x2_21100110_gate_110                            3      3.078     0.000        3.078 <none> (D)  
      g_166                                                            comp_294_2_1x2_21100110_gate_111                            3      3.078     0.000        3.078 <none> (D)  
      g_167                                                            comp_294_2_1x2_21100110_gate_884_55                         3      3.078     0.000        3.078 <none> (D)  
      g_168                                                            comp_294_2_1x2_21100110_gate_112                            3      3.078     0.000        3.078 <none> (D)  
      g_169                                                            comp_294_2_1x2_21100110_gate_113                            3      3.078     0.000        3.078 <none> (D)  
      g_17                                                             comp_294_2_1x2_21100110_gate_884_5                          3      3.078     0.000        3.078 <none> (D)  
      g_170                                                            comp_294_2_1x2_21100110_gate_884_56                         3      3.078     0.000        3.078 <none> (D)  
      g_171                                                            comp_294_2_1x2_21100110_gate_114                            3      3.078     0.000        3.078 <none> (D)  
      g_172                                                            comp_294_2_1x2_21100110_gate_115                            3      3.078     0.000        3.078 <none> (D)  
      g_173                                                            comp_294_2_1x2_21100110_gate_884_57                         3      3.078     0.000        3.078 <none> (D)  
      g_174                                                            comp_294_2_1x2_21100110_gate_116                            3      3.078     0.000        3.078 <none> (D)  
      g_175                                                            comp_294_2_1x2_21100110_gate_117                            3      3.078     0.000        3.078 <none> (D)  
      g_176                                                            comp_294_2_1x2_21100110_gate_884_58                         3      3.078     0.000        3.078 <none> (D)  
      g_177                                                            comp_294_2_1x2_21100110_gate_118                            3      3.078     0.000        3.078 <none> (D)  
      g_178                                                            comp_294_2_1x2_21100110_gate_119                            3      3.078     0.000        3.078 <none> (D)  
      g_179                                                            comp_294_2_1x2_21100110_gate_884_59                         3      3.078     0.000        3.078 <none> (D)  
      g_18                                                             comp_294_2_1x2_21100110_gate_12                             3      3.078     0.000        3.078 <none> (D)  
      g_180                                                            comp_294_2_1x2_21100110_gate_120                            3      3.078     0.000        3.078 <none> (D)  
      g_181                                                            comp_294_2_1x2_21100110_gate_121                            3      3.078     0.000        3.078 <none> (D)  
      g_182                                                            comp_294_2_1x2_21100110_gate_884_60                         3      3.078     0.000        3.078 <none> (D)  
      g_183                                                            comp_294_2_1x2_21100110_gate_122                            3      3.078     0.000        3.078 <none> (D)  
      g_184                                                            comp_294_2_1x2_21100110_gate_123                            3      3.078     0.000        3.078 <none> (D)  
      g_185                                                            comp_294_2_1x2_21100110_gate_884_61                         3      3.078     0.000        3.078 <none> (D)  
      g_186                                                            comp_294_2_1x2_21100110_gate_124                            3      3.078     0.000        3.078 <none> (D)  
      g_187                                                            comp_294_2_1x2_21100110_gate_125                            3      3.078     0.000        3.078 <none> (D)  
      g_188                                                            comp_294_2_1x2_21100110_gate_884_62                         3      3.078     0.000        3.078 <none> (D)  
      g_189                                                            comp_294_2_1x2_21100110_gate_126                            3      3.078     0.000        3.078 <none> (D)  
      g_19                                                             comp_294_2_1x2_21100110_gate_13                             3      3.078     0.000        3.078 <none> (D)  
      g_190                                                            comp_294_2_1x2_21100110_gate_127                            3      3.078     0.000        3.078 <none> (D)  
      g_191                                                            comp_294_2_1x2_21100110_gate_884_63                         3      3.078     0.000        3.078 <none> (D)  
      g_192                                                            comp_294_2_1x2_21100110_gate_128                            3      3.078     0.000        3.078 <none> (D)  
      g_193                                                            comp_294_2_1x2_21100110_gate_129                            3      3.078     0.000        3.078 <none> (D)  
      g_194                                                            comp_294_2_1x2_21100110_gate_884_64                         3      3.078     0.000        3.078 <none> (D)  
      g_195                                                            comp_294_2_1x2_21100110_gate_130                            3      3.078     0.000        3.078 <none> (D)  
      g_196                                                            comp_294_2_1x2_21100110_gate_131                            3      3.078     0.000        3.078 <none> (D)  
      g_197                                                            comp_294_2_1x2_21100110_gate_884_65                         3      3.078     0.000        3.078 <none> (D)  
      g_198                                                            comp_294_2_1x2_21100110_gate_132                            3      3.078     0.000        3.078 <none> (D)  
      g_199                                                            comp_294_2_1x2_21100110_gate_133                            3      3.078     0.000        3.078 <none> (D)  
      g_2                                                              comp_294_2_1x2_21100110_gate_884                            3      3.078     0.000        3.078 <none> (D)  
      g_20                                                             comp_294_2_1x2_21100110_gate_884_6                          3      3.078     0.000        3.078 <none> (D)  
      g_200                                                            comp_294_2_1x2_21100110_gate_884_66                         3      3.078     0.000        3.078 <none> (D)  
      g_201                                                            comp_294_2_1x2_21100110_gate_134                            3      3.078     0.000        3.078 <none> (D)  
      g_202                                                            comp_294_2_1x2_21100110_gate_135                            3      3.078     0.000        3.078 <none> (D)  
      g_203                                                            comp_294_2_1x2_21100110_gate_884_67                         3      3.078     0.000        3.078 <none> (D)  
      g_204                                                            comp_294_2_1x2_21100110_gate_682                            3      3.078     0.000        3.078 <none> (D)  
      g_205                                                            comp_294_2_1x2_21100110_gate_682_1                          3      3.078     0.000        3.078 <none> (D)  
      g_206                                                            comp_294_2_1x2_21100110_gate_884_68                         3      3.078     0.000        3.078 <none> (D)  
      g_207                                                            comp_294_2_1x2_21100110_gate_682_2                          3      3.078     0.000        3.078 <none> (D)  
      g_208                                                            comp_294_2_1x2_21100110_gate_682_3                          3      3.078     0.000        3.078 <none> (D)  
      g_209                                                            comp_294_2_1x2_21100110_gate_884_69                         3      3.078     0.000        3.078 <none> (D)  
      g_21                                                             comp_294_2_1x2_21100110_gate_14                             3      3.078     0.000        3.078 <none> (D)  
      g_210                                                            comp_294_2_1x2_21100110_gate_682_4                          3      3.078     0.000        3.078 <none> (D)  
      g_211                                                            comp_294_2_1x2_21100110_gate_682_5                          3      3.078     0.000        3.078 <none> (D)  
      g_212                                                            comp_294_2_1x2_21100110_gate_884_70                         3      3.078     0.000        3.078 <none> (D)  
      g_213                                                            comp_294_2_1x2_21100110_gate_682_6                          3      3.078     0.000        3.078 <none> (D)  
      g_214                                                            comp_294_2_1x2_21100110_gate_682_7                          3      3.078     0.000        3.078 <none> (D)  
      g_215                                                            comp_294_2_1x2_21100110_gate_884_71                         3      3.078     0.000        3.078 <none> (D)  
      g_216                                                            comp_294_2_1x2_21100110_gate_682_8                          3      3.078     0.000        3.078 <none> (D)  
      g_217                                                            comp_294_2_1x2_21100110_gate_682_9                          3      3.078     0.000        3.078 <none> (D)  
      g_218                                                            comp_294_2_1x2_21100110_gate_884_72                         3      3.078     0.000        3.078 <none> (D)  
      g_219                                                            comp_294_2_1x2_21100110_gate_682_10                         3      3.078     0.000        3.078 <none> (D)  
      g_22                                                             comp_294_2_1x2_21100110_gate_15                             3      3.078     0.000        3.078 <none> (D)  
      g_220                                                            comp_294_2_1x2_21100110_gate_682_11                         3      3.078     0.000        3.078 <none> (D)  
      g_221                                                            comp_294_2_1x2_21100110_gate_884_73                         3      3.078     0.000        3.078 <none> (D)  
      g_222                                                            comp_294_2_1x2_21100110_gate_682_12                         3      3.078     0.000        3.078 <none> (D)  
      g_223                                                            comp_294_2_1x2_21100110_gate_682_13                         3      3.078     0.000        3.078 <none> (D)  
      g_224                                                            comp_294_2_1x2_21100110_gate_884_74                         3      3.078     0.000        3.078 <none> (D)  
      g_225                                                            comp_294_2_1x2_21100110_gate_682_14                         3      3.078     0.000        3.078 <none> (D)  
      g_226                                                            comp_294_2_1x2_21100110_gate_682_15                         3      3.078     0.000        3.078 <none> (D)  
      g_227                                                            comp_294_2_1x2_21100110_gate_884_75                         3      3.078     0.000        3.078 <none> (D)  
      g_228                                                            comp_294_2_1x2_21100110_gate_682_16                         3      3.078     0.000        3.078 <none> (D)  
      g_229                                                            comp_294_2_1x2_21100110_gate_682_17                         3      3.078     0.000        3.078 <none> (D)  
      g_23                                                             comp_294_2_1x2_21100110_gate_884_7                          3      3.078     0.000        3.078 <none> (D)  
      g_230                                                            comp_294_2_1x2_21100110_gate_884_76                         3      3.078     0.000        3.078 <none> (D)  
      g_231                                                            comp_294_2_1x2_21100110_gate_682_18                         3      3.078     0.000        3.078 <none> (D)  
      g_232                                                            comp_294_2_1x2_21100110_gate_682_19                         3      3.078     0.000        3.078 <none> (D)  
      g_233                                                            comp_294_2_1x2_21100110_gate_884_77                         3      3.078     0.000        3.078 <none> (D)  
      g_234                                                            comp_294_2_1x2_21100110_gate_682_20                         3      3.078     0.000        3.078 <none> (D)  
      g_235                                                            comp_294_2_1x2_21100110_gate_682_21                         3      3.078     0.000        3.078 <none> (D)  
      g_236                                                            comp_294_2_1x2_21100110_gate_884_78                         3      3.078     0.000        3.078 <none> (D)  
      g_237                                                            comp_294_2_1x2_21100110_gate_682_22                         3      3.078     0.000        3.078 <none> (D)  
      g_238                                                            comp_294_2_1x2_21100110_gate_682_23                         3      3.078     0.000        3.078 <none> (D)  
      g_239                                                            comp_294_2_1x2_21100110_gate_884_79                         3      3.078     0.000        3.078 <none> (D)  
      g_24                                                             comp_294_2_1x2_21100110_gate_16                             3      3.078     0.000        3.078 <none> (D)  
      g_240                                                            comp_294_2_1x2_21100110_gate_682_24                         3      3.078     0.000        3.078 <none> (D)  
      g_241                                                            comp_294_2_1x2_21100110_gate_682_25                         3      3.078     0.000        3.078 <none> (D)  
      g_242                                                            comp_294_2_1x2_21100110_gate_884_80                         3      3.078     0.000        3.078 <none> (D)  
      g_243                                                            comp_294_2_1x2_21100110_gate_682_26                         3      3.078     0.000        3.078 <none> (D)  
      g_244                                                            comp_294_2_1x2_21100110_gate_682_27                         3      3.078     0.000        3.078 <none> (D)  
      g_245                                                            comp_294_2_1x2_21100110_gate_884_81                         3      3.078     0.000        3.078 <none> (D)  
      g_246                                                            comp_294_2_1x2_21100110_gate_682_28                         3      3.078     0.000        3.078 <none> (D)  
      g_247                                                            comp_294_2_1x2_21100110_gate_682_29                         3      3.078     0.000        3.078 <none> (D)  
      g_248                                                            comp_294_2_1x2_21100110_gate_884_82                         3      3.078     0.000        3.078 <none> (D)  
      g_249                                                            comp_294_2_1x2_21100110_gate_682_30                         3      3.078     0.000        3.078 <none> (D)  
      g_25                                                             comp_294_2_1x2_21100110_gate_17                             3      3.078     0.000        3.078 <none> (D)  
      g_250                                                            comp_294_2_1x2_21100110_gate_682_31                         3      3.078     0.000        3.078 <none> (D)  
      g_251                                                            comp_294_2_1x2_21100110_gate_884_83                         3      3.078     0.000        3.078 <none> (D)  
      g_252                                                            comp_294_2_1x2_21100110_gate_682_32                         3      3.078     0.000        3.078 <none> (D)  
      g_253                                                            comp_294_2_1x2_21100110_gate_682_33                         3      3.078     0.000        3.078 <none> (D)  
      g_254                                                            comp_294_2_1x2_21100110_gate_884_84                         3      3.078     0.000        3.078 <none> (D)  
      g_255                                                            comp_294_2_1x2_21100110_gate_682_34                         3      3.078     0.000        3.078 <none> (D)  
      g_256                                                            comp_294_2_1x2_21100110_gate_682_35                         3      3.078     0.000        3.078 <none> (D)  
      g_257                                                            comp_294_2_1x2_21100110_gate_884_85                         3      3.078     0.000        3.078 <none> (D)  
      g_258                                                            comp_294_2_1x2_21100110_gate_682_36                         3      3.078     0.000        3.078 <none> (D)  
      g_259                                                            comp_294_2_1x2_21100110_gate_682_37                         3      3.078     0.000        3.078 <none> (D)  
      g_26                                                             comp_294_2_1x2_21100110_gate_884_8                          3      3.078     0.000        3.078 <none> (D)  
      g_260                                                            comp_294_2_1x2_21100110_gate_884_86                         3      3.078     0.000        3.078 <none> (D)  
      g_261                                                            comp_294_2_1x2_21100110_gate_682_38                         3      3.078     0.000        3.078 <none> (D)  
      g_262                                                            comp_294_2_1x2_21100110_gate_682_39                         3      3.078     0.000        3.078 <none> (D)  
      g_263                                                            comp_294_2_1x2_21100110_gate_884_87                         3      3.078     0.000        3.078 <none> (D)  
      g_264                                                            comp_294_2_1x2_21100110_gate_682_40                         3      3.078     0.000        3.078 <none> (D)  
      g_265                                                            comp_294_2_1x2_21100110_gate_682_41                         3      3.078     0.000        3.078 <none> (D)  
      g_266                                                            comp_294_2_1x2_21100110_gate_884_88                         3      3.078     0.000        3.078 <none> (D)  
      g_267                                                            comp_294_2_1x2_21100110_gate_682_42                         3      3.078     0.000        3.078 <none> (D)  
      g_268                                                            comp_294_2_1x2_21100110_gate_682_43                         3      3.078     0.000        3.078 <none> (D)  
      g_269                                                            comp_294_2_1x2_21100110_gate_884_89                         3      3.078     0.000        3.078 <none> (D)  
      g_27                                                             comp_294_2_1x2_21100110_gate_18                             3      3.078     0.000        3.078 <none> (D)  
      g_270                                                            comp_294_2_1x2_21100110_gate_682_44                         3      3.078     0.000        3.078 <none> (D)  
      g_271                                                            comp_294_2_1x2_21100110_gate_682_45                         3      3.078     0.000        3.078 <none> (D)  
      g_272                                                            comp_294_2_1x2_21100110_gate_884_90                         3      3.078     0.000        3.078 <none> (D)  
      g_273                                                            comp_294_2_1x2_21100110_gate_682_46                         3      3.078     0.000        3.078 <none> (D)  
      g_274                                                            comp_294_2_1x2_21100110_gate_682_47                         3      3.078     0.000        3.078 <none> (D)  
      g_275                                                            comp_294_2_1x2_21100110_gate_884_91                         3      3.078     0.000        3.078 <none> (D)  
      g_276                                                            comp_294_2_1x2_21100110_gate_682_48                         3      3.078     0.000        3.078 <none> (D)  
      g_277                                                            comp_294_2_1x2_21100110_gate_682_49                         3      3.078     0.000        3.078 <none> (D)  
      g_278                                                            comp_294_2_1x2_21100110_gate_884_92                         3      3.078     0.000        3.078 <none> (D)  
      g_279                                                            comp_294_2_1x2_21100110_gate_682_50                         3      3.078     0.000        3.078 <none> (D)  
      g_28                                                             comp_294_2_1x2_21100110_gate_19                             3      3.078     0.000        3.078 <none> (D)  
      g_280                                                            comp_294_2_1x2_21100110_gate_682_51                         3      3.078     0.000        3.078 <none> (D)  
      g_281                                                            comp_294_2_1x2_21100110_gate_884_93                         3      3.078     0.000        3.078 <none> (D)  
      g_282                                                            comp_294_2_1x2_21100110_gate_136                            3      3.078     0.000        3.078 <none> (D)  
      g_283                                                            comp_294_2_1x2_21100110_gate_137                            3      3.078     0.000        3.078 <none> (D)  
      g_284                                                            comp_294_2_1x2_21100110_gate_884_94                         3      3.078     0.000        3.078 <none> (D)  
      g_285                                                            comp_294_2_1x2_21100110_gate_682_52                         3      3.078     0.000        3.078 <none> (D)  
      g_286                                                            comp_294_2_1x2_21100110_gate_682_53                         3      3.078     0.000        3.078 <none> (D)  
      g_287                                                            comp_294_2_1x2_21100110_gate_884_95                         3      3.078     0.000        3.078 <none> (D)  
      g_288                                                            comp_294_2_1x2_21100110_gate_138                            3      3.078     0.000        3.078 <none> (D)  
      g_289                                                            comp_294_2_1x2_21100110_gate_139                            3      3.078     0.000        3.078 <none> (D)  
      g_29                                                             comp_294_2_1x2_21100110_gate_884_9                          3      3.078     0.000        3.078 <none> (D)  
      g_290                                                            comp_294_2_1x2_21100110_gate_884_96                         3      3.078     0.000        3.078 <none> (D)  
      g_291                                                            comp_294_2_1x2_21100110_gate_140                            3      3.078     0.000        3.078 <none> (D)  
      g_292                                                            comp_294_2_1x2_21100110_gate_141                            3      3.078     0.000        3.078 <none> (D)  
      g_293                                                            comp_294_2_1x2_21100110_gate_884_97                         3      3.078     0.000        3.078 <none> (D)  
      g_3                                                              comp_294_2_1x2_21100110_gate_2                              3      3.078     0.000        3.078 <none> (D)  
      g_30                                                             comp_294_2_1x2_21100110_gate_20                             3      3.078     0.000        3.078 <none> (D)  
      g_31                                                             comp_294_2_1x2_21100110_gate_21                             3      3.078     0.000        3.078 <none> (D)  
      g_32                                                             comp_294_2_1x2_21100110_gate_884_10                         3      3.078     0.000        3.078 <none> (D)  
      g_33                                                             comp_294_2_1x2_21100110_gate_22                             3      3.078     0.000        3.078 <none> (D)  
      g_34                                                             comp_294_2_1x2_21100110_gate_23                             3      3.078     0.000        3.078 <none> (D)  
      g_35                                                             comp_294_2_1x2_21100110_gate_884_11                         3      3.078     0.000        3.078 <none> (D)  
      g_36                                                             comp_294_2_1x2_21100110_gate_24                             3      3.078     0.000        3.078 <none> (D)  
      g_37                                                             comp_294_2_1x2_21100110_gate_25                             3      3.078     0.000        3.078 <none> (D)  
      g_38                                                             comp_294_2_1x2_21100110_gate_884_12                         3      3.078     0.000        3.078 <none> (D)  
      g_39                                                             comp_294_2_1x2_21100110_gate_26                             3      3.078     0.000        3.078 <none> (D)  
      g_4                                                              comp_294_2_1x2_21100110_gate_3                              3      3.078     0.000        3.078 <none> (D)  
      g_40                                                             comp_294_2_1x2_21100110_gate_27                             3      3.078     0.000        3.078 <none> (D)  
      g_41                                                             comp_294_2_1x2_21100110_gate_884_13                         3      3.078     0.000        3.078 <none> (D)  
      g_42                                                             comp_294_2_1x2_21100110_gate_28                             3      3.078     0.000        3.078 <none> (D)  
      g_43                                                             comp_294_2_1x2_21100110_gate_29                             3      3.078     0.000        3.078 <none> (D)  
      g_44                                                             comp_294_2_1x2_21100110_gate_884_14                         3      3.078     0.000        3.078 <none> (D)  
      g_45                                                             comp_294_2_1x2_21100110_gate_30                             3      3.078     0.000        3.078 <none> (D)  
      g_46                                                             comp_294_2_1x2_21100110_gate_31                             3      3.078     0.000        3.078 <none> (D)  
      g_47                                                             comp_294_2_1x2_21100110_gate_884_15                         3      3.078     0.000        3.078 <none> (D)  
      g_48                                                             comp_294_2_1x2_21100110_gate_32                             3      3.078     0.000        3.078 <none> (D)  
      g_49                                                             comp_294_2_1x2_21100110_gate_33                             3      3.078     0.000        3.078 <none> (D)  
      g_5                                                              comp_294_2_1x2_21100110_gate_884_1                          3      3.078     0.000        3.078 <none> (D)  
      g_50                                                             comp_294_2_1x2_21100110_gate_884_16                         3      3.078     0.000        3.078 <none> (D)  
      g_51                                                             comp_294_2_1x2_21100110_gate_34                             3      3.078     0.000        3.078 <none> (D)  
      g_52                                                             comp_294_2_1x2_21100110_gate_35                             3      3.078     0.000        3.078 <none> (D)  
      g_53                                                             comp_294_2_1x2_21100110_gate_884_17                         3      3.078     0.000        3.078 <none> (D)  
      g_54                                                             comp_294_2_1x2_21100110_gate_36                             3      3.078     0.000        3.078 <none> (D)  
      g_55                                                             comp_294_2_1x2_21100110_gate_37                             3      3.078     0.000        3.078 <none> (D)  
      g_56                                                             comp_294_2_1x2_21100110_gate_884_18                         3      3.078     0.000        3.078 <none> (D)  
      g_57                                                             comp_294_2_1x2_21100110_gate_38                             3      3.078     0.000        3.078 <none> (D)  
      g_58                                                             comp_294_2_1x2_21100110_gate_39                             3      3.078     0.000        3.078 <none> (D)  
      g_59                                                             comp_294_2_1x2_21100110_gate_884_19                         3      3.078     0.000        3.078 <none> (D)  
      g_6                                                              comp_294_2_1x2_21100110_gate_4                              3      3.078     0.000        3.078 <none> (D)  
      g_60                                                             comp_294_2_1x2_21100110_gate_40                             3      3.078     0.000        3.078 <none> (D)  
      g_61                                                             comp_294_2_1x2_21100110_gate_41                             3      3.078     0.000        3.078 <none> (D)  
      g_62                                                             comp_294_2_1x2_21100110_gate_884_20                         3      3.078     0.000        3.078 <none> (D)  
      g_63                                                             comp_294_2_1x2_21100110_gate_42                             3      3.078     0.000        3.078 <none> (D)  
      g_64                                                             comp_294_2_1x2_21100110_gate_43                             3      3.078     0.000        3.078 <none> (D)  
      g_65                                                             comp_294_2_1x2_21100110_gate_884_21                         3      3.078     0.000        3.078 <none> (D)  
      g_66                                                             comp_294_2_1x2_21100110_gate_44                             3      3.078     0.000        3.078 <none> (D)  
      g_67                                                             comp_294_2_1x2_21100110_gate_45                             3      3.078     0.000        3.078 <none> (D)  
      g_68                                                             comp_294_2_1x2_21100110_gate_884_22                         3      3.078     0.000        3.078 <none> (D)  
      g_69                                                             comp_294_2_1x2_21100110_gate_46                             3      3.078     0.000        3.078 <none> (D)  
      g_7                                                              comp_294_2_1x2_21100110_gate_5                              3      3.078     0.000        3.078 <none> (D)  
      g_70                                                             comp_294_2_1x2_21100110_gate_47                             3      3.078     0.000        3.078 <none> (D)  
      g_71                                                             comp_294_2_1x2_21100110_gate_884_23                         3      3.078     0.000        3.078 <none> (D)  
      g_72                                                             comp_294_2_1x2_21100110_gate_48                             3      3.078     0.000        3.078 <none> (D)  
      g_73                                                             comp_294_2_1x2_21100110_gate_49                             3      3.078     0.000        3.078 <none> (D)  
      g_74                                                             comp_294_2_1x2_21100110_gate_884_24                         3      3.078     0.000        3.078 <none> (D)  
      g_75                                                             comp_294_2_1x2_21100110_gate_50                             3      3.078     0.000        3.078 <none> (D)  
      g_76                                                             comp_294_2_1x2_21100110_gate_51                             3      3.078     0.000        3.078 <none> (D)  
      g_77                                                             comp_294_2_1x2_21100110_gate_884_25                         3      3.078     0.000        3.078 <none> (D)  
      g_78                                                             comp_294_2_1x2_21100110_gate_52                             3      3.078     0.000        3.078 <none> (D)  
      g_79                                                             comp_294_2_1x2_21100110_gate_53                             3      3.078     0.000        3.078 <none> (D)  
      g_8                                                              comp_294_2_1x2_21100110_gate_884_2                          3      3.078     0.000        3.078 <none> (D)  
      g_80                                                             comp_294_2_1x2_21100110_gate_884_26                         3      3.078     0.000        3.078 <none> (D)  
      g_81                                                             comp_294_2_1x2_21100110_gate_54                             3      3.078     0.000        3.078 <none> (D)  
      g_82                                                             comp_294_2_1x2_21100110_gate_55                             3      3.078     0.000        3.078 <none> (D)  
      g_83                                                             comp_294_2_1x2_21100110_gate_884_27                         3      3.078     0.000        3.078 <none> (D)  
      g_84                                                             comp_294_2_1x2_21100110_gate_56                             3      3.078     0.000        3.078 <none> (D)  
      g_85                                                             comp_294_2_1x2_21100110_gate_57                             3      3.078     0.000        3.078 <none> (D)  
      g_86                                                             comp_294_2_1x2_21100110_gate_884_28                         3      3.078     0.000        3.078 <none> (D)  
      g_87                                                             comp_294_2_1x2_21100110_gate_58                             3      3.078     0.000        3.078 <none> (D)  
      g_88                                                             comp_294_2_1x2_21100110_gate_59                             3      3.078     0.000        3.078 <none> (D)  
      g_89                                                             comp_294_2_1x2_21100110_gate_884_29                         3      3.078     0.000        3.078 <none> (D)  
      g_9                                                              comp_294_2_1x2_21100110_gate_6                              3      3.078     0.000        3.078 <none> (D)  
      g_90                                                             comp_294_2_1x2_21100110_gate_60                             3      3.078     0.000        3.078 <none> (D)  
      g_91                                                             comp_294_2_1x2_21100110_gate_61                             3      3.078     0.000        3.078 <none> (D)  
      g_92                                                             comp_294_2_1x2_21100110_gate_884_30                         3      3.078     0.000        3.078 <none> (D)  
      g_93                                                             comp_294_2_1x2_21100110_gate_62                             3      3.078     0.000        3.078 <none> (D)  
      g_94                                                             comp_294_2_1x2_21100110_gate_63                             3      3.078     0.000        3.078 <none> (D)  
      g_95                                                             comp_294_2_1x2_21100110_gate_884_31                         3      3.078     0.000        3.078 <none> (D)  
      g_96                                                             comp_294_2_1x2_21100110_gate_64                             3      3.078     0.000        3.078 <none> (D)  
      g_97                                                             comp_294_2_1x2_21100110_gate_65                             3      3.078     0.000        3.078 <none> (D)  
      g_98                                                             comp_294_2_1x2_21100110_gate_884_32                         3      3.078     0.000        3.078 <none> (D)  
      g_99                                                             comp_294_2_1x2_21100110_gate_66                             3      3.078     0.000        3.078 <none> (D)  
    decompressor                                                       decomp_294_2_1x2_21100110                                  15     17.784     0.000       17.784 <none> (D)  
      dg_0                                                             decomp_294_2_1x2_21100110_gate                              1      1.368     0.000        1.368 <none> (D)  
      dg_1                                                             decomp_294_2_1x2_21100110_gate_1                            1      1.368     0.000        1.368 <none> (D)  
  U0_ALU_16B                                                           ALU_16B_OPER_WIDTH8_OUT_WIDTH16                           414    965.808     0.000      965.808 <none> (D)  
  U0_Async_fifo                                                        Async_fifo_D_SIZE8_F_DEPTH2048_P_SIZE11                 24705 101262.780     0.000   101262.780 <none> (D)  
    u_fifo_mem                                                         fifo_mem_D_SIZE8_F_DEPTH2048_P_SIZE11                   24576 100782.954     0.000   100782.954 <none> (D)  
    u_fifo_rd                                                          fifo_rd_P_SIZE11                                           63    211.698     0.000      211.698 <none> (D)  
    u_fifo_wr                                                          fifo_wr_P_SIZE11                                           57    201.096     0.000      201.096 <none> (D)  
    u_w2r_sync                                                         BIT_SYNC_NUM_STAGES2_BUS_WIDTH11                            9     67.032     0.000       67.032 <none> (D)  
  U0_CLKDIV_MUX                                                        CLKDIV_MUX_WIDTH8                                           6     11.628     0.000       11.628 <none> (D)  
  U0_CLK_GATE                                                          CLK_GATE                                                    3      8.892     0.000        8.892 <none> (D)  
  U0_DATA_SYNC                                                         DATA_SYNC_NUM_STAGES2_BUS_WIDTH8                           24    121.410     0.000      121.410 <none> (D)  
  U0_Integer_Clock_Divider_TX                                          Integer_Clock_Divider                                      64    150.480     0.000      150.480 <none> (D)  
  U0_PULSE_GEN                                                         PULSE_GEN                                                   4     19.152     0.000       19.152 <none> (D)  
  U0_RST_SYNC_REF                                                      RST_SYNC_NUM_STAGES2                                        3     17.784     0.000       17.784 <none> (D)  
  U0_Register_File                                                     Register_File_ADDR_WIDTH4_DATA_WIDTH8_MEM_DEPTH16         415   1688.112     0.000     1688.112 <none> (D)  
  U0_SYS_CTRL                                                          SYS_CTRL_ADDR_WIDTH4_DATA_WIDTH8                          143    425.106     0.000      425.106 <none> (D)  
  U0_UART                                                              UART                                                      390   1030.104     0.000     1030.104 <none> (D)  
    U0_UART_RX                                                         UART_RX                                                   293    680.580     0.000      680.580 <none> (D)  
      U0_FSM                                                           UART_RX_FSM                                                60    111.150     0.000      111.150 <none> (D)  
      U0_data_sampling                                                 UART_RX_data_sampling                                      52    114.228     0.000      114.228 <none> (D)  
      U0_deserializer                                                  UART_RX_deserializer                                       42    117.990     0.000      117.990 <none> (D)  
      U0_edge_bit_counter                                              UART_RX_edge_bit_counter                                   56    139.536     0.000      139.536 <none> (D)  
      U0_parity_check                                                  UART_RX_parity_check                                       33     78.660     0.000       78.660 <none> (D)  
      U0_stop_check                                                    UART_RX_stop_check                                         23     42.750     0.000       42.750 <none> (D)  
      U0_strt_check                                                    UART_RX_strt_check                                         23     43.434     0.000       43.434 <none> (D)  
    U0_UART_TX                                                         UART_TX                                                    97    349.524     0.000      349.524 <none> (D)  
      U0_FSM                                                           UART_TX_FSM                                                16     41.724     0.000       41.724 <none> (D)  
      U0_MUX                                                           UART_TX_MUX                                                 6     22.572     0.000       22.572 <none> (D)  
      U0_parity_Calc                                                   UART_TX_parity_Calc                                        26    106.704     0.000      106.704 <none> (D)  
      U0_serializer                                                    UART_TX_serializer                                         49    178.524     0.000      178.524 <none> (D)  
  U1_Integer_Clock_Divider_RX                                          Integer_Clock_Divider_1                                    49    124.488     0.000      124.488 <none> (D)  
  U1_RST_SYNC_UART                                                     RST_SYNC_NUM_STAGES2_1                                      3     17.784     0.000       17.784 <none> (D)  
  (D) = wireload is default in technology library
