============================================================
  Generated by:           Genus(TM) Synthesis Solution 25.10-p002_1
  Generated on:           Jul 17 2026  01:13:00 pm
  Operating conditions:   slow (balanced_tree)
  Wireload mode:          enclosed
  Area mode:              timing library
============================================================

                                        
   Gate    Instances    Area    Library 
----------------------------------------
ADDFX1            63    323.190    slow 
ADDHX1             2      7.524    slow 
AND2X1            77    105.336    slow 
AND2XL             8     10.944    slow 
AND3XL             1      2.052    slow 
AO21XL             2      4.788    slow 
AO22X1             4     10.944    slow 
AO22XL             1      2.736    slow 
AOI211XL          12     24.624    slow 
AOI21X1           18     30.780    slow 
AOI21XL            4      6.840    slow 
AOI221X1          33     79.002    slow 
AOI222X1           8     24.624    slow 
AOI22X1         4159   8534.268    slow 
AOI22XL           12     24.624    slow 
AOI2BB1X1          4      8.208    slow 
AOI31X1            3      6.156    slow 
AOI32X1            1      2.394    slow 
AOI33XL            3      7.182    slow 
BUFX2              2      3.420    slow 
BUFX20             6     49.248    slow 
CLKINVX4           1      1.710    slow 
CLKINVX6           1      2.394    slow 
CLKXOR2X1          6     16.416    slow 
DFFHQX1          292   1597.824    slow 
INVX1            812    555.408    slow 
INVXL              2      1.368    slow 
MX2X1           7938  19003.572    slow 
MX2XL            764   1829.016    slow 
MXI2XL            13     31.122    slow 
NAND2BX1          75    102.600    slow 
NAND2BX2           6     14.364    slow 
NAND2BXL           5      6.840    slow 
NAND2X1          789    809.514    slow 
NAND2X2            9     15.390    slow 
NAND2XL            5      5.130    slow 
NAND3BX1           1      2.052    slow 
NAND3BXL          15     25.650    slow 
NAND3X1            5      8.550    slow 
NAND4BX1           3      7.182    slow 
NAND4XL         1108   1894.680    slow 
NOR2BX1           90    123.120    slow 
NOR2X1          1665   1708.290    slow 
NOR2XL             8      8.208    slow 
NOR3BX1            1      2.052    slow 
NOR3BXL            2      4.104    slow 
NOR3X1             4      6.840    slow 
NOR3XL             3      5.130    slow 
NOR4BBX1           4     10.944    slow 
NOR4BX1            6     14.364    slow 
NOR4X1           284    485.640    slow 
OA21X1            14     28.728    slow 
OA22X1             2      4.788    slow 
OAI211X1         328    560.880    slow 
OAI21X1           17     29.070    slow 
OAI221X1           2      4.788    slow 
OAI222X1           1      2.736    slow 
OAI22X1           13     26.676    slow 
OAI2BB1X1         42     71.820    slow 
OAI31X1            1      2.052    slow 
OAI32X1            4      9.576    slow 
OR2X1             70     95.760    slow 
OR2X2              1      1.710    slow 
OR2X8              4     17.784    slow 
OR2XL              3      4.104    slow 
OR3X1              2      4.104    slow 
OR3X8              4     21.888    slow 
OR3XL              1      2.052    slow 
OR4X1              7     14.364    slow 
SDFFQX1            5     37.620    slow 
SDFFRHQX1       8488  69669.504    slow 
SDFFSXL            4     42.408    slow 
TLATNCAX2          1      5.472    slow 
TLATNXL            3     16.416    slow 
XNOR2X1          352    842.688    slow 
XOR2XL             6     16.416    slow 
----------------------------------------
total          27715 109101.762         
                                                         
            Type             Instances    Area    Area % 
---------------------------------------------------------
sequential                        8792  71363.772   65.4 
inverter                           816    560.880    0.5 
buffer                               8     52.668    0.0 
clock_gating_integrated_cell         1      5.472    0.0 
logic                            18098  37118.970   34.0 
physical_cells                       0      0.000    0.0 
---------------------------------------------------------
total                            27715 109101.762  100.0 
