============================================================
  Generated by:           Genus(TM) Synthesis Solution 25.10-p002_1
  Generated on:           Jul 17 2026  01:13:00 pm
  Module:                 TOP_DATA_WIDTH8_ADDR_WIDTH4_RF_DEPTH16_FIFO_DEPTH2048_FIFO_PTR_WIDTH11
  Operating conditions:   slow (balanced_tree)
  Wireload mode:          enclosed
  Area mode:              timing library
============================================================

 
  Hierarchy Report Format : 
 
    level instance ( module ) <status>
 
    status :    preserve_<value> -- indicating preserve hierachy or inherited_preserve value
           :    blackbox --  indicating  unresolved instance
 
==================================================================

 0 TOP_DATA_WIDTH8_ADDR_WIDTH4_RF_DEPTH16_FIFO_DEPTH2048_FIFO_PTR_WIDTH11
  1 U0_ALU_16B ( ALU_16B_OPER_WIDTH8_OUT_WIDTH16 ) 
  1 U0_Async_fifo ( Async_fifo_D_SIZE8_F_DEPTH2048_P_SIZE11 ) 
     2 u_fifo_mem ( fifo_mem_D_SIZE8_F_DEPTH2048_P_SIZE11 ) 
     2 u_fifo_rd ( fifo_rd_P_SIZE11 ) 
     2 u_fifo_wr ( fifo_wr_P_SIZE11 ) 
     2 u_w2r_sync ( BIT_SYNC_NUM_STAGES2_BUS_WIDTH11 ) 
  1 U0_CLKDIV_MUX ( CLKDIV_MUX_WIDTH8 ) 
  1 U0_CLK_GATE ( CLK_GATE ) 
  1 U0_DATA_SYNC ( DATA_SYNC_NUM_STAGES2_BUS_WIDTH8 ) 
  1 U0_Integer_Clock_Divider_TX ( Integer_Clock_Divider ) 
  1 U0_PULSE_GEN ( PULSE_GEN ) 
  1 U0_RST_SYNC_REF ( RST_SYNC_NUM_STAGES2 ) 
  1 U0_Register_File ( Register_File_ADDR_WIDTH4_DATA_WIDTH8_MEM_DEPTH16 ) 
  1 U0_SYS_CTRL ( SYS_CTRL_ADDR_WIDTH4_DATA_WIDTH8 ) 
  1 U0_UART ( UART ) 
     2 U0_UART_RX ( UART_RX ) 
        3 U0_FSM ( UART_RX_FSM ) 
        3 U0_data_sampling ( UART_RX_data_sampling ) 
        3 U0_deserializer ( UART_RX_deserializer ) 
        3 U0_edge_bit_counter ( UART_RX_edge_bit_counter ) 
        3 U0_parity_check ( UART_RX_parity_check ) 
        3 U0_stop_check ( UART_RX_stop_check ) 
        3 U0_strt_check ( UART_RX_strt_check ) 
     2 U0_UART_TX ( UART_TX ) 
        3 U0_FSM ( UART_TX_FSM ) 
        3 U0_MUX ( UART_TX_MUX ) 
        3 U0_parity_Calc ( UART_TX_parity_Calc ) 
        3 U0_serializer ( UART_TX_serializer ) 
  1 U1_Integer_Clock_Divider_RX ( Integer_Clock_Divider_1 ) 
  1 U1_RST_SYNC_UART ( RST_SYNC_NUM_STAGES2_1 ) 
  1 COMPACTOR ( XOR_COMPRESSION_294_2_1x2_21100110 ) 
     2 compressor ( comp_294_2_1x2_21100110 ) 
        3 g_0 ( comp_294_2_1x2_21100110_gate ) 
        3 g_1 ( comp_294_2_1x2_21100110_gate_1 ) 
        3 g_2 ( comp_294_2_1x2_21100110_gate_884 ) 
        3 g_3 ( comp_294_2_1x2_21100110_gate_2 ) 
        3 g_4 ( comp_294_2_1x2_21100110_gate_3 ) 
        3 g_5 ( comp_294_2_1x2_21100110_gate_884_1 ) 
        3 g_6 ( comp_294_2_1x2_21100110_gate_4 ) 
        3 g_7 ( comp_294_2_1x2_21100110_gate_5 ) 
        3 g_8 ( comp_294_2_1x2_21100110_gate_884_2 ) 
        3 g_9 ( comp_294_2_1x2_21100110_gate_6 ) 
        3 g_10 ( comp_294_2_1x2_21100110_gate_7 ) 
        3 g_11 ( comp_294_2_1x2_21100110_gate_884_3 ) 
        3 g_12 ( comp_294_2_1x2_21100110_gate_8 ) 
        3 g_13 ( comp_294_2_1x2_21100110_gate_9 ) 
        3 g_14 ( comp_294_2_1x2_21100110_gate_884_4 ) 
        3 g_15 ( comp_294_2_1x2_21100110_gate_10 ) 
        3 g_16 ( comp_294_2_1x2_21100110_gate_11 ) 
        3 g_17 ( comp_294_2_1x2_21100110_gate_884_5 ) 
        3 g_18 ( comp_294_2_1x2_21100110_gate_12 ) 
        3 g_19 ( comp_294_2_1x2_21100110_gate_13 ) 
        3 g_20 ( comp_294_2_1x2_21100110_gate_884_6 ) 
        3 g_21 ( comp_294_2_1x2_21100110_gate_14 ) 
        3 g_22 ( comp_294_2_1x2_21100110_gate_15 ) 
        3 g_23 ( comp_294_2_1x2_21100110_gate_884_7 ) 
        3 g_24 ( comp_294_2_1x2_21100110_gate_16 ) 
        3 g_25 ( comp_294_2_1x2_21100110_gate_17 ) 
        3 g_26 ( comp_294_2_1x2_21100110_gate_884_8 ) 
        3 g_27 ( comp_294_2_1x2_21100110_gate_18 ) 
        3 g_28 ( comp_294_2_1x2_21100110_gate_19 ) 
        3 g_29 ( comp_294_2_1x2_21100110_gate_884_9 ) 
        3 g_30 ( comp_294_2_1x2_21100110_gate_20 ) 
        3 g_31 ( comp_294_2_1x2_21100110_gate_21 ) 
        3 g_32 ( comp_294_2_1x2_21100110_gate_884_10 ) 
        3 g_33 ( comp_294_2_1x2_21100110_gate_22 ) 
        3 g_34 ( comp_294_2_1x2_21100110_gate_23 ) 
        3 g_35 ( comp_294_2_1x2_21100110_gate_884_11 ) 
        3 g_36 ( comp_294_2_1x2_21100110_gate_24 ) 
        3 g_37 ( comp_294_2_1x2_21100110_gate_25 ) 
        3 g_38 ( comp_294_2_1x2_21100110_gate_884_12 ) 
        3 g_39 ( comp_294_2_1x2_21100110_gate_26 ) 
        3 g_40 ( comp_294_2_1x2_21100110_gate_27 ) 
        3 g_41 ( comp_294_2_1x2_21100110_gate_884_13 ) 
        3 g_42 ( comp_294_2_1x2_21100110_gate_28 ) 
        3 g_43 ( comp_294_2_1x2_21100110_gate_29 ) 
        3 g_44 ( comp_294_2_1x2_21100110_gate_884_14 ) 
        3 g_45 ( comp_294_2_1x2_21100110_gate_30 ) 
        3 g_46 ( comp_294_2_1x2_21100110_gate_31 ) 
        3 g_47 ( comp_294_2_1x2_21100110_gate_884_15 ) 
        3 g_48 ( comp_294_2_1x2_21100110_gate_32 ) 
        3 g_49 ( comp_294_2_1x2_21100110_gate_33 ) 
        3 g_50 ( comp_294_2_1x2_21100110_gate_884_16 ) 
        3 g_51 ( comp_294_2_1x2_21100110_gate_34 ) 
        3 g_52 ( comp_294_2_1x2_21100110_gate_35 ) 
        3 g_53 ( comp_294_2_1x2_21100110_gate_884_17 ) 
        3 g_54 ( comp_294_2_1x2_21100110_gate_36 ) 
        3 g_55 ( comp_294_2_1x2_21100110_gate_37 ) 
        3 g_56 ( comp_294_2_1x2_21100110_gate_884_18 ) 
        3 g_57 ( comp_294_2_1x2_21100110_gate_38 ) 
        3 g_58 ( comp_294_2_1x2_21100110_gate_39 ) 
        3 g_59 ( comp_294_2_1x2_21100110_gate_884_19 ) 
        3 g_60 ( comp_294_2_1x2_21100110_gate_40 ) 
        3 g_61 ( comp_294_2_1x2_21100110_gate_41 ) 
        3 g_62 ( comp_294_2_1x2_21100110_gate_884_20 ) 
        3 g_63 ( comp_294_2_1x2_21100110_gate_42 ) 
        3 g_64 ( comp_294_2_1x2_21100110_gate_43 ) 
        3 g_65 ( comp_294_2_1x2_21100110_gate_884_21 ) 
        3 g_66 ( comp_294_2_1x2_21100110_gate_44 ) 
        3 g_67 ( comp_294_2_1x2_21100110_gate_45 ) 
        3 g_68 ( comp_294_2_1x2_21100110_gate_884_22 ) 
        3 g_69 ( comp_294_2_1x2_21100110_gate_46 ) 
        3 g_70 ( comp_294_2_1x2_21100110_gate_47 ) 
        3 g_71 ( comp_294_2_1x2_21100110_gate_884_23 ) 
        3 g_72 ( comp_294_2_1x2_21100110_gate_48 ) 
        3 g_73 ( comp_294_2_1x2_21100110_gate_49 ) 
        3 g_74 ( comp_294_2_1x2_21100110_gate_884_24 ) 
        3 g_75 ( comp_294_2_1x2_21100110_gate_50 ) 
        3 g_76 ( comp_294_2_1x2_21100110_gate_51 ) 
        3 g_77 ( comp_294_2_1x2_21100110_gate_884_25 ) 
        3 g_78 ( comp_294_2_1x2_21100110_gate_52 ) 
        3 g_79 ( comp_294_2_1x2_21100110_gate_53 ) 
        3 g_80 ( comp_294_2_1x2_21100110_gate_884_26 ) 
        3 g_81 ( comp_294_2_1x2_21100110_gate_54 ) 
        3 g_82 ( comp_294_2_1x2_21100110_gate_55 ) 
        3 g_83 ( comp_294_2_1x2_21100110_gate_884_27 ) 
        3 g_84 ( comp_294_2_1x2_21100110_gate_56 ) 
        3 g_85 ( comp_294_2_1x2_21100110_gate_57 ) 
        3 g_86 ( comp_294_2_1x2_21100110_gate_884_28 ) 
        3 g_87 ( comp_294_2_1x2_21100110_gate_58 ) 
        3 g_88 ( comp_294_2_1x2_21100110_gate_59 ) 
        3 g_89 ( comp_294_2_1x2_21100110_gate_884_29 ) 
        3 g_90 ( comp_294_2_1x2_21100110_gate_60 ) 
        3 g_91 ( comp_294_2_1x2_21100110_gate_61 ) 
        3 g_92 ( comp_294_2_1x2_21100110_gate_884_30 ) 
        3 g_93 ( comp_294_2_1x2_21100110_gate_62 ) 
        3 g_94 ( comp_294_2_1x2_21100110_gate_63 ) 
        3 g_95 ( comp_294_2_1x2_21100110_gate_884_31 ) 
        3 g_96 ( comp_294_2_1x2_21100110_gate_64 ) 
        3 g_97 ( comp_294_2_1x2_21100110_gate_65 ) 
        3 g_98 ( comp_294_2_1x2_21100110_gate_884_32 ) 
        3 g_99 ( comp_294_2_1x2_21100110_gate_66 ) 
        3 g_100 ( comp_294_2_1x2_21100110_gate_67 ) 
        3 g_101 ( comp_294_2_1x2_21100110_gate_884_33 ) 
        3 g_102 ( comp_294_2_1x2_21100110_gate_68 ) 
        3 g_103 ( comp_294_2_1x2_21100110_gate_69 ) 
        3 g_104 ( comp_294_2_1x2_21100110_gate_884_34 ) 
        3 g_105 ( comp_294_2_1x2_21100110_gate_70 ) 
        3 g_106 ( comp_294_2_1x2_21100110_gate_71 ) 
        3 g_107 ( comp_294_2_1x2_21100110_gate_884_35 ) 
        3 g_108 ( comp_294_2_1x2_21100110_gate_72 ) 
        3 g_109 ( comp_294_2_1x2_21100110_gate_73 ) 
        3 g_110 ( comp_294_2_1x2_21100110_gate_884_36 ) 
        3 g_111 ( comp_294_2_1x2_21100110_gate_74 ) 
        3 g_112 ( comp_294_2_1x2_21100110_gate_75 ) 
        3 g_113 ( comp_294_2_1x2_21100110_gate_884_37 ) 
        3 g_114 ( comp_294_2_1x2_21100110_gate_76 ) 
        3 g_115 ( comp_294_2_1x2_21100110_gate_77 ) 
        3 g_116 ( comp_294_2_1x2_21100110_gate_884_38 ) 
        3 g_117 ( comp_294_2_1x2_21100110_gate_78 ) 
        3 g_118 ( comp_294_2_1x2_21100110_gate_79 ) 
        3 g_119 ( comp_294_2_1x2_21100110_gate_884_39 ) 
        3 g_120 ( comp_294_2_1x2_21100110_gate_80 ) 
        3 g_121 ( comp_294_2_1x2_21100110_gate_81 ) 
        3 g_122 ( comp_294_2_1x2_21100110_gate_884_40 ) 
        3 g_123 ( comp_294_2_1x2_21100110_gate_82 ) 
        3 g_124 ( comp_294_2_1x2_21100110_gate_83 ) 
        3 g_125 ( comp_294_2_1x2_21100110_gate_884_41 ) 
        3 g_126 ( comp_294_2_1x2_21100110_gate_84 ) 
        3 g_127 ( comp_294_2_1x2_21100110_gate_85 ) 
        3 g_128 ( comp_294_2_1x2_21100110_gate_884_42 ) 
        3 g_129 ( comp_294_2_1x2_21100110_gate_86 ) 
        3 g_130 ( comp_294_2_1x2_21100110_gate_87 ) 
        3 g_131 ( comp_294_2_1x2_21100110_gate_884_43 ) 
        3 g_132 ( comp_294_2_1x2_21100110_gate_88 ) 
        3 g_133 ( comp_294_2_1x2_21100110_gate_89 ) 
        3 g_134 ( comp_294_2_1x2_21100110_gate_884_44 ) 
        3 g_135 ( comp_294_2_1x2_21100110_gate_90 ) 
        3 g_136 ( comp_294_2_1x2_21100110_gate_91 ) 
        3 g_137 ( comp_294_2_1x2_21100110_gate_884_45 ) 
        3 g_138 ( comp_294_2_1x2_21100110_gate_92 ) 
        3 g_139 ( comp_294_2_1x2_21100110_gate_93 ) 
        3 g_140 ( comp_294_2_1x2_21100110_gate_884_46 ) 
        3 g_141 ( comp_294_2_1x2_21100110_gate_94 ) 
        3 g_142 ( comp_294_2_1x2_21100110_gate_95 ) 
        3 g_143 ( comp_294_2_1x2_21100110_gate_884_47 ) 
        3 g_144 ( comp_294_2_1x2_21100110_gate_96 ) 
        3 g_145 ( comp_294_2_1x2_21100110_gate_97 ) 
        3 g_146 ( comp_294_2_1x2_21100110_gate_884_48 ) 
        3 g_147 ( comp_294_2_1x2_21100110_gate_98 ) 
        3 g_148 ( comp_294_2_1x2_21100110_gate_99 ) 
        3 g_149 ( comp_294_2_1x2_21100110_gate_884_49 ) 
        3 g_150 ( comp_294_2_1x2_21100110_gate_100 ) 
        3 g_151 ( comp_294_2_1x2_21100110_gate_101 ) 
        3 g_152 ( comp_294_2_1x2_21100110_gate_884_50 ) 
        3 g_153 ( comp_294_2_1x2_21100110_gate_102 ) 
        3 g_154 ( comp_294_2_1x2_21100110_gate_103 ) 
        3 g_155 ( comp_294_2_1x2_21100110_gate_884_51 ) 
        3 g_156 ( comp_294_2_1x2_21100110_gate_104 ) 
        3 g_157 ( comp_294_2_1x2_21100110_gate_105 ) 
        3 g_158 ( comp_294_2_1x2_21100110_gate_884_52 ) 
        3 g_159 ( comp_294_2_1x2_21100110_gate_106 ) 
        3 g_160 ( comp_294_2_1x2_21100110_gate_107 ) 
        3 g_161 ( comp_294_2_1x2_21100110_gate_884_53 ) 
        3 g_162 ( comp_294_2_1x2_21100110_gate_108 ) 
        3 g_163 ( comp_294_2_1x2_21100110_gate_109 ) 
        3 g_164 ( comp_294_2_1x2_21100110_gate_884_54 ) 
        3 g_165 ( comp_294_2_1x2_21100110_gate_110 ) 
        3 g_166 ( comp_294_2_1x2_21100110_gate_111 ) 
        3 g_167 ( comp_294_2_1x2_21100110_gate_884_55 ) 
        3 g_168 ( comp_294_2_1x2_21100110_gate_112 ) 
        3 g_169 ( comp_294_2_1x2_21100110_gate_113 ) 
        3 g_170 ( comp_294_2_1x2_21100110_gate_884_56 ) 
        3 g_171 ( comp_294_2_1x2_21100110_gate_114 ) 
        3 g_172 ( comp_294_2_1x2_21100110_gate_115 ) 
        3 g_173 ( comp_294_2_1x2_21100110_gate_884_57 ) 
        3 g_174 ( comp_294_2_1x2_21100110_gate_116 ) 
        3 g_175 ( comp_294_2_1x2_21100110_gate_117 ) 
        3 g_176 ( comp_294_2_1x2_21100110_gate_884_58 ) 
        3 g_177 ( comp_294_2_1x2_21100110_gate_118 ) 
        3 g_178 ( comp_294_2_1x2_21100110_gate_119 ) 
        3 g_179 ( comp_294_2_1x2_21100110_gate_884_59 ) 
        3 g_180 ( comp_294_2_1x2_21100110_gate_120 ) 
        3 g_181 ( comp_294_2_1x2_21100110_gate_121 ) 
        3 g_182 ( comp_294_2_1x2_21100110_gate_884_60 ) 
        3 g_183 ( comp_294_2_1x2_21100110_gate_122 ) 
        3 g_184 ( comp_294_2_1x2_21100110_gate_123 ) 
        3 g_185 ( comp_294_2_1x2_21100110_gate_884_61 ) 
        3 g_186 ( comp_294_2_1x2_21100110_gate_124 ) 
        3 g_187 ( comp_294_2_1x2_21100110_gate_125 ) 
        3 g_188 ( comp_294_2_1x2_21100110_gate_884_62 ) 
        3 g_189 ( comp_294_2_1x2_21100110_gate_126 ) 
        3 g_190 ( comp_294_2_1x2_21100110_gate_127 ) 
        3 g_191 ( comp_294_2_1x2_21100110_gate_884_63 ) 
        3 g_192 ( comp_294_2_1x2_21100110_gate_128 ) 
        3 g_193 ( comp_294_2_1x2_21100110_gate_129 ) 
        3 g_194 ( comp_294_2_1x2_21100110_gate_884_64 ) 
        3 g_195 ( comp_294_2_1x2_21100110_gate_130 ) 
        3 g_196 ( comp_294_2_1x2_21100110_gate_131 ) 
        3 g_197 ( comp_294_2_1x2_21100110_gate_884_65 ) 
        3 g_198 ( comp_294_2_1x2_21100110_gate_132 ) 
        3 g_199 ( comp_294_2_1x2_21100110_gate_133 ) 
        3 g_200 ( comp_294_2_1x2_21100110_gate_884_66 ) 
        3 g_201 ( comp_294_2_1x2_21100110_gate_134 ) 
        3 g_202 ( comp_294_2_1x2_21100110_gate_135 ) 
        3 g_203 ( comp_294_2_1x2_21100110_gate_884_67 ) 
        3 g_204 ( comp_294_2_1x2_21100110_gate_682 ) 
        3 g_205 ( comp_294_2_1x2_21100110_gate_682_1 ) 
        3 g_206 ( comp_294_2_1x2_21100110_gate_884_68 ) 
        3 g_207 ( comp_294_2_1x2_21100110_gate_682_2 ) 
        3 g_208 ( comp_294_2_1x2_21100110_gate_682_3 ) 
        3 g_209 ( comp_294_2_1x2_21100110_gate_884_69 ) 
        3 g_210 ( comp_294_2_1x2_21100110_gate_682_4 ) 
        3 g_211 ( comp_294_2_1x2_21100110_gate_682_5 ) 
        3 g_212 ( comp_294_2_1x2_21100110_gate_884_70 ) 
        3 g_213 ( comp_294_2_1x2_21100110_gate_682_6 ) 
        3 g_214 ( comp_294_2_1x2_21100110_gate_682_7 ) 
        3 g_215 ( comp_294_2_1x2_21100110_gate_884_71 ) 
        3 g_216 ( comp_294_2_1x2_21100110_gate_682_8 ) 
        3 g_217 ( comp_294_2_1x2_21100110_gate_682_9 ) 
        3 g_218 ( comp_294_2_1x2_21100110_gate_884_72 ) 
        3 g_219 ( comp_294_2_1x2_21100110_gate_682_10 ) 
        3 g_220 ( comp_294_2_1x2_21100110_gate_682_11 ) 
        3 g_221 ( comp_294_2_1x2_21100110_gate_884_73 ) 
        3 g_222 ( comp_294_2_1x2_21100110_gate_682_12 ) 
        3 g_223 ( comp_294_2_1x2_21100110_gate_682_13 ) 
        3 g_224 ( comp_294_2_1x2_21100110_gate_884_74 ) 
        3 g_225 ( comp_294_2_1x2_21100110_gate_682_14 ) 
        3 g_226 ( comp_294_2_1x2_21100110_gate_682_15 ) 
        3 g_227 ( comp_294_2_1x2_21100110_gate_884_75 ) 
        3 g_228 ( comp_294_2_1x2_21100110_gate_682_16 ) 
        3 g_229 ( comp_294_2_1x2_21100110_gate_682_17 ) 
        3 g_230 ( comp_294_2_1x2_21100110_gate_884_76 ) 
        3 g_231 ( comp_294_2_1x2_21100110_gate_682_18 ) 
        3 g_232 ( comp_294_2_1x2_21100110_gate_682_19 ) 
        3 g_233 ( comp_294_2_1x2_21100110_gate_884_77 ) 
        3 g_234 ( comp_294_2_1x2_21100110_gate_682_20 ) 
        3 g_235 ( comp_294_2_1x2_21100110_gate_682_21 ) 
        3 g_236 ( comp_294_2_1x2_21100110_gate_884_78 ) 
        3 g_237 ( comp_294_2_1x2_21100110_gate_682_22 ) 
        3 g_238 ( comp_294_2_1x2_21100110_gate_682_23 ) 
        3 g_239 ( comp_294_2_1x2_21100110_gate_884_79 ) 
        3 g_240 ( comp_294_2_1x2_21100110_gate_682_24 ) 
        3 g_241 ( comp_294_2_1x2_21100110_gate_682_25 ) 
        3 g_242 ( comp_294_2_1x2_21100110_gate_884_80 ) 
        3 g_243 ( comp_294_2_1x2_21100110_gate_682_26 ) 
        3 g_244 ( comp_294_2_1x2_21100110_gate_682_27 ) 
        3 g_245 ( comp_294_2_1x2_21100110_gate_884_81 ) 
        3 g_246 ( comp_294_2_1x2_21100110_gate_682_28 ) 
        3 g_247 ( comp_294_2_1x2_21100110_gate_682_29 ) 
        3 g_248 ( comp_294_2_1x2_21100110_gate_884_82 ) 
        3 g_249 ( comp_294_2_1x2_21100110_gate_682_30 ) 
        3 g_250 ( comp_294_2_1x2_21100110_gate_682_31 ) 
        3 g_251 ( comp_294_2_1x2_21100110_gate_884_83 ) 
        3 g_252 ( comp_294_2_1x2_21100110_gate_682_32 ) 
        3 g_253 ( comp_294_2_1x2_21100110_gate_682_33 ) 
        3 g_254 ( comp_294_2_1x2_21100110_gate_884_84 ) 
        3 g_255 ( comp_294_2_1x2_21100110_gate_682_34 ) 
        3 g_256 ( comp_294_2_1x2_21100110_gate_682_35 ) 
        3 g_257 ( comp_294_2_1x2_21100110_gate_884_85 ) 
        3 g_258 ( comp_294_2_1x2_21100110_gate_682_36 ) 
        3 g_259 ( comp_294_2_1x2_21100110_gate_682_37 ) 
        3 g_260 ( comp_294_2_1x2_21100110_gate_884_86 ) 
        3 g_261 ( comp_294_2_1x2_21100110_gate_682_38 ) 
        3 g_262 ( comp_294_2_1x2_21100110_gate_682_39 ) 
        3 g_263 ( comp_294_2_1x2_21100110_gate_884_87 ) 
        3 g_264 ( comp_294_2_1x2_21100110_gate_682_40 ) 
        3 g_265 ( comp_294_2_1x2_21100110_gate_682_41 ) 
        3 g_266 ( comp_294_2_1x2_21100110_gate_884_88 ) 
        3 g_267 ( comp_294_2_1x2_21100110_gate_682_42 ) 
        3 g_268 ( comp_294_2_1x2_21100110_gate_682_43 ) 
        3 g_269 ( comp_294_2_1x2_21100110_gate_884_89 ) 
        3 g_270 ( comp_294_2_1x2_21100110_gate_682_44 ) 
        3 g_271 ( comp_294_2_1x2_21100110_gate_682_45 ) 
        3 g_272 ( comp_294_2_1x2_21100110_gate_884_90 ) 
        3 g_273 ( comp_294_2_1x2_21100110_gate_682_46 ) 
        3 g_274 ( comp_294_2_1x2_21100110_gate_682_47 ) 
        3 g_275 ( comp_294_2_1x2_21100110_gate_884_91 ) 
        3 g_276 ( comp_294_2_1x2_21100110_gate_682_48 ) 
        3 g_277 ( comp_294_2_1x2_21100110_gate_682_49 ) 
        3 g_278 ( comp_294_2_1x2_21100110_gate_884_92 ) 
        3 g_279 ( comp_294_2_1x2_21100110_gate_682_50 ) 
        3 g_280 ( comp_294_2_1x2_21100110_gate_682_51 ) 
        3 g_281 ( comp_294_2_1x2_21100110_gate_884_93 ) 
        3 g_282 ( comp_294_2_1x2_21100110_gate_136 ) 
        3 g_283 ( comp_294_2_1x2_21100110_gate_137 ) 
        3 g_284 ( comp_294_2_1x2_21100110_gate_884_94 ) 
        3 g_285 ( comp_294_2_1x2_21100110_gate_682_52 ) 
        3 g_286 ( comp_294_2_1x2_21100110_gate_682_53 ) 
        3 g_287 ( comp_294_2_1x2_21100110_gate_884_95 ) 
        3 g_288 ( comp_294_2_1x2_21100110_gate_138 ) 
        3 g_289 ( comp_294_2_1x2_21100110_gate_139 ) 
        3 g_290 ( comp_294_2_1x2_21100110_gate_884_96 ) 
        3 g_291 ( comp_294_2_1x2_21100110_gate_140 ) 
        3 g_292 ( comp_294_2_1x2_21100110_gate_141 ) 
        3 g_293 ( comp_294_2_1x2_21100110_gate_884_97 ) 
     2 decompressor ( decomp_294_2_1x2_21100110 ) 
        3 dg_0 ( decomp_294_2_1x2_21100110_gate ) 
        3 dg_1 ( decomp_294_2_1x2_21100110_gate_1 ) 
