============================================================
  Generated by:           Genus(TM) Synthesis Solution 25.10-p002_1
  Generated on:           Jul 17 2026  01:46:09 pm
  Module:                 TOP_DATA_WIDTH8_ADDR_WIDTH4_RF_DEPTH16_FIFO_DEPTH2048_FIFO_PTR_WIDTH11
  Operating conditions:   slow (balanced_tree)
  Wireload mode:          enclosed
  Area mode:              timing library
============================================================

                               Instance                                                      Module                       Cell-Count  Cell-Area  Net-Area   Combinational   Buffer   Inverter     Flop     Latch   Clock-Gate   Memory   Macro   Total-Area   Wireload  
------------------------------------------------------------------------------------------------------------------------------------------------------------------------------------------------------------------------------------------------------------------------
TOP_DATA_WIDTH8_ADDR_WIDTH4_RF_DEPTH16_FIFO_DEPTH2048_FIFO_PTR_WIDTH11 NA                                                      27135 107818.236     0.000       36495.162   52.668    426.474  70822.044  16.416        5.472    0.000   0.000   107818.236 <none> (D)  
  COMPACTOR                                                            XOR_COMPRESSION_198_2_1x2_21100110                       1002   2187.090     0.000         828.666    0.000    270.864   1087.560   0.000        0.000    0.000   0.000     2187.090 <none> (D)  
    compressor                                                         comp_198_2_1x2_21100110                                   991   2172.042     0.000         813.618    0.000    270.864   1087.560   0.000        0.000    0.000   0.000     2172.042 <none> (D)  
      g_0                                                              comp_198_2_1x2_21100110_gate                                3      3.078     0.000           1.710    0.000      1.368      0.000   0.000        0.000    0.000   0.000        3.078 <none> (D)  
      g_1                                                              comp_198_2_1x2_21100110_gate_1                              3      3.078     0.000           1.710    0.000      1.368      0.000   0.000        0.000    0.000   0.000        3.078 <none> (D)  
      g_10                                                             comp_198_2_1x2_21100110_gate_7                              3      3.078     0.000           1.710    0.000      1.368      0.000   0.000        0.000    0.000   0.000        3.078 <none> (D)  
      g_100                                                            comp_198_2_1x2_21100110_gate_583_13                         3      3.078     0.000           1.710    0.000      1.368      0.000   0.000        0.000    0.000   0.000        3.078 <none> (D)  
      g_101                                                            comp_198_2_1x2_21100110_gate_596_33                         3      3.078     0.000           1.710    0.000      1.368      0.000   0.000        0.000    0.000   0.000        3.078 <none> (D)  
      g_102                                                            comp_198_2_1x2_21100110_gate_54                             3      3.078     0.000           1.710    0.000      1.368      0.000   0.000        0.000    0.000   0.000        3.078 <none> (D)  
      g_103                                                            comp_198_2_1x2_21100110_gate_55                             3      3.078     0.000           1.710    0.000      1.368      0.000   0.000        0.000    0.000   0.000        3.078 <none> (D)  
      g_104                                                            comp_198_2_1x2_21100110_gate_596_34                         3      3.078     0.000           1.710    0.000      1.368      0.000   0.000        0.000    0.000   0.000        3.078 <none> (D)  
      g_105                                                            comp_198_2_1x2_21100110_gate_583_14                         3      3.078     0.000           1.710    0.000      1.368      0.000   0.000        0.000    0.000   0.000        3.078 <none> (D)  
      g_106                                                            comp_198_2_1x2_21100110_gate_583_15                         3      3.078     0.000           1.710    0.000      1.368      0.000   0.000        0.000    0.000   0.000        3.078 <none> (D)  
      g_107                                                            comp_198_2_1x2_21100110_gate_596_35                         3      3.078     0.000           1.710    0.000      1.368      0.000   0.000        0.000    0.000   0.000        3.078 <none> (D)  
      g_108                                                            comp_198_2_1x2_21100110_gate_56                             3      3.078     0.000           1.710    0.000      1.368      0.000   0.000        0.000    0.000   0.000        3.078 <none> (D)  
      g_109                                                            comp_198_2_1x2_21100110_gate_57                             3      3.078     0.000           1.710    0.000      1.368      0.000   0.000        0.000    0.000   0.000        3.078 <none> (D)  
      g_11                                                             comp_198_2_1x2_21100110_gate_596_3                          3      3.078     0.000           1.710    0.000      1.368      0.000   0.000        0.000    0.000   0.000        3.078 <none> (D)  
      g_110                                                            comp_198_2_1x2_21100110_gate_596_36                         3      3.078     0.000           1.710    0.000      1.368      0.000   0.000        0.000    0.000   0.000        3.078 <none> (D)  
      g_111                                                            comp_198_2_1x2_21100110_gate_58                             3      3.078     0.000           1.710    0.000      1.368      0.000   0.000        0.000    0.000   0.000        3.078 <none> (D)  
      g_112                                                            comp_198_2_1x2_21100110_gate_59                             3      3.078     0.000           1.710    0.000      1.368      0.000   0.000        0.000    0.000   0.000        3.078 <none> (D)  
      g_113                                                            comp_198_2_1x2_21100110_gate_596_37                         3      3.078     0.000           1.710    0.000      1.368      0.000   0.000        0.000    0.000   0.000        3.078 <none> (D)  
      g_114                                                            comp_198_2_1x2_21100110_gate_60                             3      3.078     0.000           1.710    0.000      1.368      0.000   0.000        0.000    0.000   0.000        3.078 <none> (D)  
      g_115                                                            comp_198_2_1x2_21100110_gate_61                             3      3.078     0.000           1.710    0.000      1.368      0.000   0.000        0.000    0.000   0.000        3.078 <none> (D)  
      g_116                                                            comp_198_2_1x2_21100110_gate_596_38                         3      3.078     0.000           1.710    0.000      1.368      0.000   0.000        0.000    0.000   0.000        3.078 <none> (D)  
      g_117                                                            comp_198_2_1x2_21100110_gate_62                             3      3.078     0.000           1.710    0.000      1.368      0.000   0.000        0.000    0.000   0.000        3.078 <none> (D)  
      g_118                                                            comp_198_2_1x2_21100110_gate_63                             3      3.078     0.000           1.710    0.000      1.368      0.000   0.000        0.000    0.000   0.000        3.078 <none> (D)  
      g_119                                                            comp_198_2_1x2_21100110_gate_596_39                         3      3.078     0.000           1.710    0.000      1.368      0.000   0.000        0.000    0.000   0.000        3.078 <none> (D)  
      g_12                                                             comp_198_2_1x2_21100110_gate_8                              3      3.078     0.000           1.710    0.000      1.368      0.000   0.000        0.000    0.000   0.000        3.078 <none> (D)  
      g_120                                                            comp_198_2_1x2_21100110_gate_64                             3      3.078     0.000           1.710    0.000      1.368      0.000   0.000        0.000    0.000   0.000        3.078 <none> (D)  
      g_121                                                            comp_198_2_1x2_21100110_gate_65                             3      3.078     0.000           1.710    0.000      1.368      0.000   0.000        0.000    0.000   0.000        3.078 <none> (D)  
      g_122                                                            comp_198_2_1x2_21100110_gate_596_40                         3      3.078     0.000           1.710    0.000      1.368      0.000   0.000        0.000    0.000   0.000        3.078 <none> (D)  
      g_123                                                            comp_198_2_1x2_21100110_gate_583_16                         3      3.078     0.000           1.710    0.000      1.368      0.000   0.000        0.000    0.000   0.000        3.078 <none> (D)  
      g_124                                                            comp_198_2_1x2_21100110_gate_583_17                         3      3.078     0.000           1.710    0.000      1.368      0.000   0.000        0.000    0.000   0.000        3.078 <none> (D)  
      g_125                                                            comp_198_2_1x2_21100110_gate_596_41                         3      3.078     0.000           1.710    0.000      1.368      0.000   0.000        0.000    0.000   0.000        3.078 <none> (D)  
      g_126                                                            comp_198_2_1x2_21100110_gate_66                             3      3.078     0.000           1.710    0.000      1.368      0.000   0.000        0.000    0.000   0.000        3.078 <none> (D)  
      g_127                                                            comp_198_2_1x2_21100110_gate_67                             3      3.078     0.000           1.710    0.000      1.368      0.000   0.000        0.000    0.000   0.000        3.078 <none> (D)  
      g_128                                                            comp_198_2_1x2_21100110_gate_596_42                         3      3.078     0.000           1.710    0.000      1.368      0.000   0.000        0.000    0.000   0.000        3.078 <none> (D)  
      g_129                                                            comp_198_2_1x2_21100110_gate_68                             3      3.078     0.000           1.710    0.000      1.368      0.000   0.000        0.000    0.000   0.000        3.078 <none> (D)  
      g_13                                                             comp_198_2_1x2_21100110_gate_9                              3      3.078     0.000           1.710    0.000      1.368      0.000   0.000        0.000    0.000   0.000        3.078 <none> (D)  
      g_130                                                            comp_198_2_1x2_21100110_gate_69                             3      3.078     0.000           1.710    0.000      1.368      0.000   0.000        0.000    0.000   0.000        3.078 <none> (D)  
      g_131                                                            comp_198_2_1x2_21100110_gate_596_43                         3      3.078     0.000           1.710    0.000      1.368      0.000   0.000        0.000    0.000   0.000        3.078 <none> (D)  
      g_132                                                            comp_198_2_1x2_21100110_gate_70                             3      3.078     0.000           1.710    0.000      1.368      0.000   0.000        0.000    0.000   0.000        3.078 <none> (D)  
      g_133                                                            comp_198_2_1x2_21100110_gate_71                             3      3.078     0.000           1.710    0.000      1.368      0.000   0.000        0.000    0.000   0.000        3.078 <none> (D)  
      g_134                                                            comp_198_2_1x2_21100110_gate_596_44                         3      3.078     0.000           1.710    0.000      1.368      0.000   0.000        0.000    0.000   0.000        3.078 <none> (D)  
      g_135                                                            comp_198_2_1x2_21100110_gate_72                             3      3.078     0.000           1.710    0.000      1.368      0.000   0.000        0.000    0.000   0.000        3.078 <none> (D)  
      g_136                                                            comp_198_2_1x2_21100110_gate_73                             3      3.078     0.000           1.710    0.000      1.368      0.000   0.000        0.000    0.000   0.000        3.078 <none> (D)  
      g_137                                                            comp_198_2_1x2_21100110_gate_596_45                         3      3.078     0.000           1.710    0.000      1.368      0.000   0.000        0.000    0.000   0.000        3.078 <none> (D)  
      g_138                                                            comp_198_2_1x2_21100110_gate_74                             3      3.078     0.000           1.710    0.000      1.368      0.000   0.000        0.000    0.000   0.000        3.078 <none> (D)  
      g_139                                                            comp_198_2_1x2_21100110_gate_75                             3      3.078     0.000           1.710    0.000      1.368      0.000   0.000        0.000    0.000   0.000        3.078 <none> (D)  
      g_14                                                             comp_198_2_1x2_21100110_gate_596_4                          3      3.078     0.000           1.710    0.000      1.368      0.000   0.000        0.000    0.000   0.000        3.078 <none> (D)  
      g_140                                                            comp_198_2_1x2_21100110_gate_596_46                         3      3.078     0.000           1.710    0.000      1.368      0.000   0.000        0.000    0.000   0.000        3.078 <none> (D)  
      g_141                                                            comp_198_2_1x2_21100110_gate_76                             3      3.078     0.000           1.710    0.000      1.368      0.000   0.000        0.000    0.000   0.000        3.078 <none> (D)  
      g_142                                                            comp_198_2_1x2_21100110_gate_77                             3      3.078     0.000           1.710    0.000      1.368      0.000   0.000        0.000    0.000   0.000        3.078 <none> (D)  
      g_143                                                            comp_198_2_1x2_21100110_gate_596_47                         3      3.078     0.000           1.710    0.000      1.368      0.000   0.000        0.000    0.000   0.000        3.078 <none> (D)  
      g_144                                                            comp_198_2_1x2_21100110_gate_78                             3      3.078     0.000           1.710    0.000      1.368      0.000   0.000        0.000    0.000   0.000        3.078 <none> (D)  
      g_145                                                            comp_198_2_1x2_21100110_gate_79                             3      3.078     0.000           1.710    0.000      1.368      0.000   0.000        0.000    0.000   0.000        3.078 <none> (D)  
      g_146                                                            comp_198_2_1x2_21100110_gate_596_48                         3      3.078     0.000           1.710    0.000      1.368      0.000   0.000        0.000    0.000   0.000        3.078 <none> (D)  
      g_147                                                            comp_198_2_1x2_21100110_gate_80                             3      3.078     0.000           1.710    0.000      1.368      0.000   0.000        0.000    0.000   0.000        3.078 <none> (D)  
      g_148                                                            comp_198_2_1x2_21100110_gate_81                             3      3.078     0.000           1.710    0.000      1.368      0.000   0.000        0.000    0.000   0.000        3.078 <none> (D)  
      g_149                                                            comp_198_2_1x2_21100110_gate_596_49                         3      3.078     0.000           1.710    0.000      1.368      0.000   0.000        0.000    0.000   0.000        3.078 <none> (D)  
      g_15                                                             comp_198_2_1x2_21100110_gate_583                            3      3.078     0.000           1.710    0.000      1.368      0.000   0.000        0.000    0.000   0.000        3.078 <none> (D)  
      g_150                                                            comp_198_2_1x2_21100110_gate_82                             3      3.078     0.000           1.710    0.000      1.368      0.000   0.000        0.000    0.000   0.000        3.078 <none> (D)  
      g_151                                                            comp_198_2_1x2_21100110_gate_83                             3      3.078     0.000           1.710    0.000      1.368      0.000   0.000        0.000    0.000   0.000        3.078 <none> (D)  
      g_152                                                            comp_198_2_1x2_21100110_gate_596_50                         3      3.078     0.000           1.710    0.000      1.368      0.000   0.000        0.000    0.000   0.000        3.078 <none> (D)  
      g_153                                                            comp_198_2_1x2_21100110_gate_84                             3      3.078     0.000           1.710    0.000      1.368      0.000   0.000        0.000    0.000   0.000        3.078 <none> (D)  
      g_154                                                            comp_198_2_1x2_21100110_gate_85                             3      3.078     0.000           1.710    0.000      1.368      0.000   0.000        0.000    0.000   0.000        3.078 <none> (D)  
      g_155                                                            comp_198_2_1x2_21100110_gate_596_51                         3      3.078     0.000           1.710    0.000      1.368      0.000   0.000        0.000    0.000   0.000        3.078 <none> (D)  
      g_156                                                            comp_198_2_1x2_21100110_gate_86                             3      3.078     0.000           1.710    0.000      1.368      0.000   0.000        0.000    0.000   0.000        3.078 <none> (D)  
      g_157                                                            comp_198_2_1x2_21100110_gate_87                             3      3.078     0.000           1.710    0.000      1.368      0.000   0.000        0.000    0.000   0.000        3.078 <none> (D)  
      g_158                                                            comp_198_2_1x2_21100110_gate_596_52                         3      3.078     0.000           1.710    0.000      1.368      0.000   0.000        0.000    0.000   0.000        3.078 <none> (D)  
      g_159                                                            comp_198_2_1x2_21100110_gate_88                             3      3.078     0.000           1.710    0.000      1.368      0.000   0.000        0.000    0.000   0.000        3.078 <none> (D)  
      g_16                                                             comp_198_2_1x2_21100110_gate_583_1                          3      3.078     0.000           1.710    0.000      1.368      0.000   0.000        0.000    0.000   0.000        3.078 <none> (D)  
      g_160                                                            comp_198_2_1x2_21100110_gate_89                             3      3.078     0.000           1.710    0.000      1.368      0.000   0.000        0.000    0.000   0.000        3.078 <none> (D)  
      g_161                                                            comp_198_2_1x2_21100110_gate_596_53                         3      3.078     0.000           1.710    0.000      1.368      0.000   0.000        0.000    0.000   0.000        3.078 <none> (D)  
      g_162                                                            comp_198_2_1x2_21100110_gate_90                             3      3.078     0.000           1.710    0.000      1.368      0.000   0.000        0.000    0.000   0.000        3.078 <none> (D)  
      g_163                                                            comp_198_2_1x2_21100110_gate_91                             3      3.078     0.000           1.710    0.000      1.368      0.000   0.000        0.000    0.000   0.000        3.078 <none> (D)  
      g_164                                                            comp_198_2_1x2_21100110_gate_596_54                         3      3.078     0.000           1.710    0.000      1.368      0.000   0.000        0.000    0.000   0.000        3.078 <none> (D)  
      g_165                                                            comp_198_2_1x2_21100110_gate_92                             3      3.078     0.000           1.710    0.000      1.368      0.000   0.000        0.000    0.000   0.000        3.078 <none> (D)  
      g_166                                                            comp_198_2_1x2_21100110_gate_93                             3      3.078     0.000           1.710    0.000      1.368      0.000   0.000        0.000    0.000   0.000        3.078 <none> (D)  
      g_167                                                            comp_198_2_1x2_21100110_gate_596_55                         3      3.078     0.000           1.710    0.000      1.368      0.000   0.000        0.000    0.000   0.000        3.078 <none> (D)  
      g_168                                                            comp_198_2_1x2_21100110_gate_94                             3      3.078     0.000           1.710    0.000      1.368      0.000   0.000        0.000    0.000   0.000        3.078 <none> (D)  
      g_169                                                            comp_198_2_1x2_21100110_gate_95                             3      3.078     0.000           1.710    0.000      1.368      0.000   0.000        0.000    0.000   0.000        3.078 <none> (D)  
      g_17                                                             comp_198_2_1x2_21100110_gate_596_5                          3      3.078     0.000           1.710    0.000      1.368      0.000   0.000        0.000    0.000   0.000        3.078 <none> (D)  
      g_170                                                            comp_198_2_1x2_21100110_gate_596_56                         3      3.078     0.000           1.710    0.000      1.368      0.000   0.000        0.000    0.000   0.000        3.078 <none> (D)  
      g_171                                                            comp_198_2_1x2_21100110_gate_96                             3      3.078     0.000           1.710    0.000      1.368      0.000   0.000        0.000    0.000   0.000        3.078 <none> (D)  
      g_172                                                            comp_198_2_1x2_21100110_gate_97                             3      3.078     0.000           1.710    0.000      1.368      0.000   0.000        0.000    0.000   0.000        3.078 <none> (D)  
      g_173                                                            comp_198_2_1x2_21100110_gate_596_57                         3      3.078     0.000           1.710    0.000      1.368      0.000   0.000        0.000    0.000   0.000        3.078 <none> (D)  
      g_174                                                            comp_198_2_1x2_21100110_gate_98                             3      3.078     0.000           1.710    0.000      1.368      0.000   0.000        0.000    0.000   0.000        3.078 <none> (D)  
      g_175                                                            comp_198_2_1x2_21100110_gate_99                             3      3.078     0.000           1.710    0.000      1.368      0.000   0.000        0.000    0.000   0.000        3.078 <none> (D)  
      g_176                                                            comp_198_2_1x2_21100110_gate_596_58                         3      3.078     0.000           1.710    0.000      1.368      0.000   0.000        0.000    0.000   0.000        3.078 <none> (D)  
      g_177                                                            comp_198_2_1x2_21100110_gate_100                            3      3.078     0.000           1.710    0.000      1.368      0.000   0.000        0.000    0.000   0.000        3.078 <none> (D)  
      g_178                                                            comp_198_2_1x2_21100110_gate_101                            3      3.078     0.000           1.710    0.000      1.368      0.000   0.000        0.000    0.000   0.000        3.078 <none> (D)  
      g_179                                                            comp_198_2_1x2_21100110_gate_596_59                         3      3.078     0.000           1.710    0.000      1.368      0.000   0.000        0.000    0.000   0.000        3.078 <none> (D)  
      g_18                                                             comp_198_2_1x2_21100110_gate_10                             3      3.078     0.000           1.710    0.000      1.368      0.000   0.000        0.000    0.000   0.000        3.078 <none> (D)  
      g_180                                                            comp_198_2_1x2_21100110_gate_102                            3      3.078     0.000           1.710    0.000      1.368      0.000   0.000        0.000    0.000   0.000        3.078 <none> (D)  
      g_181                                                            comp_198_2_1x2_21100110_gate_103                            3      3.078     0.000           1.710    0.000      1.368      0.000   0.000        0.000    0.000   0.000        3.078 <none> (D)  
      g_182                                                            comp_198_2_1x2_21100110_gate_596_60                         3      3.078     0.000           1.710    0.000      1.368      0.000   0.000        0.000    0.000   0.000        3.078 <none> (D)  
      g_183                                                            comp_198_2_1x2_21100110_gate_104                            3      3.078     0.000           1.710    0.000      1.368      0.000   0.000        0.000    0.000   0.000        3.078 <none> (D)  
      g_184                                                            comp_198_2_1x2_21100110_gate_105                            3      3.078     0.000           1.710    0.000      1.368      0.000   0.000        0.000    0.000   0.000        3.078 <none> (D)  
      g_185                                                            comp_198_2_1x2_21100110_gate_596_61                         3      3.078     0.000           1.710    0.000      1.368      0.000   0.000        0.000    0.000   0.000        3.078 <none> (D)  
      g_186                                                            comp_198_2_1x2_21100110_gate_106                            3      3.078     0.000           1.710    0.000      1.368      0.000   0.000        0.000    0.000   0.000        3.078 <none> (D)  
      g_187                                                            comp_198_2_1x2_21100110_gate_107                            3      3.078     0.000           1.710    0.000      1.368      0.000   0.000        0.000    0.000   0.000        3.078 <none> (D)  
      g_188                                                            comp_198_2_1x2_21100110_gate_596_62                         3      3.078     0.000           1.710    0.000      1.368      0.000   0.000        0.000    0.000   0.000        3.078 <none> (D)  
      g_189                                                            comp_198_2_1x2_21100110_gate_108                            3      3.078     0.000           1.710    0.000      1.368      0.000   0.000        0.000    0.000   0.000        3.078 <none> (D)  
      g_19                                                             comp_198_2_1x2_21100110_gate_11                             3      3.078     0.000           1.710    0.000      1.368      0.000   0.000        0.000    0.000   0.000        3.078 <none> (D)  
      g_190                                                            comp_198_2_1x2_21100110_gate_109                            3      3.078     0.000           1.710    0.000      1.368      0.000   0.000        0.000    0.000   0.000        3.078 <none> (D)  
      g_191                                                            comp_198_2_1x2_21100110_gate_596_63                         3      3.078     0.000           1.710    0.000      1.368      0.000   0.000        0.000    0.000   0.000        3.078 <none> (D)  
      g_192                                                            comp_198_2_1x2_21100110_gate_110                            3      3.078     0.000           1.710    0.000      1.368      0.000   0.000        0.000    0.000   0.000        3.078 <none> (D)  
      g_193                                                            comp_198_2_1x2_21100110_gate_111                            3      3.078     0.000           1.710    0.000      1.368      0.000   0.000        0.000    0.000   0.000        3.078 <none> (D)  
      g_194                                                            comp_198_2_1x2_21100110_gate_596_64                         3      3.078     0.000           1.710    0.000      1.368      0.000   0.000        0.000    0.000   0.000        3.078 <none> (D)  
      g_195                                                            comp_198_2_1x2_21100110_gate_112                            3      3.078     0.000           1.710    0.000      1.368      0.000   0.000        0.000    0.000   0.000        3.078 <none> (D)  
      g_196                                                            comp_198_2_1x2_21100110_gate_113                            3      3.078     0.000           1.710    0.000      1.368      0.000   0.000        0.000    0.000   0.000        3.078 <none> (D)  
      g_197                                                            comp_198_2_1x2_21100110_gate_596_65                         3      3.078     0.000           1.710    0.000      1.368      0.000   0.000        0.000    0.000   0.000        3.078 <none> (D)  
      g_2                                                              comp_198_2_1x2_21100110_gate_596                            3      3.078     0.000           1.710    0.000      1.368      0.000   0.000        0.000    0.000   0.000        3.078 <none> (D)  
      g_20                                                             comp_198_2_1x2_21100110_gate_596_6                          3      3.078     0.000           1.710    0.000      1.368      0.000   0.000        0.000    0.000   0.000        3.078 <none> (D)  
      g_21                                                             comp_198_2_1x2_21100110_gate_583_2                          3      3.078     0.000           1.710    0.000      1.368      0.000   0.000        0.000    0.000   0.000        3.078 <none> (D)  
      g_22                                                             comp_198_2_1x2_21100110_gate_583_3                          3      3.078     0.000           1.710    0.000      1.368      0.000   0.000        0.000    0.000   0.000        3.078 <none> (D)  
      g_23                                                             comp_198_2_1x2_21100110_gate_596_7                          3      3.078     0.000           1.710    0.000      1.368      0.000   0.000        0.000    0.000   0.000        3.078 <none> (D)  
      g_24                                                             comp_198_2_1x2_21100110_gate_12                             3      3.078     0.000           1.710    0.000      1.368      0.000   0.000        0.000    0.000   0.000        3.078 <none> (D)  
      g_25                                                             comp_198_2_1x2_21100110_gate_13                             3      3.078     0.000           1.710    0.000      1.368      0.000   0.000        0.000    0.000   0.000        3.078 <none> (D)  
      g_26                                                             comp_198_2_1x2_21100110_gate_596_8                          3      3.078     0.000           1.710    0.000      1.368      0.000   0.000        0.000    0.000   0.000        3.078 <none> (D)  
      g_27                                                             comp_198_2_1x2_21100110_gate_583_4                          3      3.078     0.000           1.710    0.000      1.368      0.000   0.000        0.000    0.000   0.000        3.078 <none> (D)  
      g_28                                                             comp_198_2_1x2_21100110_gate_583_5                          3      3.078     0.000           1.710    0.000      1.368      0.000   0.000        0.000    0.000   0.000        3.078 <none> (D)  
      g_29                                                             comp_198_2_1x2_21100110_gate_596_9                          3      3.078     0.000           1.710    0.000      1.368      0.000   0.000        0.000    0.000   0.000        3.078 <none> (D)  
      g_3                                                              comp_198_2_1x2_21100110_gate_2                              3      3.078     0.000           1.710    0.000      1.368      0.000   0.000        0.000    0.000   0.000        3.078 <none> (D)  
      g_30                                                             comp_198_2_1x2_21100110_gate_14                             3      3.078     0.000           1.710    0.000      1.368      0.000   0.000        0.000    0.000   0.000        3.078 <none> (D)  
      g_31                                                             comp_198_2_1x2_21100110_gate_15                             3      3.078     0.000           1.710    0.000      1.368      0.000   0.000        0.000    0.000   0.000        3.078 <none> (D)  
      g_32                                                             comp_198_2_1x2_21100110_gate_596_10                         3      3.078     0.000           1.710    0.000      1.368      0.000   0.000        0.000    0.000   0.000        3.078 <none> (D)  
      g_33                                                             comp_198_2_1x2_21100110_gate_16                             3      3.078     0.000           1.710    0.000      1.368      0.000   0.000        0.000    0.000   0.000        3.078 <none> (D)  
      g_34                                                             comp_198_2_1x2_21100110_gate_17                             3      3.078     0.000           1.710    0.000      1.368      0.000   0.000        0.000    0.000   0.000        3.078 <none> (D)  
      g_35                                                             comp_198_2_1x2_21100110_gate_596_11                         3      3.078     0.000           1.710    0.000      1.368      0.000   0.000        0.000    0.000   0.000        3.078 <none> (D)  
      g_36                                                             comp_198_2_1x2_21100110_gate_18                             3      3.078     0.000           1.710    0.000      1.368      0.000   0.000        0.000    0.000   0.000        3.078 <none> (D)  
      g_37                                                             comp_198_2_1x2_21100110_gate_19                             3      3.078     0.000           1.710    0.000      1.368      0.000   0.000        0.000    0.000   0.000        3.078 <none> (D)  
      g_38                                                             comp_198_2_1x2_21100110_gate_596_12                         3      3.078     0.000           1.710    0.000      1.368      0.000   0.000        0.000    0.000   0.000        3.078 <none> (D)  
      g_39                                                             comp_198_2_1x2_21100110_gate_20                             3      3.078     0.000           1.710    0.000      1.368      0.000   0.000        0.000    0.000   0.000        3.078 <none> (D)  
      g_4                                                              comp_198_2_1x2_21100110_gate_3                              3      3.078     0.000           1.710    0.000      1.368      0.000   0.000        0.000    0.000   0.000        3.078 <none> (D)  
      g_40                                                             comp_198_2_1x2_21100110_gate_21                             3      3.078     0.000           1.710    0.000      1.368      0.000   0.000        0.000    0.000   0.000        3.078 <none> (D)  
      g_41                                                             comp_198_2_1x2_21100110_gate_596_13                         3      3.078     0.000           1.710    0.000      1.368      0.000   0.000        0.000    0.000   0.000        3.078 <none> (D)  
      g_42                                                             comp_198_2_1x2_21100110_gate_22                             3      3.078     0.000           1.710    0.000      1.368      0.000   0.000        0.000    0.000   0.000        3.078 <none> (D)  
      g_43                                                             comp_198_2_1x2_21100110_gate_23                             3      3.078     0.000           1.710    0.000      1.368      0.000   0.000        0.000    0.000   0.000        3.078 <none> (D)  
      g_44                                                             comp_198_2_1x2_21100110_gate_596_14                         3      3.078     0.000           1.710    0.000      1.368      0.000   0.000        0.000    0.000   0.000        3.078 <none> (D)  
      g_45                                                             comp_198_2_1x2_21100110_gate_24                             3      3.078     0.000           1.710    0.000      1.368      0.000   0.000        0.000    0.000   0.000        3.078 <none> (D)  
      g_46                                                             comp_198_2_1x2_21100110_gate_25                             3      3.078     0.000           1.710    0.000      1.368      0.000   0.000        0.000    0.000   0.000        3.078 <none> (D)  
      g_47                                                             comp_198_2_1x2_21100110_gate_596_15                         3      3.078     0.000           1.710    0.000      1.368      0.000   0.000        0.000    0.000   0.000        3.078 <none> (D)  
      g_48                                                             comp_198_2_1x2_21100110_gate_26                             3      3.078     0.000           1.710    0.000      1.368      0.000   0.000        0.000    0.000   0.000        3.078 <none> (D)  
      g_49                                                             comp_198_2_1x2_21100110_gate_27                             3      3.078     0.000           1.710    0.000      1.368      0.000   0.000        0.000    0.000   0.000        3.078 <none> (D)  
      g_5                                                              comp_198_2_1x2_21100110_gate_596_1                          3      3.078     0.000           1.710    0.000      1.368      0.000   0.000        0.000    0.000   0.000        3.078 <none> (D)  
      g_50                                                             comp_198_2_1x2_21100110_gate_596_16                         3      3.078     0.000           1.710    0.000      1.368      0.000   0.000        0.000    0.000   0.000        3.078 <none> (D)  
      g_51                                                             comp_198_2_1x2_21100110_gate_583_6                          3      3.078     0.000           1.710    0.000      1.368      0.000   0.000        0.000    0.000   0.000        3.078 <none> (D)  
      g_52                                                             comp_198_2_1x2_21100110_gate_583_7                          3      3.078     0.000           1.710    0.000      1.368      0.000   0.000        0.000    0.000   0.000        3.078 <none> (D)  
      g_53                                                             comp_198_2_1x2_21100110_gate_596_17                         3      3.078     0.000           1.710    0.000      1.368      0.000   0.000        0.000    0.000   0.000        3.078 <none> (D)  
      g_54                                                             comp_198_2_1x2_21100110_gate_28                             3      3.078     0.000           1.710    0.000      1.368      0.000   0.000        0.000    0.000   0.000        3.078 <none> (D)  
      g_55                                                             comp_198_2_1x2_21100110_gate_29                             3      3.078     0.000           1.710    0.000      1.368      0.000   0.000        0.000    0.000   0.000        3.078 <none> (D)  
      g_56                                                             comp_198_2_1x2_21100110_gate_596_18                         3      3.078     0.000           1.710    0.000      1.368      0.000   0.000        0.000    0.000   0.000        3.078 <none> (D)  
      g_57                                                             comp_198_2_1x2_21100110_gate_583_8                          3      3.078     0.000           1.710    0.000      1.368      0.000   0.000        0.000    0.000   0.000        3.078 <none> (D)  
      g_58                                                             comp_198_2_1x2_21100110_gate_583_9                          3      3.078     0.000           1.710    0.000      1.368      0.000   0.000        0.000    0.000   0.000        3.078 <none> (D)  
      g_59                                                             comp_198_2_1x2_21100110_gate_596_19                         3      3.078     0.000           1.710    0.000      1.368      0.000   0.000        0.000    0.000   0.000        3.078 <none> (D)  
      g_6                                                              comp_198_2_1x2_21100110_gate_4                              3      3.078     0.000           1.710    0.000      1.368      0.000   0.000        0.000    0.000   0.000        3.078 <none> (D)  
      g_60                                                             comp_198_2_1x2_21100110_gate_30                             3      3.078     0.000           1.710    0.000      1.368      0.000   0.000        0.000    0.000   0.000        3.078 <none> (D)  
      g_61                                                             comp_198_2_1x2_21100110_gate_31                             3      3.078     0.000           1.710    0.000      1.368      0.000   0.000        0.000    0.000   0.000        3.078 <none> (D)  
      g_62                                                             comp_198_2_1x2_21100110_gate_596_20                         3      3.078     0.000           1.710    0.000      1.368      0.000   0.000        0.000    0.000   0.000        3.078 <none> (D)  
      g_63                                                             comp_198_2_1x2_21100110_gate_32                             3      3.078     0.000           1.710    0.000      1.368      0.000   0.000        0.000    0.000   0.000        3.078 <none> (D)  
      g_64                                                             comp_198_2_1x2_21100110_gate_33                             3      3.078     0.000           1.710    0.000      1.368      0.000   0.000        0.000    0.000   0.000        3.078 <none> (D)  
      g_65                                                             comp_198_2_1x2_21100110_gate_596_21                         3      3.078     0.000           1.710    0.000      1.368      0.000   0.000        0.000    0.000   0.000        3.078 <none> (D)  
      g_66                                                             comp_198_2_1x2_21100110_gate_34                             3      3.078     0.000           1.710    0.000      1.368      0.000   0.000        0.000    0.000   0.000        3.078 <none> (D)  
      g_67                                                             comp_198_2_1x2_21100110_gate_35                             3      3.078     0.000           1.710    0.000      1.368      0.000   0.000        0.000    0.000   0.000        3.078 <none> (D)  
      g_68                                                             comp_198_2_1x2_21100110_gate_596_22                         3      3.078     0.000           1.710    0.000      1.368      0.000   0.000        0.000    0.000   0.000        3.078 <none> (D)  
      g_69                                                             comp_198_2_1x2_21100110_gate_36                             3      3.078     0.000           1.710    0.000      1.368      0.000   0.000        0.000    0.000   0.000        3.078 <none> (D)  
      g_7                                                              comp_198_2_1x2_21100110_gate_5                              3      3.078     0.000           1.710    0.000      1.368      0.000   0.000        0.000    0.000   0.000        3.078 <none> (D)  
      g_70                                                             comp_198_2_1x2_21100110_gate_37                             3      3.078     0.000           1.710    0.000      1.368      0.000   0.000        0.000    0.000   0.000        3.078 <none> (D)  
      g_71                                                             comp_198_2_1x2_21100110_gate_596_23                         3      3.078     0.000           1.710    0.000      1.368      0.000   0.000        0.000    0.000   0.000        3.078 <none> (D)  
      g_72                                                             comp_198_2_1x2_21100110_gate_38                             3      3.078     0.000           1.710    0.000      1.368      0.000   0.000        0.000    0.000   0.000        3.078 <none> (D)  
      g_73                                                             comp_198_2_1x2_21100110_gate_39                             3      3.078     0.000           1.710    0.000      1.368      0.000   0.000        0.000    0.000   0.000        3.078 <none> (D)  
      g_74                                                             comp_198_2_1x2_21100110_gate_596_24                         3      3.078     0.000           1.710    0.000      1.368      0.000   0.000        0.000    0.000   0.000        3.078 <none> (D)  
      g_75                                                             comp_198_2_1x2_21100110_gate_583_10                         3      3.078     0.000           1.710    0.000      1.368      0.000   0.000        0.000    0.000   0.000        3.078 <none> (D)  
      g_76                                                             comp_198_2_1x2_21100110_gate_583_11                         3      3.078     0.000           1.710    0.000      1.368      0.000   0.000        0.000    0.000   0.000        3.078 <none> (D)  
      g_77                                                             comp_198_2_1x2_21100110_gate_596_25                         3      3.078     0.000           1.710    0.000      1.368      0.000   0.000        0.000    0.000   0.000        3.078 <none> (D)  
      g_78                                                             comp_198_2_1x2_21100110_gate_40                             3      3.078     0.000           1.710    0.000      1.368      0.000   0.000        0.000    0.000   0.000        3.078 <none> (D)  
      g_79                                                             comp_198_2_1x2_21100110_gate_41                             3      3.078     0.000           1.710    0.000      1.368      0.000   0.000        0.000    0.000   0.000        3.078 <none> (D)  
      g_8                                                              comp_198_2_1x2_21100110_gate_596_2                          3      3.078     0.000           1.710    0.000      1.368      0.000   0.000        0.000    0.000   0.000        3.078 <none> (D)  
      g_80                                                             comp_198_2_1x2_21100110_gate_596_26                         3      3.078     0.000           1.710    0.000      1.368      0.000   0.000        0.000    0.000   0.000        3.078 <none> (D)  
      g_81                                                             comp_198_2_1x2_21100110_gate_42                             3      3.078     0.000           1.710    0.000      1.368      0.000   0.000        0.000    0.000   0.000        3.078 <none> (D)  
      g_82                                                             comp_198_2_1x2_21100110_gate_43                             3      3.078     0.000           1.710    0.000      1.368      0.000   0.000        0.000    0.000   0.000        3.078 <none> (D)  
      g_83                                                             comp_198_2_1x2_21100110_gate_596_27                         3      3.078     0.000           1.710    0.000      1.368      0.000   0.000        0.000    0.000   0.000        3.078 <none> (D)  
      g_84                                                             comp_198_2_1x2_21100110_gate_44                             3      3.078     0.000           1.710    0.000      1.368      0.000   0.000        0.000    0.000   0.000        3.078 <none> (D)  
      g_85                                                             comp_198_2_1x2_21100110_gate_45                             3      3.078     0.000           1.710    0.000      1.368      0.000   0.000        0.000    0.000   0.000        3.078 <none> (D)  
      g_86                                                             comp_198_2_1x2_21100110_gate_596_28                         3      3.078     0.000           1.710    0.000      1.368      0.000   0.000        0.000    0.000   0.000        3.078 <none> (D)  
      g_87                                                             comp_198_2_1x2_21100110_gate_46                             3      3.078     0.000           1.710    0.000      1.368      0.000   0.000        0.000    0.000   0.000        3.078 <none> (D)  
      g_88                                                             comp_198_2_1x2_21100110_gate_47                             3      3.078     0.000           1.710    0.000      1.368      0.000   0.000        0.000    0.000   0.000        3.078 <none> (D)  
      g_89                                                             comp_198_2_1x2_21100110_gate_596_29                         3      3.078     0.000           1.710    0.000      1.368      0.000   0.000        0.000    0.000   0.000        3.078 <none> (D)  
      g_9                                                              comp_198_2_1x2_21100110_gate_6                              3      3.078     0.000           1.710    0.000      1.368      0.000   0.000        0.000    0.000   0.000        3.078 <none> (D)  
      g_90                                                             comp_198_2_1x2_21100110_gate_48                             3      3.078     0.000           1.710    0.000      1.368      0.000   0.000        0.000    0.000   0.000        3.078 <none> (D)  
      g_91                                                             comp_198_2_1x2_21100110_gate_49                             3      3.078     0.000           1.710    0.000      1.368      0.000   0.000        0.000    0.000   0.000        3.078 <none> (D)  
      g_92                                                             comp_198_2_1x2_21100110_gate_596_30                         3      3.078     0.000           1.710    0.000      1.368      0.000   0.000        0.000    0.000   0.000        3.078 <none> (D)  
      g_93                                                             comp_198_2_1x2_21100110_gate_50                             3      3.078     0.000           1.710    0.000      1.368      0.000   0.000        0.000    0.000   0.000        3.078 <none> (D)  
      g_94                                                             comp_198_2_1x2_21100110_gate_51                             3      3.078     0.000           1.710    0.000      1.368      0.000   0.000        0.000    0.000   0.000        3.078 <none> (D)  
      g_95                                                             comp_198_2_1x2_21100110_gate_596_31                         3      3.078     0.000           1.710    0.000      1.368      0.000   0.000        0.000    0.000   0.000        3.078 <none> (D)  
      g_96                                                             comp_198_2_1x2_21100110_gate_52                             3      3.078     0.000           1.710    0.000      1.368      0.000   0.000        0.000    0.000   0.000        3.078 <none> (D)  
      g_97                                                             comp_198_2_1x2_21100110_gate_53                             3      3.078     0.000           1.710    0.000      1.368      0.000   0.000        0.000    0.000   0.000        3.078 <none> (D)  
      g_98                                                             comp_198_2_1x2_21100110_gate_596_32                         3      3.078     0.000           1.710    0.000      1.368      0.000   0.000        0.000    0.000   0.000        3.078 <none> (D)  
      g_99                                                             comp_198_2_1x2_21100110_gate_583_12                         3      3.078     0.000           1.710    0.000      1.368      0.000   0.000        0.000    0.000   0.000        3.078 <none> (D)  
    decompressor                                                       decomp_198_2_1x2_21100110                                  11     15.048     0.000          15.048    0.000      0.000      0.000   0.000        0.000    0.000   0.000       15.048 <none> (D)  
      dg_0                                                             decomp_198_2_1x2_21100110_gate                              1      1.368     0.000           1.368    0.000      0.000      0.000   0.000        0.000    0.000   0.000        1.368 <none> (D)  
      dg_1                                                             decomp_198_2_1x2_21100110_gate_1                            1      1.368     0.000           1.368    0.000      0.000      0.000   0.000        0.000    0.000   0.000        1.368 <none> (D)  
  U0_ALU_16B                                                           ALU_16B_OPER_WIDTH8_OUT_WIDTH16                           414    965.808     0.000         805.068    0.000     21.204    139.536   0.000        0.000    0.000   0.000      965.808 <none> (D)  
  U0_Async_fifo                                                        Async_fifo_D_SIZE8_F_DEPTH2048_P_SIZE11                 24613 101042.190     0.000       33405.192    0.000     85.158  67551.840   0.000        0.000    0.000   0.000   101042.190 <none> (D)  
    u_fifo_mem                                                         fifo_mem_D_SIZE8_F_DEPTH2048_P_SIZE11                   24484 100562.364     0.000       33240.690    0.000     81.738  67239.936   0.000        0.000    0.000   0.000   100562.364 <none> (D)  
    u_fifo_rd                                                          fifo_rd_P_SIZE11                                           63    211.698     0.000          86.526    0.000      2.052    123.120   0.000        0.000    0.000   0.000      211.698 <none> (D)  
    u_fifo_wr                                                          fifo_wr_P_SIZE11                                           56    198.702     0.000          74.214    0.000      1.368    123.120   0.000        0.000    0.000   0.000      198.702 <none> (D)  
    u_w2r_sync                                                         BIT_SYNC_NUM_STAGES2_BUS_WIDTH11                           10     69.426     0.000           3.762    0.000      0.000     65.664   0.000        0.000    0.000   0.000       69.426 <none> (D)  
  U0_CLKDIV_MUX                                                        CLKDIV_MUX_WIDTH8                                           6     11.628     0.000          11.628    0.000      0.000      0.000   0.000        0.000    0.000   0.000       11.628 <none> (D)  
  U0_CLK_GATE                                                          CLK_GATE                                                    3      8.892     0.000           2.736    0.000      0.684      0.000   0.000        5.472    0.000   0.000        8.892 <none> (D)  
  U0_DATA_SYNC                                                         DATA_SYNC_NUM_STAGES2_BUS_WIDTH8                           24    121.410     0.000          21.546    0.000      1.368     98.496   0.000        0.000    0.000   0.000      121.410 <none> (D)  
  U0_Integer_Clock_Divider_TX                                          Integer_Clock_Divider                                      63    148.086     0.000          74.214    0.000      8.208     65.664   0.000        0.000    0.000   0.000      148.086 <none> (D)  
  U0_PULSE_GEN                                                         PULSE_GEN                                                   4     19.152     0.000           2.736    0.000      0.000     16.416   0.000        0.000    0.000   0.000       19.152 <none> (D)  
  U0_RST_SYNC_REF                                                      RST_SYNC_NUM_STAGES2                                        3     17.784     0.000           1.368    0.000      0.000     16.416   0.000        0.000    0.000   0.000       17.784 <none> (D)  
  U0_Register_File                                                     Register_File_ADDR_WIDTH4_DATA_WIDTH8_MEM_DEPTH16         413   1683.324     0.000         548.226    0.000      3.420   1131.678   0.000        0.000    0.000   0.000     1683.324 <none> (D)  
  U0_SYS_CTRL                                                          SYS_CTRL_ADDR_WIDTH4_DATA_WIDTH8                          143    425.106     0.000         217.854    0.000      4.788    196.992   5.472        0.000    0.000   0.000      425.106 <none> (D)  
  U0_UART                                                              UART                                                      389   1027.710     0.000         516.420   52.668     23.256    435.366   0.000        0.000    0.000   0.000     1027.710 <none> (D)  
    U0_UART_RX                                                         UART_RX                                                   292    678.186     0.000         395.694   36.252     18.468    227.772   0.000        0.000    0.000   0.000      678.186 <none> (D)  
      U0_FSM                                                           UART_RX_FSM                                                60    111.150     0.000          83.106    0.000      3.420     24.624   0.000        0.000    0.000   0.000      111.150 <none> (D)  
      U0_data_sampling                                                 UART_RX_data_sampling                                      52    114.228     0.000          82.764    0.000      0.684     30.780   0.000        0.000    0.000   0.000      114.228 <none> (D)  
      U0_deserializer                                                  UART_RX_deserializer                                       42    117.990     0.000          49.590    0.000      2.736     65.664   0.000        0.000    0.000   0.000      117.990 <none> (D)  
      U0_edge_bit_counter                                              UART_RX_edge_bit_counter                                   55    137.142     0.000          55.746    0.000      7.524     73.872   0.000        0.000    0.000   0.000      137.142 <none> (D)  
      U0_parity_check                                                  UART_RX_parity_check                                       33     78.660     0.000          59.166    1.710      1.368     16.416   0.000        0.000    0.000   0.000       78.660 <none> (D)  
      U0_stop_check                                                    UART_RX_stop_check                                         23     42.750     0.000          31.464    1.710      1.368      8.208   0.000        0.000    0.000   0.000       42.750 <none> (D)  
      U0_strt_check                                                    UART_RX_strt_check                                         23     43.434     0.000          33.858    0.000      1.368      8.208   0.000        0.000    0.000   0.000       43.434 <none> (D)  
    U0_UART_TX                                                         UART_TX                                                    97    349.524     0.000         120.726   16.416      4.788    207.594   0.000        0.000    0.000   0.000      349.524 <none> (D)  
      U0_FSM                                                           UART_TX_FSM                                                17     44.118     0.000          17.442    0.000      2.052     24.624   0.000        0.000    0.000   0.000       44.118 <none> (D)  
      U0_MUX                                                           UART_TX_MUX                                                 6     22.572     0.000           5.472   16.416      0.684      0.000   0.000        0.000    0.000   0.000       22.572 <none> (D)  
      U0_parity_Calc                                                   UART_TX_parity_Calc                                        26    106.704     0.000          41.040    0.000      0.000     65.664   0.000        0.000    0.000   0.000      106.704 <none> (D)  
      U0_serializer                                                    UART_TX_serializer                                         48    176.130     0.000          56.772    0.000      2.052    117.306   0.000        0.000    0.000   0.000      176.130 <none> (D)  
  U1_Integer_Clock_Divider_RX                                          Integer_Clock_Divider_1                                    49    124.488     0.000          51.984    0.000      6.840     65.664   0.000        0.000    0.000   0.000      124.488 <none> (D)  
  U1_RST_SYNC_UART                                                     RST_SYNC_NUM_STAGES2_1                                      3     17.784     0.000           1.368    0.000      0.000     16.416   0.000        0.000    0.000   0.000       17.784 <none> (D)  
  (D) = wireload is default in technology library
