============================================================
  Generated by:           Genus(TM) Synthesis Solution 25.10-p002_1
  Generated on:           Jul 17 2026  01:46:08 pm
  Module:                 TOP_DATA_WIDTH8_ADDR_WIDTH4_RF_DEPTH16_FIFO_DEPTH2048_FIFO_PTR_WIDTH11
  Operating conditions:   slow (balanced_tree)
  Wireload mode:          enclosed
  Area mode:              timing library
============================================================


Path 1: MET (9511 ps)
          Group: REF_CLK
     Startpoint: (R) U0_SYS_CTRL/current_state_reg[3]/CK
          Clock: (R) REF_CLK
       Endpoint: (R) U0_SYS_CTRL/DFT_lockup_latch_neg_edge/D
          Clock: (F) REF_CLK

                     Capture       Launch     
        Clock Edge:+   10000            0     
       Src Latency:+       0            0     
       Net Latency:+       0 (I)        0 (I) 
           Arrival:=   10000            0     
                                              
     Time Borrowed:+       0                  
       Uncertainty:-     200                  
     Required Time:=    9800                  
      Launch Clock:-       0                  
         Data Path:-     289                  
             Slack:=    9511                  

#----------------------------------------------------------------------------------------------------------------
#              Timing Point               Flags   Arc   Edge   Cell     Fanout Load Trans Delay Arrival Instance 
#                                                                              (fF)  (ps)  (ps)   (ps)  Location 
#----------------------------------------------------------------------------------------------------------------
  U0_SYS_CTRL/current_state_reg[3]/CK     -       -     R     (arrival)   8385    -     0     0       0    (-,-) 
  U0_SYS_CTRL/current_state_reg[3]/Q      -       CK->Q R     SDFFRHQX1      8  5.5   106   289     289    (-,-) 
  U0_SYS_CTRL/DFT_lockup_latch_neg_edge/D -       -     R     TLATNXL        8    -     -     0     289    (-,-) 
#----------------------------------------------------------------------------------------------------------------



Path 2: MET (9519 ps)
          Group: REF_CLK
     Startpoint: (R) U0_SYS_CTRL/current_state_reg[3]/CK
          Clock: (R) REF_CLK
       Endpoint: (F) U0_SYS_CTRL/DFT_lockup_latch_neg_edge/D
          Clock: (F) REF_CLK

                     Capture       Launch     
        Clock Edge:+   10000            0     
       Src Latency:+       0            0     
       Net Latency:+       0 (I)        0 (I) 
           Arrival:=   10000            0     
                                              
     Time Borrowed:+       0                  
       Uncertainty:-     200                  
     Required Time:=    9800                  
      Launch Clock:-       0                  
         Data Path:-     281                  
             Slack:=    9519                  

#----------------------------------------------------------------------------------------------------------------
#              Timing Point               Flags   Arc   Edge   Cell     Fanout Load Trans Delay Arrival Instance 
#                                                                              (fF)  (ps)  (ps)   (ps)  Location 
#----------------------------------------------------------------------------------------------------------------
  U0_SYS_CTRL/current_state_reg[3]/CK     -       -     R     (arrival)   8385    -     0     0       0    (-,-) 
  U0_SYS_CTRL/current_state_reg[3]/Q      -       CK->Q F     SDFFRHQX1      8  5.5   106   281     281    (-,-) 
  U0_SYS_CTRL/DFT_lockup_latch_neg_edge/D -       -     F     TLATNXL        8    -     -     0     281    (-,-) 
#----------------------------------------------------------------------------------------------------------------



Path 3: MET (11638 ps) Setup Check with Pin U0_ALU_16B/ALU_OUT_reg[0]/CK->D
          Group: ALU_CLK
     Startpoint: (R) U0_Register_File/Memory_reg[1][6]/CK
          Clock: (R) REF_CLK
       Endpoint: (F) U0_ALU_16B/ALU_OUT_reg[0]/D
          Clock: (R) ALU_CLK

                     Capture       Launch     
        Clock Edge:+   20000            0     
       Src Latency:+       0            0     
       Net Latency:+       0 (I)        0 (I) 
           Arrival:=   20000            0     
                                              
             Setup:-     114                  
       Uncertainty:-     200                  
     Required Time:=   19686                  
      Launch Clock:-       0                  
         Data Path:-    8048                  
             Slack:=   11638                  

#--------------------------------------------------------------------------------------------------------------
#            Timing Point              Flags    Arc   Edge   Cell     Fanout Load Trans Delay Arrival Instance 
#                                                                            (fF)  (ps)  (ps)   (ps)  Location 
#--------------------------------------------------------------------------------------------------------------
  U0_Register_File/Memory_reg[1][6]/CK -       -      R     (arrival)   8385    -     0     0       0    (-,-) 
  U0_Register_File/Memory_reg[1][6]/Q  -       CK->Q  F     SDFFRHQX1     20 13.6   236   347     347    (-,-) 
  U0_ALU_16B/div_67_27_g1958__1666/Y   -       B->Y   F     OR2X1          2  1.5    48   170     517    (-,-) 
  U0_ALU_16B/div_67_27_g1956__2883/Y   -       B->Y   F     OR2X1          2  1.5    48   109     626    (-,-) 
  U0_ALU_16B/div_67_27_g1955__9945/Y   -       B->Y   F     OR2X1          2  1.5    50   109     735    (-,-) 
  U0_ALU_16B/div_67_27_g1954__9315/Y   -       B->Y   F     OR2X1          2  1.5    51   109     844    (-,-) 
  U0_ALU_16B/div_67_27_g1953__6161/Y   -       B->Y   R     NOR2X1         2  1.6    97    56     900    (-,-) 
  U0_ALU_16B/div_67_27_g1951__4733/Y   -       C0->Y  F     OAI211X1       2  1.7   168   130    1029    (-,-) 
  U0_ALU_16B/div_67_27_g1949__7482/Y   -       B->Y   R     NAND2X1        2  1.3    68    80    1110    (-,-) 
  U0_ALU_16B/div_67_27_g1948__5115/Y   -       A1->Y  F     AOI221X1       3  2.0   169   118    1227    (-,-) 
  U0_ALU_16B/div_67_27_g1946__6131/Y   -       A1N->Y F     OAI2BB1X1      3  2.7   125   165    1392    (-,-) 
  U0_ALU_16B/div_67_27_g1945__7098/Y   -       S0->Y  F     MX2X1          2  1.5    53   150    1543    (-,-) 
  U0_ALU_16B/div_67_27_g1943__5122/Y   -       A1->Y  R     AOI22X1        1  0.9   128    78    1620    (-,-) 
  U0_ALU_16B/div_67_27_g1942__1705/Y   -       B0->Y  F     AOI2BB1X1      1  0.6    38    68    1688    (-,-) 
  U0_ALU_16B/div_67_27_g1941__2802/Y   -       C0->Y  R     AOI211XL       5  4.3   414   225    1913    (-,-) 
  U0_ALU_16B/div_67_27_g1936__8428/Y   -       A1->Y  F     AOI22X1        2  2.5   185   230    2142    (-,-) 
  U0_ALU_16B/div_67_27_g1935__4319/CO  -       CI->CO F     ADDFX1         1  1.9    82   231    2373    (-,-) 
  U0_ALU_16B/div_67_27_g1934__6260/CO  -       CI->CO F     ADDFX1         1  0.9    67   188    2561    (-,-) 
  U0_ALU_16B/div_67_27_g1933__5107/Y   -       B1->Y  R     AOI221X1       6  5.5   332   215    2776    (-,-) 
  U0_ALU_16B/div_67_27_g1927__2346/Y   -       A1->Y  F     AOI22X1        2  2.5   174   203    2979    (-,-) 
  U0_ALU_16B/div_67_27_g1926__2883/CO  -       CI->CO F     ADDFX1         1  1.9    83   227    3206    (-,-) 
  U0_ALU_16B/div_67_27_g1925__9945/CO  -       CI->CO F     ADDFX1         1  1.9    82   197    3402    (-,-) 
  U0_ALU_16B/div_67_27_g1924__9315/CO  -       CI->CO F     ADDFX1         1  0.8    65   187    3589    (-,-) 
  U0_ALU_16B/div_67_27_g1923__6161/Y   -       A1->Y  R     AOI221X1       7  6.8   390   262    3851    (-,-) 
  U0_ALU_16B/div_67_27_g1916__8246/Y   -       A1->Y  F     AOI22X1        2  2.5   182   222    4073    (-,-) 
  U0_ALU_16B/div_67_27_g1915__5122/CO  -       CI->CO F     ADDFX1         1  1.9    83   230    4302    (-,-) 
  U0_ALU_16B/div_67_27_g1914__1705/CO  -       CI->CO F     ADDFX1         1  1.9    82   197    4499    (-,-) 
  U0_ALU_16B/div_67_27_g1913__2802/CO  -       CI->CO F     ADDFX1         1  1.9    82   196    4696    (-,-) 
  U0_ALU_16B/div_67_27_g1912__1617/CO  -       CI->CO F     ADDFX1         1  0.9    67   188    4883    (-,-) 
  U0_ALU_16B/div_67_27_g1911__3680/Y   -       B1->Y  R     AOI221X1       8  8.2   450   277    5160    (-,-) 
  U0_ALU_16B/div_67_27_g1908__5526/Y   -       B->Y   F     NAND2X1        1  0.9   116   186    5346    (-,-) 
  U0_ALU_16B/div_67_27_g1902__5477/Y   -       B1->Y  R     AOI22X1        2  2.7   147   103    5449    (-,-) 
  U0_ALU_16B/div_67_27_g1901__6417/CO  -       CI->CO R     ADDFX1         1  1.9    73   229    5678    (-,-) 
  U0_ALU_16B/div_67_27_g1900__7410/CO  -       CI->CO R     ADDFX1         1  1.9    72   205    5883    (-,-) 
  U0_ALU_16B/div_67_27_g1899__1666/CO  -       CI->CO R     ADDFX1         1  1.9    72   204    6087    (-,-) 
  U0_ALU_16B/div_67_27_g1898__2346/CO  -       CI->CO R     ADDFX1         1  1.9    72   204    6292    (-,-) 
  U0_ALU_16B/div_67_27_g1897__2883/CO  -       CI->CO R     ADDFX1         1  0.9    58   197    6488    (-,-) 
  U0_ALU_16B/div_67_27_g1896__9945/Y   -       B1->Y  F     AOI221X1       8  6.7   304   172    6661    (-,-) 
  U0_ALU_16B/div_67_27_g1895/Y         -       A->Y   R     INVX1          6  5.2   126   157    6818    (-,-) 
  U0_ALU_16B/div_67_27_g1887__6131/Y   -       A1->Y  F     OAI22X1        2  1.6   135   123    6941    (-,-) 
  U0_ALU_16B/div_67_27_g1886/Y         -       A->Y   R     INVX1          1  0.8    33    63    7003    (-,-) 
  U0_ALU_16B/div_67_27_g1882__1705/Y   -       A1->Y  F     AOI22X1        1  0.9   120    78    7082    (-,-) 
  U0_ALU_16B/div_67_27_g1880__1617/Y   -       B0->Y  R     AOI221X1       1  0.9   132   135    7216    (-,-) 
  U0_ALU_16B/div_67_27_g1879__3680/Y   -       C0->Y  F     AOI221X1       1  0.9   130    70    7286    (-,-) 
  U0_ALU_16B/div_67_27_g1878__6783/Y   -       C0->Y  R     AOI221X1       1  0.6   119    98    7385    (-,-) 
  U0_ALU_16B/div_67_27_g1877__5526/Y   -       B1->Y  R     OA22X1         1  0.9    43   157    7542    (-,-) 
  U0_ALU_16B/div_67_27_g1876__8428/Y   -       C0->Y  F     AOI221X1       1  0.8   120    35    7577    (-,-) 
  U0_ALU_16B/div_67_27_g1875/Y         -       A->Y   R     INVX1          1  0.9    32    58    7635    (-,-) 
  U0_ALU_16B/div_67_27_g1874__4319/Y   -       B0->Y  F     OAI21X1        1  0.9    78    59    7694    (-,-) 
  U0_ALU_16B/g5641__1705/Y             -       B->Y   R     NAND2X1        1  0.8    39    44    7738    (-,-) 
  U0_ALU_16B/g5615__6131/Y             -       C0->Y  F     OAI211X1       1  0.6   117    84    7822    (-,-) 
  U0_ALU_16B/g5569__7410/Y             -       D->Y   F     OR4X1          1  0.8    74   226    8048    (-,-) 
  U0_ALU_16B/ALU_OUT_reg[0]/D          -       -      F     SDFFRHQX1      1    -     -     0    8048    (-,-) 
#--------------------------------------------------------------------------------------------------------------



Path 4: MET (11643 ps) Setup Check with Pin U0_ALU_16B/ALU_OUT_reg[0]/CK->D
          Group: ALU_CLK
     Startpoint: (R) U0_Register_File/Memory_reg[1][6]/CK
          Clock: (R) REF_CLK
       Endpoint: (F) U0_ALU_16B/ALU_OUT_reg[0]/D
          Clock: (R) ALU_CLK

                     Capture       Launch     
        Clock Edge:+   20000            0     
       Src Latency:+       0            0     
       Net Latency:+       0 (I)        0 (I) 
           Arrival:=   20000            0     
                                              
             Setup:-     114                  
       Uncertainty:-     200                  
     Required Time:=   19686                  
      Launch Clock:-       0                  
         Data Path:-    8043                  
             Slack:=   11643                  

#--------------------------------------------------------------------------------------------------------------
#            Timing Point              Flags    Arc   Edge   Cell     Fanout Load Trans Delay Arrival Instance 
#                                                                            (fF)  (ps)  (ps)   (ps)  Location 
#--------------------------------------------------------------------------------------------------------------
  U0_Register_File/Memory_reg[1][6]/CK -       -      R     (arrival)   8385    -     0     0       0    (-,-) 
  U0_Register_File/Memory_reg[1][6]/Q  -       CK->Q  F     SDFFRHQX1     20 13.6   236   347     347    (-,-) 
  U0_ALU_16B/div_67_27_g1958__1666/Y   -       B->Y   F     OR2X1          2  1.5    48   170     517    (-,-) 
  U0_ALU_16B/div_67_27_g1956__2883/Y   -       B->Y   F     OR2X1          2  1.5    48   109     626    (-,-) 
  U0_ALU_16B/div_67_27_g1955__9945/Y   -       B->Y   F     OR2X1          2  1.5    50   109     735    (-,-) 
  U0_ALU_16B/div_67_27_g1954__9315/Y   -       B->Y   F     OR2X1          2  1.5    51   109     844    (-,-) 
  U0_ALU_16B/div_67_27_g1953__6161/Y   -       B->Y   R     NOR2X1         2  1.6    97    56     900    (-,-) 
  U0_ALU_16B/div_67_27_g1951__4733/Y   -       C0->Y  F     OAI211X1       2  1.7   168   130    1029    (-,-) 
  U0_ALU_16B/div_67_27_g1949__7482/Y   -       B->Y   R     NAND2X1        2  1.3    68    80    1110    (-,-) 
  U0_ALU_16B/div_67_27_g1948__5115/Y   -       A1->Y  F     AOI221X1       3  2.0   169   118    1227    (-,-) 
  U0_ALU_16B/div_67_27_g1946__6131/Y   -       A1N->Y F     OAI2BB1X1      3  2.7   125   165    1392    (-,-) 
  U0_ALU_16B/div_67_27_g1945__7098/Y   -       S0->Y  F     MX2X1          2  1.5    53   150    1543    (-,-) 
  U0_ALU_16B/div_67_27_g1943__5122/Y   -       A1->Y  R     AOI22X1        1  0.9   128    78    1620    (-,-) 
  U0_ALU_16B/div_67_27_g1942__1705/Y   -       B0->Y  F     AOI2BB1X1      1  0.6    38    68    1688    (-,-) 
  U0_ALU_16B/div_67_27_g1941__2802/Y   -       C0->Y  R     AOI211XL       5  4.3   414   225    1913    (-,-) 
  U0_ALU_16B/div_67_27_g1939__3680/Y   -       B->Y   F     NAND2X1        1  0.9   109   174    2086    (-,-) 
  U0_ALU_16B/div_67_27_g1936__8428/Y   -       B1->Y  R     AOI22X1        2  2.5   140    97    2184    (-,-) 
  U0_ALU_16B/div_67_27_g1935__4319/CO  -       CI->CO R     ADDFX1         1  1.9    73   227    2410    (-,-) 
  U0_ALU_16B/div_67_27_g1934__6260/CO  -       CI->CO R     ADDFX1         1  0.9    58   197    2607    (-,-) 
  U0_ALU_16B/div_67_27_g1933__5107/Y   -       B1->Y  F     AOI221X1       6  5.7   278   156    2763    (-,-) 
  U0_ALU_16B/div_67_27_g1931__5477/Y   -       B->Y   R     NAND2X1        1  0.8    79   118    2882    (-,-) 
  U0_ALU_16B/div_67_27_g1927__2346/Y   -       B1->Y  F     AOI22X1        2  2.5   174    92    2974    (-,-) 
  U0_ALU_16B/div_67_27_g1926__2883/CO  -       CI->CO F     ADDFX1         1  1.9    83   227    3201    (-,-) 
  U0_ALU_16B/div_67_27_g1925__9945/CO  -       CI->CO F     ADDFX1         1  1.9    82   197    3398    (-,-) 
  U0_ALU_16B/div_67_27_g1924__9315/CO  -       CI->CO F     ADDFX1         1  0.8    65   187    3584    (-,-) 
  U0_ALU_16B/div_67_27_g1923__6161/Y   -       A1->Y  R     AOI221X1       7  6.8   390   262    3846    (-,-) 
  U0_ALU_16B/div_67_27_g1916__8246/Y   -       A1->Y  F     AOI22X1        2  2.5   182   222    4068    (-,-) 
  U0_ALU_16B/div_67_27_g1915__5122/CO  -       CI->CO F     ADDFX1         1  1.9    83   230    4297    (-,-) 
  U0_ALU_16B/div_67_27_g1914__1705/CO  -       CI->CO F     ADDFX1         1  1.9    82   197    4494    (-,-) 
  U0_ALU_16B/div_67_27_g1913__2802/CO  -       CI->CO F     ADDFX1         1  1.9    82   196    4691    (-,-) 
  U0_ALU_16B/div_67_27_g1912__1617/CO  -       CI->CO F     ADDFX1         1  0.9    67   188    4878    (-,-) 
  U0_ALU_16B/div_67_27_g1911__3680/Y   -       B1->Y  R     AOI221X1       8  8.2   450   277    5155    (-,-) 
  U0_ALU_16B/div_67_27_g1908__5526/Y   -       B->Y   F     NAND2X1        1  0.9   116   186    5341    (-,-) 
  U0_ALU_16B/div_67_27_g1902__5477/Y   -       B1->Y  R     AOI22X1        2  2.7   147   103    5444    (-,-) 
  U0_ALU_16B/div_67_27_g1901__6417/CO  -       CI->CO R     ADDFX1         1  1.9    73   229    5673    (-,-) 
  U0_ALU_16B/div_67_27_g1900__7410/CO  -       CI->CO R     ADDFX1         1  1.9    72   205    5878    (-,-) 
  U0_ALU_16B/div_67_27_g1899__1666/CO  -       CI->CO R     ADDFX1         1  1.9    72   204    6082    (-,-) 
  U0_ALU_16B/div_67_27_g1898__2346/CO  -       CI->CO R     ADDFX1         1  1.9    72   204    6286    (-,-) 
  U0_ALU_16B/div_67_27_g1897__2883/CO  -       CI->CO R     ADDFX1         1  0.9    58   197    6483    (-,-) 
  U0_ALU_16B/div_67_27_g1896__9945/Y   -       B1->Y  F     AOI221X1       8  6.7   304   172    6656    (-,-) 
  U0_ALU_16B/div_67_27_g1895/Y         -       A->Y   R     INVX1          6  5.2   126   157    6813    (-,-) 
  U0_ALU_16B/div_67_27_g1887__6131/Y   -       A1->Y  F     OAI22X1        2  1.6   135   123    6936    (-,-) 
  U0_ALU_16B/div_67_27_g1886/Y         -       A->Y   R     INVX1          1  0.8    33    63    6998    (-,-) 
  U0_ALU_16B/div_67_27_g1882__1705/Y   -       A1->Y  F     AOI22X1        1  0.9   120    78    7077    (-,-) 
  U0_ALU_16B/div_67_27_g1880__1617/Y   -       B0->Y  R     AOI221X1       1  0.9   132   135    7211    (-,-) 
  U0_ALU_16B/div_67_27_g1879__3680/Y   -       C0->Y  F     AOI221X1       1  0.9   130    70    7282    (-,-) 
  U0_ALU_16B/div_67_27_g1878__6783/Y   -       C0->Y  R     AOI221X1       1  0.6   119    98    7380    (-,-) 
  U0_ALU_16B/div_67_27_g1877__5526/Y   -       B1->Y  R     OA22X1         1  0.9    43   157    7537    (-,-) 
  U0_ALU_16B/div_67_27_g1876__8428/Y   -       C0->Y  F     AOI221X1       1  0.8   120    35    7572    (-,-) 
  U0_ALU_16B/div_67_27_g1875/Y         -       A->Y   R     INVX1          1  0.9    32    58    7630    (-,-) 
  U0_ALU_16B/div_67_27_g1874__4319/Y   -       B0->Y  F     OAI21X1        1  0.9    78    59    7689    (-,-) 
  U0_ALU_16B/g5641__1705/Y             -       B->Y   R     NAND2X1        1  0.8    39    44    7733    (-,-) 
  U0_ALU_16B/g5615__6131/Y             -       C0->Y  F     OAI211X1       1  0.6   117    84    7817    (-,-) 
  U0_ALU_16B/g5569__7410/Y             -       D->Y   F     OR4X1          1  0.8    74   226    8043    (-,-) 
  U0_ALU_16B/ALU_OUT_reg[0]/D          -       -      F     SDFFRHQX1      1    -     -     0    8043    (-,-) 
#--------------------------------------------------------------------------------------------------------------



Path 5: MET (11651 ps) Setup Check with Pin U0_ALU_16B/ALU_OUT_reg[0]/CK->D
          Group: ALU_CLK
     Startpoint: (R) U0_Register_File/Memory_reg[1][6]/CK
          Clock: (R) REF_CLK
       Endpoint: (F) U0_ALU_16B/ALU_OUT_reg[0]/D
          Clock: (R) ALU_CLK

                     Capture       Launch     
        Clock Edge:+   20000            0     
       Src Latency:+       0            0     
       Net Latency:+       0 (I)        0 (I) 
           Arrival:=   20000            0     
                                              
             Setup:-     114                  
       Uncertainty:-     200                  
     Required Time:=   19686                  
      Launch Clock:-       0                  
         Data Path:-    8035                  
             Slack:=   11651                  

#--------------------------------------------------------------------------------------------------------------
#            Timing Point              Flags    Arc   Edge   Cell     Fanout Load Trans Delay Arrival Instance 
#                                                                            (fF)  (ps)  (ps)   (ps)  Location 
#--------------------------------------------------------------------------------------------------------------
  U0_Register_File/Memory_reg[1][6]/CK -       -      R     (arrival)   8385    -     0     0       0    (-,-) 
  U0_Register_File/Memory_reg[1][6]/Q  -       CK->Q  F     SDFFRHQX1     20 13.6   236   347     347    (-,-) 
  U0_ALU_16B/div_67_27_g1958__1666/Y   -       B->Y   F     OR2X1          2  1.5    48   170     517    (-,-) 
  U0_ALU_16B/div_67_27_g1956__2883/Y   -       B->Y   F     OR2X1          2  1.5    48   109     626    (-,-) 
  U0_ALU_16B/div_67_27_g1955__9945/Y   -       B->Y   F     OR2X1          2  1.5    50   109     735    (-,-) 
  U0_ALU_16B/div_67_27_g1954__9315/Y   -       B->Y   F     OR2X1          2  1.5    51   109     844    (-,-) 
  U0_ALU_16B/div_67_27_g1953__6161/Y   -       B->Y   R     NOR2X1         2  1.6    97    56     900    (-,-) 
  U0_ALU_16B/div_67_27_g1951__4733/Y   -       C0->Y  F     OAI211X1       2  1.7   168   130    1029    (-,-) 
  U0_ALU_16B/div_67_27_g1949__7482/Y   -       B->Y   R     NAND2X1        2  1.3    68    80    1110    (-,-) 
  U0_ALU_16B/div_67_27_g1948__5115/Y   -       A1->Y  F     AOI221X1       3  2.0   169   118    1227    (-,-) 
  U0_ALU_16B/div_67_27_g1946__6131/Y   -       A1N->Y F     OAI2BB1X1      3  2.7   125   165    1392    (-,-) 
  U0_ALU_16B/div_67_27_g1945__7098/Y   -       S0->Y  F     MX2X1          2  1.5    53   150    1543    (-,-) 
  U0_ALU_16B/div_67_27_g1943__5122/Y   -       A1->Y  R     AOI22X1        1  0.9   128    78    1620    (-,-) 
  U0_ALU_16B/div_67_27_g1942__1705/Y   -       B0->Y  F     AOI2BB1X1      1  0.6    38    68    1688    (-,-) 
  U0_ALU_16B/div_67_27_g1941__2802/Y   -       C0->Y  R     AOI211XL       5  4.3   414   225    1913    (-,-) 
  U0_ALU_16B/div_67_27_g1936__8428/Y   -       A1->Y  F     AOI22X1        2  2.5   185   230    2142    (-,-) 
  U0_ALU_16B/div_67_27_g1935__4319/CO  -       CI->CO F     ADDFX1         1  1.9    82   231    2373    (-,-) 
  U0_ALU_16B/div_67_27_g1934__6260/CO  -       CI->CO F     ADDFX1         1  0.9    67   188    2561    (-,-) 
  U0_ALU_16B/div_67_27_g1933__5107/Y   -       B1->Y  R     AOI221X1       6  5.5   332   215    2776    (-,-) 
  U0_ALU_16B/div_67_27_g1931__5477/Y   -       B->Y   F     NAND2X1        1  0.9    93   146    2922    (-,-) 
  U0_ALU_16B/div_67_27_g1927__2346/Y   -       B1->Y  R     AOI22X1        2  2.5   143    92    3014    (-,-) 
  U0_ALU_16B/div_67_27_g1926__2883/CO  -       CI->CO R     ADDFX1         1  1.9    73   228    3242    (-,-) 
  U0_ALU_16B/div_67_27_g1925__9945/CO  -       CI->CO R     ADDFX1         1  1.9    72   205    3446    (-,-) 
  U0_ALU_16B/div_67_27_g1924__9315/CO  -       CI->CO R     ADDFX1         1  0.8    57   196    3642    (-,-) 
  U0_ALU_16B/div_67_27_g1923__6161/Y   -       A1->Y  F     AOI221X1       7  6.9   310   195    3838    (-,-) 
  U0_ALU_16B/div_67_27_g1921__7482/Y   -       B->Y   R     NAND2X1        1  0.8    79   130    3968    (-,-) 
  U0_ALU_16B/div_67_27_g1916__8246/Y   -       B1->Y  F     AOI22X1        2  2.5   182    92    4060    (-,-) 
  U0_ALU_16B/div_67_27_g1915__5122/CO  -       CI->CO F     ADDFX1         1  1.9    83   230    4289    (-,-) 
  U0_ALU_16B/div_67_27_g1914__1705/CO  -       CI->CO F     ADDFX1         1  1.9    82   197    4486    (-,-) 
  U0_ALU_16B/div_67_27_g1913__2802/CO  -       CI->CO F     ADDFX1         1  1.9    82   196    4683    (-,-) 
  U0_ALU_16B/div_67_27_g1912__1617/CO  -       CI->CO F     ADDFX1         1  0.9    67   188    4870    (-,-) 
  U0_ALU_16B/div_67_27_g1911__3680/Y   -       B1->Y  R     AOI221X1       8  8.2   450   277    5147    (-,-) 
  U0_ALU_16B/div_67_27_g1908__5526/Y   -       B->Y   F     NAND2X1        1  0.9   116   186    5333    (-,-) 
  U0_ALU_16B/div_67_27_g1902__5477/Y   -       B1->Y  R     AOI22X1        2  2.7   147   103    5436    (-,-) 
  U0_ALU_16B/div_67_27_g1901__6417/CO  -       CI->CO R     ADDFX1         1  1.9    73   229    5665    (-,-) 
  U0_ALU_16B/div_67_27_g1900__7410/CO  -       CI->CO R     ADDFX1         1  1.9    72   205    5870    (-,-) 
  U0_ALU_16B/div_67_27_g1899__1666/CO  -       CI->CO R     ADDFX1         1  1.9    72   204    6074    (-,-) 
  U0_ALU_16B/div_67_27_g1898__2346/CO  -       CI->CO R     ADDFX1         1  1.9    72   204    6279    (-,-) 
  U0_ALU_16B/div_67_27_g1897__2883/CO  -       CI->CO R     ADDFX1         1  0.9    58   197    6475    (-,-) 
  U0_ALU_16B/div_67_27_g1896__9945/Y   -       B1->Y  F     AOI221X1       8  6.7   304   172    6648    (-,-) 
  U0_ALU_16B/div_67_27_g1895/Y         -       A->Y   R     INVX1          6  5.2   126   157    6805    (-,-) 
  U0_ALU_16B/div_67_27_g1887__6131/Y   -       A1->Y  F     OAI22X1        2  1.6   135   123    6928    (-,-) 
  U0_ALU_16B/div_67_27_g1886/Y         -       A->Y   R     INVX1          1  0.8    33    63    6990    (-,-) 
  U0_ALU_16B/div_67_27_g1882__1705/Y   -       A1->Y  F     AOI22X1        1  0.9   120    78    7069    (-,-) 
  U0_ALU_16B/div_67_27_g1880__1617/Y   -       B0->Y  R     AOI221X1       1  0.9   132   135    7204    (-,-) 
  U0_ALU_16B/div_67_27_g1879__3680/Y   -       C0->Y  F     AOI221X1       1  0.9   130    70    7274    (-,-) 
  U0_ALU_16B/div_67_27_g1878__6783/Y   -       C0->Y  R     AOI221X1       1  0.6   119    98    7372    (-,-) 
  U0_ALU_16B/div_67_27_g1877__5526/Y   -       B1->Y  R     OA22X1         1  0.9    43   157    7529    (-,-) 
  U0_ALU_16B/div_67_27_g1876__8428/Y   -       C0->Y  F     AOI221X1       1  0.8   120    35    7564    (-,-) 
  U0_ALU_16B/div_67_27_g1875/Y         -       A->Y   R     INVX1          1  0.9    32    58    7622    (-,-) 
  U0_ALU_16B/div_67_27_g1874__4319/Y   -       B0->Y  F     OAI21X1        1  0.9    78    59    7681    (-,-) 
  U0_ALU_16B/g5641__1705/Y             -       B->Y   R     NAND2X1        1  0.8    39    44    7725    (-,-) 
  U0_ALU_16B/g5615__6131/Y             -       C0->Y  F     OAI211X1       1  0.6   117    84    7809    (-,-) 
  U0_ALU_16B/g5569__7410/Y             -       D->Y   F     OR4X1          1  0.8    74   226    8035    (-,-) 
  U0_ALU_16B/ALU_OUT_reg[0]/D          -       -      F     SDFFRHQX1      1    -     -     0    8035    (-,-) 
#--------------------------------------------------------------------------------------------------------------



Path 6: MET (11651 ps) Setup Check with Pin U0_ALU_16B/ALU_OUT_reg[0]/CK->D
          Group: ALU_CLK
     Startpoint: (R) U0_Register_File/Memory_reg[1][7]/CK
          Clock: (R) REF_CLK
       Endpoint: (F) U0_ALU_16B/ALU_OUT_reg[0]/D
          Clock: (R) ALU_CLK

                     Capture       Launch     
        Clock Edge:+   20000            0     
       Src Latency:+       0            0     
       Net Latency:+       0 (I)        0 (I) 
           Arrival:=   20000            0     
                                              
             Setup:-     114                  
       Uncertainty:-     200                  
     Required Time:=   19686                  
      Launch Clock:-       0                  
         Data Path:-    8035                  
             Slack:=   11651                  

#--------------------------------------------------------------------------------------------------------------
#            Timing Point              Flags    Arc   Edge   Cell     Fanout Load Trans Delay Arrival Instance 
#                                                                            (fF)  (ps)  (ps)   (ps)  Location 
#--------------------------------------------------------------------------------------------------------------
  U0_Register_File/Memory_reg[1][7]/CK -       -      R     (arrival)   8385    -     0     0       0    (-,-) 
  U0_Register_File/Memory_reg[1][7]/Q  -       CK->Q  F     SDFFRHQX1     18 12.2   214   336     336    (-,-) 
  U0_ALU_16B/div_67_27_g1958__1666/Y   -       A->Y   F     OR2X1          2  1.5    48   168     504    (-,-) 
  U0_ALU_16B/div_67_27_g1956__2883/Y   -       B->Y   F     OR2X1          2  1.5    48   109     613    (-,-) 
  U0_ALU_16B/div_67_27_g1955__9945/Y   -       B->Y   F     OR2X1          2  1.5    50   109     722    (-,-) 
  U0_ALU_16B/div_67_27_g1954__9315/Y   -       B->Y   F     OR2X1          2  1.5    51   109     831    (-,-) 
  U0_ALU_16B/div_67_27_g1953__6161/Y   -       B->Y   R     NOR2X1         2  1.6    97    56     887    (-,-) 
  U0_ALU_16B/div_67_27_g1951__4733/Y   -       C0->Y  F     OAI211X1       2  1.7   168   130    1016    (-,-) 
  U0_ALU_16B/div_67_27_g1949__7482/Y   -       B->Y   R     NAND2X1        2  1.3    68    80    1096    (-,-) 
  U0_ALU_16B/div_67_27_g1948__5115/Y   -       A1->Y  F     AOI221X1       3  2.0   169   118    1214    (-,-) 
  U0_ALU_16B/div_67_27_g1946__6131/Y   -       A1N->Y F     OAI2BB1X1      3  2.7   125   165    1379    (-,-) 
  U0_ALU_16B/div_67_27_g1945__7098/Y   -       S0->Y  F     MX2X1          2  1.5    53   150    1530    (-,-) 
  U0_ALU_16B/div_67_27_g1943__5122/Y   -       A1->Y  R     AOI22X1        1  0.9   128    78    1607    (-,-) 
  U0_ALU_16B/div_67_27_g1942__1705/Y   -       B0->Y  F     AOI2BB1X1      1  0.6    38    68    1675    (-,-) 
  U0_ALU_16B/div_67_27_g1941__2802/Y   -       C0->Y  R     AOI211XL       5  4.3   414   225    1900    (-,-) 
  U0_ALU_16B/div_67_27_g1936__8428/Y   -       A1->Y  F     AOI22X1        2  2.5   185   230    2129    (-,-) 
  U0_ALU_16B/div_67_27_g1935__4319/CO  -       CI->CO F     ADDFX1         1  1.9    82   231    2360    (-,-) 
  U0_ALU_16B/div_67_27_g1934__6260/CO  -       CI->CO F     ADDFX1         1  0.9    67   188    2548    (-,-) 
  U0_ALU_16B/div_67_27_g1933__5107/Y   -       B1->Y  R     AOI221X1       6  5.5   332   215    2763    (-,-) 
  U0_ALU_16B/div_67_27_g1927__2346/Y   -       A1->Y  F     AOI22X1        2  2.5   174   203    2966    (-,-) 
  U0_ALU_16B/div_67_27_g1926__2883/CO  -       CI->CO F     ADDFX1         1  1.9    83   227    3192    (-,-) 
  U0_ALU_16B/div_67_27_g1925__9945/CO  -       CI->CO F     ADDFX1         1  1.9    82   197    3389    (-,-) 
  U0_ALU_16B/div_67_27_g1924__9315/CO  -       CI->CO F     ADDFX1         1  0.8    65   187    3576    (-,-) 
  U0_ALU_16B/div_67_27_g1923__6161/Y   -       A1->Y  R     AOI221X1       7  6.8   390   262    3838    (-,-) 
  U0_ALU_16B/div_67_27_g1916__8246/Y   -       A1->Y  F     AOI22X1        2  2.5   182   222    4060    (-,-) 
  U0_ALU_16B/div_67_27_g1915__5122/CO  -       CI->CO F     ADDFX1         1  1.9    83   230    4289    (-,-) 
  U0_ALU_16B/div_67_27_g1914__1705/CO  -       CI->CO F     ADDFX1         1  1.9    82   197    4486    (-,-) 
  U0_ALU_16B/div_67_27_g1913__2802/CO  -       CI->CO F     ADDFX1         1  1.9    82   196    4682    (-,-) 
  U0_ALU_16B/div_67_27_g1912__1617/CO  -       CI->CO F     ADDFX1         1  0.9    67   188    4870    (-,-) 
  U0_ALU_16B/div_67_27_g1911__3680/Y   -       B1->Y  R     AOI221X1       8  8.2   450   277    5147    (-,-) 
  U0_ALU_16B/div_67_27_g1908__5526/Y   -       B->Y   F     NAND2X1        1  0.9   116   186    5333    (-,-) 
  U0_ALU_16B/div_67_27_g1902__5477/Y   -       B1->Y  R     AOI22X1        2  2.7   147   103    5436    (-,-) 
  U0_ALU_16B/div_67_27_g1901__6417/CO  -       CI->CO R     ADDFX1         1  1.9    73   229    5665    (-,-) 
  U0_ALU_16B/div_67_27_g1900__7410/CO  -       CI->CO R     ADDFX1         1  1.9    72   205    5870    (-,-) 
  U0_ALU_16B/div_67_27_g1899__1666/CO  -       CI->CO R     ADDFX1         1  1.9    72   204    6074    (-,-) 
  U0_ALU_16B/div_67_27_g1898__2346/CO  -       CI->CO R     ADDFX1         1  1.9    72   204    6278    (-,-) 
  U0_ALU_16B/div_67_27_g1897__2883/CO  -       CI->CO R     ADDFX1         1  0.9    58   197    6475    (-,-) 
  U0_ALU_16B/div_67_27_g1896__9945/Y   -       B1->Y  F     AOI221X1       8  6.7   304   172    6648    (-,-) 
  U0_ALU_16B/div_67_27_g1895/Y         -       A->Y   R     INVX1          6  5.2   126   157    6805    (-,-) 
  U0_ALU_16B/div_67_27_g1887__6131/Y   -       A1->Y  F     OAI22X1        2  1.6   135   123    6928    (-,-) 
  U0_ALU_16B/div_67_27_g1886/Y         -       A->Y   R     INVX1          1  0.8    33    63    6990    (-,-) 
  U0_ALU_16B/div_67_27_g1882__1705/Y   -       A1->Y  F     AOI22X1        1  0.9   120    78    7068    (-,-) 
  U0_ALU_16B/div_67_27_g1880__1617/Y   -       B0->Y  R     AOI221X1       1  0.9   132   135    7203    (-,-) 
  U0_ALU_16B/div_67_27_g1879__3680/Y   -       C0->Y  F     AOI221X1       1  0.9   130    70    7273    (-,-) 
  U0_ALU_16B/div_67_27_g1878__6783/Y   -       C0->Y  R     AOI221X1       1  0.6   119    98    7372    (-,-) 
  U0_ALU_16B/div_67_27_g1877__5526/Y   -       B1->Y  R     OA22X1         1  0.9    43   157    7529    (-,-) 
  U0_ALU_16B/div_67_27_g1876__8428/Y   -       C0->Y  F     AOI221X1       1  0.8   120    35    7564    (-,-) 
  U0_ALU_16B/div_67_27_g1875/Y         -       A->Y   R     INVX1          1  0.9    32    58    7622    (-,-) 
  U0_ALU_16B/div_67_27_g1874__4319/Y   -       B0->Y  F     OAI21X1        1  0.9    78    59    7681    (-,-) 
  U0_ALU_16B/g5641__1705/Y             -       B->Y   R     NAND2X1        1  0.8    39    44    7724    (-,-) 
  U0_ALU_16B/g5615__6131/Y             -       C0->Y  F     OAI211X1       1  0.6   117    84    7809    (-,-) 
  U0_ALU_16B/g5569__7410/Y             -       D->Y   F     OR4X1          1  0.8    74   226    8035    (-,-) 
  U0_ALU_16B/ALU_OUT_reg[0]/D          -       -      F     SDFFRHQX1      1    -     -     0    8035    (-,-) 
#--------------------------------------------------------------------------------------------------------------



Path 7: MET (11656 ps) Setup Check with Pin U0_ALU_16B/ALU_OUT_reg[0]/CK->D
          Group: ALU_CLK
     Startpoint: (R) U0_Register_File/Memory_reg[1][7]/CK
          Clock: (R) REF_CLK
       Endpoint: (F) U0_ALU_16B/ALU_OUT_reg[0]/D
          Clock: (R) ALU_CLK

                     Capture       Launch     
        Clock Edge:+   20000            0     
       Src Latency:+       0            0     
       Net Latency:+       0 (I)        0 (I) 
           Arrival:=   20000            0     
                                              
             Setup:-     114                  
       Uncertainty:-     200                  
     Required Time:=   19686                  
      Launch Clock:-       0                  
         Data Path:-    8030                  
             Slack:=   11656                  

#--------------------------------------------------------------------------------------------------------------
#            Timing Point              Flags    Arc   Edge   Cell     Fanout Load Trans Delay Arrival Instance 
#                                                                            (fF)  (ps)  (ps)   (ps)  Location 
#--------------------------------------------------------------------------------------------------------------
  U0_Register_File/Memory_reg[1][7]/CK -       -      R     (arrival)   8385    -     0     0       0    (-,-) 
  U0_Register_File/Memory_reg[1][7]/Q  -       CK->Q  F     SDFFRHQX1     18 12.2   214   336     336    (-,-) 
  U0_ALU_16B/div_67_27_g1958__1666/Y   -       A->Y   F     OR2X1          2  1.5    48   168     504    (-,-) 
  U0_ALU_16B/div_67_27_g1956__2883/Y   -       B->Y   F     OR2X1          2  1.5    48   109     613    (-,-) 
  U0_ALU_16B/div_67_27_g1955__9945/Y   -       B->Y   F     OR2X1          2  1.5    50   109     722    (-,-) 
  U0_ALU_16B/div_67_27_g1954__9315/Y   -       B->Y   F     OR2X1          2  1.5    51   109     831    (-,-) 
  U0_ALU_16B/div_67_27_g1953__6161/Y   -       B->Y   R     NOR2X1         2  1.6    97    56     887    (-,-) 
  U0_ALU_16B/div_67_27_g1951__4733/Y   -       C0->Y  F     OAI211X1       2  1.7   168   130    1016    (-,-) 
  U0_ALU_16B/div_67_27_g1949__7482/Y   -       B->Y   R     NAND2X1        2  1.3    68    80    1096    (-,-) 
  U0_ALU_16B/div_67_27_g1948__5115/Y   -       A1->Y  F     AOI221X1       3  2.0   169   118    1214    (-,-) 
  U0_ALU_16B/div_67_27_g1946__6131/Y   -       A1N->Y F     OAI2BB1X1      3  2.7   125   165    1379    (-,-) 
  U0_ALU_16B/div_67_27_g1945__7098/Y   -       S0->Y  F     MX2X1          2  1.5    53   150    1530    (-,-) 
  U0_ALU_16B/div_67_27_g1943__5122/Y   -       A1->Y  R     AOI22X1        1  0.9   128    78    1607    (-,-) 
  U0_ALU_16B/div_67_27_g1942__1705/Y   -       B0->Y  F     AOI2BB1X1      1  0.6    38    68    1675    (-,-) 
  U0_ALU_16B/div_67_27_g1941__2802/Y   -       C0->Y  R     AOI211XL       5  4.3   414   225    1900    (-,-) 
  U0_ALU_16B/div_67_27_g1939__3680/Y   -       B->Y   F     NAND2X1        1  0.9   109   174    2073    (-,-) 
  U0_ALU_16B/div_67_27_g1936__8428/Y   -       B1->Y  R     AOI22X1        2  2.5   140    97    2170    (-,-) 
  U0_ALU_16B/div_67_27_g1935__4319/CO  -       CI->CO R     ADDFX1         1  1.9    73   227    2397    (-,-) 
  U0_ALU_16B/div_67_27_g1934__6260/CO  -       CI->CO R     ADDFX1         1  0.9    58   197    2594    (-,-) 
  U0_ALU_16B/div_67_27_g1933__5107/Y   -       B1->Y  F     AOI221X1       6  5.7   278   156    2750    (-,-) 
  U0_ALU_16B/div_67_27_g1931__5477/Y   -       B->Y   R     NAND2X1        1  0.8    79   118    2869    (-,-) 
  U0_ALU_16B/div_67_27_g1927__2346/Y   -       B1->Y  F     AOI22X1        2  2.5   174    92    2960    (-,-) 
  U0_ALU_16B/div_67_27_g1926__2883/CO  -       CI->CO F     ADDFX1         1  1.9    83   227    3188    (-,-) 
  U0_ALU_16B/div_67_27_g1925__9945/CO  -       CI->CO F     ADDFX1         1  1.9    82   197    3384    (-,-) 
  U0_ALU_16B/div_67_27_g1924__9315/CO  -       CI->CO F     ADDFX1         1  0.8    65   187    3571    (-,-) 
  U0_ALU_16B/div_67_27_g1923__6161/Y   -       A1->Y  R     AOI221X1       7  6.8   390   262    3833    (-,-) 
  U0_ALU_16B/div_67_27_g1916__8246/Y   -       A1->Y  F     AOI22X1        2  2.5   182   222    4055    (-,-) 
  U0_ALU_16B/div_67_27_g1915__5122/CO  -       CI->CO F     ADDFX1         1  1.9    83   230    4284    (-,-) 
  U0_ALU_16B/div_67_27_g1914__1705/CO  -       CI->CO F     ADDFX1         1  1.9    82   197    4481    (-,-) 
  U0_ALU_16B/div_67_27_g1913__2802/CO  -       CI->CO F     ADDFX1         1  1.9    82   196    4678    (-,-) 
  U0_ALU_16B/div_67_27_g1912__1617/CO  -       CI->CO F     ADDFX1         1  0.9    67   188    4865    (-,-) 
  U0_ALU_16B/div_67_27_g1911__3680/Y   -       B1->Y  R     AOI221X1       8  8.2   450   277    5142    (-,-) 
  U0_ALU_16B/div_67_27_g1908__5526/Y   -       B->Y   F     NAND2X1        1  0.9   116   186    5328    (-,-) 
  U0_ALU_16B/div_67_27_g1902__5477/Y   -       B1->Y  R     AOI22X1        2  2.7   147   103    5430    (-,-) 
  U0_ALU_16B/div_67_27_g1901__6417/CO  -       CI->CO R     ADDFX1         1  1.9    73   229    5660    (-,-) 
  U0_ALU_16B/div_67_27_g1900__7410/CO  -       CI->CO R     ADDFX1         1  1.9    72   205    5864    (-,-) 
  U0_ALU_16B/div_67_27_g1899__1666/CO  -       CI->CO R     ADDFX1         1  1.9    72   204    6069    (-,-) 
  U0_ALU_16B/div_67_27_g1898__2346/CO  -       CI->CO R     ADDFX1         1  1.9    72   204    6273    (-,-) 
  U0_ALU_16B/div_67_27_g1897__2883/CO  -       CI->CO R     ADDFX1         1  0.9    58   197    6470    (-,-) 
  U0_ALU_16B/div_67_27_g1896__9945/Y   -       B1->Y  F     AOI221X1       8  6.7   304   172    6642    (-,-) 
  U0_ALU_16B/div_67_27_g1895/Y         -       A->Y   R     INVX1          6  5.2   126   157    6800    (-,-) 
  U0_ALU_16B/div_67_27_g1887__6131/Y   -       A1->Y  F     OAI22X1        2  1.6   135   123    6923    (-,-) 
  U0_ALU_16B/div_67_27_g1886/Y         -       A->Y   R     INVX1          1  0.8    33    63    6985    (-,-) 
  U0_ALU_16B/div_67_27_g1882__1705/Y   -       A1->Y  F     AOI22X1        1  0.9   120    78    7064    (-,-) 
  U0_ALU_16B/div_67_27_g1880__1617/Y   -       B0->Y  R     AOI221X1       1  0.9   132   135    7198    (-,-) 
  U0_ALU_16B/div_67_27_g1879__3680/Y   -       C0->Y  F     AOI221X1       1  0.9   130    70    7268    (-,-) 
  U0_ALU_16B/div_67_27_g1878__6783/Y   -       C0->Y  R     AOI221X1       1  0.6   119    98    7367    (-,-) 
  U0_ALU_16B/div_67_27_g1877__5526/Y   -       B1->Y  R     OA22X1         1  0.9    43   157    7524    (-,-) 
  U0_ALU_16B/div_67_27_g1876__8428/Y   -       C0->Y  F     AOI221X1       1  0.8   120    35    7559    (-,-) 
  U0_ALU_16B/div_67_27_g1875/Y         -       A->Y   R     INVX1          1  0.9    32    58    7617    (-,-) 
  U0_ALU_16B/div_67_27_g1874__4319/Y   -       B0->Y  F     OAI21X1        1  0.9    78    59    7676    (-,-) 
  U0_ALU_16B/g5641__1705/Y             -       B->Y   R     NAND2X1        1  0.8    39    44    7720    (-,-) 
  U0_ALU_16B/g5615__6131/Y             -       C0->Y  F     OAI211X1       1  0.6   117    84    7804    (-,-) 
  U0_ALU_16B/g5569__7410/Y             -       D->Y   F     OR4X1          1  0.8    74   226    8030    (-,-) 
  U0_ALU_16B/ALU_OUT_reg[0]/D          -       -      F     SDFFRHQX1      1    -     -     0    8030    (-,-) 
#--------------------------------------------------------------------------------------------------------------



Path 8: MET (11664 ps) Setup Check with Pin U0_ALU_16B/ALU_OUT_reg[0]/CK->D
          Group: ALU_CLK
     Startpoint: (R) U0_Register_File/Memory_reg[1][7]/CK
          Clock: (R) REF_CLK
       Endpoint: (F) U0_ALU_16B/ALU_OUT_reg[0]/D
          Clock: (R) ALU_CLK

                     Capture       Launch     
        Clock Edge:+   20000            0     
       Src Latency:+       0            0     
       Net Latency:+       0 (I)        0 (I) 
           Arrival:=   20000            0     
                                              
             Setup:-     114                  
       Uncertainty:-     200                  
     Required Time:=   19686                  
      Launch Clock:-       0                  
         Data Path:-    8022                  
             Slack:=   11664                  

#--------------------------------------------------------------------------------------------------------------
#            Timing Point              Flags    Arc   Edge   Cell     Fanout Load Trans Delay Arrival Instance 
#                                                                            (fF)  (ps)  (ps)   (ps)  Location 
#--------------------------------------------------------------------------------------------------------------
  U0_Register_File/Memory_reg[1][7]/CK -       -      R     (arrival)   8385    -     0     0       0    (-,-) 
  U0_Register_File/Memory_reg[1][7]/Q  -       CK->Q  F     SDFFRHQX1     18 12.2   214   336     336    (-,-) 
  U0_ALU_16B/div_67_27_g1958__1666/Y   -       A->Y   F     OR2X1          2  1.5    48   168     504    (-,-) 
  U0_ALU_16B/div_67_27_g1956__2883/Y   -       B->Y   F     OR2X1          2  1.5    48   109     613    (-,-) 
  U0_ALU_16B/div_67_27_g1955__9945/Y   -       B->Y   F     OR2X1          2  1.5    50   109     722    (-,-) 
  U0_ALU_16B/div_67_27_g1954__9315/Y   -       B->Y   F     OR2X1          2  1.5    51   109     831    (-,-) 
  U0_ALU_16B/div_67_27_g1953__6161/Y   -       B->Y   R     NOR2X1         2  1.6    97    56     887    (-,-) 
  U0_ALU_16B/div_67_27_g1951__4733/Y   -       C0->Y  F     OAI211X1       2  1.7   168   130    1016    (-,-) 
  U0_ALU_16B/div_67_27_g1949__7482/Y   -       B->Y   R     NAND2X1        2  1.3    68    80    1096    (-,-) 
  U0_ALU_16B/div_67_27_g1948__5115/Y   -       A1->Y  F     AOI221X1       3  2.0   169   118    1214    (-,-) 
  U0_ALU_16B/div_67_27_g1946__6131/Y   -       A1N->Y F     OAI2BB1X1      3  2.7   125   165    1379    (-,-) 
  U0_ALU_16B/div_67_27_g1945__7098/Y   -       S0->Y  F     MX2X1          2  1.5    53   150    1530    (-,-) 
  U0_ALU_16B/div_67_27_g1943__5122/Y   -       A1->Y  R     AOI22X1        1  0.9   128    78    1607    (-,-) 
  U0_ALU_16B/div_67_27_g1942__1705/Y   -       B0->Y  F     AOI2BB1X1      1  0.6    38    68    1675    (-,-) 
  U0_ALU_16B/div_67_27_g1941__2802/Y   -       C0->Y  R     AOI211XL       5  4.3   414   225    1900    (-,-) 
  U0_ALU_16B/div_67_27_g1936__8428/Y   -       A1->Y  F     AOI22X1        2  2.5   185   230    2129    (-,-) 
  U0_ALU_16B/div_67_27_g1935__4319/CO  -       CI->CO F     ADDFX1         1  1.9    82   231    2360    (-,-) 
  U0_ALU_16B/div_67_27_g1934__6260/CO  -       CI->CO F     ADDFX1         1  0.9    67   188    2548    (-,-) 
  U0_ALU_16B/div_67_27_g1933__5107/Y   -       B1->Y  R     AOI221X1       6  5.5   332   215    2763    (-,-) 
  U0_ALU_16B/div_67_27_g1931__5477/Y   -       B->Y   F     NAND2X1        1  0.9    93   146    2909    (-,-) 
  U0_ALU_16B/div_67_27_g1927__2346/Y   -       B1->Y  R     AOI22X1        2  2.5   143    92    3001    (-,-) 
  U0_ALU_16B/div_67_27_g1926__2883/CO  -       CI->CO R     ADDFX1         1  1.9    73   228    3229    (-,-) 
  U0_ALU_16B/div_67_27_g1925__9945/CO  -       CI->CO R     ADDFX1         1  1.9    72   205    3433    (-,-) 
  U0_ALU_16B/div_67_27_g1924__9315/CO  -       CI->CO R     ADDFX1         1  0.8    57   196    3629    (-,-) 
  U0_ALU_16B/div_67_27_g1923__6161/Y   -       A1->Y  F     AOI221X1       7  6.9   310   195    3824    (-,-) 
  U0_ALU_16B/div_67_27_g1921__7482/Y   -       B->Y   R     NAND2X1        1  0.8    79   130    3955    (-,-) 
  U0_ALU_16B/div_67_27_g1916__8246/Y   -       B1->Y  F     AOI22X1        2  2.5   182    92    4047    (-,-) 
  U0_ALU_16B/div_67_27_g1915__5122/CO  -       CI->CO F     ADDFX1         1  1.9    83   230    4276    (-,-) 
  U0_ALU_16B/div_67_27_g1914__1705/CO  -       CI->CO F     ADDFX1         1  1.9    82   197    4473    (-,-) 
  U0_ALU_16B/div_67_27_g1913__2802/CO  -       CI->CO F     ADDFX1         1  1.9    82   196    4670    (-,-) 
  U0_ALU_16B/div_67_27_g1912__1617/CO  -       CI->CO F     ADDFX1         1  0.9    67   188    4857    (-,-) 
  U0_ALU_16B/div_67_27_g1911__3680/Y   -       B1->Y  R     AOI221X1       8  8.2   450   277    5134    (-,-) 
  U0_ALU_16B/div_67_27_g1908__5526/Y   -       B->Y   F     NAND2X1        1  0.9   116   186    5320    (-,-) 
  U0_ALU_16B/div_67_27_g1902__5477/Y   -       B1->Y  R     AOI22X1        2  2.7   147   103    5423    (-,-) 
  U0_ALU_16B/div_67_27_g1901__6417/CO  -       CI->CO R     ADDFX1         1  1.9    73   229    5652    (-,-) 
  U0_ALU_16B/div_67_27_g1900__7410/CO  -       CI->CO R     ADDFX1         1  1.9    72   205    5857    (-,-) 
  U0_ALU_16B/div_67_27_g1899__1666/CO  -       CI->CO R     ADDFX1         1  1.9    72   204    6061    (-,-) 
  U0_ALU_16B/div_67_27_g1898__2346/CO  -       CI->CO R     ADDFX1         1  1.9    72   204    6266    (-,-) 
  U0_ALU_16B/div_67_27_g1897__2883/CO  -       CI->CO R     ADDFX1         1  0.9    58   197    6462    (-,-) 
  U0_ALU_16B/div_67_27_g1896__9945/Y   -       B1->Y  F     AOI221X1       8  6.7   304   172    6635    (-,-) 
  U0_ALU_16B/div_67_27_g1895/Y         -       A->Y   R     INVX1          6  5.2   126   157    6792    (-,-) 
  U0_ALU_16B/div_67_27_g1887__6131/Y   -       A1->Y  F     OAI22X1        2  1.6   135   123    6915    (-,-) 
  U0_ALU_16B/div_67_27_g1886/Y         -       A->Y   R     INVX1          1  0.8    33    63    6977    (-,-) 
  U0_ALU_16B/div_67_27_g1882__1705/Y   -       A1->Y  F     AOI22X1        1  0.9   120    78    7056    (-,-) 
  U0_ALU_16B/div_67_27_g1880__1617/Y   -       B0->Y  R     AOI221X1       1  0.9   132   135    7190    (-,-) 
  U0_ALU_16B/div_67_27_g1879__3680/Y   -       C0->Y  F     AOI221X1       1  0.9   130    70    7260    (-,-) 
  U0_ALU_16B/div_67_27_g1878__6783/Y   -       C0->Y  R     AOI221X1       1  0.6   119    98    7359    (-,-) 
  U0_ALU_16B/div_67_27_g1877__5526/Y   -       B1->Y  R     OA22X1         1  0.9    43   157    7516    (-,-) 
  U0_ALU_16B/div_67_27_g1876__8428/Y   -       C0->Y  F     AOI221X1       1  0.8   120    35    7551    (-,-) 
  U0_ALU_16B/div_67_27_g1875/Y         -       A->Y   R     INVX1          1  0.9    32    58    7609    (-,-) 
  U0_ALU_16B/div_67_27_g1874__4319/Y   -       B0->Y  F     OAI21X1        1  0.9    78    59    7668    (-,-) 
  U0_ALU_16B/g5641__1705/Y             -       B->Y   R     NAND2X1        1  0.8    39    44    7712    (-,-) 
  U0_ALU_16B/g5615__6131/Y             -       C0->Y  F     OAI211X1       1  0.6   117    84    7796    (-,-) 
  U0_ALU_16B/g5569__7410/Y             -       D->Y   F     OR4X1          1  0.8    74   226    8022    (-,-) 
  U0_ALU_16B/ALU_OUT_reg[0]/D          -       -      F     SDFFRHQX1      1    -     -     0    8022    (-,-) 
#--------------------------------------------------------------------------------------------------------------



Path 9: MET (11674 ps) Setup Check with Pin U0_ALU_16B/ALU_OUT_reg[0]/CK->D
          Group: ALU_CLK
     Startpoint: (R) U0_Register_File/Memory_reg[1][6]/CK
          Clock: (R) REF_CLK
       Endpoint: (F) U0_ALU_16B/ALU_OUT_reg[0]/D
          Clock: (R) ALU_CLK

                     Capture       Launch     
        Clock Edge:+   20000            0     
       Src Latency:+       0            0     
       Net Latency:+       0 (I)        0 (I) 
           Arrival:=   20000            0     
                                              
             Setup:-     114                  
       Uncertainty:-     200                  
     Required Time:=   19686                  
      Launch Clock:-       0                  
         Data Path:-    8012                  
             Slack:=   11674                  

#--------------------------------------------------------------------------------------------------------------
#            Timing Point              Flags    Arc   Edge   Cell     Fanout Load Trans Delay Arrival Instance 
#                                                                            (fF)  (ps)  (ps)   (ps)  Location 
#--------------------------------------------------------------------------------------------------------------
  U0_Register_File/Memory_reg[1][6]/CK -       -      R     (arrival)   8385    -     0     0       0    (-,-) 
  U0_Register_File/Memory_reg[1][6]/Q  -       CK->Q  F     SDFFRHQX1     20 13.6   236   347     347    (-,-) 
  U0_ALU_16B/div_67_27_g1958__1666/Y   -       B->Y   F     OR2X1          2  1.5    48   170     517    (-,-) 
  U0_ALU_16B/div_67_27_g1956__2883/Y   -       B->Y   F     OR2X1          2  1.5    48   109     626    (-,-) 
  U0_ALU_16B/div_67_27_g1955__9945/Y   -       B->Y   F     OR2X1          2  1.5    50   109     735    (-,-) 
  U0_ALU_16B/div_67_27_g1954__9315/Y   -       B->Y   F     OR2X1          2  1.5    51   109     844    (-,-) 
  U0_ALU_16B/div_67_27_g1953__6161/Y   -       B->Y   R     NOR2X1         2  1.6    97    56     900    (-,-) 
  U0_ALU_16B/div_67_27_g1951__4733/Y   -       C0->Y  F     OAI211X1       2  1.7   168   130    1029    (-,-) 
  U0_ALU_16B/div_67_27_g1949__7482/Y   -       B->Y   R     NAND2X1        2  1.3    68    80    1110    (-,-) 
  U0_ALU_16B/div_67_27_g1948__5115/Y   -       A1->Y  F     AOI221X1       3  2.0   169   118    1227    (-,-) 
  U0_ALU_16B/div_67_27_g1946__6131/Y   -       A1N->Y F     OAI2BB1X1      3  2.7   125   165    1392    (-,-) 
  U0_ALU_16B/div_67_27_g1945__7098/Y   -       S0->Y  F     MX2X1          2  1.5    53   150    1543    (-,-) 
  U0_ALU_16B/div_67_27_g1943__5122/Y   -       A1->Y  R     AOI22X1        1  0.9   128    78    1620    (-,-) 
  U0_ALU_16B/div_67_27_g1942__1705/Y   -       B0->Y  F     AOI2BB1X1      1  0.6    38    68    1688    (-,-) 
  U0_ALU_16B/div_67_27_g1941__2802/Y   -       C0->Y  R     AOI211XL       5  4.3   414   225    1913    (-,-) 
  U0_ALU_16B/div_67_27_g1936__8428/Y   -       A1->Y  F     AOI22X1        2  2.5   185   230    2142    (-,-) 
  U0_ALU_16B/div_67_27_g1935__4319/CO  -       CI->CO F     ADDFX1         1  1.9    82   231    2373    (-,-) 
  U0_ALU_16B/div_67_27_g1934__6260/CO  -       CI->CO F     ADDFX1         1  0.9    67   188    2561    (-,-) 
  U0_ALU_16B/div_67_27_g1933__5107/Y   -       B1->Y  R     AOI221X1       6  5.5   332   215    2776    (-,-) 
  U0_ALU_16B/div_67_27_g1927__2346/Y   -       A1->Y  F     AOI22X1        2  2.5   174   203    2979    (-,-) 
  U0_ALU_16B/div_67_27_g1926__2883/CO  -       CI->CO F     ADDFX1         1  1.9    83   227    3206    (-,-) 
  U0_ALU_16B/div_67_27_g1925__9945/CO  -       CI->CO F     ADDFX1         1  1.9    82   197    3402    (-,-) 
  U0_ALU_16B/div_67_27_g1924__9315/CO  -       CI->CO F     ADDFX1         1  0.8    65   187    3589    (-,-) 
  U0_ALU_16B/div_67_27_g1923__6161/Y   -       A1->Y  R     AOI221X1       7  6.8   390   262    3851    (-,-) 
  U0_ALU_16B/div_67_27_g1916__8246/Y   -       A1->Y  F     AOI22X1        2  2.5   182   222    4073    (-,-) 
  U0_ALU_16B/div_67_27_g1915__5122/CO  -       CI->CO F     ADDFX1         1  1.9    83   230    4302    (-,-) 
  U0_ALU_16B/div_67_27_g1914__1705/CO  -       CI->CO F     ADDFX1         1  1.9    82   197    4499    (-,-) 
  U0_ALU_16B/div_67_27_g1913__2802/CO  -       CI->CO F     ADDFX1         1  1.9    82   196    4696    (-,-) 
  U0_ALU_16B/div_67_27_g1912__1617/CO  -       CI->CO F     ADDFX1         1  0.9    67   188    4883    (-,-) 
  U0_ALU_16B/div_67_27_g1911__3680/Y   -       B1->Y  R     AOI221X1       8  8.2   450   277    5160    (-,-) 
  U0_ALU_16B/div_67_27_g1902__5477/Y   -       A1->Y  F     AOI22X1        2  2.7   196   245    5405    (-,-) 
  U0_ALU_16B/div_67_27_g1901__6417/CO  -       CI->CO F     ADDFX1         1  1.9    82   234    5639    (-,-) 
  U0_ALU_16B/div_67_27_g1900__7410/CO  -       CI->CO F     ADDFX1         1  1.9    82   196    5836    (-,-) 
  U0_ALU_16B/div_67_27_g1899__1666/CO  -       CI->CO F     ADDFX1         1  1.9    82   196    6032    (-,-) 
  U0_ALU_16B/div_67_27_g1898__2346/CO  -       CI->CO F     ADDFX1         1  1.9    82   196    6228    (-,-) 
  U0_ALU_16B/div_67_27_g1897__2883/CO  -       CI->CO F     ADDFX1         1  0.9    67   188    6416    (-,-) 
  U0_ALU_16B/div_67_27_g1896__9945/Y   -       B1->Y  R     AOI221X1       8  6.5   376   238    6654    (-,-) 
  U0_ALU_16B/div_67_27_g1895/Y         -       A->Y   F     INVX1          6  5.2   147   192    6846    (-,-) 
  U0_ALU_16B/div_67_27_g1888__1881/Y   -       S0->Y  R     MX2X1          2  1.7    53   208    7054    (-,-) 
  U0_ALU_16B/div_67_27_g1884__8246/Y   -       B->Y   F     NOR2X1         1  0.9    77    37    7091    (-,-) 
  U0_ALU_16B/div_67_27_g1880__1617/Y   -       C0->Y  R     AOI221X1       1  0.9   132    90    7181    (-,-) 
  U0_ALU_16B/div_67_27_g1879__3680/Y   -       C0->Y  F     AOI221X1       1  0.9   130    70    7251    (-,-) 
  U0_ALU_16B/div_67_27_g1878__6783/Y   -       C0->Y  R     AOI221X1       1  0.6   119    98    7349    (-,-) 
  U0_ALU_16B/div_67_27_g1877__5526/Y   -       B1->Y  R     OA22X1         1  0.9    43   157    7506    (-,-) 
  U0_ALU_16B/div_67_27_g1876__8428/Y   -       C0->Y  F     AOI221X1       1  0.8   120    35    7542    (-,-) 
  U0_ALU_16B/div_67_27_g1875/Y         -       A->Y   R     INVX1          1  0.9    32    58    7599    (-,-) 
  U0_ALU_16B/div_67_27_g1874__4319/Y   -       B0->Y  F     OAI21X1        1  0.9    78    59    7658    (-,-) 
  U0_ALU_16B/g5641__1705/Y             -       B->Y   R     NAND2X1        1  0.8    39    44    7702    (-,-) 
  U0_ALU_16B/g5615__6131/Y             -       C0->Y  F     OAI211X1       1  0.6   117    84    7786    (-,-) 
  U0_ALU_16B/g5569__7410/Y             -       D->Y   F     OR4X1          1  0.8    74   226    8012    (-,-) 
  U0_ALU_16B/ALU_OUT_reg[0]/D          -       -      F     SDFFRHQX1      1    -     -     0    8012    (-,-) 
#--------------------------------------------------------------------------------------------------------------



Path 10: MET (11679 ps) Setup Check with Pin U0_ALU_16B/ALU_OUT_reg[0]/CK->D
          Group: ALU_CLK
     Startpoint: (R) U0_Register_File/Memory_reg[1][6]/CK
          Clock: (R) REF_CLK
       Endpoint: (F) U0_ALU_16B/ALU_OUT_reg[0]/D
          Clock: (R) ALU_CLK

                     Capture       Launch     
        Clock Edge:+   20000            0     
       Src Latency:+       0            0     
       Net Latency:+       0 (I)        0 (I) 
           Arrival:=   20000            0     
                                              
             Setup:-     114                  
       Uncertainty:-     200                  
     Required Time:=   19686                  
      Launch Clock:-       0                  
         Data Path:-    8007                  
             Slack:=   11679                  

#--------------------------------------------------------------------------------------------------------------
#            Timing Point              Flags    Arc   Edge   Cell     Fanout Load Trans Delay Arrival Instance 
#                                                                            (fF)  (ps)  (ps)   (ps)  Location 
#--------------------------------------------------------------------------------------------------------------
  U0_Register_File/Memory_reg[1][6]/CK -       -      R     (arrival)   8385    -     0     0       0    (-,-) 
  U0_Register_File/Memory_reg[1][6]/Q  -       CK->Q  F     SDFFRHQX1     20 13.6   236   347     347    (-,-) 
  U0_ALU_16B/div_67_27_g1958__1666/Y   -       B->Y   F     OR2X1          2  1.5    48   170     517    (-,-) 
  U0_ALU_16B/div_67_27_g1956__2883/Y   -       B->Y   F     OR2X1          2  1.5    48   109     626    (-,-) 
  U0_ALU_16B/div_67_27_g1955__9945/Y   -       B->Y   F     OR2X1          2  1.5    50   109     735    (-,-) 
  U0_ALU_16B/div_67_27_g1954__9315/Y   -       B->Y   F     OR2X1          2  1.5    51   109     844    (-,-) 
  U0_ALU_16B/div_67_27_g1953__6161/Y   -       B->Y   R     NOR2X1         2  1.6    97    56     900    (-,-) 
  U0_ALU_16B/div_67_27_g1951__4733/Y   -       C0->Y  F     OAI211X1       2  1.7   168   130    1029    (-,-) 
  U0_ALU_16B/div_67_27_g1949__7482/Y   -       B->Y   R     NAND2X1        2  1.3    68    80    1110    (-,-) 
  U0_ALU_16B/div_67_27_g1948__5115/Y   -       A1->Y  F     AOI221X1       3  2.0   169   118    1227    (-,-) 
  U0_ALU_16B/div_67_27_g1946__6131/Y   -       A1N->Y F     OAI2BB1X1      3  2.7   125   165    1392    (-,-) 
  U0_ALU_16B/div_67_27_g1945__7098/Y   -       S0->Y  F     MX2X1          2  1.5    53   150    1543    (-,-) 
  U0_ALU_16B/div_67_27_g1943__5122/Y   -       A1->Y  R     AOI22X1        1  0.9   128    78    1620    (-,-) 
  U0_ALU_16B/div_67_27_g1942__1705/Y   -       B0->Y  F     AOI2BB1X1      1  0.6    38    68    1688    (-,-) 
  U0_ALU_16B/div_67_27_g1941__2802/Y   -       C0->Y  R     AOI211XL       5  4.3   414   225    1913    (-,-) 
  U0_ALU_16B/div_67_27_g1939__3680/Y   -       B->Y   F     NAND2X1        1  0.9   109   174    2086    (-,-) 
  U0_ALU_16B/div_67_27_g1936__8428/Y   -       B1->Y  R     AOI22X1        2  2.5   140    97    2184    (-,-) 
  U0_ALU_16B/div_67_27_g1935__4319/CO  -       CI->CO R     ADDFX1         1  1.9    73   227    2410    (-,-) 
  U0_ALU_16B/div_67_27_g1934__6260/CO  -       CI->CO R     ADDFX1         1  0.9    58   197    2607    (-,-) 
  U0_ALU_16B/div_67_27_g1933__5107/Y   -       B1->Y  F     AOI221X1       6  5.7   278   156    2763    (-,-) 
  U0_ALU_16B/div_67_27_g1931__5477/Y   -       B->Y   R     NAND2X1        1  0.8    79   118    2882    (-,-) 
  U0_ALU_16B/div_67_27_g1927__2346/Y   -       B1->Y  F     AOI22X1        2  2.5   174    92    2974    (-,-) 
  U0_ALU_16B/div_67_27_g1926__2883/CO  -       CI->CO F     ADDFX1         1  1.9    83   227    3201    (-,-) 
  U0_ALU_16B/div_67_27_g1925__9945/CO  -       CI->CO F     ADDFX1         1  1.9    82   197    3398    (-,-) 
  U0_ALU_16B/div_67_27_g1924__9315/CO  -       CI->CO F     ADDFX1         1  0.8    65   187    3584    (-,-) 
  U0_ALU_16B/div_67_27_g1923__6161/Y   -       A1->Y  R     AOI221X1       7  6.8   390   262    3846    (-,-) 
  U0_ALU_16B/div_67_27_g1916__8246/Y   -       A1->Y  F     AOI22X1        2  2.5   182   222    4068    (-,-) 
  U0_ALU_16B/div_67_27_g1915__5122/CO  -       CI->CO F     ADDFX1         1  1.9    83   230    4297    (-,-) 
  U0_ALU_16B/div_67_27_g1914__1705/CO  -       CI->CO F     ADDFX1         1  1.9    82   197    4494    (-,-) 
  U0_ALU_16B/div_67_27_g1913__2802/CO  -       CI->CO F     ADDFX1         1  1.9    82   196    4691    (-,-) 
  U0_ALU_16B/div_67_27_g1912__1617/CO  -       CI->CO F     ADDFX1         1  0.9    67   188    4878    (-,-) 
  U0_ALU_16B/div_67_27_g1911__3680/Y   -       B1->Y  R     AOI221X1       8  8.2   450   277    5155    (-,-) 
  U0_ALU_16B/div_67_27_g1902__5477/Y   -       A1->Y  F     AOI22X1        2  2.7   196   245    5400    (-,-) 
  U0_ALU_16B/div_67_27_g1901__6417/CO  -       CI->CO F     ADDFX1         1  1.9    82   234    5634    (-,-) 
  U0_ALU_16B/div_67_27_g1900__7410/CO  -       CI->CO F     ADDFX1         1  1.9    82   196    5830    (-,-) 
  U0_ALU_16B/div_67_27_g1899__1666/CO  -       CI->CO F     ADDFX1         1  1.9    82   196    6027    (-,-) 
  U0_ALU_16B/div_67_27_g1898__2346/CO  -       CI->CO F     ADDFX1         1  1.9    82   196    6224    (-,-) 
  U0_ALU_16B/div_67_27_g1897__2883/CO  -       CI->CO F     ADDFX1         1  0.9    67   188    6411    (-,-) 
  U0_ALU_16B/div_67_27_g1896__9945/Y   -       B1->Y  R     AOI221X1       8  6.5   376   238    6649    (-,-) 
  U0_ALU_16B/div_67_27_g1895/Y         -       A->Y   F     INVX1          6  5.2   147   192    6841    (-,-) 
  U0_ALU_16B/div_67_27_g1888__1881/Y   -       S0->Y  R     MX2X1          2  1.7    53   208    7049    (-,-) 
  U0_ALU_16B/div_67_27_g1884__8246/Y   -       B->Y   F     NOR2X1         1  0.9    77    37    7086    (-,-) 
  U0_ALU_16B/div_67_27_g1880__1617/Y   -       C0->Y  R     AOI221X1       1  0.9   132    90    7176    (-,-) 
  U0_ALU_16B/div_67_27_g1879__3680/Y   -       C0->Y  F     AOI221X1       1  0.9   130    70    7246    (-,-) 
  U0_ALU_16B/div_67_27_g1878__6783/Y   -       C0->Y  R     AOI221X1       1  0.6   119    98    7344    (-,-) 
  U0_ALU_16B/div_67_27_g1877__5526/Y   -       B1->Y  R     OA22X1         1  0.9    43   157    7501    (-,-) 
  U0_ALU_16B/div_67_27_g1876__8428/Y   -       C0->Y  F     AOI221X1       1  0.8   120    35    7536    (-,-) 
  U0_ALU_16B/div_67_27_g1875/Y         -       A->Y   R     INVX1          1  0.9    32    58    7594    (-,-) 
  U0_ALU_16B/div_67_27_g1874__4319/Y   -       B0->Y  F     OAI21X1        1  0.9    78    59    7653    (-,-) 
  U0_ALU_16B/g5641__1705/Y             -       B->Y   R     NAND2X1        1  0.8    39    44    7697    (-,-) 
  U0_ALU_16B/g5615__6131/Y             -       C0->Y  F     OAI211X1       1  0.6   117    84    7781    (-,-) 
  U0_ALU_16B/g5569__7410/Y             -       D->Y   F     OR4X1          1  0.8    74   226    8007    (-,-) 
  U0_ALU_16B/ALU_OUT_reg[0]/D          -       -      F     SDFFRHQX1      1    -     -     0    8007    (-,-) 
#--------------------------------------------------------------------------------------------------------------

