
Design Name
===========
    TOP

Scan Style
==========
    muxed_scan
Design has a valid DFT rule check status

Global Constraints
==================
    Minimum number of scan chains: 20
    Maximum length of scan chains: no_value
    Lock-up element type: preferred_level_sensitive
    Mix clock edges in scan chain: false
    Prefix for unnamed scan objects: DFT_

Test signal objects
===================
    shift_enable: 
          object name: ScanEnable 
          pin name: ScanEnable 
          hookup_pin: ScanEnable 
          hookup_polarity: non_inverted 
          function: shift_enable 
          active: high 
          ideal: false 
          user defined: true

    test_mode: 
          object name: TestMode 
          pin name: TestMode 
          hookup_pin: TestMode 
          hookup_polarity: non_inverted 
          function: test_mode 
          active: high 
          ideal: false 
          user defined: true

    test_mode: 
          object name: RST_N 
          pin name: RST_N 
          hookup_pin: RST_N 
          hookup_polarity: non_inverted 
          function: async_set_reset 
          active: low 
          ideal: false 
          user defined: true


Test clock objects
==================
    test_clock:
          object name: ScanClock 
          test_clock_domain: ScanClock 
          user defined: true 
          source: REF_CLK  
          root source: REF_CLK  
          root source polarity: non_inverting
          hookup_pin: REF_CLK 
          period: 20000.0

    test_clock:
          object name: UART_CLK 
          test_clock_domain: UART_CLK 
          user defined: false 
          source: UART_CLK  
          root source: UART_CLK  
          root source polarity: non_inverting
          hookup_pin: UART_CLK 
          period: 50000.0


DFT controllable objects
========================

DFT don't scan objects
======================

DFT abstract don't scan objects
===============================

DFT scan segment constraints
============================

DFT scan chain constraints
==========================
    User Chain: 
          object name: chain_1 
          scan-in: ScanIn_1 
          scan-in hookup_pin: ScanIn_1
          scan-out: ScanOut_1 
          scan-out hookup_pin: ScanOut_1
          shared out: false 
          shift_enable object name: none
          max length: no_value
          complete: false

    User Chain: 
          object name: chain_2 
          scan-in: ScanIn_2 
          scan-in hookup_pin: ScanIn_2
          scan-out: ScanOut_2 
          scan-out hookup_pin: ScanOut_2
          shared out: false 
          shift_enable object name: none
          max length: no_value
          complete: false

    User Chain: 
          object name: chain_3 
          scan-in: ScanIn_3 
          scan-in hookup_pin: ScanIn_3
          scan-out: ScanOut_3 
          scan-out hookup_pin: ScanOut_3
          shared out: false 
          shift_enable object name: none
          max length: no_value
          complete: false

    User Chain: 
          object name: chain_4 
          scan-in: ScanIn_4 
          scan-in hookup_pin: ScanIn_4
          scan-out: ScanOut_4 
          scan-out hookup_pin: ScanOut_4
          shared out: false 
          shift_enable object name: none
          max length: no_value
          complete: false

    User Chain: 
          object name: chain_5 
          scan-in: ScanIn_5 
          scan-in hookup_pin: ScanIn_5
          scan-out: ScanOut_5 
          scan-out hookup_pin: ScanOut_5
          shared out: false 
          shift_enable object name: none
          max length: no_value
          complete: false

    User Chain: 
          object name: chain_6 
          scan-in: ScanIn_6 
          scan-in hookup_pin: ScanIn_6
          scan-out: ScanOut_6 
          scan-out hookup_pin: ScanOut_6
          shared out: false 
          shift_enable object name: none
          max length: no_value
          complete: false

    User Chain: 
          object name: chain_7 
          scan-in: ScanIn_7 
          scan-in hookup_pin: ScanIn_7
          scan-out: ScanOut_7 
          scan-out hookup_pin: ScanOut_7
          shared out: false 
          shift_enable object name: none
          max length: no_value
          complete: false

    User Chain: 
          object name: chain_8 
          scan-in: ScanIn_8 
          scan-in hookup_pin: ScanIn_8
          scan-out: ScanOut_8 
          scan-out hookup_pin: ScanOut_8
          shared out: false 
          shift_enable object name: none
          max length: no_value
          complete: false

    User Chain: 
          object name: chain_9 
          scan-in: ScanIn_9 
          scan-in hookup_pin: ScanIn_9
          scan-out: ScanOut_9 
          scan-out hookup_pin: ScanOut_9
          shared out: false 
          shift_enable object name: none
          max length: no_value
          complete: false

    User Chain: 
          object name: chain_10 
          scan-in: ScanIn_10 
          scan-in hookup_pin: ScanIn_10
          scan-out: ScanOut_10 
          scan-out hookup_pin: ScanOut_10
          shared out: false 
          shift_enable object name: none
          max length: no_value
          complete: false

    User Chain: 
          object name: chain_11 
          scan-in: ScanIn_11 
          scan-in hookup_pin: ScanIn_11
          scan-out: ScanOut_11 
          scan-out hookup_pin: ScanOut_11
          shared out: false 
          shift_enable object name: none
          max length: no_value
          complete: false

    User Chain: 
          object name: chain_12 
          scan-in: ScanIn_12 
          scan-in hookup_pin: ScanIn_12
          scan-out: ScanOut_12 
          scan-out hookup_pin: ScanOut_12
          shared out: false 
          shift_enable object name: none
          max length: no_value
          complete: false

    User Chain: 
          object name: chain_13 
          scan-in: ScanIn_13 
          scan-in hookup_pin: ScanIn_13
          scan-out: ScanOut_13 
          scan-out hookup_pin: ScanOut_13
          shared out: false 
          shift_enable object name: none
          max length: no_value
          complete: false

    User Chain: 
          object name: chain_14 
          scan-in: ScanIn_14 
          scan-in hookup_pin: ScanIn_14
          scan-out: ScanOut_14 
          scan-out hookup_pin: ScanOut_14
          shared out: false 
          shift_enable object name: none
          max length: no_value
          complete: false

    User Chain: 
          object name: chain_15 
          scan-in: ScanIn_15 
          scan-in hookup_pin: ScanIn_15
          scan-out: ScanOut_15 
          scan-out hookup_pin: ScanOut_15
          shared out: false 
          shift_enable object name: none
          max length: no_value
          complete: false

    User Chain: 
          object name: chain_16 
          scan-in: ScanIn_16 
          scan-in hookup_pin: ScanIn_16
          scan-out: ScanOut_16 
          scan-out hookup_pin: ScanOut_16
          shared out: false 
          shift_enable object name: none
          max length: no_value
          complete: false

    User Chain: 
          object name: chain_17 
          scan-in: ScanIn_17 
          scan-in hookup_pin: ScanIn_17
          scan-out: ScanOut_17 
          scan-out hookup_pin: ScanOut_17
          shared out: false 
          shift_enable object name: none
          max length: no_value
          complete: false

    User Chain: 
          object name: chain_18 
          scan-in: ScanIn_18 
          scan-in hookup_pin: ScanIn_18
          scan-out: ScanOut_18 
          scan-out hookup_pin: ScanOut_18
          shared out: false 
          shift_enable object name: none
          max length: no_value
          complete: false

    User Chain: 
          object name: chain_19 
          scan-in: ScanIn_19 
          scan-in hookup_pin: ScanIn_19
          scan-out: ScanOut_19 
          scan-out hookup_pin: ScanOut_19
          shared out: false 
          shift_enable object name: none
          max length: no_value
          complete: false

    User Chain: 
          object name: chain_20 
          scan-in: ScanIn_20 
          scan-in hookup_pin: ScanIn_20
          scan-out: ScanOut_20 
          scan-out hookup_pin: ScanOut_20
          shared out: false 
          shift_enable object name: none
          max length: no_value
          complete: false


DFT actual scan chains
======================
    Actual Chain:
          object name: chain_1 
          scan-in: ScanIn_1 
          scan-in hookup_pin: ScanIn_1 
          scan-out: ScanOut_1 
          scan-out hookup_pin: ScanOut_1 
          shared out: false
          shift_enable: ScanEnable 
          length: 20
          segment objects: none
          analyzed: false
          test_clock domain: ScanClock
          test_clock edge: rise

    Actual Chain:
          object name: chain_2 
          scan-in: ScanIn_2 
          scan-in hookup_pin: ScanIn_2 
          scan-out: ScanOut_2 
          scan-out hookup_pin: ScanOut_2 
          shared out: false
          shift_enable: ScanEnable 
          length: 18
          segment objects: none
          analyzed: false
          test_clock domain: UART_CLK
          test_clock edge: rise

    Actual Chain:
          object name: chain_3 
          scan-in: ScanIn_3 
          scan-in hookup_pin: ScanIn_3 
          scan-out: ScanOut_3 
          scan-out hookup_pin: ScanOut_3 
          shared out: false
          shift_enable: ScanEnable 
          length: 20
          segment objects: none
          analyzed: false
          test_clock domain: ScanClock
          test_clock edge: rise

    Actual Chain:
          object name: chain_4 
          scan-in: ScanIn_4 
          scan-in hookup_pin: ScanIn_4 
          scan-out: ScanOut_4 
          scan-out hookup_pin: ScanOut_4 
          shared out: false
          shift_enable: ScanEnable 
          length: 20
          segment objects: none
          analyzed: false
          test_clock domain: ScanClock
          test_clock edge: rise

    Actual Chain:
          object name: chain_5 
          scan-in: ScanIn_5 
          scan-in hookup_pin: ScanIn_5 
          scan-out: ScanOut_5 
          scan-out hookup_pin: ScanOut_5 
          shared out: false
          shift_enable: ScanEnable 
          length: 18
          segment objects: none
          analyzed: false
          test_clock domain: UART_CLK
          test_clock edge: rise

    Actual Chain:
          object name: chain_6 
          scan-in: ScanIn_6 
          scan-in hookup_pin: ScanIn_6 
          scan-out: ScanOut_6 
          scan-out hookup_pin: ScanOut_6 
          shared out: false
          shift_enable: ScanEnable 
          length: 20
          segment objects: none
          analyzed: false
          test_clock domain: ScanClock
          test_clock edge: rise

    Actual Chain:
          object name: chain_7 
          scan-in: ScanIn_7 
          scan-in hookup_pin: ScanIn_7 
          scan-out: ScanOut_7 
          scan-out hookup_pin: ScanOut_7 
          shared out: false
          shift_enable: ScanEnable 
          length: 20
          segment objects: none
          analyzed: false
          test_clock domain: ScanClock
          test_clock edge: rise

    Actual Chain:
          object name: chain_8 
          scan-in: ScanIn_8 
          scan-in hookup_pin: ScanIn_8 
          scan-out: ScanOut_8 
          scan-out hookup_pin: ScanOut_8 
          shared out: false
          shift_enable: ScanEnable 
          length: 20
          segment objects: none
          analyzed: false
          test_clock domain: ScanClock
          test_clock edge: rise

    Actual Chain:
          object name: chain_9 
          scan-in: ScanIn_9 
          scan-in hookup_pin: ScanIn_9 
          scan-out: ScanOut_9 
          scan-out hookup_pin: ScanOut_9 
          shared out: false
          shift_enable: ScanEnable 
          length: 18
          segment objects: none
          analyzed: false
          test_clock domain: UART_CLK
          test_clock edge: rise

    Actual Chain:
          object name: chain_10 
          scan-in: ScanIn_10 
          scan-in hookup_pin: ScanIn_10 
          scan-out: ScanOut_10 
          scan-out hookup_pin: ScanOut_10 
          shared out: false
          shift_enable: ScanEnable 
          length: 20
          segment objects: none
          analyzed: false
          test_clock domain: ScanClock
          test_clock edge: rise

    Actual Chain:
          object name: chain_11 
          scan-in: ScanIn_11 
          scan-in hookup_pin: ScanIn_11 
          scan-out: ScanOut_11 
          scan-out hookup_pin: ScanOut_11 
          shared out: false
          shift_enable: ScanEnable 
          length: 19
          segment objects: none
          analyzed: false
          test_clock domain: ScanClock
          test_clock edge: rise

    Actual Chain:
          object name: chain_12 
          scan-in: ScanIn_12 
          scan-in hookup_pin: ScanIn_12 
          scan-out: ScanOut_12 
          scan-out hookup_pin: ScanOut_12 
          shared out: false
          shift_enable: ScanEnable 
          length: 19
          segment objects: none
          analyzed: false
          test_clock domain: ScanClock
          test_clock edge: rise

    Actual Chain:
          object name: chain_13 
          scan-in: ScanIn_13 
          scan-in hookup_pin: ScanIn_13 
          scan-out: ScanOut_13 
          scan-out hookup_pin: ScanOut_13 
          shared out: false
          shift_enable: ScanEnable 
          length: 17
          segment objects: none
          analyzed: false
          test_clock domain: UART_CLK
          test_clock edge: rise

    Actual Chain:
          object name: chain_14 
          scan-in: ScanIn_14 
          scan-in hookup_pin: ScanIn_14 
          scan-out: ScanOut_14 
          scan-out hookup_pin: ScanOut_14 
          shared out: false
          shift_enable: ScanEnable 
          length: 19
          segment objects: none
          analyzed: false
          test_clock domain: ScanClock
          test_clock edge: rise

    Actual Chain:
          object name: chain_15 
          scan-in: ScanIn_15 
          scan-in hookup_pin: ScanIn_15 
          scan-out: ScanOut_15 
          scan-out hookup_pin: ScanOut_15 
          shared out: false
          shift_enable: ScanEnable 
          length: 19
          segment objects: none
          analyzed: false
          test_clock domain: ScanClock
          test_clock edge: rise

    Actual Chain:
          object name: chain_16 
          scan-in: ScanIn_16 
          scan-in hookup_pin: ScanIn_16 
          scan-out: ScanOut_16 
          scan-out hookup_pin: ScanOut_16 
          shared out: false
          shift_enable: ScanEnable 
          length: 17
          segment objects: none
          analyzed: false
          test_clock domain: UART_CLK
          test_clock edge: rise

    Actual Chain:
          object name: chain_17 
          scan-in: ScanIn_17 
          scan-in hookup_pin: ScanIn_17 
          scan-out: ScanOut_17 
          scan-out hookup_pin: ScanOut_17 
          shared out: false
          shift_enable: ScanEnable 
          length: 19
          segment objects: none
          analyzed: false
          test_clock domain: ScanClock
          test_clock edge: rise

    Actual Chain:
          object name: chain_18 
          scan-in: ScanIn_18 
          scan-in hookup_pin: ScanIn_18 
          scan-out: ScanOut_18 
          scan-out hookup_pin: ScanOut_18 
          shared out: false
          shift_enable: ScanEnable 
          length: 19
          segment objects: none
          analyzed: false
          test_clock domain: ScanClock
          test_clock edge: rise

    Actual Chain:
          object name: chain_19 
          scan-in: ScanIn_19 
          scan-in hookup_pin: ScanIn_19 
          scan-out: ScanOut_19 
          scan-out hookup_pin: ScanOut_19 
          shared out: false
          shift_enable: ScanEnable 
          length: 19
          segment objects: none
          analyzed: false
          test_clock domain: ScanClock
          test_clock edge: rise

    Actual Chain:
          object name: chain_20 
          scan-in: ScanIn_20 
          scan-in hookup_pin: ScanIn_20 
          scan-out: ScanOut_20 
          scan-out hookup_pin: ScanOut_20 
          shared out: false
          shift_enable: ScanEnable 
          length: 17
          segment objects: none
          analyzed: false
          test_clock domain: UART_CLK
          test_clock edge: rise

