Reporting 20 scan chains (muxed_scan)
 
Chain 1: chain_1 
  scan_in:      ScanIn_1 
  scan_out:     ScanOut_1   
  shift_enable: ScanEnable (active high) 
  clock_domain: ScanClock (edge: rise)
  length: 20
    bit 1 	U0_ALU_16B/ALU_OUT_reg[0]  <REF_CLK (rise)>  
    bit 2 	U0_ALU_16B/ALU_OUT_reg[1]  <REF_CLK (rise)>  
    bit 3 	U0_ALU_16B/ALU_OUT_reg[2]  <REF_CLK (rise)>  
    bit 4 	U0_ALU_16B/ALU_OUT_reg[3]  <REF_CLK (rise)>  
    bit 5 	U0_ALU_16B/ALU_OUT_reg[4]  <REF_CLK (rise)>  
    bit 6 	U0_ALU_16B/ALU_OUT_reg[5]  <REF_CLK (rise)>  
    bit 7 	U0_ALU_16B/ALU_OUT_reg[6]  <REF_CLK (rise)>  
    bit 8 	U0_ALU_16B/ALU_OUT_reg[7]  <REF_CLK (rise)>  
    bit 9 	U0_ALU_16B/ALU_OUT_reg[8]  <REF_CLK (rise)>  
    bit 10 	U0_ALU_16B/ALU_OUT_reg[9]  <REF_CLK (rise)>  
    bit 11 	U0_ALU_16B/ALU_OUT_reg[10]  <REF_CLK (rise)>  
    bit 12 	U0_ALU_16B/ALU_OUT_reg[11]  <REF_CLK (rise)>  
    bit 13 	U0_ALU_16B/ALU_OUT_reg[12]  <REF_CLK (rise)>  
    bit 14 	U0_ALU_16B/ALU_OUT_reg[13]  <REF_CLK (rise)>  
    bit 15 	U0_ALU_16B/ALU_OUT_reg[14]  <REF_CLK (rise)>  
    bit 16 	U0_ALU_16B/ALU_OUT_reg[15]  <REF_CLK (rise)>  
    bit 17 	U0_ALU_16B/OUT_VALID_reg  <REF_CLK (rise)>  
    bit 18 	U0_Async_fifo/u_fifo_mem/FIFO_MEM_reg[0][0]  <REF_CLK (rise)>  
    bit 19 	U0_Async_fifo/u_fifo_mem/FIFO_MEM_reg[0][1]  <REF_CLK (rise)>  
    bit 20 	U0_Async_fifo/u_fifo_mem/FIFO_MEM_reg[0][2]  <REF_CLK (rise)>  
------------------------
Chain 2: chain_10 
  scan_in:      ScanIn_10 
  scan_out:     ScanOut_10   
  shift_enable: ScanEnable (active high) 
  clock_domain: ScanClock (edge: rise)
  length: 20
    bit 1 	U0_Register_File/Memory_reg[1][1]  <REF_CLK (rise)>  
    bit 2 	U0_Register_File/Memory_reg[1][2]  <REF_CLK (rise)>  
    bit 3 	U0_Register_File/Memory_reg[1][3]  <REF_CLK (rise)>  
    bit 4 	U0_Register_File/Memory_reg[1][4]  <REF_CLK (rise)>  
    bit 5 	U0_Register_File/Memory_reg[1][5]  <REF_CLK (rise)>  
    bit 6 	U0_Register_File/Memory_reg[1][6]  <REF_CLK (rise)>  
    bit 7 	U0_Register_File/Memory_reg[1][7]  <REF_CLK (rise)>  
    bit 8 	U0_Register_File/Memory_reg[2][0]  <REF_CLK (rise)>  
    bit 9 	U0_Register_File/Memory_reg[2][1]  <REF_CLK (rise)>  
    bit 10 	U0_Register_File/Memory_reg[2][2]  <REF_CLK (rise)>  
    bit 11 	U0_Register_File/Memory_reg[2][3]  <REF_CLK (rise)>  
    bit 12 	U0_Register_File/Memory_reg[2][4]  <REF_CLK (rise)>  
    bit 13 	U0_Register_File/Memory_reg[2][5]  <REF_CLK (rise)>  
    bit 14 	U0_Register_File/Memory_reg[2][6]  <REF_CLK (rise)>  
    bit 15 	U0_Register_File/Memory_reg[2][7]  <REF_CLK (rise)>  
    bit 16 	U0_Register_File/Memory_reg[3][0]  <REF_CLK (rise)>  
    bit 17 	U0_Register_File/Memory_reg[3][1]  <REF_CLK (rise)>  
    bit 18 	U0_Register_File/Memory_reg[3][2]  <REF_CLK (rise)>  
    bit 19 	U0_Register_File/Memory_reg[3][3]  <REF_CLK (rise)>  
    bit 20 	U0_Register_File/Memory_reg[3][4]  <REF_CLK (rise)>  
------------------------
Chain 3: chain_11 
  scan_in:      ScanIn_11 
  scan_out:     ScanOut_11   
  shift_enable: ScanEnable (active high) 
  clock_domain: ScanClock (edge: rise)
  length: 19
    bit 1 	U0_Register_File/Memory_reg[3][5]  <REF_CLK (rise)>  
    bit 2 	U0_Register_File/Memory_reg[3][6]  <REF_CLK (rise)>  
    bit 3 	U0_Register_File/Memory_reg[3][7]  <REF_CLK (rise)>  
    bit 4 	U0_Register_File/Memory_reg[4][0]  <REF_CLK (rise)>  
    bit 5 	U0_Register_File/Memory_reg[4][1]  <REF_CLK (rise)>  
    bit 6 	U0_Register_File/Memory_reg[4][2]  <REF_CLK (rise)>  
    bit 7 	U0_Register_File/Memory_reg[4][3]  <REF_CLK (rise)>  
    bit 8 	U0_Register_File/Memory_reg[4][4]  <REF_CLK (rise)>  
    bit 9 	U0_Register_File/Memory_reg[4][5]  <REF_CLK (rise)>  
    bit 10 	U0_Register_File/Memory_reg[4][6]  <REF_CLK (rise)>  
    bit 11 	U0_Register_File/Memory_reg[4][7]  <REF_CLK (rise)>  
    bit 12 	U0_Register_File/Memory_reg[5][0]  <REF_CLK (rise)>  
    bit 13 	U0_Register_File/Memory_reg[5][1]  <REF_CLK (rise)>  
    bit 14 	U0_Register_File/Memory_reg[5][2]  <REF_CLK (rise)>  
    bit 15 	U0_Register_File/Memory_reg[5][3]  <REF_CLK (rise)>  
    bit 16 	U0_Register_File/Memory_reg[5][4]  <REF_CLK (rise)>  
    bit 17 	U0_Register_File/Memory_reg[5][5]  <REF_CLK (rise)>  
    bit 18 	U0_Register_File/Memory_reg[5][6]  <REF_CLK (rise)>  
    bit 19 	U0_Register_File/Memory_reg[5][7]  <REF_CLK (rise)>  
------------------------
Chain 4: chain_12 
  scan_in:      ScanIn_12 
  scan_out:     ScanOut_12   
  shift_enable: ScanEnable (active high) 
  clock_domain: ScanClock (edge: rise)
  length: 19
    bit 1 	U0_Register_File/Memory_reg[6][0]  <REF_CLK (rise)>  
    bit 2 	U0_Register_File/Memory_reg[6][1]  <REF_CLK (rise)>  
    bit 3 	U0_Register_File/Memory_reg[6][2]  <REF_CLK (rise)>  
    bit 4 	U0_Register_File/Memory_reg[6][3]  <REF_CLK (rise)>  
    bit 5 	U0_Register_File/Memory_reg[6][4]  <REF_CLK (rise)>  
    bit 6 	U0_Register_File/Memory_reg[6][5]  <REF_CLK (rise)>  
    bit 7 	U0_Register_File/Memory_reg[6][6]  <REF_CLK (rise)>  
    bit 8 	U0_Register_File/Memory_reg[6][7]  <REF_CLK (rise)>  
    bit 9 	U0_Register_File/Memory_reg[7][0]  <REF_CLK (rise)>  
    bit 10 	U0_Register_File/Memory_reg[7][1]  <REF_CLK (rise)>  
    bit 11 	U0_Register_File/Memory_reg[7][2]  <REF_CLK (rise)>  
    bit 12 	U0_Register_File/Memory_reg[7][3]  <REF_CLK (rise)>  
    bit 13 	U0_Register_File/Memory_reg[7][4]  <REF_CLK (rise)>  
    bit 14 	U0_Register_File/Memory_reg[7][5]  <REF_CLK (rise)>  
    bit 15 	U0_Register_File/Memory_reg[7][6]  <REF_CLK (rise)>  
    bit 16 	U0_Register_File/Memory_reg[7][7]  <REF_CLK (rise)>  
    bit 17 	U0_Register_File/Memory_reg[8][0]  <REF_CLK (rise)>  
    bit 18 	U0_Register_File/Memory_reg[8][1]  <REF_CLK (rise)>  
    bit 19 	U0_Register_File/Memory_reg[8][2]  <REF_CLK (rise)>  
------------------------
Chain 5: chain_13 
  scan_in:      ScanIn_13 
  scan_out:     ScanOut_13   
  shift_enable: ScanEnable (active high) 
  clock_domain: UART_CLK (edge: rise)
  length: 17
    bit 1 	U0_UART/U0_UART_RX/U0_edge_bit_counter/bit_cnt_reg[1]  <UART_CLK (rise)>  
    bit 2 	U0_UART/U0_UART_RX/U0_edge_bit_counter/bit_cnt_reg[2]  <UART_CLK (rise)>  
    bit 3 	U0_UART/U0_UART_RX/U0_edge_bit_counter/bit_cnt_reg[3]  <UART_CLK (rise)>  
    bit 4 	U0_UART/U0_UART_RX/U0_edge_bit_counter/edge_cnt_reg[0]  <UART_CLK (rise)>  
    bit 5 	U0_UART/U0_UART_RX/U0_edge_bit_counter/edge_cnt_reg[1]  <UART_CLK (rise)>  
    bit 6 	U0_UART/U0_UART_RX/U0_edge_bit_counter/edge_cnt_reg[2]  <UART_CLK (rise)>  
    bit 7 	U0_UART/U0_UART_RX/U0_edge_bit_counter/edge_cnt_reg[3]  <UART_CLK (rise)>  
    bit 8 	U0_UART/U0_UART_RX/U0_edge_bit_counter/edge_cnt_reg[4]  <UART_CLK (rise)>  
    bit 9 	U0_UART/U0_UART_RX/U0_parity_check/DFT_tpi_xor_tree_8/DFT_CDNS_OBS_tpi_flop  <UART_CLK (rise)>  
    bit 10 	U0_UART/U0_UART_RX/U0_parity_check/DFT_tpi_xor_tree_12/DFT_CDNS_OBS_tpi_flop  <UART_CLK (rise)>  
    bit 11 	U0_UART/U0_UART_RX/U0_parity_check/par_err_reg  <UART_CLK (rise)>  
    bit 12 	U0_UART/U0_UART_RX/U0_parity_check/parity_reg  <UART_CLK (rise)>  
    bit 13 	U0_UART/U0_UART_RX/U0_stop_check/stp_err_reg  <UART_CLK (rise)>  
    bit 14 	U0_UART/U0_UART_RX/U0_strt_check/DFT_tpi_xor_tree_1/DFT_CDNS_OBS_tpi_flop  <UART_CLK (rise)>  
    bit 15 	U0_UART/U0_UART_RX/U0_strt_check/strt_glitch_reg  <UART_CLK (rise)>  
    bit 16 	U0_UART/U0_UART_TX/U0_FSM/DFT_tpi_xor_tree_13/DFT_CDNS_OBS_tpi_flop  <UART_CLK (rise)>  
    bit 17 	U0_UART/U0_UART_TX/U0_FSM/current_state_reg[0]  <UART_CLK (rise)>  
------------------------
Chain 6: chain_14 
  scan_in:      ScanIn_14 
  scan_out:     ScanOut_14   
  shift_enable: ScanEnable (active high) 
  clock_domain: ScanClock (edge: rise)
  length: 19
    bit 1 	U0_Register_File/Memory_reg[8][3]  <REF_CLK (rise)>  
    bit 2 	U0_Register_File/Memory_reg[8][4]  <REF_CLK (rise)>  
    bit 3 	U0_Register_File/Memory_reg[8][5]  <REF_CLK (rise)>  
    bit 4 	U0_Register_File/Memory_reg[8][6]  <REF_CLK (rise)>  
    bit 5 	U0_Register_File/Memory_reg[8][7]  <REF_CLK (rise)>  
    bit 6 	U0_Register_File/Memory_reg[9][0]  <REF_CLK (rise)>  
    bit 7 	U0_Register_File/Memory_reg[9][1]  <REF_CLK (rise)>  
    bit 8 	U0_Register_File/Memory_reg[9][2]  <REF_CLK (rise)>  
    bit 9 	U0_Register_File/Memory_reg[9][3]  <REF_CLK (rise)>  
    bit 10 	U0_Register_File/Memory_reg[9][4]  <REF_CLK (rise)>  
    bit 11 	U0_Register_File/Memory_reg[9][5]  <REF_CLK (rise)>  
    bit 12 	U0_Register_File/Memory_reg[9][6]  <REF_CLK (rise)>  
    bit 13 	U0_Register_File/Memory_reg[9][7]  <REF_CLK (rise)>  
    bit 14 	U0_Register_File/Memory_reg[10][0]  <REF_CLK (rise)>  
    bit 15 	U0_Register_File/Memory_reg[10][1]  <REF_CLK (rise)>  
    bit 16 	U0_Register_File/Memory_reg[10][2]  <REF_CLK (rise)>  
    bit 17 	U0_Register_File/Memory_reg[10][3]  <REF_CLK (rise)>  
    bit 18 	U0_Register_File/Memory_reg[10][4]  <REF_CLK (rise)>  
    bit 19 	U0_Register_File/Memory_reg[10][5]  <REF_CLK (rise)>  
------------------------
Chain 7: chain_15 
  scan_in:      ScanIn_15 
  scan_out:     ScanOut_15   
  shift_enable: ScanEnable (active high) 
  clock_domain: ScanClock (edge: rise)
  length: 19
    bit 1 	U0_Register_File/Memory_reg[10][6]  <REF_CLK (rise)>  
    bit 2 	U0_Register_File/Memory_reg[10][7]  <REF_CLK (rise)>  
    bit 3 	U0_Register_File/Memory_reg[11][0]  <REF_CLK (rise)>  
    bit 4 	U0_Register_File/Memory_reg[11][1]  <REF_CLK (rise)>  
    bit 5 	U0_Register_File/Memory_reg[11][2]  <REF_CLK (rise)>  
    bit 6 	U0_Register_File/Memory_reg[11][3]  <REF_CLK (rise)>  
    bit 7 	U0_Register_File/Memory_reg[11][4]  <REF_CLK (rise)>  
    bit 8 	U0_Register_File/Memory_reg[11][5]  <REF_CLK (rise)>  
    bit 9 	U0_Register_File/Memory_reg[11][6]  <REF_CLK (rise)>  
    bit 10 	U0_Register_File/Memory_reg[11][7]  <REF_CLK (rise)>  
    bit 11 	U0_Register_File/Memory_reg[12][0]  <REF_CLK (rise)>  
    bit 12 	U0_Register_File/Memory_reg[12][1]  <REF_CLK (rise)>  
    bit 13 	U0_Register_File/Memory_reg[12][2]  <REF_CLK (rise)>  
    bit 14 	U0_Register_File/Memory_reg[12][3]  <REF_CLK (rise)>  
    bit 15 	U0_Register_File/Memory_reg[12][4]  <REF_CLK (rise)>  
    bit 16 	U0_Register_File/Memory_reg[12][5]  <REF_CLK (rise)>  
    bit 17 	U0_Register_File/Memory_reg[12][6]  <REF_CLK (rise)>  
    bit 18 	U0_Register_File/Memory_reg[12][7]  <REF_CLK (rise)>  
    bit 19 	U0_Register_File/Memory_reg[13][0]  <REF_CLK (rise)>  
------------------------
Chain 8: chain_16 
  scan_in:      ScanIn_16 
  scan_out:     ScanOut_16   
  shift_enable: ScanEnable (active high) 
  clock_domain: UART_CLK (edge: rise)
  length: 17
    bit 1 	U0_UART/U0_UART_TX/U0_FSM/current_state_reg[1]  <UART_CLK (rise)>  
    bit 2 	U0_UART/U0_UART_TX/U0_FSM/current_state_reg[2]  <UART_CLK (rise)>  
    bit 3 	U0_UART/U0_UART_TX/U0_parity_Calc/parallel_data_reg[0]  <UART_CLK (rise)>  
    bit 4 	U0_UART/U0_UART_TX/U0_parity_Calc/parallel_data_reg[1]  <UART_CLK (rise)>  
    bit 5 	U0_UART/U0_UART_TX/U0_parity_Calc/parallel_data_reg[2]  <UART_CLK (rise)>  
    bit 6 	U0_UART/U0_UART_TX/U0_parity_Calc/parallel_data_reg[3]  <UART_CLK (rise)>  
    bit 7 	U0_UART/U0_UART_TX/U0_parity_Calc/parallel_data_reg[4]  <UART_CLK (rise)>  
    bit 8 	U0_UART/U0_UART_TX/U0_parity_Calc/parallel_data_reg[5]  <UART_CLK (rise)>  
    bit 9 	U0_UART/U0_UART_TX/U0_parity_Calc/parallel_data_reg[6]  <UART_CLK (rise)>  
    bit 10 	U0_UART/U0_UART_TX/U0_parity_Calc/parallel_data_reg[7]  <UART_CLK (rise)>  
    bit 11 	U0_UART/U0_UART_TX/U0_serializer/S_DATA_reg  <UART_CLK (rise)>  
    bit 12 	U0_UART/U0_UART_TX/U0_serializer/counter_reg[0]  <UART_CLK (rise)>  
    bit 13 	U0_UART/U0_UART_TX/U0_serializer/counter_reg[1]  <UART_CLK (rise)>  
    bit 14 	U0_UART/U0_UART_TX/U0_serializer/counter_reg[2]  <UART_CLK (rise)>  
    bit 15 	U0_UART/U0_UART_TX/U0_serializer/counter_reg[3]  <UART_CLK (rise)>  
    bit 16 	U0_UART/U0_UART_TX/U0_serializer/parallel_data_reg[0]  <UART_CLK (rise)>  
    bit 17 	U0_UART/U0_UART_TX/U0_serializer/parallel_data_reg[1]  <UART_CLK (rise)>  
------------------------
Chain 9: chain_17 
  scan_in:      ScanIn_17 
  scan_out:     ScanOut_17   
  shift_enable: ScanEnable (active high) 
  clock_domain: ScanClock (edge: rise)
  length: 19
    bit 1 	U0_Register_File/Memory_reg[13][1]  <REF_CLK (rise)>  
    bit 2 	U0_Register_File/Memory_reg[13][2]  <REF_CLK (rise)>  
    bit 3 	U0_Register_File/Memory_reg[13][3]  <REF_CLK (rise)>  
    bit 4 	U0_Register_File/Memory_reg[13][4]  <REF_CLK (rise)>  
    bit 5 	U0_Register_File/Memory_reg[13][5]  <REF_CLK (rise)>  
    bit 6 	U0_Register_File/Memory_reg[13][6]  <REF_CLK (rise)>  
    bit 7 	U0_Register_File/Memory_reg[13][7]  <REF_CLK (rise)>  
    bit 8 	U0_Register_File/Memory_reg[14][0]  <REF_CLK (rise)>  
    bit 9 	U0_Register_File/Memory_reg[14][1]  <REF_CLK (rise)>  
    bit 10 	U0_Register_File/Memory_reg[14][2]  <REF_CLK (rise)>  
    bit 11 	U0_Register_File/Memory_reg[14][3]  <REF_CLK (rise)>  
    bit 12 	U0_Register_File/Memory_reg[14][4]  <REF_CLK (rise)>  
    bit 13 	U0_Register_File/Memory_reg[14][5]  <REF_CLK (rise)>  
    bit 14 	U0_Register_File/Memory_reg[14][6]  <REF_CLK (rise)>  
    bit 15 	U0_Register_File/Memory_reg[14][7]  <REF_CLK (rise)>  
    bit 16 	U0_Register_File/Memory_reg[15][0]  <REF_CLK (rise)>  
    bit 17 	U0_Register_File/Memory_reg[15][1]  <REF_CLK (rise)>  
    bit 18 	U0_Register_File/Memory_reg[15][2]  <REF_CLK (rise)>  
    bit 19 	U0_Register_File/Memory_reg[15][3]  <REF_CLK (rise)>  
------------------------
Chain 10: chain_18 
  scan_in:      ScanIn_18 
  scan_out:     ScanOut_18   
  shift_enable: ScanEnable (active high) 
  clock_domain: ScanClock (edge: rise)
  length: 19
    bit 1 	U0_Register_File/Memory_reg[15][4]  <REF_CLK (rise)>  
    bit 2 	U0_Register_File/Memory_reg[15][5]  <REF_CLK (rise)>  
    bit 3 	U0_Register_File/Memory_reg[15][6]  <REF_CLK (rise)>  
    bit 4 	U0_Register_File/Memory_reg[15][7]  <REF_CLK (rise)>  
    bit 5 	U0_Register_File/RdData_Valid_reg  <REF_CLK (rise)>  
    bit 6 	U0_Register_File/RdData_reg[0]  <REF_CLK (rise)>  
    bit 7 	U0_Register_File/RdData_reg[1]  <REF_CLK (rise)>  
    bit 8 	U0_Register_File/RdData_reg[2]  <REF_CLK (rise)>  
    bit 9 	U0_Register_File/RdData_reg[3]  <REF_CLK (rise)>  
    bit 10 	U0_Register_File/RdData_reg[4]  <REF_CLK (rise)>  
    bit 11 	U0_Register_File/RdData_reg[5]  <REF_CLK (rise)>  
    bit 12 	U0_Register_File/RdData_reg[6]  <REF_CLK (rise)>  
    bit 13 	U0_Register_File/RdData_reg[7]  <REF_CLK (rise)>  
    bit 14 	U0_SYS_CTRL/DFT_tpi_xor_tree_16/DFT_CDNS_OBS_tpi_flop  <REF_CLK (rise)>  
    bit 15 	U0_SYS_CTRL/ADDR_REG_reg[0]  <REF_CLK (rise)>  
    bit 16 	U0_SYS_CTRL/ADDR_REG_reg[1]  <REF_CLK (rise)>  
    bit 17 	U0_SYS_CTRL/ADDR_REG_reg[2]  <REF_CLK (rise)>  
    bit 18 	U0_SYS_CTRL/ADDR_REG_reg[3]  <REF_CLK (rise)>  
    bit 19 	U0_SYS_CTRL/ALU_OUT_REG_reg[0]  <REF_CLK (rise)>  
------------------------
Chain 11: chain_19 
  scan_in:      ScanIn_19 
  scan_out:     ScanOut_19   
  shift_enable: ScanEnable (active high) 
  clock_domain: ScanClock (edge: rise)
  length: 19
    bit 1 	U0_SYS_CTRL/ALU_OUT_REG_reg[1]  <REF_CLK (rise)>  
    bit 2 	U0_SYS_CTRL/ALU_OUT_REG_reg[2]  <REF_CLK (rise)>  
    bit 3 	U0_SYS_CTRL/ALU_OUT_REG_reg[3]  <REF_CLK (rise)>  
    bit 4 	U0_SYS_CTRL/ALU_OUT_REG_reg[4]  <REF_CLK (rise)>  
    bit 5 	U0_SYS_CTRL/ALU_OUT_REG_reg[5]  <REF_CLK (rise)>  
    bit 6 	U0_SYS_CTRL/ALU_OUT_REG_reg[6]  <REF_CLK (rise)>  
    bit 7 	U0_SYS_CTRL/ALU_OUT_REG_reg[7]  <REF_CLK (rise)>  
    bit 8 	U0_SYS_CTRL/ALU_OUT_REG_reg[8]  <REF_CLK (rise)>  
    bit 9 	U0_SYS_CTRL/ALU_OUT_REG_reg[9]  <REF_CLK (rise)>  
    bit 10 	U0_SYS_CTRL/ALU_OUT_REG_reg[10]  <REF_CLK (rise)>  
    bit 11 	U0_SYS_CTRL/ALU_OUT_REG_reg[11]  <REF_CLK (rise)>  
    bit 12 	U0_SYS_CTRL/ALU_OUT_REG_reg[12]  <REF_CLK (rise)>  
    bit 13 	U0_SYS_CTRL/ALU_OUT_REG_reg[13]  <REF_CLK (rise)>  
    bit 14 	U0_SYS_CTRL/ALU_OUT_REG_reg[14]  <REF_CLK (rise)>  
    bit 15 	U0_SYS_CTRL/ALU_OUT_REG_reg[15]  <REF_CLK (rise)>  
    bit 16 	U0_SYS_CTRL/current_state_reg[0]  <REF_CLK (rise)>  
    bit 17 	U0_SYS_CTRL/current_state_reg[1]  <REF_CLK (rise)>  
    bit 18 	U0_SYS_CTRL/current_state_reg[2]  <REF_CLK (rise)>  
    bit 19 	U0_SYS_CTRL/current_state_reg[3]  <REF_CLK (rise)>  
------------------------
Chain 12: chain_2 
  scan_in:      ScanIn_2 
  scan_out:     ScanOut_2   
  shift_enable: ScanEnable (active high) 
  clock_domain: UART_CLK (edge: rise)
  length: 18
    bit 1 	U0_Async_fifo/u_fifo_rd/DFT_tpi_xor_tree_5/DFT_CDNS_OBS_tpi_flop  <UART_CLK (rise)>  
    bit 2 	U0_Async_fifo/u_fifo_rd/DFT_tpi_xor_tree_7/DFT_CDNS_OBS_tpi_flop  <UART_CLK (rise)>  
    bit 3 	U0_Async_fifo/u_fifo_rd/gray_rd_ptr_reg[0]  <UART_CLK (rise)>  
    bit 4 	U0_Async_fifo/u_fifo_rd/gray_rd_ptr_reg[1]  <UART_CLK (rise)>  
    bit 5 	U0_Async_fifo/u_fifo_rd/gray_rd_ptr_reg[2]  <UART_CLK (rise)>  
    bit 6 	U0_Async_fifo/u_fifo_rd/gray_rd_ptr_reg[3]  <UART_CLK (rise)>  
    bit 7 	U0_Async_fifo/u_fifo_rd/rd_ptr_reg[0]  <UART_CLK (rise)>  
    bit 8 	U0_Async_fifo/u_fifo_rd/rd_ptr_reg[1]  <UART_CLK (rise)>  
    bit 9 	U0_Async_fifo/u_fifo_rd/rd_ptr_reg[2]  <UART_CLK (rise)>  
    bit 10 	U0_Async_fifo/u_fifo_rd/rd_ptr_reg[3]  <UART_CLK (rise)>  
    bit 11 	U0_Async_fifo/u_w2r_sync/sync_reg_reg[0][0]  <UART_CLK (rise)>  
    bit 12 	U0_Async_fifo/u_w2r_sync/sync_reg_reg[0][1]  <UART_CLK (rise)>  
    bit 13 	U0_Async_fifo/u_w2r_sync/sync_reg_reg[1][0]  <UART_CLK (rise)>  
    bit 14 	U0_Async_fifo/u_w2r_sync/sync_reg_reg[1][1]  <UART_CLK (rise)>  
    bit 15 	U0_Async_fifo/u_w2r_sync/sync_reg_reg[2][0]  <UART_CLK (rise)>  
    bit 16 	U0_Async_fifo/u_w2r_sync/sync_reg_reg[2][1]  <UART_CLK (rise)>  
    bit 17 	U0_Async_fifo/u_w2r_sync/sync_reg_reg[3][0]  <UART_CLK (rise)>  
    bit 18 	U0_Async_fifo/u_w2r_sync/sync_reg_reg[3][1]  <UART_CLK (rise)>  
------------------------
Chain 13: chain_20 
  scan_in:      ScanIn_20 
  scan_out:     ScanOut_20   
  shift_enable: ScanEnable (active high) 
  clock_domain: UART_CLK (edge: rise)
  length: 17
    bit 1 	U0_UART/U0_UART_TX/U0_serializer/parallel_data_reg[2]  <UART_CLK (rise)>  
    bit 2 	U0_UART/U0_UART_TX/U0_serializer/parallel_data_reg[3]  <UART_CLK (rise)>  
    bit 3 	U0_UART/U0_UART_TX/U0_serializer/parallel_data_reg[4]  <UART_CLK (rise)>  
    bit 4 	U0_UART/U0_UART_TX/U0_serializer/parallel_data_reg[5]  <UART_CLK (rise)>  
    bit 5 	U0_UART/U0_UART_TX/U0_serializer/parallel_data_reg[6]  <UART_CLK (rise)>  
    bit 6 	U0_UART/U0_UART_TX/U0_serializer/parallel_data_reg[7]  <UART_CLK (rise)>  
    bit 7 	U0_UART/U0_UART_TX/U0_serializer/ser_done_reg  <UART_CLK (rise)>  
    bit 8 	U1_Integer_Clock_Divider_RX/counter_reg[0]  <UART_CLK (rise)>  
    bit 9 	U1_Integer_Clock_Divider_RX/counter_reg[1]  <UART_CLK (rise)>  
    bit 10 	U1_Integer_Clock_Divider_RX/counter_reg[2]  <UART_CLK (rise)>  
    bit 11 	U1_Integer_Clock_Divider_RX/counter_reg[3]  <UART_CLK (rise)>  
    bit 12 	U1_Integer_Clock_Divider_RX/counter_reg[4]  <UART_CLK (rise)>  
    bit 13 	U1_Integer_Clock_Divider_RX/counter_reg[5]  <UART_CLK (rise)>  
    bit 14 	U1_Integer_Clock_Divider_RX/counter_reg[6]  <UART_CLK (rise)>  
    bit 15 	U1_Integer_Clock_Divider_RX/gen_clk_reg  <UART_CLK (rise)>  
    bit 16 	U1_RST_SYNC_UART/sync_reg_reg[0]  <UART_CLK (rise)>  
    bit 17 	U1_RST_SYNC_UART/sync_reg_reg[1]  <UART_CLK (rise)>  
------------------------
Chain 14: chain_3 
  scan_in:      ScanIn_3 
  scan_out:     ScanOut_3   
  shift_enable: ScanEnable (active high) 
  clock_domain: ScanClock (edge: rise)
  length: 20
    bit 1 	U0_Async_fifo/u_fifo_mem/FIFO_MEM_reg[0][3]  <REF_CLK (rise)>  
    bit 2 	U0_Async_fifo/u_fifo_mem/FIFO_MEM_reg[0][4]  <REF_CLK (rise)>  
    bit 3 	U0_Async_fifo/u_fifo_mem/FIFO_MEM_reg[0][5]  <REF_CLK (rise)>  
    bit 4 	U0_Async_fifo/u_fifo_mem/FIFO_MEM_reg[0][6]  <REF_CLK (rise)>  
    bit 5 	U0_Async_fifo/u_fifo_mem/FIFO_MEM_reg[0][7]  <REF_CLK (rise)>  
    bit 6 	U0_Async_fifo/u_fifo_mem/FIFO_MEM_reg[1][0]  <REF_CLK (rise)>  
    bit 7 	U0_Async_fifo/u_fifo_mem/FIFO_MEM_reg[1][1]  <REF_CLK (rise)>  
    bit 8 	U0_Async_fifo/u_fifo_mem/FIFO_MEM_reg[1][2]  <REF_CLK (rise)>  
    bit 9 	U0_Async_fifo/u_fifo_mem/FIFO_MEM_reg[1][3]  <REF_CLK (rise)>  
    bit 10 	U0_Async_fifo/u_fifo_mem/FIFO_MEM_reg[1][4]  <REF_CLK (rise)>  
    bit 11 	U0_Async_fifo/u_fifo_mem/FIFO_MEM_reg[1][5]  <REF_CLK (rise)>  
    bit 12 	U0_Async_fifo/u_fifo_mem/FIFO_MEM_reg[1][6]  <REF_CLK (rise)>  
    bit 13 	U0_Async_fifo/u_fifo_mem/FIFO_MEM_reg[1][7]  <REF_CLK (rise)>  
    bit 14 	U0_Async_fifo/u_fifo_mem/FIFO_MEM_reg[2][0]  <REF_CLK (rise)>  
    bit 15 	U0_Async_fifo/u_fifo_mem/FIFO_MEM_reg[2][1]  <REF_CLK (rise)>  
    bit 16 	U0_Async_fifo/u_fifo_mem/FIFO_MEM_reg[2][2]  <REF_CLK (rise)>  
    bit 17 	U0_Async_fifo/u_fifo_mem/FIFO_MEM_reg[2][3]  <REF_CLK (rise)>  
    bit 18 	U0_Async_fifo/u_fifo_mem/FIFO_MEM_reg[2][4]  <REF_CLK (rise)>  
    bit 19 	U0_Async_fifo/u_fifo_mem/FIFO_MEM_reg[2][5]  <REF_CLK (rise)>  
    bit 20 	U0_Async_fifo/u_fifo_mem/FIFO_MEM_reg[2][6]  <REF_CLK (rise)>  
------------------------
Chain 15: chain_4 
  scan_in:      ScanIn_4 
  scan_out:     ScanOut_4   
  shift_enable: ScanEnable (active high) 
  clock_domain: ScanClock (edge: rise)
  length: 20
    bit 1 	U0_Async_fifo/u_fifo_mem/FIFO_MEM_reg[2][7]  <REF_CLK (rise)>  
    bit 2 	U0_Async_fifo/u_fifo_mem/FIFO_MEM_reg[3][0]  <REF_CLK (rise)>  
    bit 3 	U0_Async_fifo/u_fifo_mem/FIFO_MEM_reg[3][1]  <REF_CLK (rise)>  
    bit 4 	U0_Async_fifo/u_fifo_mem/FIFO_MEM_reg[3][2]  <REF_CLK (rise)>  
    bit 5 	U0_Async_fifo/u_fifo_mem/FIFO_MEM_reg[3][3]  <REF_CLK (rise)>  
    bit 6 	U0_Async_fifo/u_fifo_mem/FIFO_MEM_reg[3][4]  <REF_CLK (rise)>  
    bit 7 	U0_Async_fifo/u_fifo_mem/FIFO_MEM_reg[3][5]  <REF_CLK (rise)>  
    bit 8 	U0_Async_fifo/u_fifo_mem/FIFO_MEM_reg[3][6]  <REF_CLK (rise)>  
    bit 9 	U0_Async_fifo/u_fifo_mem/FIFO_MEM_reg[3][7]  <REF_CLK (rise)>  
    bit 10 	U0_Async_fifo/u_fifo_mem/FIFO_MEM_reg[4][0]  <REF_CLK (rise)>  
    bit 11 	U0_Async_fifo/u_fifo_mem/FIFO_MEM_reg[4][1]  <REF_CLK (rise)>  
    bit 12 	U0_Async_fifo/u_fifo_mem/FIFO_MEM_reg[4][2]  <REF_CLK (rise)>  
    bit 13 	U0_Async_fifo/u_fifo_mem/FIFO_MEM_reg[4][3]  <REF_CLK (rise)>  
    bit 14 	U0_Async_fifo/u_fifo_mem/FIFO_MEM_reg[4][4]  <REF_CLK (rise)>  
    bit 15 	U0_Async_fifo/u_fifo_mem/FIFO_MEM_reg[4][5]  <REF_CLK (rise)>  
    bit 16 	U0_Async_fifo/u_fifo_mem/FIFO_MEM_reg[4][6]  <REF_CLK (rise)>  
    bit 17 	U0_Async_fifo/u_fifo_mem/FIFO_MEM_reg[4][7]  <REF_CLK (rise)>  
    bit 18 	U0_Async_fifo/u_fifo_mem/FIFO_MEM_reg[5][0]  <REF_CLK (rise)>  
    bit 19 	U0_Async_fifo/u_fifo_mem/FIFO_MEM_reg[5][1]  <REF_CLK (rise)>  
    bit 20 	U0_Async_fifo/u_fifo_mem/FIFO_MEM_reg[5][2]  <REF_CLK (rise)>  
------------------------
Chain 16: chain_5 
  scan_in:      ScanIn_5 
  scan_out:     ScanOut_5   
  shift_enable: ScanEnable (active high) 
  clock_domain: UART_CLK (edge: rise)
  length: 18
    bit 1 	U0_Integer_Clock_Divider_TX/counter_reg[0]  <UART_CLK (rise)>  
    bit 2 	U0_Integer_Clock_Divider_TX/counter_reg[1]  <UART_CLK (rise)>  
    bit 3 	U0_Integer_Clock_Divider_TX/counter_reg[2]  <UART_CLK (rise)>  
    bit 4 	U0_Integer_Clock_Divider_TX/counter_reg[3]  <UART_CLK (rise)>  
    bit 5 	U0_Integer_Clock_Divider_TX/counter_reg[4]  <UART_CLK (rise)>  
    bit 6 	U0_Integer_Clock_Divider_TX/counter_reg[5]  <UART_CLK (rise)>  
    bit 7 	U0_Integer_Clock_Divider_TX/counter_reg[6]  <UART_CLK (rise)>  
    bit 8 	U0_Integer_Clock_Divider_TX/gen_clk_reg  <UART_CLK (rise)>  
    bit 9 	U0_PULSE_GEN/pls_flop_reg  <UART_CLK (rise)>  
    bit 10 	U0_PULSE_GEN/rcv_flop_reg  <UART_CLK (rise)>  
    bit 11 	U0_UART/U0_UART_RX/U0_FSM/DFT_tpi_xor_tree_2/DFT_CDNS_OBS_tpi_flop  <UART_CLK (rise)>  
    bit 12 	U0_UART/U0_UART_RX/U0_FSM/DFT_tpi_xor_tree_3/DFT_CDNS_OBS_tpi_flop  <UART_CLK (rise)>  
    bit 13 	U0_UART/U0_UART_RX/U0_FSM/DFT_tpi_xor_tree_4/DFT_CDNS_OBS_tpi_flop  <UART_CLK (rise)>  
    bit 14 	U0_UART/U0_UART_RX/U0_FSM/DFT_tpi_xor_tree_6/DFT_CDNS_OBS_tpi_flop  <UART_CLK (rise)>  
    bit 15 	U0_UART/U0_UART_RX/U0_FSM/DFT_tpi_xor_tree_9/DFT_CDNS_OBS_tpi_flop  <UART_CLK (rise)>  
    bit 16 	U0_UART/U0_UART_RX/U0_FSM/current_state_reg[0]  <UART_CLK (rise)>  
    bit 17 	U0_UART/U0_UART_RX/U0_FSM/current_state_reg[1]  <UART_CLK (rise)>  
    bit 18 	U0_UART/U0_UART_RX/U0_FSM/current_state_reg[2]  <UART_CLK (rise)>  
------------------------
Chain 17: chain_6 
  scan_in:      ScanIn_6 
  scan_out:     ScanOut_6   
  shift_enable: ScanEnable (active high) 
  clock_domain: ScanClock (edge: rise)
  length: 20
    bit 1 	U0_Async_fifo/u_fifo_mem/FIFO_MEM_reg[5][3]  <REF_CLK (rise)>  
    bit 2 	U0_Async_fifo/u_fifo_mem/FIFO_MEM_reg[5][4]  <REF_CLK (rise)>  
    bit 3 	U0_Async_fifo/u_fifo_mem/FIFO_MEM_reg[5][5]  <REF_CLK (rise)>  
    bit 4 	U0_Async_fifo/u_fifo_mem/FIFO_MEM_reg[5][6]  <REF_CLK (rise)>  
    bit 5 	U0_Async_fifo/u_fifo_mem/FIFO_MEM_reg[5][7]  <REF_CLK (rise)>  
    bit 6 	U0_Async_fifo/u_fifo_mem/FIFO_MEM_reg[6][0]  <REF_CLK (rise)>  
    bit 7 	U0_Async_fifo/u_fifo_mem/FIFO_MEM_reg[6][1]  <REF_CLK (rise)>  
    bit 8 	U0_Async_fifo/u_fifo_mem/FIFO_MEM_reg[6][2]  <REF_CLK (rise)>  
    bit 9 	U0_Async_fifo/u_fifo_mem/FIFO_MEM_reg[6][3]  <REF_CLK (rise)>  
    bit 10 	U0_Async_fifo/u_fifo_mem/FIFO_MEM_reg[6][4]  <REF_CLK (rise)>  
    bit 11 	U0_Async_fifo/u_fifo_mem/FIFO_MEM_reg[6][5]  <REF_CLK (rise)>  
    bit 12 	U0_Async_fifo/u_fifo_mem/FIFO_MEM_reg[6][6]  <REF_CLK (rise)>  
    bit 13 	U0_Async_fifo/u_fifo_mem/FIFO_MEM_reg[6][7]  <REF_CLK (rise)>  
    bit 14 	U0_Async_fifo/u_fifo_mem/FIFO_MEM_reg[7][0]  <REF_CLK (rise)>  
    bit 15 	U0_Async_fifo/u_fifo_mem/FIFO_MEM_reg[7][1]  <REF_CLK (rise)>  
    bit 16 	U0_Async_fifo/u_fifo_mem/FIFO_MEM_reg[7][2]  <REF_CLK (rise)>  
    bit 17 	U0_Async_fifo/u_fifo_mem/FIFO_MEM_reg[7][3]  <REF_CLK (rise)>  
    bit 18 	U0_Async_fifo/u_fifo_mem/FIFO_MEM_reg[7][4]  <REF_CLK (rise)>  
    bit 19 	U0_Async_fifo/u_fifo_mem/FIFO_MEM_reg[7][5]  <REF_CLK (rise)>  
    bit 20 	U0_Async_fifo/u_fifo_mem/FIFO_MEM_reg[7][6]  <REF_CLK (rise)>  
------------------------
Chain 18: chain_7 
  scan_in:      ScanIn_7 
  scan_out:     ScanOut_7   
  shift_enable: ScanEnable (active high) 
  clock_domain: ScanClock (edge: rise)
  length: 20
    bit 1 	U0_Async_fifo/u_fifo_mem/FIFO_MEM_reg[7][7]  <REF_CLK (rise)>  
    bit 2 	U0_Async_fifo/u_fifo_wr/gray_w_ptr_reg[0]  <REF_CLK (rise)>  
    bit 3 	U0_Async_fifo/u_fifo_wr/gray_w_ptr_reg[1]  <REF_CLK (rise)>  
    bit 4 	U0_Async_fifo/u_fifo_wr/gray_w_ptr_reg[2]  <REF_CLK (rise)>  
    bit 5 	U0_Async_fifo/u_fifo_wr/gray_w_ptr_reg[3]  <REF_CLK (rise)>  
    bit 6 	U0_Async_fifo/u_fifo_wr/w_ptr_reg[0]  <REF_CLK (rise)>  
    bit 7 	U0_Async_fifo/u_fifo_wr/w_ptr_reg[1]  <REF_CLK (rise)>  
    bit 8 	U0_Async_fifo/u_fifo_wr/w_ptr_reg[2]  <REF_CLK (rise)>  
    bit 9 	U0_Async_fifo/u_fifo_wr/w_ptr_reg[3]  <REF_CLK (rise)>  
    bit 10 	U0_Async_fifo/u_r2w_sync/sync_reg_reg[0][0]  <REF_CLK (rise)>  
    bit 11 	U0_Async_fifo/u_r2w_sync/sync_reg_reg[0][1]  <REF_CLK (rise)>  
    bit 12 	U0_Async_fifo/u_r2w_sync/sync_reg_reg[1][0]  <REF_CLK (rise)>  
    bit 13 	U0_Async_fifo/u_r2w_sync/sync_reg_reg[1][1]  <REF_CLK (rise)>  
    bit 14 	U0_Async_fifo/u_r2w_sync/sync_reg_reg[2][0]  <REF_CLK (rise)>  
    bit 15 	U0_Async_fifo/u_r2w_sync/sync_reg_reg[2][1]  <REF_CLK (rise)>  
    bit 16 	U0_Async_fifo/u_r2w_sync/sync_reg_reg[3][0]  <REF_CLK (rise)>  
    bit 17 	U0_Async_fifo/u_r2w_sync/sync_reg_reg[3][1]  <REF_CLK (rise)>  
    bit 18 	U0_DATA_SYNC/enable_flop_reg  <REF_CLK (rise)>  
    bit 19 	U0_DATA_SYNC/enable_pulse_reg  <REF_CLK (rise)>  
    bit 20 	U0_DATA_SYNC/sync_bus_reg[0]  <REF_CLK (rise)>  
------------------------
Chain 19: chain_8 
  scan_in:      ScanIn_8 
  scan_out:     ScanOut_8   
  shift_enable: ScanEnable (active high) 
  clock_domain: ScanClock (edge: rise)
  length: 20
    bit 1 	U0_DATA_SYNC/sync_bus_reg[1]  <REF_CLK (rise)>  
    bit 2 	U0_DATA_SYNC/sync_bus_reg[2]  <REF_CLK (rise)>  
    bit 3 	U0_DATA_SYNC/sync_bus_reg[3]  <REF_CLK (rise)>  
    bit 4 	U0_DATA_SYNC/sync_bus_reg[4]  <REF_CLK (rise)>  
    bit 5 	U0_DATA_SYNC/sync_bus_reg[5]  <REF_CLK (rise)>  
    bit 6 	U0_DATA_SYNC/sync_bus_reg[6]  <REF_CLK (rise)>  
    bit 7 	U0_DATA_SYNC/sync_bus_reg[7]  <REF_CLK (rise)>  
    bit 8 	U0_DATA_SYNC/sync_reg_reg[0]  <REF_CLK (rise)>  
    bit 9 	U0_DATA_SYNC/sync_reg_reg[1]  <REF_CLK (rise)>  
    bit 10 	U0_RST_SYNC_REF/sync_reg_reg[0]  <REF_CLK (rise)>  
    bit 11 	U0_RST_SYNC_REF/sync_reg_reg[1]  <REF_CLK (rise)>  
    bit 12 	U0_Register_File/Memory_reg[0][0]  <REF_CLK (rise)>  
    bit 13 	U0_Register_File/Memory_reg[0][1]  <REF_CLK (rise)>  
    bit 14 	U0_Register_File/Memory_reg[0][2]  <REF_CLK (rise)>  
    bit 15 	U0_Register_File/Memory_reg[0][3]  <REF_CLK (rise)>  
    bit 16 	U0_Register_File/Memory_reg[0][4]  <REF_CLK (rise)>  
    bit 17 	U0_Register_File/Memory_reg[0][5]  <REF_CLK (rise)>  
    bit 18 	U0_Register_File/Memory_reg[0][6]  <REF_CLK (rise)>  
    bit 19 	U0_Register_File/Memory_reg[0][7]  <REF_CLK (rise)>  
    bit 20 	U0_Register_File/Memory_reg[1][0]  <REF_CLK (rise)>  
------------------------
Chain 20: chain_9 
  scan_in:      ScanIn_9 
  scan_out:     ScanOut_9   
  shift_enable: ScanEnable (active high) 
  clock_domain: UART_CLK (edge: rise)
  length: 18
    bit 1 	U0_UART/U0_UART_RX/U0_data_sampling/DFT_tpi_xor_tree_0/DFT_CDNS_OBS_tpi_flop  <UART_CLK (rise)>  
    bit 2 	U0_UART/U0_UART_RX/U0_data_sampling/DFT_tpi_xor_tree_11/DFT_CDNS_OBS_tpi_flop  <UART_CLK (rise)>  
    bit 3 	U0_UART/U0_UART_RX/U0_data_sampling/sampled_bit_reg  <UART_CLK (rise)>  
    bit 4 	U0_UART/U0_UART_RX/U0_data_sampling/sampled_data_reg[0]  <UART_CLK (rise)>  
    bit 5 	U0_UART/U0_UART_RX/U0_data_sampling/sampled_data_reg[1]  <UART_CLK (rise)>  
    bit 6 	U0_UART/U0_UART_RX/U0_data_sampling/sampled_data_reg[2]  <UART_CLK (rise)>  
    bit 7 	U0_UART/U0_UART_RX/U0_deserializer/DFT_tpi_xor_tree_15/DFT_CDNS_OBS_tpi_flop  <UART_CLK (rise)>  
    bit 8 	U0_UART/U0_UART_RX/U0_deserializer/P_DATA_reg[0]  <UART_CLK (rise)>  
    bit 9 	U0_UART/U0_UART_RX/U0_deserializer/P_DATA_reg[1]  <UART_CLK (rise)>  
    bit 10 	U0_UART/U0_UART_RX/U0_deserializer/P_DATA_reg[2]  <UART_CLK (rise)>  
    bit 11 	U0_UART/U0_UART_RX/U0_deserializer/P_DATA_reg[3]  <UART_CLK (rise)>  
    bit 12 	U0_UART/U0_UART_RX/U0_deserializer/P_DATA_reg[4]  <UART_CLK (rise)>  
    bit 13 	U0_UART/U0_UART_RX/U0_deserializer/P_DATA_reg[5]  <UART_CLK (rise)>  
    bit 14 	U0_UART/U0_UART_RX/U0_deserializer/P_DATA_reg[6]  <UART_CLK (rise)>  
    bit 15 	U0_UART/U0_UART_RX/U0_deserializer/P_DATA_reg[7]  <UART_CLK (rise)>  
    bit 16 	U0_UART/U0_UART_RX/U0_edge_bit_counter/DFT_tpi_xor_tree_10/DFT_CDNS_OBS_tpi_flop  <UART_CLK (rise)>  
    bit 17 	U0_UART/U0_UART_RX/U0_edge_bit_counter/DFT_tpi_xor_tree_14/DFT_CDNS_OBS_tpi_flop  <UART_CLK (rise)>  
    bit 18 	U0_UART/U0_UART_RX/U0_edge_bit_counter/bit_cnt_reg[0]  <UART_CLK (rise)>  
------------------------

