============================================================
  Generated by:           Genus(TM) Synthesis Solution 25.10-p002_1
  Generated on:           Jul 04 2026  01:24:27 pm
  Module:                 TOP
  Operating conditions:   slow (balanced_tree)
  Wireload mode:          enclosed
  Area mode:              timing library
============================================================

           Instance                          Module                Cell-Count  Cell-Area  Net-Area   Total-Area   Wireload  
----------------------------------------------------------------------------------------------------------------------------
TOP                           NA                                         1917   6006.888     0.000     6006.888 <none> (D)  
  U0_ALU_16B                  ALU_16B                                     413    963.414     0.000      963.414 <none> (D)  
  U0_Async_fifo               Async_fifo_D_SIZE8_F_DEPTH8_P_SIZE4         274   1145.016     0.000     1145.016 <none> (D)  
    u_fifo_mem                fifo_mem_D_SIZE8_F_DEPTH8_P_SIZE4           201    801.990     0.000      801.990 <none> (D)  
      DFT_tpi_xor_tree_18     DFT_xor_tree_2                                2      8.892     0.000        8.892 <none> (D)  
    u_fifo_rd                 fifo_rd_P_SIZE4                              28    104.310     0.000      104.310 <none> (D)  
    u_fifo_wr                 fifo_wr_P_SIZE4                              27    104.652     0.000      104.652 <none> (D)  
    u_r2w_sync                BIT_SYNC_NUM_STAGES2_BUS_WIDTH4_1             9     67.032     0.000       67.032 <none> (D)  
    u_w2r_sync                BIT_SYNC_NUM_STAGES2_BUS_WIDTH4               9     67.032     0.000       67.032 <none> (D)  
  U0_CLKDIV_MUX               CLKDIV_MUX                                    6     11.628     0.000       11.628 <none> (D)  
  U0_CLK_GATE                 CLK_GATE                                      3      8.892     0.000        8.892 <none> (D)  
  U0_DATA_SYNC                DATA_SYNC_NUM_STAGES2_BUS_WIDTH8             24    121.410     0.000      121.410 <none> (D)  
  U0_Integer_Clock_Divider_TX Integer_Clock_Divider                        65    153.216     0.000      153.216 <none> (D)  
  U0_PULSE_GEN                PULSE_GEN                                     4     19.152     0.000       19.152 <none> (D)  
  U0_RST_SYNC_REF             RST_SYNC_NUM_STAGES2                          3     17.784     0.000       17.784 <none> (D)  
  U0_Register_File            Register_File                               409   1676.142     0.000     1676.142 <none> (D)  
  U0_SYS_CTRL                 SYS_CTRL                                    139    391.248     0.000      391.248 <none> (D)  
    DFT_tpi_xor_tree_19       DFT_xor_tree_2_800                            2      8.892     0.000        8.892 <none> (D)  
  U0_UART                     UART                                        529   1358.082     0.000     1358.082 <none> (D)  
    U0_UART_RX                UART_RX                                     402    941.184     0.000      941.184 <none> (D)  
      U0_FSM                  UART_RX_FSM                                  83    172.026     0.000      172.026 <none> (D)  
        DFT_tpi_xor_tree_1    DFT_xor_tree_780                              8     21.204     0.000       21.204 <none> (D)  
        DFT_tpi_xor_tree_17   DFT_xor_tree_1                                6     17.100     0.000       17.100 <none> (D)  
        DFT_tpi_xor_tree_2    DFT_xor_tree_781                              8     21.204     0.000       21.204 <none> (D)  
      U0_data_sampling        UART_RX_data_sampling                        52    112.518     0.000      112.518 <none> (D)  
      U0_deserializer         UART_RX_deserializer                         51    140.562     0.000      140.562 <none> (D)  
        DFT_tpi_xor_tree_15   DFT_xor_tree_794                              8     21.204     0.000       21.204 <none> (D)  
      U0_edge_bit_counter     UART_RX_edge_bit_counter                     80    202.122     0.000      202.122 <none> (D)  
        DFT_tpi_xor_tree_13   DFT_xor_tree_792                              8     21.204     0.000       21.204 <none> (D)  
        DFT_tpi_xor_tree_4    DFT_xor_tree_783                              8     21.204     0.000       21.204 <none> (D)  
        DFT_tpi_xor_tree_9    DFT_xor_tree_788                              8     21.204     0.000       21.204 <none> (D)  
      U0_parity_check         UART_RX_parity_check                         49    120.726     0.000      120.726 <none> (D)  
        DFT_tpi_xor_tree_11   DFT_xor_tree_790                              8     21.204     0.000       21.204 <none> (D)  
        DFT_tpi_xor_tree_3    DFT_xor_tree_782                              8     21.204     0.000       21.204 <none> (D)  
      U0_stop_check           UART_RX_stop_check                           39     84.816     0.000       84.816 <none> (D)  
        DFT_tpi_xor_tree_14   DFT_xor_tree_793                              8     21.204     0.000       21.204 <none> (D)  
        DFT_tpi_xor_tree_5    DFT_xor_tree_784                              8     21.204     0.000       21.204 <none> (D)  
      U0_strt_check           UART_RX_strt_check                           48    108.414     0.000      108.414 <none> (D)  
        DFT_tpi_xor_tree_0    DFT_xor_tree                                  8     21.204     0.000       21.204 <none> (D)  
        DFT_tpi_xor_tree_12   DFT_xor_tree_791                              8     21.204     0.000       21.204 <none> (D)  
        DFT_tpi_xor_tree_8    DFT_xor_tree_787                              8     21.204     0.000       21.204 <none> (D)  
    U0_UART_TX                UART_TX                                     127    416.898     0.000      416.898 <none> (D)  
      U0_FSM                  UART_TX_FSM                                  16     41.724     0.000       41.724 <none> (D)  
      U0_MUX                  UART_TX_MUX                                   3      4.788     0.000        4.788 <none> (D)  
      U0_parity_Calc          UART_TX_parity_Calc                          43    150.480     0.000      150.480 <none> (D)  
        DFT_tpi_xor_tree_10   DFT_xor_tree_789                              8     21.204     0.000       21.204 <none> (D)  
        DFT_tpi_xor_tree_6    DFT_xor_tree_785                              8     21.204     0.000       21.204 <none> (D)  
      U0_serializer           UART_TX_serializer                           65    219.906     0.000      219.906 <none> (D)  
        DFT_tpi_xor_tree_16   DFT_xor_tree_795                              8     21.204     0.000       21.204 <none> (D)  
        DFT_tpi_xor_tree_7    DFT_xor_tree_786                              8     21.204     0.000       21.204 <none> (D)  
  U1_Integer_Clock_Divider_RX Integer_Clock_Divider_1                      44    122.436     0.000      122.436 <none> (D)  
  U1_RST_SYNC_UART            RST_SYNC_NUM_STAGES2_1                        3     17.784     0.000       17.784 <none> (D)  
  (D) = wireload is default in technology library
