============================================================
  Generated by:           Genus(TM) Synthesis Solution 25.10-p002_1
  Generated on:           Jul 04 2026  01:24:27 pm
  Module:                 TOP
  Operating conditions:   slow (balanced_tree)
  Wireload mode:          enclosed
  Area mode:              timing library
============================================================

Timing
--------

   Clock      Period  
----------------------
ALU_CLK       20000.0 
REF_CLK       20000.0 
UART_CLK     271267.0 
UART_RX_CLK  271267.0 
UART_TX_CLK 8680544.0 


    Cost      Critical         Violating 
   Group     Path Slack  TNS     Paths   
-----------------------------------------
ALU_CLK         11638.2   0.0          0 
default        No paths   0.0            
REF_CLK         17682.0   0.0          0 
UART_CLK       216548.9   0.0          0 
UART_RX_CLK    215387.8   0.0          0 
UART_TX_CLK    268367.8   0.0          0 
-----------------------------------------
Total                     0.0          0 

Instance Count
--------------
Leaf Instance Count             1917 
Physical Instance count            0 
Sequential Instance Count        382 
Combinational Instance Count    1535 
Hierarchical Instance Count       51 

Area
----
Cell Area                          6006.888
Physical Cell Area                 0.000
Total Cell Area (Cell+Physical)    6006.888
Net Area                           0.000
Total Area (Cell+Physical+Net)     6006.888

Max Fanout                         385 (ScanEnable)
Min Fanout                         0 (U0_ALU_16B/n_425_BAR)
Average Fanout                     2.8
Terms to net ratio                 3.9700
Terms to instance ratio            4.1398
Runtime                            76.42811699999999 seconds
Elapsed Runtime                    210 seconds
Genus peak memory usage            2217.93 
Innovus peak memory usage          no_value 
Hostname                           Pine-06
