============================================================
  Generated by:           Genus(TM) Synthesis Solution 25.10-p002_1
  Generated on:           Jul 04 2026  02:11:43 pm
  Operating conditions:   slow (balanced_tree)
  Wireload mode:          enclosed
  Area mode:              timing library
============================================================

                                      
   Gate    Instances   Area   Library 
--------------------------------------
ADDFX1            63  323.190    slow 
ADDHX1             4   15.048    slow 
AND2X1           127  173.736    slow 
AND2XL            17   23.256    slow 
AO21XL             1    2.394    slow 
AO22XL             1    2.736    slow 
AOI211XL          12   24.624    slow 
AOI21X1           19   32.490    slow 
AOI21XL            4    6.840    slow 
AOI221X1          34   81.396    slow 
AOI222X1           8   24.624    slow 
AOI22X1           97  199.044    slow 
AOI22XL           16   32.832    slow 
AOI2BB1X1          6   12.312    slow 
AOI31X1            2    4.104    slow 
AOI32X1            1    2.394    slow 
AOI33XL            2    4.788    slow 
CLKXOR2X1         36   98.496    slow 
INVX1            100   68.400    slow 
INVXL              2    1.368    slow 
MX2X1            181  433.314    slow 
MX2XL             82  196.308    slow 
MXI2XL             6   14.364    slow 
NAND2BX1          56   76.608    slow 
NAND2BXL           3    4.104    slow 
NAND2X1          107  109.782    slow 
NAND2XL            6    6.156    slow 
NAND3BXL          14   23.940    slow 
NAND3X1            6   10.260    slow 
NAND4BX1           3    7.182    slow 
NAND4XL           26   44.460    slow 
NOR2BX1           54   73.872    slow 
NOR2X1           111  113.886    slow 
NOR2XL            10   10.260    slow 
NOR3BX1            1    2.052    slow 
NOR3BXL            2    4.104    slow 
NOR3X1             3    5.130    slow 
NOR3XL             3    5.130    slow 
NOR4BBX1           5   13.680    slow 
NOR4BX1            4    9.576    slow 
NOR4X1            12   20.520    slow 
OA21X1            12   24.624    slow 
OA22X1             2    4.788    slow 
OAI211X1          31   53.010    slow 
OAI21X1           21   35.910    slow 
OAI221X1           2    4.788    slow 
OAI222X1           1    2.736    slow 
OAI22X1           12   24.624    slow 
OAI2BB1X1         42   71.820    slow 
OAI31X1            1    2.052    slow 
OAI32X1            4    9.576    slow 
OR2X1             51   69.768    slow 
OR2XL              1    1.368    slow 
OR3X1              3    6.156    slow 
OR3XL              1    2.052    slow 
OR4X1              5   10.260    slow 
SDFFQX1           20  150.480    slow 
SDFFRHQX1        354 2905.632    slow 
SDFFSXL            4   42.408    slow 
TLATNCAX2          1    5.472    slow 
XNOR2X1           60  143.640    slow 
XOR2XL            25   68.400    slow 
--------------------------------------
total           1900 5958.324         
                                                       
            Type             Instances   Area   Area % 
-------------------------------------------------------
sequential                         378 3098.520   52.0 
inverter                           102   69.768    1.2 
clock_gating_integrated_cell         1    5.472    0.1 
logic                             1419 2784.564   46.7 
physical_cells                       0    0.000    0.0 
-------------------------------------------------------
total                             1900 5958.324  100.0 
