============================================================
  Generated by:           Genus(TM) Synthesis Solution 25.10-p002_1
  Generated on:           Jul 04 2026  02:11:42 pm
  Module:                 TOP
  Operating conditions:   slow (balanced_tree)
  Wireload mode:          enclosed
  Area mode:              timing library
============================================================


Path 1: MET (11638 ps) Setup Check with Pin U0_ALU_16B/ALU_OUT_reg[0]/CK->D
          Group: ALU_CLK
     Startpoint: (R) U0_Register_File/Memory_reg[1][6]/CK
          Clock: (R) REF_CLK
       Endpoint: (F) U0_ALU_16B/ALU_OUT_reg[0]/D
          Clock: (R) ALU_CLK

                     Capture       Launch     
        Clock Edge:+   20000            0     
       Src Latency:+       0            0     
       Net Latency:+       0 (I)        0 (I) 
           Arrival:=   20000            0     
                                              
             Setup:-     114                  
       Uncertainty:-     200                  
     Required Time:=   19686                  
      Launch Clock:-       0                  
         Data Path:-    8048                  
             Slack:=   11638                  

#--------------------------------------------------------------------------------------------------------------
#            Timing Point              Flags    Arc   Edge   Cell     Fanout Load Trans Delay Arrival Instance 
#                                                                            (fF)  (ps)  (ps)   (ps)  Location 
#--------------------------------------------------------------------------------------------------------------
  U0_Register_File/Memory_reg[1][6]/CK -       -      R     (arrival)    258    -     0     0       0    (-,-) 
  U0_Register_File/Memory_reg[1][6]/Q  -       CK->Q  F     SDFFRHQX1     20 13.6   236   347     347    (-,-) 
  U0_ALU_16B/div_67_27_g1958__1666/Y   -       B->Y   F     OR2X1          2  1.5    48   170     517    (-,-) 
  U0_ALU_16B/div_67_27_g1956__2883/Y   -       B->Y   F     OR2X1          2  1.5    48   109     626    (-,-) 
  U0_ALU_16B/div_67_27_g1955__9945/Y   -       B->Y   F     OR2X1          2  1.5    50   109     735    (-,-) 
  U0_ALU_16B/div_67_27_g1954__9315/Y   -       B->Y   F     OR2X1          2  1.5    51   109     844    (-,-) 
  U0_ALU_16B/div_67_27_g1953__6161/Y   -       B->Y   R     NOR2X1         2  1.6    97    56     900    (-,-) 
  U0_ALU_16B/div_67_27_g1951__4733/Y   -       C0->Y  F     OAI211X1       2  1.7   168   130    1029    (-,-) 
  U0_ALU_16B/div_67_27_g1949__7482/Y   -       B->Y   R     NAND2X1        2  1.3    68    80    1110    (-,-) 
  U0_ALU_16B/div_67_27_g1948__5115/Y   -       A1->Y  F     AOI221X1       3  2.0   169   118    1227    (-,-) 
  U0_ALU_16B/div_67_27_g1946__6131/Y   -       A1N->Y F     OAI2BB1X1      3  2.7   125   165    1392    (-,-) 
  U0_ALU_16B/div_67_27_g1945__7098/Y   -       S0->Y  F     MX2X1          2  1.5    53   150    1543    (-,-) 
  U0_ALU_16B/div_67_27_g1943__5122/Y   -       A1->Y  R     AOI22X1        1  0.9   128    78    1620    (-,-) 
  U0_ALU_16B/div_67_27_g1942__1705/Y   -       B0->Y  F     AOI2BB1X1      1  0.6    38    68    1688    (-,-) 
  U0_ALU_16B/div_67_27_g1941__2802/Y   -       C0->Y  R     AOI211XL       5  4.3   414   225    1913    (-,-) 
  U0_ALU_16B/div_67_27_g1936__8428/Y   -       A1->Y  F     AOI22X1        2  2.5   185   230    2142    (-,-) 
  U0_ALU_16B/div_67_27_g1935__4319/CO  -       CI->CO F     ADDFX1         1  1.9    82   231    2373    (-,-) 
  U0_ALU_16B/div_67_27_g1934__6260/CO  -       CI->CO F     ADDFX1         1  0.9    67   188    2561    (-,-) 
  U0_ALU_16B/div_67_27_g1933__5107/Y   -       B1->Y  R     AOI221X1       6  5.5   332   215    2776    (-,-) 
  U0_ALU_16B/div_67_27_g1927__2346/Y   -       A1->Y  F     AOI22X1        2  2.5   174   203    2979    (-,-) 
  U0_ALU_16B/div_67_27_g1926__2883/CO  -       CI->CO F     ADDFX1         1  1.9    83   227    3206    (-,-) 
  U0_ALU_16B/div_67_27_g1925__9945/CO  -       CI->CO F     ADDFX1         1  1.9    82   197    3402    (-,-) 
  U0_ALU_16B/div_67_27_g1924__9315/CO  -       CI->CO F     ADDFX1         1  0.8    65   187    3589    (-,-) 
  U0_ALU_16B/div_67_27_g1923__6161/Y   -       A1->Y  R     AOI221X1       7  6.8   390   262    3851    (-,-) 
  U0_ALU_16B/div_67_27_g1916__8246/Y   -       A1->Y  F     AOI22X1        2  2.5   182   222    4073    (-,-) 
  U0_ALU_16B/div_67_27_g1915__5122/CO  -       CI->CO F     ADDFX1         1  1.9    83   230    4302    (-,-) 
  U0_ALU_16B/div_67_27_g1914__1705/CO  -       CI->CO F     ADDFX1         1  1.9    82   197    4499    (-,-) 
  U0_ALU_16B/div_67_27_g1913__2802/CO  -       CI->CO F     ADDFX1         1  1.9    82   196    4696    (-,-) 
  U0_ALU_16B/div_67_27_g1912__1617/CO  -       CI->CO F     ADDFX1         1  0.9    67   188    4883    (-,-) 
  U0_ALU_16B/div_67_27_g1911__3680/Y   -       B1->Y  R     AOI221X1       8  8.2   450   277    5160    (-,-) 
  U0_ALU_16B/div_67_27_g1908__5526/Y   -       B->Y   F     NAND2X1        1  0.9   116   186    5346    (-,-) 
  U0_ALU_16B/div_67_27_g1902__5477/Y   -       B1->Y  R     AOI22X1        2  2.7   147   103    5449    (-,-) 
  U0_ALU_16B/div_67_27_g1901__6417/CO  -       CI->CO R     ADDFX1         1  1.9    73   229    5678    (-,-) 
  U0_ALU_16B/div_67_27_g1900__7410/CO  -       CI->CO R     ADDFX1         1  1.9    72   205    5883    (-,-) 
  U0_ALU_16B/div_67_27_g1899__1666/CO  -       CI->CO R     ADDFX1         1  1.9    72   204    6087    (-,-) 
  U0_ALU_16B/div_67_27_g1898__2346/CO  -       CI->CO R     ADDFX1         1  1.9    72   204    6292    (-,-) 
  U0_ALU_16B/div_67_27_g1897__2883/CO  -       CI->CO R     ADDFX1         1  0.9    58   197    6488    (-,-) 
  U0_ALU_16B/div_67_27_g1896__9945/Y   -       B1->Y  F     AOI221X1       8  6.7   304   172    6661    (-,-) 
  U0_ALU_16B/div_67_27_g1895/Y         -       A->Y   R     INVX1          6  5.2   126   157    6818    (-,-) 
  U0_ALU_16B/div_67_27_g1887__6131/Y   -       A1->Y  F     OAI22X1        2  1.6   135   123    6941    (-,-) 
  U0_ALU_16B/div_67_27_g1886/Y         -       A->Y   R     INVX1          1  0.8    33    63    7003    (-,-) 
  U0_ALU_16B/div_67_27_g1882__1705/Y   -       A1->Y  F     AOI22X1        1  0.9   120    78    7082    (-,-) 
  U0_ALU_16B/div_67_27_g1880__1617/Y   -       B0->Y  R     AOI221X1       1  0.9   132   135    7216    (-,-) 
  U0_ALU_16B/div_67_27_g1879__3680/Y   -       C0->Y  F     AOI221X1       1  0.9   130    70    7286    (-,-) 
  U0_ALU_16B/div_67_27_g1878__6783/Y   -       C0->Y  R     AOI221X1       1  0.6   119    98    7385    (-,-) 
  U0_ALU_16B/div_67_27_g1877__5526/Y   -       B1->Y  R     OA22X1         1  0.9    43   157    7542    (-,-) 
  U0_ALU_16B/div_67_27_g1876__8428/Y   -       C0->Y  F     AOI221X1       1  0.8   120    35    7577    (-,-) 
  U0_ALU_16B/div_67_27_g1875/Y         -       A->Y   R     INVX1          1  0.9    32    58    7635    (-,-) 
  U0_ALU_16B/div_67_27_g1874__4319/Y   -       B0->Y  F     OAI21X1        1  0.9    78    59    7694    (-,-) 
  U0_ALU_16B/g5641__1705/Y             -       B->Y   R     NAND2X1        1  0.8    39    44    7738    (-,-) 
  U0_ALU_16B/g5615__6131/Y             -       C0->Y  F     OAI211X1       1  0.6   117    84    7822    (-,-) 
  U0_ALU_16B/g5569__7410/Y             -       D->Y   F     OR4X1          1  0.8    74   226    8048    (-,-) 
  U0_ALU_16B/ALU_OUT_reg[0]/D          -       -      F     SDFFRHQX1      1    -     -     0    8048    (-,-) 
#--------------------------------------------------------------------------------------------------------------



Path 2: MET (11644 ps) Setup Check with Pin U0_ALU_16B/ALU_OUT_reg[0]/CK->D
          Group: ALU_CLK
     Startpoint: (R) U0_Register_File/Memory_reg[1][6]/CK
          Clock: (R) REF_CLK
       Endpoint: (F) U0_ALU_16B/ALU_OUT_reg[0]/D
          Clock: (R) ALU_CLK

                     Capture       Launch     
        Clock Edge:+   20000            0     
       Src Latency:+       0            0     
       Net Latency:+       0 (I)        0 (I) 
           Arrival:=   20000            0     
                                              
             Setup:-     114                  
       Uncertainty:-     200                  
     Required Time:=   19686                  
      Launch Clock:-       0                  
         Data Path:-    8042                  
             Slack:=   11644                  

#--------------------------------------------------------------------------------------------------------------
#            Timing Point              Flags    Arc   Edge   Cell     Fanout Load Trans Delay Arrival Instance 
#                                                                            (fF)  (ps)  (ps)   (ps)  Location 
#--------------------------------------------------------------------------------------------------------------
  U0_Register_File/Memory_reg[1][6]/CK -       -      R     (arrival)    258    -     0     0       0    (-,-) 
  U0_Register_File/Memory_reg[1][6]/Q  -       CK->Q  F     SDFFRHQX1     20 13.6   236   347     347    (-,-) 
  U0_ALU_16B/div_67_27_g1958__1666/Y   -       B->Y   F     OR2X1          2  1.5    48   170     517    (-,-) 
  U0_ALU_16B/div_67_27_g1956__2883/Y   -       B->Y   F     OR2X1          2  1.5    48   109     626    (-,-) 
  U0_ALU_16B/div_67_27_g1955__9945/Y   -       B->Y   F     OR2X1          2  1.5    50   109     735    (-,-) 
  U0_ALU_16B/div_67_27_g1954__9315/Y   -       B->Y   F     OR2X1          2  1.5    51   109     844    (-,-) 
  U0_ALU_16B/div_67_27_g1953__6161/Y   -       B->Y   R     NOR2X1         2  1.6    97    56     900    (-,-) 
  U0_ALU_16B/div_67_27_g1951__4733/Y   -       C0->Y  F     OAI211X1       2  1.7   168   130    1029    (-,-) 
  U0_ALU_16B/div_67_27_g1949__7482/Y   -       B->Y   R     NAND2X1        2  1.3    68    80    1110    (-,-) 
  U0_ALU_16B/div_67_27_g1948__5115/Y   -       A1->Y  F     AOI221X1       3  2.0   169   118    1227    (-,-) 
  U0_ALU_16B/div_67_27_g1946__6131/Y   -       A1N->Y F     OAI2BB1X1      3  2.7   125   165    1392    (-,-) 
  U0_ALU_16B/div_67_27_g1945__7098/Y   -       S0->Y  F     MX2X1          2  1.5    53   150    1543    (-,-) 
  U0_ALU_16B/div_67_27_g1943__5122/Y   -       A1->Y  R     AOI22X1        1  0.9   128    78    1620    (-,-) 
  U0_ALU_16B/div_67_27_g1942__1705/Y   -       B0->Y  F     AOI2BB1X1      1  0.6    38    68    1688    (-,-) 
  U0_ALU_16B/div_67_27_g1941__2802/Y   -       C0->Y  R     AOI211XL       5  4.3   414   225    1913    (-,-) 
  U0_ALU_16B/div_67_27_g1939__3680/Y   -       B->Y   F     NAND2X1        1  0.9   109   174    2086    (-,-) 
  U0_ALU_16B/div_67_27_g1936__8428/Y   -       B1->Y  R     AOI22X1        2  2.5   141    97    2184    (-,-) 
  U0_ALU_16B/div_67_27_g1935__4319/CO  -       CI->CO R     ADDFX1         1  1.9    73   227    2411    (-,-) 
  U0_ALU_16B/div_67_27_g1934__6260/CO  -       CI->CO R     ADDFX1         1  0.9    58   197    2608    (-,-) 
  U0_ALU_16B/div_67_27_g1933__5107/Y   -       B1->Y  F     AOI221X1       6  5.7   278   156    2764    (-,-) 
  U0_ALU_16B/div_67_27_g1931__5477/Y   -       B->Y   R     NAND2X1        1  0.8    75   118    2882    (-,-) 
  U0_ALU_16B/div_67_27_g1927__2346/Y   -       B1->Y  F     AOI22X1        2  2.5   174    90    2972    (-,-) 
  U0_ALU_16B/div_67_27_g1926__2883/CO  -       CI->CO F     ADDFX1         1  1.9    83   227    3199    (-,-) 
  U0_ALU_16B/div_67_27_g1925__9945/CO  -       CI->CO F     ADDFX1         1  1.9    82   197    3396    (-,-) 
  U0_ALU_16B/div_67_27_g1924__9315/CO  -       CI->CO F     ADDFX1         1  0.8    65   187    3583    (-,-) 
  U0_ALU_16B/div_67_27_g1923__6161/Y   -       A1->Y  R     AOI221X1       7  6.8   390   262    3845    (-,-) 
  U0_ALU_16B/div_67_27_g1916__8246/Y   -       A1->Y  F     AOI22X1        2  2.5   182   222    4066    (-,-) 
  U0_ALU_16B/div_67_27_g1915__5122/CO  -       CI->CO F     ADDFX1         1  1.9    83   230    4296    (-,-) 
  U0_ALU_16B/div_67_27_g1914__1705/CO  -       CI->CO F     ADDFX1         1  1.9    82   197    4493    (-,-) 
  U0_ALU_16B/div_67_27_g1913__2802/CO  -       CI->CO F     ADDFX1         1  1.9    82   196    4689    (-,-) 
  U0_ALU_16B/div_67_27_g1912__1617/CO  -       CI->CO F     ADDFX1         1  0.9    67   188    4877    (-,-) 
  U0_ALU_16B/div_67_27_g1911__3680/Y   -       B1->Y  R     AOI221X1       8  8.2   450   277    5154    (-,-) 
  U0_ALU_16B/div_67_27_g1908__5526/Y   -       B->Y   F     NAND2X1        1  0.9   116   186    5340    (-,-) 
  U0_ALU_16B/div_67_27_g1902__5477/Y   -       B1->Y  R     AOI22X1        2  2.7   147   103    5442    (-,-) 
  U0_ALU_16B/div_67_27_g1901__6417/CO  -       CI->CO R     ADDFX1         1  1.9    73   229    5672    (-,-) 
  U0_ALU_16B/div_67_27_g1900__7410/CO  -       CI->CO R     ADDFX1         1  1.9    72   205    5876    (-,-) 
  U0_ALU_16B/div_67_27_g1899__1666/CO  -       CI->CO R     ADDFX1         1  1.9    72   204    6081    (-,-) 
  U0_ALU_16B/div_67_27_g1898__2346/CO  -       CI->CO R     ADDFX1         1  1.9    72   204    6285    (-,-) 
  U0_ALU_16B/div_67_27_g1897__2883/CO  -       CI->CO R     ADDFX1         1  0.9    58   197    6482    (-,-) 
  U0_ALU_16B/div_67_27_g1896__9945/Y   -       B1->Y  F     AOI221X1       8  6.7   304   172    6654    (-,-) 
  U0_ALU_16B/div_67_27_g1895/Y         -       A->Y   R     INVX1          6  5.2   126   157    6811    (-,-) 
  U0_ALU_16B/div_67_27_g1887__6131/Y   -       A1->Y  F     OAI22X1        2  1.6   135   123    6934    (-,-) 
  U0_ALU_16B/div_67_27_g1886/Y         -       A->Y   R     INVX1          1  0.8    33    63    6997    (-,-) 
  U0_ALU_16B/div_67_27_g1882__1705/Y   -       A1->Y  F     AOI22X1        1  0.9   120    78    7075    (-,-) 
  U0_ALU_16B/div_67_27_g1880__1617/Y   -       B0->Y  R     AOI221X1       1  0.9   132   135    7210    (-,-) 
  U0_ALU_16B/div_67_27_g1879__3680/Y   -       C0->Y  F     AOI221X1       1  0.9   130    70    7280    (-,-) 
  U0_ALU_16B/div_67_27_g1878__6783/Y   -       C0->Y  R     AOI221X1       1  0.6   119    98    7379    (-,-) 
  U0_ALU_16B/div_67_27_g1877__5526/Y   -       B1->Y  R     OA22X1         1  0.9    43   157    7536    (-,-) 
  U0_ALU_16B/div_67_27_g1876__8428/Y   -       C0->Y  F     AOI221X1       1  0.8   120    35    7571    (-,-) 
  U0_ALU_16B/div_67_27_g1875/Y         -       A->Y   R     INVX1          1  0.9    32    58    7629    (-,-) 
  U0_ALU_16B/div_67_27_g1874__4319/Y   -       B0->Y  F     OAI21X1        1  0.9    78    59    7688    (-,-) 
  U0_ALU_16B/g5641__1705/Y             -       B->Y   R     NAND2X1        1  0.8    39    44    7731    (-,-) 
  U0_ALU_16B/g5615__6131/Y             -       C0->Y  F     OAI211X1       1  0.6   117    84    7816    (-,-) 
  U0_ALU_16B/g5569__7410/Y             -       D->Y   F     OR4X1          1  0.8    74   226    8042    (-,-) 
  U0_ALU_16B/ALU_OUT_reg[0]/D          -       -      F     SDFFRHQX1      1    -     -     0    8042    (-,-) 
#--------------------------------------------------------------------------------------------------------------



Path 3: MET (11651 ps) Setup Check with Pin U0_ALU_16B/ALU_OUT_reg[0]/CK->D
          Group: ALU_CLK
     Startpoint: (R) U0_Register_File/Memory_reg[1][7]/CK
          Clock: (R) REF_CLK
       Endpoint: (F) U0_ALU_16B/ALU_OUT_reg[0]/D
          Clock: (R) ALU_CLK

                     Capture       Launch     
        Clock Edge:+   20000            0     
       Src Latency:+       0            0     
       Net Latency:+       0 (I)        0 (I) 
           Arrival:=   20000            0     
                                              
             Setup:-     114                  
       Uncertainty:-     200                  
     Required Time:=   19686                  
      Launch Clock:-       0                  
         Data Path:-    8035                  
             Slack:=   11651                  

#--------------------------------------------------------------------------------------------------------------
#            Timing Point              Flags    Arc   Edge   Cell     Fanout Load Trans Delay Arrival Instance 
#                                                                            (fF)  (ps)  (ps)   (ps)  Location 
#--------------------------------------------------------------------------------------------------------------
  U0_Register_File/Memory_reg[1][7]/CK -       -      R     (arrival)    258    -     0     0       0    (-,-) 
  U0_Register_File/Memory_reg[1][7]/Q  -       CK->Q  F     SDFFRHQX1     18 12.2   214   336     336    (-,-) 
  U0_ALU_16B/div_67_27_g1958__1666/Y   -       A->Y   F     OR2X1          2  1.5    48   168     504    (-,-) 
  U0_ALU_16B/div_67_27_g1956__2883/Y   -       B->Y   F     OR2X1          2  1.5    48   109     613    (-,-) 
  U0_ALU_16B/div_67_27_g1955__9945/Y   -       B->Y   F     OR2X1          2  1.5    50   109     722    (-,-) 
  U0_ALU_16B/div_67_27_g1954__9315/Y   -       B->Y   F     OR2X1          2  1.5    51   109     831    (-,-) 
  U0_ALU_16B/div_67_27_g1953__6161/Y   -       B->Y   R     NOR2X1         2  1.6    97    56     887    (-,-) 
  U0_ALU_16B/div_67_27_g1951__4733/Y   -       C0->Y  F     OAI211X1       2  1.7   168   130    1016    (-,-) 
  U0_ALU_16B/div_67_27_g1949__7482/Y   -       B->Y   R     NAND2X1        2  1.3    68    80    1096    (-,-) 
  U0_ALU_16B/div_67_27_g1948__5115/Y   -       A1->Y  F     AOI221X1       3  2.0   169   118    1214    (-,-) 
  U0_ALU_16B/div_67_27_g1946__6131/Y   -       A1N->Y F     OAI2BB1X1      3  2.7   125   165    1379    (-,-) 
  U0_ALU_16B/div_67_27_g1945__7098/Y   -       S0->Y  F     MX2X1          2  1.5    53   150    1530    (-,-) 
  U0_ALU_16B/div_67_27_g1943__5122/Y   -       A1->Y  R     AOI22X1        1  0.9   128    78    1607    (-,-) 
  U0_ALU_16B/div_67_27_g1942__1705/Y   -       B0->Y  F     AOI2BB1X1      1  0.6    38    68    1675    (-,-) 
  U0_ALU_16B/div_67_27_g1941__2802/Y   -       C0->Y  R     AOI211XL       5  4.3   414   225    1900    (-,-) 
  U0_ALU_16B/div_67_27_g1936__8428/Y   -       A1->Y  F     AOI22X1        2  2.5   185   230    2129    (-,-) 
  U0_ALU_16B/div_67_27_g1935__4319/CO  -       CI->CO F     ADDFX1         1  1.9    82   231    2360    (-,-) 
  U0_ALU_16B/div_67_27_g1934__6260/CO  -       CI->CO F     ADDFX1         1  0.9    67   188    2548    (-,-) 
  U0_ALU_16B/div_67_27_g1933__5107/Y   -       B1->Y  R     AOI221X1       6  5.5   332   215    2763    (-,-) 
  U0_ALU_16B/div_67_27_g1927__2346/Y   -       A1->Y  F     AOI22X1        2  2.5   174   203    2966    (-,-) 
  U0_ALU_16B/div_67_27_g1926__2883/CO  -       CI->CO F     ADDFX1         1  1.9    83   227    3192    (-,-) 
  U0_ALU_16B/div_67_27_g1925__9945/CO  -       CI->CO F     ADDFX1         1  1.9    82   197    3389    (-,-) 
  U0_ALU_16B/div_67_27_g1924__9315/CO  -       CI->CO F     ADDFX1         1  0.8    65   187    3576    (-,-) 
  U0_ALU_16B/div_67_27_g1923__6161/Y   -       A1->Y  R     AOI221X1       7  6.8   390   262    3838    (-,-) 
  U0_ALU_16B/div_67_27_g1916__8246/Y   -       A1->Y  F     AOI22X1        2  2.5   182   222    4060    (-,-) 
  U0_ALU_16B/div_67_27_g1915__5122/CO  -       CI->CO F     ADDFX1         1  1.9    83   230    4289    (-,-) 
  U0_ALU_16B/div_67_27_g1914__1705/CO  -       CI->CO F     ADDFX1         1  1.9    82   197    4486    (-,-) 
  U0_ALU_16B/div_67_27_g1913__2802/CO  -       CI->CO F     ADDFX1         1  1.9    82   196    4682    (-,-) 
  U0_ALU_16B/div_67_27_g1912__1617/CO  -       CI->CO F     ADDFX1         1  0.9    67   188    4870    (-,-) 
  U0_ALU_16B/div_67_27_g1911__3680/Y   -       B1->Y  R     AOI221X1       8  8.2   450   277    5147    (-,-) 
  U0_ALU_16B/div_67_27_g1908__5526/Y   -       B->Y   F     NAND2X1        1  0.9   116   186    5333    (-,-) 
  U0_ALU_16B/div_67_27_g1902__5477/Y   -       B1->Y  R     AOI22X1        2  2.7   147   103    5436    (-,-) 
  U0_ALU_16B/div_67_27_g1901__6417/CO  -       CI->CO R     ADDFX1         1  1.9    73   229    5665    (-,-) 
  U0_ALU_16B/div_67_27_g1900__7410/CO  -       CI->CO R     ADDFX1         1  1.9    72   205    5870    (-,-) 
  U0_ALU_16B/div_67_27_g1899__1666/CO  -       CI->CO R     ADDFX1         1  1.9    72   204    6074    (-,-) 
  U0_ALU_16B/div_67_27_g1898__2346/CO  -       CI->CO R     ADDFX1         1  1.9    72   204    6278    (-,-) 
  U0_ALU_16B/div_67_27_g1897__2883/CO  -       CI->CO R     ADDFX1         1  0.9    58   197    6475    (-,-) 
  U0_ALU_16B/div_67_27_g1896__9945/Y   -       B1->Y  F     AOI221X1       8  6.7   304   172    6648    (-,-) 
  U0_ALU_16B/div_67_27_g1895/Y         -       A->Y   R     INVX1          6  5.2   126   157    6805    (-,-) 
  U0_ALU_16B/div_67_27_g1887__6131/Y   -       A1->Y  F     OAI22X1        2  1.6   135   123    6928    (-,-) 
  U0_ALU_16B/div_67_27_g1886/Y         -       A->Y   R     INVX1          1  0.8    33    63    6990    (-,-) 
  U0_ALU_16B/div_67_27_g1882__1705/Y   -       A1->Y  F     AOI22X1        1  0.9   120    78    7068    (-,-) 
  U0_ALU_16B/div_67_27_g1880__1617/Y   -       B0->Y  R     AOI221X1       1  0.9   132   135    7203    (-,-) 
  U0_ALU_16B/div_67_27_g1879__3680/Y   -       C0->Y  F     AOI221X1       1  0.9   130    70    7273    (-,-) 
  U0_ALU_16B/div_67_27_g1878__6783/Y   -       C0->Y  R     AOI221X1       1  0.6   119    98    7372    (-,-) 
  U0_ALU_16B/div_67_27_g1877__5526/Y   -       B1->Y  R     OA22X1         1  0.9    43   157    7529    (-,-) 
  U0_ALU_16B/div_67_27_g1876__8428/Y   -       C0->Y  F     AOI221X1       1  0.8   120    35    7564    (-,-) 
  U0_ALU_16B/div_67_27_g1875/Y         -       A->Y   R     INVX1          1  0.9    32    58    7622    (-,-) 
  U0_ALU_16B/div_67_27_g1874__4319/Y   -       B0->Y  F     OAI21X1        1  0.9    78    59    7681    (-,-) 
  U0_ALU_16B/g5641__1705/Y             -       B->Y   R     NAND2X1        1  0.8    39    44    7724    (-,-) 
  U0_ALU_16B/g5615__6131/Y             -       C0->Y  F     OAI211X1       1  0.6   117    84    7809    (-,-) 
  U0_ALU_16B/g5569__7410/Y             -       D->Y   F     OR4X1          1  0.8    74   226    8035    (-,-) 
  U0_ALU_16B/ALU_OUT_reg[0]/D          -       -      F     SDFFRHQX1      1    -     -     0    8035    (-,-) 
#--------------------------------------------------------------------------------------------------------------



Path 4: MET (11652 ps) Setup Check with Pin U0_ALU_16B/ALU_OUT_reg[0]/CK->D
          Group: ALU_CLK
     Startpoint: (R) U0_Register_File/Memory_reg[1][6]/CK
          Clock: (R) REF_CLK
       Endpoint: (F) U0_ALU_16B/ALU_OUT_reg[0]/D
          Clock: (R) ALU_CLK

                     Capture       Launch     
        Clock Edge:+   20000            0     
       Src Latency:+       0            0     
       Net Latency:+       0 (I)        0 (I) 
           Arrival:=   20000            0     
                                              
             Setup:-     114                  
       Uncertainty:-     200                  
     Required Time:=   19686                  
      Launch Clock:-       0                  
         Data Path:-    8034                  
             Slack:=   11652                  

#--------------------------------------------------------------------------------------------------------------
#            Timing Point              Flags    Arc   Edge   Cell     Fanout Load Trans Delay Arrival Instance 
#                                                                            (fF)  (ps)  (ps)   (ps)  Location 
#--------------------------------------------------------------------------------------------------------------
  U0_Register_File/Memory_reg[1][6]/CK -       -      R     (arrival)    258    -     0     0       0    (-,-) 
  U0_Register_File/Memory_reg[1][6]/Q  -       CK->Q  F     SDFFRHQX1     20 13.6   236   347     347    (-,-) 
  U0_ALU_16B/div_67_27_g1958__1666/Y   -       B->Y   F     OR2X1          2  1.5    48   170     517    (-,-) 
  U0_ALU_16B/div_67_27_g1956__2883/Y   -       B->Y   F     OR2X1          2  1.5    48   109     626    (-,-) 
  U0_ALU_16B/div_67_27_g1955__9945/Y   -       B->Y   F     OR2X1          2  1.5    50   109     735    (-,-) 
  U0_ALU_16B/div_67_27_g1954__9315/Y   -       B->Y   F     OR2X1          2  1.5    51   109     844    (-,-) 
  U0_ALU_16B/div_67_27_g1953__6161/Y   -       B->Y   R     NOR2X1         2  1.6    97    56     900    (-,-) 
  U0_ALU_16B/div_67_27_g1951__4733/Y   -       C0->Y  F     OAI211X1       2  1.7   168   130    1029    (-,-) 
  U0_ALU_16B/div_67_27_g1949__7482/Y   -       B->Y   R     NAND2X1        2  1.3    68    80    1110    (-,-) 
  U0_ALU_16B/div_67_27_g1948__5115/Y   -       A1->Y  F     AOI221X1       3  2.0   169   118    1227    (-,-) 
  U0_ALU_16B/div_67_27_g1946__6131/Y   -       A1N->Y F     OAI2BB1X1      3  2.7   125   165    1392    (-,-) 
  U0_ALU_16B/div_67_27_g1945__7098/Y   -       S0->Y  F     MX2X1          2  1.5    53   150    1543    (-,-) 
  U0_ALU_16B/div_67_27_g1943__5122/Y   -       A1->Y  R     AOI22X1        1  0.9   128    78    1620    (-,-) 
  U0_ALU_16B/div_67_27_g1942__1705/Y   -       B0->Y  F     AOI2BB1X1      1  0.6    38    68    1688    (-,-) 
  U0_ALU_16B/div_67_27_g1941__2802/Y   -       C0->Y  R     AOI211XL       5  4.3   414   225    1913    (-,-) 
  U0_ALU_16B/div_67_27_g1936__8428/Y   -       A1->Y  F     AOI22X1        2  2.5   185   230    2142    (-,-) 
  U0_ALU_16B/div_67_27_g1935__4319/CO  -       CI->CO F     ADDFX1         1  1.9    82   231    2373    (-,-) 
  U0_ALU_16B/div_67_27_g1934__6260/CO  -       CI->CO F     ADDFX1         1  0.9    67   188    2561    (-,-) 
  U0_ALU_16B/div_67_27_g1933__5107/Y   -       B1->Y  R     AOI221X1       6  5.5   332   215    2776    (-,-) 
  U0_ALU_16B/div_67_27_g1931__5477/Y   -       B->Y   F     NAND2X1        1  0.9    93   146    2922    (-,-) 
  U0_ALU_16B/div_67_27_g1927__2346/Y   -       B1->Y  R     AOI22X1        2  2.5   144    92    3014    (-,-) 
  U0_ALU_16B/div_67_27_g1926__2883/CO  -       CI->CO R     ADDFX1         1  1.9    73   228    3242    (-,-) 
  U0_ALU_16B/div_67_27_g1925__9945/CO  -       CI->CO R     ADDFX1         1  1.9    72   205    3447    (-,-) 
  U0_ALU_16B/div_67_27_g1924__9315/CO  -       CI->CO R     ADDFX1         1  0.8    57   196    3642    (-,-) 
  U0_ALU_16B/div_67_27_g1923__6161/Y   -       A1->Y  F     AOI221X1       7  6.9   310   195    3838    (-,-) 
  U0_ALU_16B/div_67_27_g1921__7482/Y   -       B->Y   R     NAND2X1        1  0.8    76   130    3968    (-,-) 
  U0_ALU_16B/div_67_27_g1916__8246/Y   -       B1->Y  F     AOI22X1        2  2.5   182    91    4059    (-,-) 
  U0_ALU_16B/div_67_27_g1915__5122/CO  -       CI->CO F     ADDFX1         1  1.9    83   230    4288    (-,-) 
  U0_ALU_16B/div_67_27_g1914__1705/CO  -       CI->CO F     ADDFX1         1  1.9    82   197    4485    (-,-) 
  U0_ALU_16B/div_67_27_g1913__2802/CO  -       CI->CO F     ADDFX1         1  1.9    82   196    4682    (-,-) 
  U0_ALU_16B/div_67_27_g1912__1617/CO  -       CI->CO F     ADDFX1         1  0.9    67   188    4870    (-,-) 
  U0_ALU_16B/div_67_27_g1911__3680/Y   -       B1->Y  R     AOI221X1       8  8.2   450   277    5146    (-,-) 
  U0_ALU_16B/div_67_27_g1908__5526/Y   -       B->Y   F     NAND2X1        1  0.9   116   186    5332    (-,-) 
  U0_ALU_16B/div_67_27_g1902__5477/Y   -       B1->Y  R     AOI22X1        2  2.7   147   103    5435    (-,-) 
  U0_ALU_16B/div_67_27_g1901__6417/CO  -       CI->CO R     ADDFX1         1  1.9    73   229    5664    (-,-) 
  U0_ALU_16B/div_67_27_g1900__7410/CO  -       CI->CO R     ADDFX1         1  1.9    72   205    5869    (-,-) 
  U0_ALU_16B/div_67_27_g1899__1666/CO  -       CI->CO R     ADDFX1         1  1.9    72   204    6073    (-,-) 
  U0_ALU_16B/div_67_27_g1898__2346/CO  -       CI->CO R     ADDFX1         1  1.9    72   204    6278    (-,-) 
  U0_ALU_16B/div_67_27_g1897__2883/CO  -       CI->CO R     ADDFX1         1  0.9    58   197    6474    (-,-) 
  U0_ALU_16B/div_67_27_g1896__9945/Y   -       B1->Y  F     AOI221X1       8  6.7   304   172    6647    (-,-) 
  U0_ALU_16B/div_67_27_g1895/Y         -       A->Y   R     INVX1          6  5.2   126   157    6804    (-,-) 
  U0_ALU_16B/div_67_27_g1887__6131/Y   -       A1->Y  F     OAI22X1        2  1.6   135   123    6927    (-,-) 
  U0_ALU_16B/div_67_27_g1886/Y         -       A->Y   R     INVX1          1  0.8    33    63    6989    (-,-) 
  U0_ALU_16B/div_67_27_g1882__1705/Y   -       A1->Y  F     AOI22X1        1  0.9   120    78    7068    (-,-) 
  U0_ALU_16B/div_67_27_g1880__1617/Y   -       B0->Y  R     AOI221X1       1  0.9   132   135    7202    (-,-) 
  U0_ALU_16B/div_67_27_g1879__3680/Y   -       C0->Y  F     AOI221X1       1  0.9   130    70    7273    (-,-) 
  U0_ALU_16B/div_67_27_g1878__6783/Y   -       C0->Y  R     AOI221X1       1  0.6   119    98    7371    (-,-) 
  U0_ALU_16B/div_67_27_g1877__5526/Y   -       B1->Y  R     OA22X1         1  0.9    43   157    7528    (-,-) 
  U0_ALU_16B/div_67_27_g1876__8428/Y   -       C0->Y  F     AOI221X1       1  0.8   120    35    7563    (-,-) 
  U0_ALU_16B/div_67_27_g1875/Y         -       A->Y   R     INVX1          1  0.9    32    58    7621    (-,-) 
  U0_ALU_16B/div_67_27_g1874__4319/Y   -       B0->Y  F     OAI21X1        1  0.9    78    59    7680    (-,-) 
  U0_ALU_16B/g5641__1705/Y             -       B->Y   R     NAND2X1        1  0.8    39    44    7724    (-,-) 
  U0_ALU_16B/g5615__6131/Y             -       C0->Y  F     OAI211X1       1  0.6   117    84    7808    (-,-) 
  U0_ALU_16B/g5569__7410/Y             -       D->Y   F     OR4X1          1  0.8    74   226    8034    (-,-) 
  U0_ALU_16B/ALU_OUT_reg[0]/D          -       -      F     SDFFRHQX1      1    -     -     0    8034    (-,-) 
#--------------------------------------------------------------------------------------------------------------



Path 5: MET (11658 ps) Setup Check with Pin U0_ALU_16B/ALU_OUT_reg[0]/CK->D
          Group: ALU_CLK
     Startpoint: (R) U0_Register_File/Memory_reg[1][7]/CK
          Clock: (R) REF_CLK
       Endpoint: (F) U0_ALU_16B/ALU_OUT_reg[0]/D
          Clock: (R) ALU_CLK

                     Capture       Launch     
        Clock Edge:+   20000            0     
       Src Latency:+       0            0     
       Net Latency:+       0 (I)        0 (I) 
           Arrival:=   20000            0     
                                              
             Setup:-     114                  
       Uncertainty:-     200                  
     Required Time:=   19686                  
      Launch Clock:-       0                  
         Data Path:-    8029                  
             Slack:=   11658                  

#--------------------------------------------------------------------------------------------------------------
#            Timing Point              Flags    Arc   Edge   Cell     Fanout Load Trans Delay Arrival Instance 
#                                                                            (fF)  (ps)  (ps)   (ps)  Location 
#--------------------------------------------------------------------------------------------------------------
  U0_Register_File/Memory_reg[1][7]/CK -       -      R     (arrival)    258    -     0     0       0    (-,-) 
  U0_Register_File/Memory_reg[1][7]/Q  -       CK->Q  F     SDFFRHQX1     18 12.2   214   336     336    (-,-) 
  U0_ALU_16B/div_67_27_g1958__1666/Y   -       A->Y   F     OR2X1          2  1.5    48   168     504    (-,-) 
  U0_ALU_16B/div_67_27_g1956__2883/Y   -       B->Y   F     OR2X1          2  1.5    48   109     613    (-,-) 
  U0_ALU_16B/div_67_27_g1955__9945/Y   -       B->Y   F     OR2X1          2  1.5    50   109     722    (-,-) 
  U0_ALU_16B/div_67_27_g1954__9315/Y   -       B->Y   F     OR2X1          2  1.5    51   109     831    (-,-) 
  U0_ALU_16B/div_67_27_g1953__6161/Y   -       B->Y   R     NOR2X1         2  1.6    97    56     887    (-,-) 
  U0_ALU_16B/div_67_27_g1951__4733/Y   -       C0->Y  F     OAI211X1       2  1.7   168   130    1016    (-,-) 
  U0_ALU_16B/div_67_27_g1949__7482/Y   -       B->Y   R     NAND2X1        2  1.3    68    80    1096    (-,-) 
  U0_ALU_16B/div_67_27_g1948__5115/Y   -       A1->Y  F     AOI221X1       3  2.0   169   118    1214    (-,-) 
  U0_ALU_16B/div_67_27_g1946__6131/Y   -       A1N->Y F     OAI2BB1X1      3  2.7   125   165    1379    (-,-) 
  U0_ALU_16B/div_67_27_g1945__7098/Y   -       S0->Y  F     MX2X1          2  1.5    53   150    1530    (-,-) 
  U0_ALU_16B/div_67_27_g1943__5122/Y   -       A1->Y  R     AOI22X1        1  0.9   128    78    1607    (-,-) 
  U0_ALU_16B/div_67_27_g1942__1705/Y   -       B0->Y  F     AOI2BB1X1      1  0.6    38    68    1675    (-,-) 
  U0_ALU_16B/div_67_27_g1941__2802/Y   -       C0->Y  R     AOI211XL       5  4.3   414   225    1900    (-,-) 
  U0_ALU_16B/div_67_27_g1939__3680/Y   -       B->Y   F     NAND2X1        1  0.9   109   174    2073    (-,-) 
  U0_ALU_16B/div_67_27_g1936__8428/Y   -       B1->Y  R     AOI22X1        2  2.5   141    97    2170    (-,-) 
  U0_ALU_16B/div_67_27_g1935__4319/CO  -       CI->CO R     ADDFX1         1  1.9    73   227    2398    (-,-) 
  U0_ALU_16B/div_67_27_g1934__6260/CO  -       CI->CO R     ADDFX1         1  0.9    58   197    2594    (-,-) 
  U0_ALU_16B/div_67_27_g1933__5107/Y   -       B1->Y  F     AOI221X1       6  5.7   278   156    2750    (-,-) 
  U0_ALU_16B/div_67_27_g1931__5477/Y   -       B->Y   R     NAND2X1        1  0.8    75   118    2869    (-,-) 
  U0_ALU_16B/div_67_27_g1927__2346/Y   -       B1->Y  F     AOI22X1        2  2.5   174    90    2959    (-,-) 
  U0_ALU_16B/div_67_27_g1926__2883/CO  -       CI->CO F     ADDFX1         1  1.9    83   227    3186    (-,-) 
  U0_ALU_16B/div_67_27_g1925__9945/CO  -       CI->CO F     ADDFX1         1  1.9    82   197    3383    (-,-) 
  U0_ALU_16B/div_67_27_g1924__9315/CO  -       CI->CO F     ADDFX1         1  0.8    65   187    3570    (-,-) 
  U0_ALU_16B/div_67_27_g1923__6161/Y   -       A1->Y  R     AOI221X1       7  6.8   390   262    3832    (-,-) 
  U0_ALU_16B/div_67_27_g1916__8246/Y   -       A1->Y  F     AOI22X1        2  2.5   182   222    4053    (-,-) 
  U0_ALU_16B/div_67_27_g1915__5122/CO  -       CI->CO F     ADDFX1         1  1.9    83   230    4283    (-,-) 
  U0_ALU_16B/div_67_27_g1914__1705/CO  -       CI->CO F     ADDFX1         1  1.9    82   197    4480    (-,-) 
  U0_ALU_16B/div_67_27_g1913__2802/CO  -       CI->CO F     ADDFX1         1  1.9    82   196    4676    (-,-) 
  U0_ALU_16B/div_67_27_g1912__1617/CO  -       CI->CO F     ADDFX1         1  0.9    67   188    4864    (-,-) 
  U0_ALU_16B/div_67_27_g1911__3680/Y   -       B1->Y  R     AOI221X1       8  8.2   450   277    5141    (-,-) 
  U0_ALU_16B/div_67_27_g1908__5526/Y   -       B->Y   F     NAND2X1        1  0.9   116   186    5327    (-,-) 
  U0_ALU_16B/div_67_27_g1902__5477/Y   -       B1->Y  R     AOI22X1        2  2.7   147   103    5429    (-,-) 
  U0_ALU_16B/div_67_27_g1901__6417/CO  -       CI->CO R     ADDFX1         1  1.9    73   229    5658    (-,-) 
  U0_ALU_16B/div_67_27_g1900__7410/CO  -       CI->CO R     ADDFX1         1  1.9    72   205    5863    (-,-) 
  U0_ALU_16B/div_67_27_g1899__1666/CO  -       CI->CO R     ADDFX1         1  1.9    72   204    6068    (-,-) 
  U0_ALU_16B/div_67_27_g1898__2346/CO  -       CI->CO R     ADDFX1         1  1.9    72   204    6272    (-,-) 
  U0_ALU_16B/div_67_27_g1897__2883/CO  -       CI->CO R     ADDFX1         1  0.9    58   197    6469    (-,-) 
  U0_ALU_16B/div_67_27_g1896__9945/Y   -       B1->Y  F     AOI221X1       8  6.7   304   172    6641    (-,-) 
  U0_ALU_16B/div_67_27_g1895/Y         -       A->Y   R     INVX1          6  5.2   126   157    6798    (-,-) 
  U0_ALU_16B/div_67_27_g1887__6131/Y   -       A1->Y  F     OAI22X1        2  1.6   135   123    6921    (-,-) 
  U0_ALU_16B/div_67_27_g1886/Y         -       A->Y   R     INVX1          1  0.8    33    63    6984    (-,-) 
  U0_ALU_16B/div_67_27_g1882__1705/Y   -       A1->Y  F     AOI22X1        1  0.9   120    78    7062    (-,-) 
  U0_ALU_16B/div_67_27_g1880__1617/Y   -       B0->Y  R     AOI221X1       1  0.9   132   135    7197    (-,-) 
  U0_ALU_16B/div_67_27_g1879__3680/Y   -       C0->Y  F     AOI221X1       1  0.9   130    70    7267    (-,-) 
  U0_ALU_16B/div_67_27_g1878__6783/Y   -       C0->Y  R     AOI221X1       1  0.6   119    98    7366    (-,-) 
  U0_ALU_16B/div_67_27_g1877__5526/Y   -       B1->Y  R     OA22X1         1  0.9    43   157    7522    (-,-) 
  U0_ALU_16B/div_67_27_g1876__8428/Y   -       C0->Y  F     AOI221X1       1  0.8   120    35    7558    (-,-) 
  U0_ALU_16B/div_67_27_g1875/Y         -       A->Y   R     INVX1          1  0.9    32    58    7616    (-,-) 
  U0_ALU_16B/div_67_27_g1874__4319/Y   -       B0->Y  F     OAI21X1        1  0.9    78    59    7674    (-,-) 
  U0_ALU_16B/g5641__1705/Y             -       B->Y   R     NAND2X1        1  0.8    39    44    7718    (-,-) 
  U0_ALU_16B/g5615__6131/Y             -       C0->Y  F     OAI211X1       1  0.6   117    84    7803    (-,-) 
  U0_ALU_16B/g5569__7410/Y             -       D->Y   F     OR4X1          1  0.8    74   226    8029    (-,-) 
  U0_ALU_16B/ALU_OUT_reg[0]/D          -       -      F     SDFFRHQX1      1    -     -     0    8029    (-,-) 
#--------------------------------------------------------------------------------------------------------------



Path 6: MET (11665 ps) Setup Check with Pin U0_ALU_16B/ALU_OUT_reg[0]/CK->D
          Group: ALU_CLK
     Startpoint: (R) U0_Register_File/Memory_reg[1][7]/CK
          Clock: (R) REF_CLK
       Endpoint: (F) U0_ALU_16B/ALU_OUT_reg[0]/D
          Clock: (R) ALU_CLK

                     Capture       Launch     
        Clock Edge:+   20000            0     
       Src Latency:+       0            0     
       Net Latency:+       0 (I)        0 (I) 
           Arrival:=   20000            0     
                                              
             Setup:-     114                  
       Uncertainty:-     200                  
     Required Time:=   19686                  
      Launch Clock:-       0                  
         Data Path:-    8021                  
             Slack:=   11665                  

#--------------------------------------------------------------------------------------------------------------
#            Timing Point              Flags    Arc   Edge   Cell     Fanout Load Trans Delay Arrival Instance 
#                                                                            (fF)  (ps)  (ps)   (ps)  Location 
#--------------------------------------------------------------------------------------------------------------
  U0_Register_File/Memory_reg[1][7]/CK -       -      R     (arrival)    258    -     0     0       0    (-,-) 
  U0_Register_File/Memory_reg[1][7]/Q  -       CK->Q  F     SDFFRHQX1     18 12.2   214   336     336    (-,-) 
  U0_ALU_16B/div_67_27_g1958__1666/Y   -       A->Y   F     OR2X1          2  1.5    48   168     504    (-,-) 
  U0_ALU_16B/div_67_27_g1956__2883/Y   -       B->Y   F     OR2X1          2  1.5    48   109     613    (-,-) 
  U0_ALU_16B/div_67_27_g1955__9945/Y   -       B->Y   F     OR2X1          2  1.5    50   109     722    (-,-) 
  U0_ALU_16B/div_67_27_g1954__9315/Y   -       B->Y   F     OR2X1          2  1.5    51   109     831    (-,-) 
  U0_ALU_16B/div_67_27_g1953__6161/Y   -       B->Y   R     NOR2X1         2  1.6    97    56     887    (-,-) 
  U0_ALU_16B/div_67_27_g1951__4733/Y   -       C0->Y  F     OAI211X1       2  1.7   168   130    1016    (-,-) 
  U0_ALU_16B/div_67_27_g1949__7482/Y   -       B->Y   R     NAND2X1        2  1.3    68    80    1096    (-,-) 
  U0_ALU_16B/div_67_27_g1948__5115/Y   -       A1->Y  F     AOI221X1       3  2.0   169   118    1214    (-,-) 
  U0_ALU_16B/div_67_27_g1946__6131/Y   -       A1N->Y F     OAI2BB1X1      3  2.7   125   165    1379    (-,-) 
  U0_ALU_16B/div_67_27_g1945__7098/Y   -       S0->Y  F     MX2X1          2  1.5    53   150    1530    (-,-) 
  U0_ALU_16B/div_67_27_g1943__5122/Y   -       A1->Y  R     AOI22X1        1  0.9   128    78    1607    (-,-) 
  U0_ALU_16B/div_67_27_g1942__1705/Y   -       B0->Y  F     AOI2BB1X1      1  0.6    38    68    1675    (-,-) 
  U0_ALU_16B/div_67_27_g1941__2802/Y   -       C0->Y  R     AOI211XL       5  4.3   414   225    1900    (-,-) 
  U0_ALU_16B/div_67_27_g1936__8428/Y   -       A1->Y  F     AOI22X1        2  2.5   185   230    2129    (-,-) 
  U0_ALU_16B/div_67_27_g1935__4319/CO  -       CI->CO F     ADDFX1         1  1.9    82   231    2360    (-,-) 
  U0_ALU_16B/div_67_27_g1934__6260/CO  -       CI->CO F     ADDFX1         1  0.9    67   188    2548    (-,-) 
  U0_ALU_16B/div_67_27_g1933__5107/Y   -       B1->Y  R     AOI221X1       6  5.5   332   215    2763    (-,-) 
  U0_ALU_16B/div_67_27_g1931__5477/Y   -       B->Y   F     NAND2X1        1  0.9    93   146    2909    (-,-) 
  U0_ALU_16B/div_67_27_g1927__2346/Y   -       B1->Y  R     AOI22X1        2  2.5   144    92    3001    (-,-) 
  U0_ALU_16B/div_67_27_g1926__2883/CO  -       CI->CO R     ADDFX1         1  1.9    73   228    3229    (-,-) 
  U0_ALU_16B/div_67_27_g1925__9945/CO  -       CI->CO R     ADDFX1         1  1.9    72   205    3434    (-,-) 
  U0_ALU_16B/div_67_27_g1924__9315/CO  -       CI->CO R     ADDFX1         1  0.8    57   196    3629    (-,-) 
  U0_ALU_16B/div_67_27_g1923__6161/Y   -       A1->Y  F     AOI221X1       7  6.9   310   195    3825    (-,-) 
  U0_ALU_16B/div_67_27_g1921__7482/Y   -       B->Y   R     NAND2X1        1  0.8    76   130    3955    (-,-) 
  U0_ALU_16B/div_67_27_g1916__8246/Y   -       B1->Y  F     AOI22X1        2  2.5   182    91    4046    (-,-) 
  U0_ALU_16B/div_67_27_g1915__5122/CO  -       CI->CO F     ADDFX1         1  1.9    83   230    4275    (-,-) 
  U0_ALU_16B/div_67_27_g1914__1705/CO  -       CI->CO F     ADDFX1         1  1.9    82   197    4472    (-,-) 
  U0_ALU_16B/div_67_27_g1913__2802/CO  -       CI->CO F     ADDFX1         1  1.9    82   196    4669    (-,-) 
  U0_ALU_16B/div_67_27_g1912__1617/CO  -       CI->CO F     ADDFX1         1  0.9    67   188    4856    (-,-) 
  U0_ALU_16B/div_67_27_g1911__3680/Y   -       B1->Y  R     AOI221X1       8  8.2   450   277    5133    (-,-) 
  U0_ALU_16B/div_67_27_g1908__5526/Y   -       B->Y   F     NAND2X1        1  0.9   116   186    5319    (-,-) 
  U0_ALU_16B/div_67_27_g1902__5477/Y   -       B1->Y  R     AOI22X1        2  2.7   147   103    5422    (-,-) 
  U0_ALU_16B/div_67_27_g1901__6417/CO  -       CI->CO R     ADDFX1         1  1.9    73   229    5651    (-,-) 
  U0_ALU_16B/div_67_27_g1900__7410/CO  -       CI->CO R     ADDFX1         1  1.9    72   205    5856    (-,-) 
  U0_ALU_16B/div_67_27_g1899__1666/CO  -       CI->CO R     ADDFX1         1  1.9    72   204    6060    (-,-) 
  U0_ALU_16B/div_67_27_g1898__2346/CO  -       CI->CO R     ADDFX1         1  1.9    72   204    6264    (-,-) 
  U0_ALU_16B/div_67_27_g1897__2883/CO  -       CI->CO R     ADDFX1         1  0.9    58   197    6461    (-,-) 
  U0_ALU_16B/div_67_27_g1896__9945/Y   -       B1->Y  F     AOI221X1       8  6.7   304   172    6634    (-,-) 
  U0_ALU_16B/div_67_27_g1895/Y         -       A->Y   R     INVX1          6  5.2   126   157    6791    (-,-) 
  U0_ALU_16B/div_67_27_g1887__6131/Y   -       A1->Y  F     OAI22X1        2  1.6   135   123    6914    (-,-) 
  U0_ALU_16B/div_67_27_g1886/Y         -       A->Y   R     INVX1          1  0.8    33    63    6976    (-,-) 
  U0_ALU_16B/div_67_27_g1882__1705/Y   -       A1->Y  F     AOI22X1        1  0.9   120    78    7055    (-,-) 
  U0_ALU_16B/div_67_27_g1880__1617/Y   -       B0->Y  R     AOI221X1       1  0.9   132   135    7189    (-,-) 
  U0_ALU_16B/div_67_27_g1879__3680/Y   -       C0->Y  F     AOI221X1       1  0.9   130    70    7260    (-,-) 
  U0_ALU_16B/div_67_27_g1878__6783/Y   -       C0->Y  R     AOI221X1       1  0.6   119    98    7358    (-,-) 
  U0_ALU_16B/div_67_27_g1877__5526/Y   -       B1->Y  R     OA22X1         1  0.9    43   157    7515    (-,-) 
  U0_ALU_16B/div_67_27_g1876__8428/Y   -       C0->Y  F     AOI221X1       1  0.8   120    35    7550    (-,-) 
  U0_ALU_16B/div_67_27_g1875/Y         -       A->Y   R     INVX1          1  0.9    32    58    7608    (-,-) 
  U0_ALU_16B/div_67_27_g1874__4319/Y   -       B0->Y  F     OAI21X1        1  0.9    78    59    7667    (-,-) 
  U0_ALU_16B/g5641__1705/Y             -       B->Y   R     NAND2X1        1  0.8    39    44    7711    (-,-) 
  U0_ALU_16B/g5615__6131/Y             -       C0->Y  F     OAI211X1       1  0.6   117    84    7795    (-,-) 
  U0_ALU_16B/g5569__7410/Y             -       D->Y   F     OR4X1          1  0.8    74   226    8021    (-,-) 
  U0_ALU_16B/ALU_OUT_reg[0]/D          -       -      F     SDFFRHQX1      1    -     -     0    8021    (-,-) 
#--------------------------------------------------------------------------------------------------------------



Path 7: MET (11674 ps) Setup Check with Pin U0_ALU_16B/ALU_OUT_reg[0]/CK->D
          Group: ALU_CLK
     Startpoint: (R) U0_Register_File/Memory_reg[1][6]/CK
          Clock: (R) REF_CLK
       Endpoint: (F) U0_ALU_16B/ALU_OUT_reg[0]/D
          Clock: (R) ALU_CLK

                     Capture       Launch     
        Clock Edge:+   20000            0     
       Src Latency:+       0            0     
       Net Latency:+       0 (I)        0 (I) 
           Arrival:=   20000            0     
                                              
             Setup:-     114                  
       Uncertainty:-     200                  
     Required Time:=   19686                  
      Launch Clock:-       0                  
         Data Path:-    8012                  
             Slack:=   11674                  

#--------------------------------------------------------------------------------------------------------------
#            Timing Point              Flags    Arc   Edge   Cell     Fanout Load Trans Delay Arrival Instance 
#                                                                            (fF)  (ps)  (ps)   (ps)  Location 
#--------------------------------------------------------------------------------------------------------------
  U0_Register_File/Memory_reg[1][6]/CK -       -      R     (arrival)    258    -     0     0       0    (-,-) 
  U0_Register_File/Memory_reg[1][6]/Q  -       CK->Q  F     SDFFRHQX1     20 13.6   236   347     347    (-,-) 
  U0_ALU_16B/div_67_27_g1958__1666/Y   -       B->Y   F     OR2X1          2  1.5    48   170     517    (-,-) 
  U0_ALU_16B/div_67_27_g1956__2883/Y   -       B->Y   F     OR2X1          2  1.5    48   109     626    (-,-) 
  U0_ALU_16B/div_67_27_g1955__9945/Y   -       B->Y   F     OR2X1          2  1.5    50   109     735    (-,-) 
  U0_ALU_16B/div_67_27_g1954__9315/Y   -       B->Y   F     OR2X1          2  1.5    51   109     844    (-,-) 
  U0_ALU_16B/div_67_27_g1953__6161/Y   -       B->Y   R     NOR2X1         2  1.6    97    56     900    (-,-) 
  U0_ALU_16B/div_67_27_g1951__4733/Y   -       C0->Y  F     OAI211X1       2  1.7   168   130    1029    (-,-) 
  U0_ALU_16B/div_67_27_g1949__7482/Y   -       B->Y   R     NAND2X1        2  1.3    68    80    1110    (-,-) 
  U0_ALU_16B/div_67_27_g1948__5115/Y   -       A1->Y  F     AOI221X1       3  2.0   169   118    1227    (-,-) 
  U0_ALU_16B/div_67_27_g1946__6131/Y   -       A1N->Y F     OAI2BB1X1      3  2.7   125   165    1392    (-,-) 
  U0_ALU_16B/div_67_27_g1945__7098/Y   -       S0->Y  F     MX2X1          2  1.5    53   150    1543    (-,-) 
  U0_ALU_16B/div_67_27_g1943__5122/Y   -       A1->Y  R     AOI22X1        1  0.9   128    78    1620    (-,-) 
  U0_ALU_16B/div_67_27_g1942__1705/Y   -       B0->Y  F     AOI2BB1X1      1  0.6    38    68    1688    (-,-) 
  U0_ALU_16B/div_67_27_g1941__2802/Y   -       C0->Y  R     AOI211XL       5  4.3   414   225    1913    (-,-) 
  U0_ALU_16B/div_67_27_g1936__8428/Y   -       A1->Y  F     AOI22X1        2  2.5   185   230    2142    (-,-) 
  U0_ALU_16B/div_67_27_g1935__4319/CO  -       CI->CO F     ADDFX1         1  1.9    82   231    2373    (-,-) 
  U0_ALU_16B/div_67_27_g1934__6260/CO  -       CI->CO F     ADDFX1         1  0.9    67   188    2561    (-,-) 
  U0_ALU_16B/div_67_27_g1933__5107/Y   -       B1->Y  R     AOI221X1       6  5.5   332   215    2776    (-,-) 
  U0_ALU_16B/div_67_27_g1927__2346/Y   -       A1->Y  F     AOI22X1        2  2.5   174   203    2979    (-,-) 
  U0_ALU_16B/div_67_27_g1926__2883/CO  -       CI->CO F     ADDFX1         1  1.9    83   227    3206    (-,-) 
  U0_ALU_16B/div_67_27_g1925__9945/CO  -       CI->CO F     ADDFX1         1  1.9    82   197    3402    (-,-) 
  U0_ALU_16B/div_67_27_g1924__9315/CO  -       CI->CO F     ADDFX1         1  0.8    65   187    3589    (-,-) 
  U0_ALU_16B/div_67_27_g1923__6161/Y   -       A1->Y  R     AOI221X1       7  6.8   390   262    3851    (-,-) 
  U0_ALU_16B/div_67_27_g1916__8246/Y   -       A1->Y  F     AOI22X1        2  2.5   182   222    4073    (-,-) 
  U0_ALU_16B/div_67_27_g1915__5122/CO  -       CI->CO F     ADDFX1         1  1.9    83   230    4302    (-,-) 
  U0_ALU_16B/div_67_27_g1914__1705/CO  -       CI->CO F     ADDFX1         1  1.9    82   197    4499    (-,-) 
  U0_ALU_16B/div_67_27_g1913__2802/CO  -       CI->CO F     ADDFX1         1  1.9    82   196    4696    (-,-) 
  U0_ALU_16B/div_67_27_g1912__1617/CO  -       CI->CO F     ADDFX1         1  0.9    67   188    4883    (-,-) 
  U0_ALU_16B/div_67_27_g1911__3680/Y   -       B1->Y  R     AOI221X1       8  8.2   450   277    5160    (-,-) 
  U0_ALU_16B/div_67_27_g1902__5477/Y   -       A1->Y  F     AOI22X1        2  2.7   196   245    5405    (-,-) 
  U0_ALU_16B/div_67_27_g1901__6417/CO  -       CI->CO F     ADDFX1         1  1.9    82   234    5639    (-,-) 
  U0_ALU_16B/div_67_27_g1900__7410/CO  -       CI->CO F     ADDFX1         1  1.9    82   196    5836    (-,-) 
  U0_ALU_16B/div_67_27_g1899__1666/CO  -       CI->CO F     ADDFX1         1  1.9    82   196    6032    (-,-) 
  U0_ALU_16B/div_67_27_g1898__2346/CO  -       CI->CO F     ADDFX1         1  1.9    82   196    6228    (-,-) 
  U0_ALU_16B/div_67_27_g1897__2883/CO  -       CI->CO F     ADDFX1         1  0.9    67   188    6416    (-,-) 
  U0_ALU_16B/div_67_27_g1896__9945/Y   -       B1->Y  R     AOI221X1       8  6.5   376   238    6654    (-,-) 
  U0_ALU_16B/div_67_27_g1895/Y         -       A->Y   F     INVX1          6  5.2   147   192    6846    (-,-) 
  U0_ALU_16B/div_67_27_g1888__1881/Y   -       S0->Y  R     MX2X1          2  1.7    53   208    7054    (-,-) 
  U0_ALU_16B/div_67_27_g1884__8246/Y   -       B->Y   F     NOR2X1         1  0.9    77    37    7091    (-,-) 
  U0_ALU_16B/div_67_27_g1880__1617/Y   -       C0->Y  R     AOI221X1       1  0.9   132    90    7181    (-,-) 
  U0_ALU_16B/div_67_27_g1879__3680/Y   -       C0->Y  F     AOI221X1       1  0.9   130    70    7251    (-,-) 
  U0_ALU_16B/div_67_27_g1878__6783/Y   -       C0->Y  R     AOI221X1       1  0.6   119    98    7349    (-,-) 
  U0_ALU_16B/div_67_27_g1877__5526/Y   -       B1->Y  R     OA22X1         1  0.9    43   157    7506    (-,-) 
  U0_ALU_16B/div_67_27_g1876__8428/Y   -       C0->Y  F     AOI221X1       1  0.8   120    35    7542    (-,-) 
  U0_ALU_16B/div_67_27_g1875/Y         -       A->Y   R     INVX1          1  0.9    32    58    7599    (-,-) 
  U0_ALU_16B/div_67_27_g1874__4319/Y   -       B0->Y  F     OAI21X1        1  0.9    78    59    7658    (-,-) 
  U0_ALU_16B/g5641__1705/Y             -       B->Y   R     NAND2X1        1  0.8    39    44    7702    (-,-) 
  U0_ALU_16B/g5615__6131/Y             -       C0->Y  F     OAI211X1       1  0.6   117    84    7786    (-,-) 
  U0_ALU_16B/g5569__7410/Y             -       D->Y   F     OR4X1          1  0.8    74   226    8012    (-,-) 
  U0_ALU_16B/ALU_OUT_reg[0]/D          -       -      F     SDFFRHQX1      1    -     -     0    8012    (-,-) 
#--------------------------------------------------------------------------------------------------------------



Path 8: MET (11680 ps) Setup Check with Pin U0_ALU_16B/ALU_OUT_reg[0]/CK->D
          Group: ALU_CLK
     Startpoint: (R) U0_Register_File/Memory_reg[1][6]/CK
          Clock: (R) REF_CLK
       Endpoint: (F) U0_ALU_16B/ALU_OUT_reg[0]/D
          Clock: (R) ALU_CLK

                     Capture       Launch     
        Clock Edge:+   20000            0     
       Src Latency:+       0            0     
       Net Latency:+       0 (I)        0 (I) 
           Arrival:=   20000            0     
                                              
             Setup:-     114                  
       Uncertainty:-     200                  
     Required Time:=   19686                  
      Launch Clock:-       0                  
         Data Path:-    8006                  
             Slack:=   11680                  

#--------------------------------------------------------------------------------------------------------------
#            Timing Point              Flags    Arc   Edge   Cell     Fanout Load Trans Delay Arrival Instance 
#                                                                            (fF)  (ps)  (ps)   (ps)  Location 
#--------------------------------------------------------------------------------------------------------------
  U0_Register_File/Memory_reg[1][6]/CK -       -      R     (arrival)    258    -     0     0       0    (-,-) 
  U0_Register_File/Memory_reg[1][6]/Q  -       CK->Q  F     SDFFRHQX1     20 13.6   236   347     347    (-,-) 
  U0_ALU_16B/div_67_27_g1958__1666/Y   -       B->Y   F     OR2X1          2  1.5    48   170     517    (-,-) 
  U0_ALU_16B/div_67_27_g1956__2883/Y   -       B->Y   F     OR2X1          2  1.5    48   109     626    (-,-) 
  U0_ALU_16B/div_67_27_g1955__9945/Y   -       B->Y   F     OR2X1          2  1.5    50   109     735    (-,-) 
  U0_ALU_16B/div_67_27_g1954__9315/Y   -       B->Y   F     OR2X1          2  1.5    51   109     844    (-,-) 
  U0_ALU_16B/div_67_27_g1953__6161/Y   -       B->Y   R     NOR2X1         2  1.6    97    56     900    (-,-) 
  U0_ALU_16B/div_67_27_g1951__4733/Y   -       C0->Y  F     OAI211X1       2  1.7   168   130    1029    (-,-) 
  U0_ALU_16B/div_67_27_g1949__7482/Y   -       B->Y   R     NAND2X1        2  1.3    68    80    1110    (-,-) 
  U0_ALU_16B/div_67_27_g1948__5115/Y   -       A1->Y  F     AOI221X1       3  2.0   169   118    1227    (-,-) 
  U0_ALU_16B/div_67_27_g1946__6131/Y   -       A1N->Y F     OAI2BB1X1      3  2.7   125   165    1392    (-,-) 
  U0_ALU_16B/div_67_27_g1945__7098/Y   -       S0->Y  F     MX2X1          2  1.5    53   150    1543    (-,-) 
  U0_ALU_16B/div_67_27_g1943__5122/Y   -       A1->Y  R     AOI22X1        1  0.9   128    78    1620    (-,-) 
  U0_ALU_16B/div_67_27_g1942__1705/Y   -       B0->Y  F     AOI2BB1X1      1  0.6    38    68    1688    (-,-) 
  U0_ALU_16B/div_67_27_g1941__2802/Y   -       C0->Y  R     AOI211XL       5  4.3   414   225    1913    (-,-) 
  U0_ALU_16B/div_67_27_g1939__3680/Y   -       B->Y   F     NAND2X1        1  0.9   109   174    2086    (-,-) 
  U0_ALU_16B/div_67_27_g1936__8428/Y   -       B1->Y  R     AOI22X1        2  2.5   141    97    2184    (-,-) 
  U0_ALU_16B/div_67_27_g1935__4319/CO  -       CI->CO R     ADDFX1         1  1.9    73   227    2411    (-,-) 
  U0_ALU_16B/div_67_27_g1934__6260/CO  -       CI->CO R     ADDFX1         1  0.9    58   197    2608    (-,-) 
  U0_ALU_16B/div_67_27_g1933__5107/Y   -       B1->Y  F     AOI221X1       6  5.7   278   156    2764    (-,-) 
  U0_ALU_16B/div_67_27_g1931__5477/Y   -       B->Y   R     NAND2X1        1  0.8    75   118    2882    (-,-) 
  U0_ALU_16B/div_67_27_g1927__2346/Y   -       B1->Y  F     AOI22X1        2  2.5   174    90    2972    (-,-) 
  U0_ALU_16B/div_67_27_g1926__2883/CO  -       CI->CO F     ADDFX1         1  1.9    83   227    3199    (-,-) 
  U0_ALU_16B/div_67_27_g1925__9945/CO  -       CI->CO F     ADDFX1         1  1.9    82   197    3396    (-,-) 
  U0_ALU_16B/div_67_27_g1924__9315/CO  -       CI->CO F     ADDFX1         1  0.8    65   187    3583    (-,-) 
  U0_ALU_16B/div_67_27_g1923__6161/Y   -       A1->Y  R     AOI221X1       7  6.8   390   262    3845    (-,-) 
  U0_ALU_16B/div_67_27_g1916__8246/Y   -       A1->Y  F     AOI22X1        2  2.5   182   222    4066    (-,-) 
  U0_ALU_16B/div_67_27_g1915__5122/CO  -       CI->CO F     ADDFX1         1  1.9    83   230    4296    (-,-) 
  U0_ALU_16B/div_67_27_g1914__1705/CO  -       CI->CO F     ADDFX1         1  1.9    82   197    4493    (-,-) 
  U0_ALU_16B/div_67_27_g1913__2802/CO  -       CI->CO F     ADDFX1         1  1.9    82   196    4689    (-,-) 
  U0_ALU_16B/div_67_27_g1912__1617/CO  -       CI->CO F     ADDFX1         1  0.9    67   188    4877    (-,-) 
  U0_ALU_16B/div_67_27_g1911__3680/Y   -       B1->Y  R     AOI221X1       8  8.2   450   277    5154    (-,-) 
  U0_ALU_16B/div_67_27_g1902__5477/Y   -       A1->Y  F     AOI22X1        2  2.7   196   245    5399    (-,-) 
  U0_ALU_16B/div_67_27_g1901__6417/CO  -       CI->CO F     ADDFX1         1  1.9    82   234    5633    (-,-) 
  U0_ALU_16B/div_67_27_g1900__7410/CO  -       CI->CO F     ADDFX1         1  1.9    82   196    5829    (-,-) 
  U0_ALU_16B/div_67_27_g1899__1666/CO  -       CI->CO F     ADDFX1         1  1.9    82   196    6026    (-,-) 
  U0_ALU_16B/div_67_27_g1898__2346/CO  -       CI->CO F     ADDFX1         1  1.9    82   196    6222    (-,-) 
  U0_ALU_16B/div_67_27_g1897__2883/CO  -       CI->CO F     ADDFX1         1  0.9    67   188    6410    (-,-) 
  U0_ALU_16B/div_67_27_g1896__9945/Y   -       B1->Y  R     AOI221X1       8  6.5   376   238    6648    (-,-) 
  U0_ALU_16B/div_67_27_g1895/Y         -       A->Y   F     INVX1          6  5.2   147   192    6840    (-,-) 
  U0_ALU_16B/div_67_27_g1888__1881/Y   -       S0->Y  R     MX2X1          2  1.7    53   208    7048    (-,-) 
  U0_ALU_16B/div_67_27_g1884__8246/Y   -       B->Y   F     NOR2X1         1  0.9    77    37    7085    (-,-) 
  U0_ALU_16B/div_67_27_g1880__1617/Y   -       C0->Y  R     AOI221X1       1  0.9   132    90    7174    (-,-) 
  U0_ALU_16B/div_67_27_g1879__3680/Y   -       C0->Y  F     AOI221X1       1  0.9   130    70    7244    (-,-) 
  U0_ALU_16B/div_67_27_g1878__6783/Y   -       C0->Y  R     AOI221X1       1  0.6   119    98    7343    (-,-) 
  U0_ALU_16B/div_67_27_g1877__5526/Y   -       B1->Y  R     OA22X1         1  0.9    43   157    7500    (-,-) 
  U0_ALU_16B/div_67_27_g1876__8428/Y   -       C0->Y  F     AOI221X1       1  0.8   120    35    7535    (-,-) 
  U0_ALU_16B/div_67_27_g1875/Y         -       A->Y   R     INVX1          1  0.9    32    58    7593    (-,-) 
  U0_ALU_16B/div_67_27_g1874__4319/Y   -       B0->Y  F     OAI21X1        1  0.9    78    59    7652    (-,-) 
  U0_ALU_16B/g5641__1705/Y             -       B->Y   R     NAND2X1        1  0.8    39    44    7696    (-,-) 
  U0_ALU_16B/g5615__6131/Y             -       C0->Y  F     OAI211X1       1  0.6   117    84    7780    (-,-) 
  U0_ALU_16B/g5569__7410/Y             -       D->Y   F     OR4X1          1  0.8    74   226    8006    (-,-) 
  U0_ALU_16B/ALU_OUT_reg[0]/D          -       -      F     SDFFRHQX1      1    -     -     0    8006    (-,-) 
#--------------------------------------------------------------------------------------------------------------



Path 9: MET (11687 ps) Setup Check with Pin U0_ALU_16B/ALU_OUT_reg[0]/CK->D
          Group: ALU_CLK
     Startpoint: (R) U0_Register_File/Memory_reg[1][7]/CK
          Clock: (R) REF_CLK
       Endpoint: (F) U0_ALU_16B/ALU_OUT_reg[0]/D
          Clock: (R) ALU_CLK

                     Capture       Launch     
        Clock Edge:+   20000            0     
       Src Latency:+       0            0     
       Net Latency:+       0 (I)        0 (I) 
           Arrival:=   20000            0     
                                              
             Setup:-     114                  
       Uncertainty:-     200                  
     Required Time:=   19686                  
      Launch Clock:-       0                  
         Data Path:-    7999                  
             Slack:=   11687                  

#--------------------------------------------------------------------------------------------------------------
#            Timing Point              Flags    Arc   Edge   Cell     Fanout Load Trans Delay Arrival Instance 
#                                                                            (fF)  (ps)  (ps)   (ps)  Location 
#--------------------------------------------------------------------------------------------------------------
  U0_Register_File/Memory_reg[1][7]/CK -       -      R     (arrival)    258    -     0     0       0    (-,-) 
  U0_Register_File/Memory_reg[1][7]/Q  -       CK->Q  F     SDFFRHQX1     18 12.2   214   336     336    (-,-) 
  U0_ALU_16B/div_67_27_g1958__1666/Y   -       A->Y   F     OR2X1          2  1.5    48   168     504    (-,-) 
  U0_ALU_16B/div_67_27_g1956__2883/Y   -       B->Y   F     OR2X1          2  1.5    48   109     613    (-,-) 
  U0_ALU_16B/div_67_27_g1955__9945/Y   -       B->Y   F     OR2X1          2  1.5    50   109     722    (-,-) 
  U0_ALU_16B/div_67_27_g1954__9315/Y   -       B->Y   F     OR2X1          2  1.5    51   109     831    (-,-) 
  U0_ALU_16B/div_67_27_g1953__6161/Y   -       B->Y   R     NOR2X1         2  1.6    97    56     887    (-,-) 
  U0_ALU_16B/div_67_27_g1951__4733/Y   -       C0->Y  F     OAI211X1       2  1.7   168   130    1016    (-,-) 
  U0_ALU_16B/div_67_27_g1949__7482/Y   -       B->Y   R     NAND2X1        2  1.3    68    80    1096    (-,-) 
  U0_ALU_16B/div_67_27_g1948__5115/Y   -       A1->Y  F     AOI221X1       3  2.0   169   118    1214    (-,-) 
  U0_ALU_16B/div_67_27_g1946__6131/Y   -       A1N->Y F     OAI2BB1X1      3  2.7   125   165    1379    (-,-) 
  U0_ALU_16B/div_67_27_g1945__7098/Y   -       S0->Y  F     MX2X1          2  1.5    53   150    1530    (-,-) 
  U0_ALU_16B/div_67_27_g1943__5122/Y   -       A1->Y  R     AOI22X1        1  0.9   128    78    1607    (-,-) 
  U0_ALU_16B/div_67_27_g1942__1705/Y   -       B0->Y  F     AOI2BB1X1      1  0.6    38    68    1675    (-,-) 
  U0_ALU_16B/div_67_27_g1941__2802/Y   -       C0->Y  R     AOI211XL       5  4.3   414   225    1900    (-,-) 
  U0_ALU_16B/div_67_27_g1936__8428/Y   -       A1->Y  F     AOI22X1        2  2.5   185   230    2129    (-,-) 
  U0_ALU_16B/div_67_27_g1935__4319/CO  -       CI->CO F     ADDFX1         1  1.9    82   231    2360    (-,-) 
  U0_ALU_16B/div_67_27_g1934__6260/CO  -       CI->CO F     ADDFX1         1  0.9    67   188    2548    (-,-) 
  U0_ALU_16B/div_67_27_g1933__5107/Y   -       B1->Y  R     AOI221X1       6  5.5   332   215    2763    (-,-) 
  U0_ALU_16B/div_67_27_g1927__2346/Y   -       A1->Y  F     AOI22X1        2  2.5   174   203    2966    (-,-) 
  U0_ALU_16B/div_67_27_g1926__2883/CO  -       CI->CO F     ADDFX1         1  1.9    83   227    3192    (-,-) 
  U0_ALU_16B/div_67_27_g1925__9945/CO  -       CI->CO F     ADDFX1         1  1.9    82   197    3389    (-,-) 
  U0_ALU_16B/div_67_27_g1924__9315/CO  -       CI->CO F     ADDFX1         1  0.8    65   187    3576    (-,-) 
  U0_ALU_16B/div_67_27_g1923__6161/Y   -       A1->Y  R     AOI221X1       7  6.8   390   262    3838    (-,-) 
  U0_ALU_16B/div_67_27_g1916__8246/Y   -       A1->Y  F     AOI22X1        2  2.5   182   222    4060    (-,-) 
  U0_ALU_16B/div_67_27_g1915__5122/CO  -       CI->CO F     ADDFX1         1  1.9    83   230    4289    (-,-) 
  U0_ALU_16B/div_67_27_g1914__1705/CO  -       CI->CO F     ADDFX1         1  1.9    82   197    4486    (-,-) 
  U0_ALU_16B/div_67_27_g1913__2802/CO  -       CI->CO F     ADDFX1         1  1.9    82   196    4682    (-,-) 
  U0_ALU_16B/div_67_27_g1912__1617/CO  -       CI->CO F     ADDFX1         1  0.9    67   188    4870    (-,-) 
  U0_ALU_16B/div_67_27_g1911__3680/Y   -       B1->Y  R     AOI221X1       8  8.2   450   277    5147    (-,-) 
  U0_ALU_16B/div_67_27_g1902__5477/Y   -       A1->Y  F     AOI22X1        2  2.7   196   245    5392    (-,-) 
  U0_ALU_16B/div_67_27_g1901__6417/CO  -       CI->CO F     ADDFX1         1  1.9    82   234    5626    (-,-) 
  U0_ALU_16B/div_67_27_g1900__7410/CO  -       CI->CO F     ADDFX1         1  1.9    82   196    5822    (-,-) 
  U0_ALU_16B/div_67_27_g1899__1666/CO  -       CI->CO F     ADDFX1         1  1.9    82   196    6019    (-,-) 
  U0_ALU_16B/div_67_27_g1898__2346/CO  -       CI->CO F     ADDFX1         1  1.9    82   196    6215    (-,-) 
  U0_ALU_16B/div_67_27_g1897__2883/CO  -       CI->CO F     ADDFX1         1  0.9    67   188    6403    (-,-) 
  U0_ALU_16B/div_67_27_g1896__9945/Y   -       B1->Y  R     AOI221X1       8  6.5   376   238    6641    (-,-) 
  U0_ALU_16B/div_67_27_g1895/Y         -       A->Y   F     INVX1          6  5.2   147   192    6833    (-,-) 
  U0_ALU_16B/div_67_27_g1888__1881/Y   -       S0->Y  R     MX2X1          2  1.7    53   208    7041    (-,-) 
  U0_ALU_16B/div_67_27_g1884__8246/Y   -       B->Y   F     NOR2X1         1  0.9    77    37    7078    (-,-) 
  U0_ALU_16B/div_67_27_g1880__1617/Y   -       C0->Y  R     AOI221X1       1  0.9   132    90    7168    (-,-) 
  U0_ALU_16B/div_67_27_g1879__3680/Y   -       C0->Y  F     AOI221X1       1  0.9   130    70    7238    (-,-) 
  U0_ALU_16B/div_67_27_g1878__6783/Y   -       C0->Y  R     AOI221X1       1  0.6   119    98    7336    (-,-) 
  U0_ALU_16B/div_67_27_g1877__5526/Y   -       B1->Y  R     OA22X1         1  0.9    43   157    7493    (-,-) 
  U0_ALU_16B/div_67_27_g1876__8428/Y   -       C0->Y  F     AOI221X1       1  0.8   120    35    7528    (-,-) 
  U0_ALU_16B/div_67_27_g1875/Y         -       A->Y   R     INVX1          1  0.9    32    58    7586    (-,-) 
  U0_ALU_16B/div_67_27_g1874__4319/Y   -       B0->Y  F     OAI21X1        1  0.9    78    59    7645    (-,-) 
  U0_ALU_16B/g5641__1705/Y             -       B->Y   R     NAND2X1        1  0.8    39    44    7689    (-,-) 
  U0_ALU_16B/g5615__6131/Y             -       C0->Y  F     OAI211X1       1  0.6   117    84    7773    (-,-) 
  U0_ALU_16B/g5569__7410/Y             -       D->Y   F     OR4X1          1  0.8    74   226    7999    (-,-) 
  U0_ALU_16B/ALU_OUT_reg[0]/D          -       -      F     SDFFRHQX1      1    -     -     0    7999    (-,-) 
#--------------------------------------------------------------------------------------------------------------



Path 10: MET (11688 ps) Setup Check with Pin U0_ALU_16B/ALU_OUT_reg[0]/CK->D
          Group: ALU_CLK
     Startpoint: (R) U0_Register_File/Memory_reg[1][6]/CK
          Clock: (R) REF_CLK
       Endpoint: (F) U0_ALU_16B/ALU_OUT_reg[0]/D
          Clock: (R) ALU_CLK

                     Capture       Launch     
        Clock Edge:+   20000            0     
       Src Latency:+       0            0     
       Net Latency:+       0 (I)        0 (I) 
           Arrival:=   20000            0     
                                              
             Setup:-     114                  
       Uncertainty:-     200                  
     Required Time:=   19686                  
      Launch Clock:-       0                  
         Data Path:-    7998                  
             Slack:=   11688                  

#--------------------------------------------------------------------------------------------------------------
#            Timing Point              Flags    Arc   Edge   Cell     Fanout Load Trans Delay Arrival Instance 
#                                                                            (fF)  (ps)  (ps)   (ps)  Location 
#--------------------------------------------------------------------------------------------------------------
  U0_Register_File/Memory_reg[1][6]/CK -       -      R     (arrival)    258    -     0     0       0    (-,-) 
  U0_Register_File/Memory_reg[1][6]/Q  -       CK->Q  F     SDFFRHQX1     20 13.6   236   347     347    (-,-) 
  U0_ALU_16B/div_67_27_g1958__1666/Y   -       B->Y   F     OR2X1          2  1.5    48   170     517    (-,-) 
  U0_ALU_16B/div_67_27_g1956__2883/Y   -       B->Y   F     OR2X1          2  1.5    48   109     626    (-,-) 
  U0_ALU_16B/div_67_27_g1955__9945/Y   -       B->Y   F     OR2X1          2  1.5    50   109     735    (-,-) 
  U0_ALU_16B/div_67_27_g1954__9315/Y   -       B->Y   F     OR2X1          2  1.5    51   109     844    (-,-) 
  U0_ALU_16B/div_67_27_g1953__6161/Y   -       B->Y   R     NOR2X1         2  1.6    97    56     900    (-,-) 
  U0_ALU_16B/div_67_27_g1951__4733/Y   -       C0->Y  F     OAI211X1       2  1.7   168   130    1029    (-,-) 
  U0_ALU_16B/div_67_27_g1949__7482/Y   -       B->Y   R     NAND2X1        2  1.3    68    80    1110    (-,-) 
  U0_ALU_16B/div_67_27_g1948__5115/Y   -       A1->Y  F     AOI221X1       3  2.0   169   118    1227    (-,-) 
  U0_ALU_16B/div_67_27_g1946__6131/Y   -       A1N->Y F     OAI2BB1X1      3  2.7   125   165    1392    (-,-) 
  U0_ALU_16B/div_67_27_g1945__7098/Y   -       S0->Y  F     MX2X1          2  1.5    53   150    1543    (-,-) 
  U0_ALU_16B/div_67_27_g1943__5122/Y   -       A1->Y  R     AOI22X1        1  0.9   128    78    1620    (-,-) 
  U0_ALU_16B/div_67_27_g1942__1705/Y   -       B0->Y  F     AOI2BB1X1      1  0.6    38    68    1688    (-,-) 
  U0_ALU_16B/div_67_27_g1941__2802/Y   -       C0->Y  R     AOI211XL       5  4.3   414   225    1913    (-,-) 
  U0_ALU_16B/div_67_27_g1936__8428/Y   -       A1->Y  F     AOI22X1        2  2.5   185   230    2142    (-,-) 
  U0_ALU_16B/div_67_27_g1935__4319/CO  -       CI->CO F     ADDFX1         1  1.9    82   231    2373    (-,-) 
  U0_ALU_16B/div_67_27_g1934__6260/CO  -       CI->CO F     ADDFX1         1  0.9    67   188    2561    (-,-) 
  U0_ALU_16B/div_67_27_g1933__5107/Y   -       B1->Y  R     AOI221X1       6  5.5   332   215    2776    (-,-) 
  U0_ALU_16B/div_67_27_g1931__5477/Y   -       B->Y   F     NAND2X1        1  0.9    93   146    2922    (-,-) 
  U0_ALU_16B/div_67_27_g1927__2346/Y   -       B1->Y  R     AOI22X1        2  2.5   144    92    3014    (-,-) 
  U0_ALU_16B/div_67_27_g1926__2883/CO  -       CI->CO R     ADDFX1         1  1.9    73   228    3242    (-,-) 
  U0_ALU_16B/div_67_27_g1925__9945/CO  -       CI->CO R     ADDFX1         1  1.9    72   205    3447    (-,-) 
  U0_ALU_16B/div_67_27_g1924__9315/CO  -       CI->CO R     ADDFX1         1  0.8    57   196    3642    (-,-) 
  U0_ALU_16B/div_67_27_g1923__6161/Y   -       A1->Y  F     AOI221X1       7  6.9   310   195    3838    (-,-) 
  U0_ALU_16B/div_67_27_g1921__7482/Y   -       B->Y   R     NAND2X1        1  0.8    76   130    3968    (-,-) 
  U0_ALU_16B/div_67_27_g1916__8246/Y   -       B1->Y  F     AOI22X1        2  2.5   182    91    4059    (-,-) 
  U0_ALU_16B/div_67_27_g1915__5122/CO  -       CI->CO F     ADDFX1         1  1.9    83   230    4288    (-,-) 
  U0_ALU_16B/div_67_27_g1914__1705/CO  -       CI->CO F     ADDFX1         1  1.9    82   197    4485    (-,-) 
  U0_ALU_16B/div_67_27_g1913__2802/CO  -       CI->CO F     ADDFX1         1  1.9    82   196    4682    (-,-) 
  U0_ALU_16B/div_67_27_g1912__1617/CO  -       CI->CO F     ADDFX1         1  0.9    67   188    4870    (-,-) 
  U0_ALU_16B/div_67_27_g1911__3680/Y   -       B1->Y  R     AOI221X1       8  8.2   450   277    5146    (-,-) 
  U0_ALU_16B/div_67_27_g1902__5477/Y   -       A1->Y  F     AOI22X1        2  2.7   196   245    5391    (-,-) 
  U0_ALU_16B/div_67_27_g1901__6417/CO  -       CI->CO F     ADDFX1         1  1.9    82   234    5625    (-,-) 
  U0_ALU_16B/div_67_27_g1900__7410/CO  -       CI->CO F     ADDFX1         1  1.9    82   196    5822    (-,-) 
  U0_ALU_16B/div_67_27_g1899__1666/CO  -       CI->CO F     ADDFX1         1  1.9    82   196    6018    (-,-) 
  U0_ALU_16B/div_67_27_g1898__2346/CO  -       CI->CO F     ADDFX1         1  1.9    82   196    6215    (-,-) 
  U0_ALU_16B/div_67_27_g1897__2883/CO  -       CI->CO F     ADDFX1         1  0.9    67   188    6402    (-,-) 
  U0_ALU_16B/div_67_27_g1896__9945/Y   -       B1->Y  R     AOI221X1       8  6.5   376   238    6640    (-,-) 
  U0_ALU_16B/div_67_27_g1895/Y         -       A->Y   F     INVX1          6  5.2   147   192    6832    (-,-) 
  U0_ALU_16B/div_67_27_g1888__1881/Y   -       S0->Y  R     MX2X1          2  1.7    53   208    7040    (-,-) 
  U0_ALU_16B/div_67_27_g1884__8246/Y   -       B->Y   F     NOR2X1         1  0.9    77    37    7077    (-,-) 
  U0_ALU_16B/div_67_27_g1880__1617/Y   -       C0->Y  R     AOI221X1       1  0.9   132    90    7167    (-,-) 
  U0_ALU_16B/div_67_27_g1879__3680/Y   -       C0->Y  F     AOI221X1       1  0.9   130    70    7237    (-,-) 
  U0_ALU_16B/div_67_27_g1878__6783/Y   -       C0->Y  R     AOI221X1       1  0.6   119    98    7335    (-,-) 
  U0_ALU_16B/div_67_27_g1877__5526/Y   -       B1->Y  R     OA22X1         1  0.9    43   157    7492    (-,-) 
  U0_ALU_16B/div_67_27_g1876__8428/Y   -       C0->Y  F     AOI221X1       1  0.8   120    35    7528    (-,-) 
  U0_ALU_16B/div_67_27_g1875/Y         -       A->Y   R     INVX1          1  0.9    32    58    7586    (-,-) 
  U0_ALU_16B/div_67_27_g1874__4319/Y   -       B0->Y  F     OAI21X1        1  0.9    78    59    7644    (-,-) 
  U0_ALU_16B/g5641__1705/Y             -       B->Y   R     NAND2X1        1  0.8    39    44    7688    (-,-) 
  U0_ALU_16B/g5615__6131/Y             -       C0->Y  F     OAI211X1       1  0.6   117    84    7772    (-,-) 
  U0_ALU_16B/g5569__7410/Y             -       D->Y   F     OR4X1          1  0.8    74   226    7998    (-,-) 
  U0_ALU_16B/ALU_OUT_reg[0]/D          -       -      F     SDFFRHQX1      1    -     -     0    7998    (-,-) 
#--------------------------------------------------------------------------------------------------------------

