============================================================
  Generated by:           Genus(TM) Synthesis Solution 25.10-p002_1
  Generated on:           Jul 11 2026  11:59:31 am
  Module:                 TOP
  Operating conditions:   slow (balanced_tree)
  Wireload mode:          enclosed
  Area mode:              timing library
============================================================

Timing
--------

   Clock      Period  
----------------------
ALU_CLK       20000.0 
REF_CLK       20000.0 
UART_CLK     271267.0 
UART_RX_CLK  271267.0 
UART_TX_CLK 8680544.0 


    Cost      Critical         Violating 
   Group     Path Slack  TNS     Paths   
-----------------------------------------
ALU_CLK         11638.2   0.0          0 
default        No paths   0.0            
REF_CLK         17214.4   0.0          0 
UART_CLK       216548.9   0.0          0 
UART_RX_CLK    215921.1   0.0          0 
UART_TX_CLK    270594.7   0.0          0 
-----------------------------------------
Total                     0.0          0 

Instance Count
--------------
Leaf Instance Count             13811 
Physical Instance count             0 
Sequential Instance Count        4399 
Combinational Instance Count     9412 
Hierarchical Instance Count        31 

Area
----
Cell Area                          55057.554
Physical Cell Area                 0.000
Total Cell Area (Cell+Physical)    55057.554
Net Area                           0.000
Total Area (Cell+Physical+Net)     55057.554

Max Fanout                         4398 (ScanEnable)
Min Fanout                         0 (n_23)
Average Fanout                     3.3
Terms to net ratio                 4.6434
Terms to instance ratio            4.7130
Runtime                            173.45081299999987 seconds
Elapsed Runtime                    216 seconds
Genus peak memory usage            2461.46 
Innovus peak memory usage          no_value 
Hostname                           Pine-06
