============================================================
  Generated by:           Genus(TM) Synthesis Solution 25.10-p002_1
  Generated on:           Jul 16 2026  01:25:47 pm
  Module:                 TOP_DATA_WIDTH8_ADDR_WIDTH4_RF_DEPTH16_FIFO_DEPTH2048_FIFO_PTR_WIDTH11
  Operating conditions:   slow (balanced_tree)
  Wireload mode:          enclosed
  Area mode:              timing library
============================================================


 Clock Description
 ----------------- 

   Clock                                 Clock     Source      No of   
   Name      Period   Rise     Fall      Domain   Pin/Port   Registers 
-----------------------------------------------------------------------
 REF_CLK     20000.0   0.0    10000.0   domain_1   REF_CLK        8382 
 UART_CLK   271267.0   0.0   135633.5   domain_1   UART_CLK         18 

 Clock Network Latency / Setup Uncertainty
 ----------------------------------------- 

           Network   Network   Source   Source     Setup        Setup    
  Clock    Latency   Latency  Latency  Latency  Uncertainty  Uncertainty 
  Name      Rise      Fall      Rise     Fall       Rise         Fall    
-------------------------------------------------------------------------
REF_CLK        0.0       0.0      0.0      0.0        200.0        200.0 
UART_CLK       0.0       0.0      0.0      0.0        200.0        200.0 

 Clock Relationship (with uncertainty & latency)
 ----------------------------------------------- 

    From        To        R->R       R->F       F->R       F->F   
------------------------------------------------------------------
  REF_CLK    REF_CLK     19800.0     9800.0     9800.0    19800.0 
  REF_CLK    UART_CLK     2334.0     6700.5     1067.0     5433.5 
  UART_CLK   REF_CLK      8533.0     9800.0     4166.5     2899.5 
  UART_CLK   UART_CLK   271067.0   135433.5   135433.5   271067.0 
