============================================================
  Generated by:           Genus(TM) Synthesis Solution 25.10-p002_1
  Generated on:           Jul 16 2026  01:25:46 pm
  Module:                 TOP_DATA_WIDTH8_ADDR_WIDTH4_RF_DEPTH16_FIFO_DEPTH2048_FIFO_PTR_WIDTH11
  Operating conditions:   slow (balanced_tree)
  Wireload mode:          enclosed
  Area mode:              timing library
============================================================

                               Instance                                                      Module                       Cell-Count  Cell-Area  Net-Area   Combinational   Buffer   Inverter     Flop     Latch   Clock-Gate   Memory   Macro   Total-Area   Wireload  
------------------------------------------------------------------------------------------------------------------------------------------------------------------------------------------------------------------------------------------------------------------------
TOP_DATA_WIDTH8_ADDR_WIDTH4_RF_DEPTH16_FIFO_DEPTH2048_FIFO_PTR_WIDTH11 NA                                                      25927 105130.800     0.000       35186.328   52.668    151.848  69734.484   0.000        5.472    0.000   0.000   105130.800 <none> (D)  
  U0_ALU_16B                                                           ALU_16B_OPER_WIDTH8_OUT_WIDTH16                           413    963.414     0.000         802.674    0.000     21.204    139.536   0.000        0.000    0.000   0.000      963.414 <none> (D)  
  U0_Async_fifo                                                        Async_fifo_D_SIZE8_F_DEPTH2048_P_SIZE11                 24419 100578.780     0.000       32945.544    0.000     81.396  67551.840   0.000        0.000    0.000   0.000   100578.780 <none> (D)  
    u_fifo_mem                                                         fifo_mem_D_SIZE8_F_DEPTH2048_P_SIZE11                   24291 100101.348     0.000       32783.436    0.000     77.976  67239.936   0.000        0.000    0.000   0.000   100101.348 <none> (D)  
    u_fifo_rd                                                          fifo_rd_P_SIZE11                                           63    211.698     0.000          86.526    0.000      2.052    123.120   0.000        0.000    0.000   0.000      211.698 <none> (D)  
    u_fifo_wr                                                          fifo_wr_P_SIZE11                                           56    198.702     0.000          74.214    0.000      1.368    123.120   0.000        0.000    0.000   0.000      198.702 <none> (D)  
    u_w2r_sync                                                         BIT_SYNC_NUM_STAGES2_BUS_WIDTH11                            9     67.032     0.000           1.368    0.000      0.000     65.664   0.000        0.000    0.000   0.000       67.032 <none> (D)  
  U0_CLKDIV_MUX                                                        CLKDIV_MUX_WIDTH8                                           6     11.628     0.000          11.628    0.000      0.000      0.000   0.000        0.000    0.000   0.000       11.628 <none> (D)  
  U0_CLK_GATE                                                          CLK_GATE                                                    3      8.892     0.000           2.736    0.000      0.684      0.000   0.000        5.472    0.000   0.000        8.892 <none> (D)  
  U0_DATA_SYNC                                                         DATA_SYNC_NUM_STAGES2_BUS_WIDTH8                           24    121.410     0.000          21.546    0.000      1.368     98.496   0.000        0.000    0.000   0.000      121.410 <none> (D)  
  U0_Integer_Clock_Divider_TX                                          Integer_Clock_Divider                                      63    148.086     0.000          74.214    0.000      8.208     65.664   0.000        0.000    0.000   0.000      148.086 <none> (D)  
  U0_PULSE_GEN                                                         PULSE_GEN                                                   4     19.152     0.000           2.736    0.000      0.000     16.416   0.000        0.000    0.000   0.000       19.152 <none> (D)  
  U0_RST_SYNC_REF                                                      RST_SYNC_NUM_STAGES2                                        3     17.784     0.000           1.368    0.000      0.000     16.416   0.000        0.000    0.000   0.000       17.784 <none> (D)  
  U0_Register_File                                                     Register_File_ADDR_WIDTH4_DATA_WIDTH8_MEM_DEPTH16         410   1676.142     0.000         541.044    0.000      3.420   1131.678   0.000        0.000    0.000   0.000     1676.142 <none> (D)  
  U0_SYS_CTRL                                                          SYS_CTRL_ADDR_WIDTH4_DATA_WIDTH8                          141    417.240     0.000         215.460    0.000      4.788    196.992   0.000        0.000    0.000   0.000      417.240 <none> (D)  
  U0_UART                                                              UART                                                      388   1025.316     0.000         514.026   52.668     23.256    435.366   0.000        0.000    0.000   0.000     1025.316 <none> (D)  
    U0_UART_RX                                                         UART_RX                                                   292    678.186     0.000         395.694   36.252     18.468    227.772   0.000        0.000    0.000   0.000      678.186 <none> (D)  
      U0_FSM                                                           UART_RX_FSM                                                60    111.150     0.000          83.106    0.000      3.420     24.624   0.000        0.000    0.000   0.000      111.150 <none> (D)  
      U0_data_sampling                                                 UART_RX_data_sampling                                      52    114.228     0.000          82.764    0.000      0.684     30.780   0.000        0.000    0.000   0.000      114.228 <none> (D)  
      U0_deserializer                                                  UART_RX_deserializer                                       42    117.990     0.000          49.590    0.000      2.736     65.664   0.000        0.000    0.000   0.000      117.990 <none> (D)  
      U0_edge_bit_counter                                              UART_RX_edge_bit_counter                                   55    137.142     0.000          55.746    0.000      7.524     73.872   0.000        0.000    0.000   0.000      137.142 <none> (D)  
      U0_parity_check                                                  UART_RX_parity_check                                       33     78.660     0.000          59.166    1.710      1.368     16.416   0.000        0.000    0.000   0.000       78.660 <none> (D)  
      U0_stop_check                                                    UART_RX_stop_check                                         23     42.750     0.000          31.464    1.710      1.368      8.208   0.000        0.000    0.000   0.000       42.750 <none> (D)  
      U0_strt_check                                                    UART_RX_strt_check                                         23     43.434     0.000          33.858    0.000      1.368      8.208   0.000        0.000    0.000   0.000       43.434 <none> (D)  
    U0_UART_TX                                                         UART_TX                                                    96    347.130     0.000         118.332   16.416      4.788    207.594   0.000        0.000    0.000   0.000      347.130 <none> (D)  
      U0_FSM                                                           UART_TX_FSM                                                16     41.724     0.000          15.048    0.000      2.052     24.624   0.000        0.000    0.000   0.000       41.724 <none> (D)  
      U0_MUX                                                           UART_TX_MUX                                                 6     22.572     0.000           5.472   16.416      0.684      0.000   0.000        0.000    0.000   0.000       22.572 <none> (D)  
      U0_parity_Calc                                                   UART_TX_parity_Calc                                        26    106.704     0.000          41.040    0.000      0.000     65.664   0.000        0.000    0.000   0.000      106.704 <none> (D)  
      U0_serializer                                                    UART_TX_serializer                                         48    176.130     0.000          56.772    0.000      2.052    117.306   0.000        0.000    0.000   0.000      176.130 <none> (D)  
  U1_Integer_Clock_Divider_RX                                          Integer_Clock_Divider_1                                    49    124.488     0.000          51.984    0.000      6.840     65.664   0.000        0.000    0.000   0.000      124.488 <none> (D)  
  U1_RST_SYNC_UART                                                     RST_SYNC_NUM_STAGES2_1                                      3     17.784     0.000           1.368    0.000      0.000     16.416   0.000        0.000    0.000   0.000       17.784 <none> (D)  
  (D) = wireload is default in technology library
