
Design Name
===========
    TOP

Scan Style
==========
    muxed_scan
Design has a valid DFT rule check status

Global Constraints
==================
    Minimum number of scan chains: 4
    Maximum length of scan chains: no_value
    Lock-up element type: preferred_level_sensitive
    Mix clock edges in scan chain: false
    Prefix for unnamed scan objects: DFT_

Test signal objects
===================
    shift_enable: 
          object name: ScanEnable 
          pin name: ScanEnable 
          hookup_pin: ScanEnable 
          hookup_polarity: non_inverted 
          function: shift_enable 
          active: high 
          ideal: false 
          user defined: true

    test_mode: 
          object name: TestMode 
          pin name: TestMode 
          hookup_pin: TestMode 
          hookup_polarity: non_inverted 
          function: test_mode 
          active: high 
          ideal: false 
          user defined: true

    test_mode: 
          object name: RST_N 
          pin name: RST_N 
          hookup_pin: RST_N 
          hookup_polarity: non_inverted 
          function: async_set_reset 
          active: low 
          ideal: false 
          user defined: true


Test clock objects
==================
    test_clock:
          object name: ScanClock 
          test_clock_domain: ScanClock 
          user defined: true 
          source: REF_CLK  
          root source: REF_CLK  
          root source polarity: non_inverting
          hookup_pin: REF_CLK 
          period: 20000.0

    test_clock:
          object name: UART_CLK 
          test_clock_domain: UART_CLK 
          user defined: false 
          source: UART_CLK  
          root source: UART_CLK  
          root source polarity: non_inverting
          hookup_pin: UART_CLK 
          period: 50000.0


DFT controllable objects
========================

DFT don't scan objects
======================

DFT abstract don't scan objects
===============================

DFT scan segment constraints
============================

DFT scan chain constraints
==========================
    User Chain: 
          object name: chain_1 
          scan-in: ScanIn_1 
          scan-in hookup_pin: ScanIn_1
          scan-out: ScanOut_1 
          scan-out hookup_pin: ScanOut_1
          shared out: false 
          shift_enable object name: none
          max length: no_value
          complete: false

    User Chain: 
          object name: chain_2 
          scan-in: ScanIn_2 
          scan-in hookup_pin: ScanIn_2
          scan-out: ScanOut_2 
          scan-out hookup_pin: ScanOut_2
          shared out: false 
          shift_enable object name: none
          max length: no_value
          complete: false

    User Chain: 
          object name: chain_3 
          scan-in: ScanIn_3 
          scan-in hookup_pin: ScanIn_3
          scan-out: ScanOut_3 
          scan-out hookup_pin: ScanOut_3
          shared out: false 
          shift_enable object name: none
          max length: no_value
          complete: false

    User Chain: 
          object name: chain_4 
          scan-in: ScanIn_4 
          scan-in hookup_pin: ScanIn_4
          scan-out: ScanOut_4 
          scan-out hookup_pin: ScanOut_4
          shared out: false 
          shift_enable object name: none
          max length: no_value
          complete: false


DFT actual scan chains
======================
    Actual Chain:
          object name: chain_1 
          scan-in: ScanIn_1 
          scan-in hookup_pin: ScanIn_1 
          scan-out: ScanOut_1 
          scan-out hookup_pin: ScanOut_1 
          shared out: false
          shift_enable: ScanEnable 
          length: 91
          segment objects: none
          analyzed: false
          test_clock domain: ScanClock
          test_clock edge: rise

    Actual Chain:
          object name: chain_2 
          scan-in: ScanIn_2 
          scan-in hookup_pin: ScanIn_2 
          scan-out: ScanOut_2 
          scan-out hookup_pin: ScanOut_2 
          shared out: false
          shift_enable: ScanEnable 
          length: 89
          segment objects: none
          analyzed: false
          test_clock domain: UART_CLK
          test_clock edge: rise

    Actual Chain:
          object name: chain_3 
          scan-in: ScanIn_3 
          scan-in hookup_pin: ScanIn_3 
          scan-out: ScanOut_3 
          scan-out hookup_pin: ScanOut_3 
          shared out: false
          shift_enable: ScanEnable 
          length: 91
          segment objects: none
          analyzed: false
          test_clock domain: ScanClock
          test_clock edge: rise

    Actual Chain:
          object name: chain_4 
          scan-in: ScanIn_4 
          scan-in hookup_pin: ScanIn_4 
          scan-out: ScanOut_4 
          scan-out hookup_pin: ScanOut_4 
          shared out: false
          shift_enable: ScanEnable 
          length: 90
          segment objects: none
          analyzed: false
          test_clock domain: ScanClock
          test_clock edge: rise

