============================================================
  Generated by:           Genus(TM) Synthesis Solution 25.10-p002_1
  Generated on:           Jun 24 2026  09:32:16 am
  Module:                 TOP
  Operating conditions:   slow (balanced_tree)
  Wireload mode:          enclosed
  Area mode:              timing library
============================================================


Path 1: MET (10741 ps) Setup Check with Pin U0_ALU_16B/ALU_OUT_reg[0]/CK->D
          Group: ALU_CLK
     Startpoint: (R) U0_Register_File/Memory_reg[1][2]/CK
          Clock: (R) REF_CLK
       Endpoint: (F) U0_ALU_16B/ALU_OUT_reg[0]/D
          Clock: (R) ALU_CLK

                     Capture       Launch     
        Clock Edge:+   20000            0     
       Src Latency:+       0            0     
       Net Latency:+       0 (I)        0 (I) 
           Arrival:=   20000            0     
                                              
             Setup:-     144                  
       Uncertainty:-     200                  
     Required Time:=   19656                  
      Launch Clock:-       0                  
         Data Path:-    8916                  
             Slack:=   10741                  

#--------------------------------------------------------------------------------------------------------------
#            Timing Point              Flags    Arc   Edge   Cell     Fanout Load Trans Delay Arrival Instance 
#                                                                            (fF)  (ps)  (ps)   (ps)  Location 
#--------------------------------------------------------------------------------------------------------------
  U0_Register_File/Memory_reg[1][2]/CK -       -      R     (arrival)   6216    -     0     0       0    (-,-) 
  U0_Register_File/Memory_reg[1][2]/Q  -       CK->Q  F     SDFFRHQX1     20 22.0   373   416     416    (-,-) 
  U0_ALU_16B/div_67_27_g96503/Y        -       A->Y   R     INVX1          3  2.4   105   164     580    (-,-) 
  U0_ALU_16B/div_67_27_g96485__6417/Y  -       C0->Y  F     OAI211X1       1  0.6   116   105     685    (-,-) 
  U0_ALU_16B/div_67_27_g96484__7410/Y  -       AN->Y  F     NAND3BXL       1  0.8   160   169     854    (-,-) 
  U0_ALU_16B/div_67_27_g96483__1666/Y  -       D->Y   R     NOR4X1         2  1.8   201   140     994    (-,-) 
  U0_ALU_16B/div_67_27_g96482__2346/Y  -       B->Y   F     NOR2BX1        2  1.4    56    96    1090    (-,-) 
  U0_ALU_16B/div_67_27_g96480__2883/Y  -       A1->Y  R     OAI22X1        1  0.8   103    68    1157    (-,-) 
  U0_ALU_16B/div_67_27_g96479__9945/Y  -       D->Y   F     NOR4X1         1  0.6    86    58    1215    (-,-) 
  U0_ALU_16B/div_67_27_g96478__9315/Y  -       D->Y   R     NAND4XL        2  1.6    81    68    1283    (-,-) 
  U0_ALU_16B/g2/Y                      -       A0->Y  F     OAI21X1        3  2.3   120   110    1393    (-,-) 
  U0_ALU_16B/div_67_27_g96473__7482/Y  -       B->Y   R     NAND2X1        2  1.7    72    66    1459    (-,-) 
  U0_ALU_16B/div_67_27_g96470__1881/Y  -       B1->Y  F     AOI221X1       1  0.6   113    77    1535    (-,-) 
  U0_ALU_16B/div_67_27_g96469__6131/Y  -       D->Y   F     OR4X1          1  0.8    74   225    1760    (-,-) 
  U0_ALU_16B/div_67_27_g96468__7098/Y  -       D->Y   R     NOR4X1         5  4.4   354   195    1955    (-,-) 
  U0_ALU_16B/div_67_27_g96464__1705/Y  -       S0->Y  R     MX2X1          2  2.5    65   246    2201    (-,-) 
  U0_ALU_16B/div_67_27_g96462__1617/CO -       CI->CO R     ADDFX1         1  0.8    58   193    2395    (-,-) 
  U0_ALU_16B/div_67_27_g96461/Y        -       A->Y   F     INVX1          1  1.9    42    45    2440    (-,-) 
  U0_ALU_16B/div_67_27_g96460__3680/CO -       CI->CO F     ADDFX1         1  0.9    68   175    2614    (-,-) 
  U0_ALU_16B/div_67_27_g96459__6783/Y  -       B0->Y  R     OAI2BB1X1      1  0.8    42    42    2656    (-,-) 
  U0_ALU_16B/div_67_27_g96458__5526/Y  -       C0->Y  F     OAI211X1       1  0.8   126    90    2747    (-,-) 
  U0_ALU_16B/div_67_27_g96457__8428/Y  -       D->Y   R     NOR4X1         5  5.3   405   236    2983    (-,-) 
  U0_ALU_16B/div_67_27_g96453__4319/Y  -       S0->Y  R     MX2X1          2  2.7    68   265    3248    (-,-) 
  U0_ALU_16B/div_67_27_g96449__2398/CO -       CI->CO R     ADDFX1         1  0.8    58   194    3443    (-,-) 
  U0_ALU_16B/div_67_27_g96448/Y        -       A->Y   F     INVX1          1  1.9    42    45    3488    (-,-) 
  U0_ALU_16B/div_67_27_g96447__5477/CO -       CI->CO F     ADDFX1         1  1.9    84   183    3671    (-,-) 
  U0_ALU_16B/div_67_27_g96446__6417/CO -       CI->CO F     ADDFX1         1  0.9    67   188    3859    (-,-) 
  U0_ALU_16B/div_67_27_g96445__7410/Y  -       A1->Y  R     AOI22X1        1  0.6    84    78    3937    (-,-) 
  U0_ALU_16B/div_67_27_g96444__1666/Y  -       D->Y   F     NAND4XL        5  5.0   701   398    4336    (-,-) 
  U0_ALU_16B/div_67_27_g96443/Y        -       A->Y   R     INVX1          3  2.8   181   293    4629    (-,-) 
  U0_ALU_16B/div_67_27_g96439__9315/Y  -       S0->Y  R     MX2X1          2  2.7    67   188    4817    (-,-) 
  U0_ALU_16B/div_67_27_g96436__7482/CO -       CI->CO R     ADDFX1         1  0.8    58   194    5011    (-,-) 
  U0_ALU_16B/div_67_27_g96435/Y        -       A->Y   F     INVX1          1  1.9    42    45    5056    (-,-) 
  U0_ALU_16B/div_67_27_g96434__5115/CO -       CI->CO F     ADDFX1         1  1.9    84   183    5239    (-,-) 
  U0_ALU_16B/div_67_27_g96433__1881/CO -       CI->CO F     ADDFX1         1  1.9    82   197    5436    (-,-) 
  U0_ALU_16B/div_67_27_g96432__6131/CO -       CI->CO F     ADDFX1         1  0.9    67   188    5624    (-,-) 
  U0_ALU_16B/div_67_27_g96431__7098/Y  -       B0->Y  R     OAI21X1        1  0.6    67    38    5662    (-,-) 
  U0_ALU_16B/div_67_27_g96430__8246/Y  -       D->Y   F     NAND4XL        5  4.5   646   364    6026    (-,-) 
  U0_ALU_16B/div_67_27_g96429/Y        -       A->Y   R     INVX1          6  5.6   198   291    6317    (-,-) 
  U0_ALU_16B/div_67_27_g96423__6783/Y  -       S0->Y  R     MX2X1          2  2.7    67   194    6510    (-,-) 
  U0_ALU_16B/div_67_27_g96414__7410/CO -       CI->CO R     ADDFX1         1  0.8    56   194    6705    (-,-) 
  U0_ALU_16B/div_67_27_g96413/Y        -       A->Y   F     INVX1          1  1.9    42    44    6749    (-,-) 
  U0_ALU_16B/div_67_27_g96412__1666/CO -       CI->CO F     ADDFX1         1  1.9    84   183    6932    (-,-) 
  U0_ALU_16B/div_67_27_g96411__2346/CO -       CI->CO F     ADDFX1         4  3.3   103   209    7142    (-,-) 
  U0_ALU_16B/div_67_27_g96409__9945/Y  -       A1->Y  R     OAI221X1       1  0.6   108    88    7230    (-,-) 
  U0_ALU_16B/div_67_27_g96406__4733/Y  -       A2->Y  F     AOI33XL        7  5.2   637   397    7627    (-,-) 
  U0_ALU_16B/div_67_27_g96405/Y        -       A->Y   R     INVX1          8  6.3   204   292    7919    (-,-) 
  U0_ALU_16B/div_67_27_g96400__7098/Y  -       A1->Y  R     OA22X1         2  1.5    52   219    8138    (-,-) 
  U0_ALU_16B/div_67_27_g96392__5526/Y  -       B->Y   R     AND2XL         2  1.7    64   115    8254    (-,-) 
  U0_ALU_16B/div_67_27_g96388__5107/Y  -       A2->Y  F     OAI32X1        1  0.9   122    93    8346    (-,-) 
  U0_ALU_16B/div_67_27_g96383__7410/Y  -       A1->Y  R     OAI221X1       1  0.8   114    97    8444    (-,-) 
  U0_ALU_16B/div_67_27_g96382__1666/Y  -       C0->Y  F     OAI211X1       1  0.9   130   115    8558    (-,-) 
  U0_ALU_16B/g5123__8428/Y             -       B1->Y  R     AOI22X1        1  0.8    77    79    8637    (-,-) 
  U0_ALU_16B/g5108__6161/Y             -       C0->Y  F     OAI211X1       1  0.9   131   104    8741    (-,-) 
  U0_ALU_16B/g5104__1881/Y             -       B0->Y  R     AOI21X1        1  0.6    56    72    8813    (-,-) 
  U0_ALU_16B/g5085__7410/Y             -       C->Y   F     NAND3BXL       1  0.8   172   102    8916    (-,-) 
  U0_ALU_16B/ALU_OUT_reg[0]/D          -       -      F     SDFFRHQX1      1    -     -     0    8916    (-,-) 
#--------------------------------------------------------------------------------------------------------------



Path 2: MET (10742 ps) Setup Check with Pin U0_ALU_16B/ALU_OUT_reg[0]/CK->D
          Group: ALU_CLK
     Startpoint: (R) U0_Register_File/Memory_reg[1][1]/CK
          Clock: (R) REF_CLK
       Endpoint: (F) U0_ALU_16B/ALU_OUT_reg[0]/D
          Clock: (R) ALU_CLK

                     Capture       Launch     
        Clock Edge:+   20000            0     
       Src Latency:+       0            0     
       Net Latency:+       0 (I)        0 (I) 
           Arrival:=   20000            0     
                                              
             Setup:-     144                  
       Uncertainty:-     200                  
     Required Time:=   19656                  
      Launch Clock:-       0                  
         Data Path:-    8914                  
             Slack:=   10742                  

#--------------------------------------------------------------------------------------------------------------
#            Timing Point              Flags    Arc   Edge   Cell     Fanout Load Trans Delay Arrival Instance 
#                                                                            (fF)  (ps)  (ps)   (ps)  Location 
#--------------------------------------------------------------------------------------------------------------
  U0_Register_File/Memory_reg[1][1]/CK -       -      R     (arrival)   6216    -     0     0       0    (-,-) 
  U0_Register_File/Memory_reg[1][1]/Q  -       CK->Q  F     SDFFRHQX1     17 13.7   238   348     348    (-,-) 
  U0_ALU_16B/div_67_27_g96499/Y        -       A->Y   R     INVX1          7 12.6   211   185     533    (-,-) 
  U0_ALU_16B/div_67_27_g96485__6417/Y  -       B0->Y  F     OAI211X1       1  0.6   116   150     684    (-,-) 
  U0_ALU_16B/div_67_27_g96484__7410/Y  -       AN->Y  F     NAND3BXL       1  0.8   160   169     852    (-,-) 
  U0_ALU_16B/div_67_27_g96483__1666/Y  -       D->Y   R     NOR4X1         2  1.8   201   140     992    (-,-) 
  U0_ALU_16B/div_67_27_g96482__2346/Y  -       B->Y   F     NOR2BX1        2  1.4    56    96    1088    (-,-) 
  U0_ALU_16B/div_67_27_g96480__2883/Y  -       A1->Y  R     OAI22X1        1  0.8   103    68    1156    (-,-) 
  U0_ALU_16B/div_67_27_g96479__9945/Y  -       D->Y   F     NOR4X1         1  0.6    86    58    1213    (-,-) 
  U0_ALU_16B/div_67_27_g96478__9315/Y  -       D->Y   R     NAND4XL        2  1.6    81    68    1281    (-,-) 
  U0_ALU_16B/g2/Y                      -       A0->Y  F     OAI21X1        3  2.3   120   110    1392    (-,-) 
  U0_ALU_16B/div_67_27_g96473__7482/Y  -       B->Y   R     NAND2X1        2  1.7    72    66    1457    (-,-) 
  U0_ALU_16B/div_67_27_g96470__1881/Y  -       B1->Y  F     AOI221X1       1  0.6   113    77    1534    (-,-) 
  U0_ALU_16B/div_67_27_g96469__6131/Y  -       D->Y   F     OR4X1          1  0.8    74   225    1759    (-,-) 
  U0_ALU_16B/div_67_27_g96468__7098/Y  -       D->Y   R     NOR4X1         5  4.4   354   195    1954    (-,-) 
  U0_ALU_16B/div_67_27_g96464__1705/Y  -       S0->Y  R     MX2X1          2  2.5    65   246    2200    (-,-) 
  U0_ALU_16B/div_67_27_g96462__1617/CO -       CI->CO R     ADDFX1         1  0.8    58   193    2393    (-,-) 
  U0_ALU_16B/div_67_27_g96461/Y        -       A->Y   F     INVX1          1  1.9    42    45    2438    (-,-) 
  U0_ALU_16B/div_67_27_g96460__3680/CO -       CI->CO F     ADDFX1         1  0.9    68   175    2613    (-,-) 
  U0_ALU_16B/div_67_27_g96459__6783/Y  -       B0->Y  R     OAI2BB1X1      1  0.8    42    42    2655    (-,-) 
  U0_ALU_16B/div_67_27_g96458__5526/Y  -       C0->Y  F     OAI211X1       1  0.8   126    90    2745    (-,-) 
  U0_ALU_16B/div_67_27_g96457__8428/Y  -       D->Y   R     NOR4X1         5  5.3   405   236    2982    (-,-) 
  U0_ALU_16B/div_67_27_g96453__4319/Y  -       S0->Y  R     MX2X1          2  2.7    68   265    3247    (-,-) 
  U0_ALU_16B/div_67_27_g96449__2398/CO -       CI->CO R     ADDFX1         1  0.8    58   194    3441    (-,-) 
  U0_ALU_16B/div_67_27_g96448/Y        -       A->Y   F     INVX1          1  1.9    42    45    3486    (-,-) 
  U0_ALU_16B/div_67_27_g96447__5477/CO -       CI->CO F     ADDFX1         1  1.9    84   183    3669    (-,-) 
  U0_ALU_16B/div_67_27_g96446__6417/CO -       CI->CO F     ADDFX1         1  0.9    67   188    3858    (-,-) 
  U0_ALU_16B/div_67_27_g96445__7410/Y  -       A1->Y  R     AOI22X1        1  0.6    84    78    3936    (-,-) 
  U0_ALU_16B/div_67_27_g96444__1666/Y  -       D->Y   F     NAND4XL        5  5.0   701   398    4334    (-,-) 
  U0_ALU_16B/div_67_27_g96443/Y        -       A->Y   R     INVX1          3  2.8   181   293    4627    (-,-) 
  U0_ALU_16B/div_67_27_g96439__9315/Y  -       S0->Y  R     MX2X1          2  2.7    67   188    4815    (-,-) 
  U0_ALU_16B/div_67_27_g96436__7482/CO -       CI->CO R     ADDFX1         1  0.8    58   194    5009    (-,-) 
  U0_ALU_16B/div_67_27_g96435/Y        -       A->Y   F     INVX1          1  1.9    42    45    5054    (-,-) 
  U0_ALU_16B/div_67_27_g96434__5115/CO -       CI->CO F     ADDFX1         1  1.9    84   183    5238    (-,-) 
  U0_ALU_16B/div_67_27_g96433__1881/CO -       CI->CO F     ADDFX1         1  1.9    82   197    5434    (-,-) 
  U0_ALU_16B/div_67_27_g96432__6131/CO -       CI->CO F     ADDFX1         1  0.9    67   188    5622    (-,-) 
  U0_ALU_16B/div_67_27_g96431__7098/Y  -       B0->Y  R     OAI21X1        1  0.6    67    38    5661    (-,-) 
  U0_ALU_16B/div_67_27_g96430__8246/Y  -       D->Y   F     NAND4XL        5  4.5   646   364    6024    (-,-) 
  U0_ALU_16B/div_67_27_g96429/Y        -       A->Y   R     INVX1          6  5.6   198   291    6315    (-,-) 
  U0_ALU_16B/div_67_27_g96423__6783/Y  -       S0->Y  R     MX2X1          2  2.7    67   194    6509    (-,-) 
  U0_ALU_16B/div_67_27_g96414__7410/CO -       CI->CO R     ADDFX1         1  0.8    56   194    6703    (-,-) 
  U0_ALU_16B/div_67_27_g96413/Y        -       A->Y   F     INVX1          1  1.9    42    44    6748    (-,-) 
  U0_ALU_16B/div_67_27_g96412__1666/CO -       CI->CO F     ADDFX1         1  1.9    84   183    6931    (-,-) 
  U0_ALU_16B/div_67_27_g96411__2346/CO -       CI->CO F     ADDFX1         4  3.3   103   209    7140    (-,-) 
  U0_ALU_16B/div_67_27_g96409__9945/Y  -       A1->Y  R     OAI221X1       1  0.6   108    88    7228    (-,-) 
  U0_ALU_16B/div_67_27_g96406__4733/Y  -       A2->Y  F     AOI33XL        7  5.2   637   397    7626    (-,-) 
  U0_ALU_16B/div_67_27_g96405/Y        -       A->Y   R     INVX1          8  6.3   204   292    7918    (-,-) 
  U0_ALU_16B/div_67_27_g96400__7098/Y  -       A1->Y  R     OA22X1         2  1.5    52   219    8137    (-,-) 
  U0_ALU_16B/div_67_27_g96392__5526/Y  -       B->Y   R     AND2XL         2  1.7    64   115    8252    (-,-) 
  U0_ALU_16B/div_67_27_g96388__5107/Y  -       A2->Y  F     OAI32X1        1  0.9   122    93    8345    (-,-) 
  U0_ALU_16B/div_67_27_g96383__7410/Y  -       A1->Y  R     OAI221X1       1  0.8   114    97    8442    (-,-) 
  U0_ALU_16B/div_67_27_g96382__1666/Y  -       C0->Y  F     OAI211X1       1  0.9   130   115    8557    (-,-) 
  U0_ALU_16B/g5123__8428/Y             -       B1->Y  R     AOI22X1        1  0.8    77    79    8636    (-,-) 
  U0_ALU_16B/g5108__6161/Y             -       C0->Y  F     OAI211X1       1  0.9   131   104    8740    (-,-) 
  U0_ALU_16B/g5104__1881/Y             -       B0->Y  R     AOI21X1        1  0.6    56    72    8812    (-,-) 
  U0_ALU_16B/g5085__7410/Y             -       C->Y   F     NAND3BXL       1  0.8   172   102    8914    (-,-) 
  U0_ALU_16B/ALU_OUT_reg[0]/D          -       -      F     SDFFRHQX1      1    -     -     0    8914    (-,-) 
#--------------------------------------------------------------------------------------------------------------



Path 3: MET (10753 ps) Setup Check with Pin U0_ALU_16B/ALU_OUT_reg[0]/CK->D
          Group: ALU_CLK
     Startpoint: (R) U0_Register_File/Memory_reg[1][2]/CK
          Clock: (R) REF_CLK
       Endpoint: (F) U0_ALU_16B/ALU_OUT_reg[0]/D
          Clock: (R) ALU_CLK

                     Capture       Launch     
        Clock Edge:+   20000            0     
       Src Latency:+       0            0     
       Net Latency:+       0 (I)        0 (I) 
           Arrival:=   20000            0     
                                              
             Setup:-     144                  
       Uncertainty:-     200                  
     Required Time:=   19656                  
      Launch Clock:-       0                  
         Data Path:-    8904                  
             Slack:=   10753                  

#--------------------------------------------------------------------------------------------------------------
#            Timing Point              Flags    Arc   Edge   Cell     Fanout Load Trans Delay Arrival Instance 
#                                                                            (fF)  (ps)  (ps)   (ps)  Location 
#--------------------------------------------------------------------------------------------------------------
  U0_Register_File/Memory_reg[1][2]/CK -       -      R     (arrival)   6216    -     0     0       0    (-,-) 
  U0_Register_File/Memory_reg[1][2]/Q  -       CK->Q  F     SDFFRHQX1     20 22.0   373   416     416    (-,-) 
  U0_ALU_16B/div_67_27_g96503/Y        -       A->Y   R     INVX1          3  2.4   105   164     580    (-,-) 
  U0_ALU_16B/div_67_27_g96485__6417/Y  -       C0->Y  F     OAI211X1       1  0.6   116   105     685    (-,-) 
  U0_ALU_16B/div_67_27_g96484__7410/Y  -       AN->Y  F     NAND3BXL       1  0.8   160   169     854    (-,-) 
  U0_ALU_16B/div_67_27_g96483__1666/Y  -       D->Y   R     NOR4X1         2  1.8   201   140     994    (-,-) 
  U0_ALU_16B/div_67_27_g96482__2346/Y  -       B->Y   F     NOR2BX1        2  1.4    56    96    1090    (-,-) 
  U0_ALU_16B/div_67_27_g96480__2883/Y  -       A1->Y  R     OAI22X1        1  0.8   103    68    1157    (-,-) 
  U0_ALU_16B/div_67_27_g96479__9945/Y  -       D->Y   F     NOR4X1         1  0.6    86    58    1215    (-,-) 
  U0_ALU_16B/div_67_27_g96478__9315/Y  -       D->Y   R     NAND4XL        2  1.6    81    68    1283    (-,-) 
  U0_ALU_16B/g2/Y                      -       A0->Y  F     OAI21X1        3  2.3   120   110    1393    (-,-) 
  U0_ALU_16B/div_67_27_g96473__7482/Y  -       B->Y   R     NAND2X1        2  1.7    72    66    1459    (-,-) 
  U0_ALU_16B/div_67_27_g96470__1881/Y  -       B1->Y  F     AOI221X1       1  0.6   113    77    1535    (-,-) 
  U0_ALU_16B/div_67_27_g96469__6131/Y  -       D->Y   F     OR4X1          1  0.8    74   225    1760    (-,-) 
  U0_ALU_16B/div_67_27_g96468__7098/Y  -       D->Y   R     NOR4X1         5  4.4   354   195    1955    (-,-) 
  U0_ALU_16B/div_67_27_g96464__1705/Y  -       S0->Y  R     MX2X1          2  2.5    65   246    2201    (-,-) 
  U0_ALU_16B/div_67_27_g96462__1617/CO -       CI->CO R     ADDFX1         1  0.8    58   193    2395    (-,-) 
  U0_ALU_16B/div_67_27_g96461/Y        -       A->Y   F     INVX1          1  1.9    42    45    2440    (-,-) 
  U0_ALU_16B/div_67_27_g96460__3680/CO -       CI->CO F     ADDFX1         1  0.9    68   175    2614    (-,-) 
  U0_ALU_16B/div_67_27_g96459__6783/Y  -       B0->Y  R     OAI2BB1X1      1  0.8    42    42    2656    (-,-) 
  U0_ALU_16B/div_67_27_g96458__5526/Y  -       C0->Y  F     OAI211X1       1  0.8   126    90    2747    (-,-) 
  U0_ALU_16B/div_67_27_g96457__8428/Y  -       D->Y   R     NOR4X1         5  5.3   405   236    2983    (-,-) 
  U0_ALU_16B/div_67_27_g96453__4319/Y  -       S0->Y  R     MX2X1          2  2.7    68   265    3248    (-,-) 
  U0_ALU_16B/div_67_27_g96449__2398/CO -       CI->CO R     ADDFX1         1  0.8    58   194    3443    (-,-) 
  U0_ALU_16B/div_67_27_g96448/Y        -       A->Y   F     INVX1          1  1.9    42    45    3488    (-,-) 
  U0_ALU_16B/div_67_27_g96447__5477/CO -       CI->CO F     ADDFX1         1  1.9    84   183    3671    (-,-) 
  U0_ALU_16B/div_67_27_g96446__6417/CO -       CI->CO F     ADDFX1         1  0.9    67   188    3859    (-,-) 
  U0_ALU_16B/div_67_27_g96445__7410/Y  -       A1->Y  R     AOI22X1        1  0.6    84    78    3937    (-,-) 
  U0_ALU_16B/div_67_27_g96444__1666/Y  -       D->Y   F     NAND4XL        5  5.0   701   398    4336    (-,-) 
  U0_ALU_16B/div_67_27_g96443/Y        -       A->Y   R     INVX1          3  2.8   181   293    4629    (-,-) 
  U0_ALU_16B/div_67_27_g96439__9315/Y  -       S0->Y  R     MX2X1          2  2.7    67   188    4817    (-,-) 
  U0_ALU_16B/div_67_27_g96436__7482/CO -       CI->CO R     ADDFX1         1  0.8    58   194    5011    (-,-) 
  U0_ALU_16B/div_67_27_g96435/Y        -       A->Y   F     INVX1          1  1.9    42    45    5056    (-,-) 
  U0_ALU_16B/div_67_27_g96434__5115/CO -       CI->CO F     ADDFX1         1  1.9    84   183    5239    (-,-) 
  U0_ALU_16B/div_67_27_g96433__1881/CO -       CI->CO F     ADDFX1         1  1.9    82   197    5436    (-,-) 
  U0_ALU_16B/div_67_27_g96432__6131/CO -       CI->CO F     ADDFX1         1  0.9    67   188    5624    (-,-) 
  U0_ALU_16B/div_67_27_g96431__7098/Y  -       B0->Y  R     OAI21X1        1  0.6    67    38    5662    (-,-) 
  U0_ALU_16B/div_67_27_g96430__8246/Y  -       D->Y   F     NAND4XL        5  4.5   646   364    6026    (-,-) 
  U0_ALU_16B/div_67_27_g96429/Y        -       A->Y   R     INVX1          6  5.6   198   291    6317    (-,-) 
  U0_ALU_16B/div_67_27_g96423__6783/Y  -       S0->Y  R     MX2X1          2  2.7    67   194    6510    (-,-) 
  U0_ALU_16B/div_67_27_g96414__7410/CO -       CI->CO R     ADDFX1         1  0.8    56   194    6705    (-,-) 
  U0_ALU_16B/div_67_27_g96413/Y        -       A->Y   F     INVX1          1  1.9    42    44    6749    (-,-) 
  U0_ALU_16B/div_67_27_g96412__1666/CO -       CI->CO F     ADDFX1         1  1.9    84   183    6932    (-,-) 
  U0_ALU_16B/div_67_27_g96411__2346/CO -       CI->CO F     ADDFX1         4  3.3   103   209    7142    (-,-) 
  U0_ALU_16B/div_67_27_g96409__9945/Y  -       A1->Y  R     OAI221X1       1  0.6   108    88    7230    (-,-) 
  U0_ALU_16B/div_67_27_g96406__4733/Y  -       A2->Y  F     AOI33XL        7  5.2   637   397    7627    (-,-) 
  U0_ALU_16B/div_67_27_g96405/Y        -       A->Y   R     INVX1          8  6.3   204   292    7919    (-,-) 
  U0_ALU_16B/div_67_27_g96395__1617/Y  -       A1N->Y R     OAI2BB1X1      2  1.5    71   180    8099    (-,-) 
  U0_ALU_16B/div_67_27_g96393__6783/Y  -       C->Y   F     NAND3X1        1  0.9   112    85    8184    (-,-) 
  U0_ALU_16B/div_67_27_g96390__4319/Y  -       B0->Y  R     OAI21X1        1  0.9    75    57    8241    (-,-) 
  U0_ALU_16B/div_67_27_g96385__5477/Y  -       B1->Y  F     AOI221X1       1  0.9   132    83    8324    (-,-) 
  U0_ALU_16B/div_67_27_g96383__7410/Y  -       A0->Y  R     OAI221X1       1  0.8   114   108    8432    (-,-) 
  U0_ALU_16B/div_67_27_g96382__1666/Y  -       C0->Y  F     OAI211X1       1  0.9   130   115    8546    (-,-) 
  U0_ALU_16B/g5123__8428/Y             -       B1->Y  R     AOI22X1        1  0.8    77    79    8625    (-,-) 
  U0_ALU_16B/g5108__6161/Y             -       C0->Y  F     OAI211X1       1  0.9   131   104    8729    (-,-) 
  U0_ALU_16B/g5104__1881/Y             -       B0->Y  R     AOI21X1        1  0.6    56    72    8802    (-,-) 
  U0_ALU_16B/g5085__7410/Y             -       C->Y   F     NAND3BXL       1  0.8   172   102    8904    (-,-) 
  U0_ALU_16B/ALU_OUT_reg[0]/D          -       -      F     SDFFRHQX1      1    -     -     0    8904    (-,-) 
#--------------------------------------------------------------------------------------------------------------



Path 4: MET (10754 ps) Setup Check with Pin U0_ALU_16B/ALU_OUT_reg[0]/CK->D
          Group: ALU_CLK
     Startpoint: (R) U0_Register_File/Memory_reg[1][2]/CK
          Clock: (R) REF_CLK
       Endpoint: (F) U0_ALU_16B/ALU_OUT_reg[0]/D
          Clock: (R) ALU_CLK

                     Capture       Launch     
        Clock Edge:+   20000            0     
       Src Latency:+       0            0     
       Net Latency:+       0 (I)        0 (I) 
           Arrival:=   20000            0     
                                              
             Setup:-     144                  
       Uncertainty:-     200                  
     Required Time:=   19656                  
      Launch Clock:-       0                  
         Data Path:-    8903                  
             Slack:=   10754                  

#--------------------------------------------------------------------------------------------------------------
#            Timing Point              Flags    Arc   Edge   Cell     Fanout Load Trans Delay Arrival Instance 
#                                                                            (fF)  (ps)  (ps)   (ps)  Location 
#--------------------------------------------------------------------------------------------------------------
  U0_Register_File/Memory_reg[1][2]/CK -       -      R     (arrival)   6216    -     0     0       0    (-,-) 
  U0_Register_File/Memory_reg[1][2]/Q  -       CK->Q  F     SDFFRHQX1     20 22.0   373   416     416    (-,-) 
  U0_ALU_16B/div_67_27_g96503/Y        -       A->Y   R     INVX1          3  2.4   105   164     580    (-,-) 
  U0_ALU_16B/div_67_27_g96485__6417/Y  -       C0->Y  F     OAI211X1       1  0.6   116   105     685    (-,-) 
  U0_ALU_16B/div_67_27_g96484__7410/Y  -       AN->Y  F     NAND3BXL       1  0.8   160   169     854    (-,-) 
  U0_ALU_16B/div_67_27_g96483__1666/Y  -       D->Y   R     NOR4X1         2  1.8   201   140     994    (-,-) 
  U0_ALU_16B/div_67_27_g96482__2346/Y  -       B->Y   F     NOR2BX1        2  1.4    56    96    1090    (-,-) 
  U0_ALU_16B/div_67_27_g96480__2883/Y  -       A1->Y  R     OAI22X1        1  0.8   103    68    1157    (-,-) 
  U0_ALU_16B/div_67_27_g96479__9945/Y  -       D->Y   F     NOR4X1         1  0.6    86    58    1215    (-,-) 
  U0_ALU_16B/div_67_27_g96478__9315/Y  -       D->Y   R     NAND4XL        2  1.6    81    68    1283    (-,-) 
  U0_ALU_16B/g2/Y                      -       A0->Y  F     OAI21X1        3  2.3   120   110    1393    (-,-) 
  U0_ALU_16B/div_67_27_g96471__5115/Y  -       B->Y   R     NOR2X1         2  1.7    85    80    1473    (-,-) 
  U0_ALU_16B/div_67_27_g96470__1881/Y  -       C0->Y  F     AOI221X1       1  0.6   113    50    1523    (-,-) 
  U0_ALU_16B/div_67_27_g96469__6131/Y  -       D->Y   F     OR4X1          1  0.8    74   225    1748    (-,-) 
  U0_ALU_16B/div_67_27_g96468__7098/Y  -       D->Y   R     NOR4X1         5  4.4   354   195    1942    (-,-) 
  U0_ALU_16B/div_67_27_g96464__1705/Y  -       S0->Y  R     MX2X1          2  2.5    65   246    2189    (-,-) 
  U0_ALU_16B/div_67_27_g96462__1617/CO -       CI->CO R     ADDFX1         1  0.8    58   193    2382    (-,-) 
  U0_ALU_16B/div_67_27_g96461/Y        -       A->Y   F     INVX1          1  1.9    42    45    2427    (-,-) 
  U0_ALU_16B/div_67_27_g96460__3680/CO -       CI->CO F     ADDFX1         1  0.9    68   175    2601    (-,-) 
  U0_ALU_16B/div_67_27_g96459__6783/Y  -       B0->Y  R     OAI2BB1X1      1  0.8    42    42    2644    (-,-) 
  U0_ALU_16B/div_67_27_g96458__5526/Y  -       C0->Y  F     OAI211X1       1  0.8   126    90    2734    (-,-) 
  U0_ALU_16B/div_67_27_g96457__8428/Y  -       D->Y   R     NOR4X1         5  5.3   405   236    2970    (-,-) 
  U0_ALU_16B/div_67_27_g96453__4319/Y  -       S0->Y  R     MX2X1          2  2.7    68   265    3236    (-,-) 
  U0_ALU_16B/div_67_27_g96449__2398/CO -       CI->CO R     ADDFX1         1  0.8    58   194    3430    (-,-) 
  U0_ALU_16B/div_67_27_g96448/Y        -       A->Y   F     INVX1          1  1.9    42    45    3475    (-,-) 
  U0_ALU_16B/div_67_27_g96447__5477/CO -       CI->CO F     ADDFX1         1  1.9    84   183    3658    (-,-) 
  U0_ALU_16B/div_67_27_g96446__6417/CO -       CI->CO F     ADDFX1         1  0.9    67   188    3846    (-,-) 
  U0_ALU_16B/div_67_27_g96445__7410/Y  -       A1->Y  R     AOI22X1        1  0.6    84    78    3924    (-,-) 
  U0_ALU_16B/div_67_27_g96444__1666/Y  -       D->Y   F     NAND4XL        5  5.0   701   398    4323    (-,-) 
  U0_ALU_16B/div_67_27_g96443/Y        -       A->Y   R     INVX1          3  2.8   181   293    4616    (-,-) 
  U0_ALU_16B/div_67_27_g96439__9315/Y  -       S0->Y  R     MX2X1          2  2.7    67   188    4804    (-,-) 
  U0_ALU_16B/div_67_27_g96436__7482/CO -       CI->CO R     ADDFX1         1  0.8    58   194    4998    (-,-) 
  U0_ALU_16B/div_67_27_g96435/Y        -       A->Y   F     INVX1          1  1.9    42    45    5043    (-,-) 
  U0_ALU_16B/div_67_27_g96434__5115/CO -       CI->CO F     ADDFX1         1  1.9    84   183    5226    (-,-) 
  U0_ALU_16B/div_67_27_g96433__1881/CO -       CI->CO F     ADDFX1         1  1.9    82   197    5423    (-,-) 
  U0_ALU_16B/div_67_27_g96432__6131/CO -       CI->CO F     ADDFX1         1  0.9    67   188    5611    (-,-) 
  U0_ALU_16B/div_67_27_g96431__7098/Y  -       B0->Y  R     OAI21X1        1  0.6    67    38    5649    (-,-) 
  U0_ALU_16B/div_67_27_g96430__8246/Y  -       D->Y   F     NAND4XL        5  4.5   646   364    6013    (-,-) 
  U0_ALU_16B/div_67_27_g96429/Y        -       A->Y   R     INVX1          6  5.6   198   291    6304    (-,-) 
  U0_ALU_16B/div_67_27_g96423__6783/Y  -       S0->Y  R     MX2X1          2  2.7    67   194    6498    (-,-) 
  U0_ALU_16B/div_67_27_g96414__7410/CO -       CI->CO R     ADDFX1         1  0.8    56   194    6692    (-,-) 
  U0_ALU_16B/div_67_27_g96413/Y        -       A->Y   F     INVX1          1  1.9    42    44    6736    (-,-) 
  U0_ALU_16B/div_67_27_g96412__1666/CO -       CI->CO F     ADDFX1         1  1.9    84   183    6919    (-,-) 
  U0_ALU_16B/div_67_27_g96411__2346/CO -       CI->CO F     ADDFX1         4  3.3   103   209    7129    (-,-) 
  U0_ALU_16B/div_67_27_g96409__9945/Y  -       A1->Y  R     OAI221X1       1  0.6   108    88    7217    (-,-) 
  U0_ALU_16B/div_67_27_g96406__4733/Y  -       A2->Y  F     AOI33XL        7  5.2   637   397    7614    (-,-) 
  U0_ALU_16B/div_67_27_g96405/Y        -       A->Y   R     INVX1          8  6.3   204   292    7906    (-,-) 
  U0_ALU_16B/div_67_27_g96400__7098/Y  -       A1->Y  R     OA22X1         2  1.5    52   219    8125    (-,-) 
  U0_ALU_16B/div_67_27_g96392__5526/Y  -       B->Y   R     AND2XL         2  1.7    64   115    8241    (-,-) 
  U0_ALU_16B/div_67_27_g96388__5107/Y  -       A2->Y  F     OAI32X1        1  0.9   122    93    8334    (-,-) 
  U0_ALU_16B/div_67_27_g96383__7410/Y  -       A1->Y  R     OAI221X1       1  0.8   114    97    8431    (-,-) 
  U0_ALU_16B/div_67_27_g96382__1666/Y  -       C0->Y  F     OAI211X1       1  0.9   130   115    8546    (-,-) 
  U0_ALU_16B/g5123__8428/Y             -       B1->Y  R     AOI22X1        1  0.8    77    79    8624    (-,-) 
  U0_ALU_16B/g5108__6161/Y             -       C0->Y  F     OAI211X1       1  0.9   131   104    8728    (-,-) 
  U0_ALU_16B/g5104__1881/Y             -       B0->Y  R     AOI21X1        1  0.6    56    72    8800    (-,-) 
  U0_ALU_16B/g5085__7410/Y             -       C->Y   F     NAND3BXL       1  0.8   172   102    8903    (-,-) 
  U0_ALU_16B/ALU_OUT_reg[0]/D          -       -      F     SDFFRHQX1      1    -     -     0    8903    (-,-) 
#--------------------------------------------------------------------------------------------------------------



Path 5: MET (10754 ps) Setup Check with Pin U0_ALU_16B/ALU_OUT_reg[0]/CK->D
          Group: ALU_CLK
     Startpoint: (R) U0_Register_File/Memory_reg[1][1]/CK
          Clock: (R) REF_CLK
       Endpoint: (F) U0_ALU_16B/ALU_OUT_reg[0]/D
          Clock: (R) ALU_CLK

                     Capture       Launch     
        Clock Edge:+   20000            0     
       Src Latency:+       0            0     
       Net Latency:+       0 (I)        0 (I) 
           Arrival:=   20000            0     
                                              
             Setup:-     144                  
       Uncertainty:-     200                  
     Required Time:=   19656                  
      Launch Clock:-       0                  
         Data Path:-    8902                  
             Slack:=   10754                  

#--------------------------------------------------------------------------------------------------------------
#            Timing Point              Flags    Arc   Edge   Cell     Fanout Load Trans Delay Arrival Instance 
#                                                                            (fF)  (ps)  (ps)   (ps)  Location 
#--------------------------------------------------------------------------------------------------------------
  U0_Register_File/Memory_reg[1][1]/CK -       -      R     (arrival)   6216    -     0     0       0    (-,-) 
  U0_Register_File/Memory_reg[1][1]/Q  -       CK->Q  F     SDFFRHQX1     17 13.7   238   348     348    (-,-) 
  U0_ALU_16B/div_67_27_g96499/Y        -       A->Y   R     INVX1          7 12.6   211   185     533    (-,-) 
  U0_ALU_16B/div_67_27_g96485__6417/Y  -       B0->Y  F     OAI211X1       1  0.6   116   150     684    (-,-) 
  U0_ALU_16B/div_67_27_g96484__7410/Y  -       AN->Y  F     NAND3BXL       1  0.8   160   169     852    (-,-) 
  U0_ALU_16B/div_67_27_g96483__1666/Y  -       D->Y   R     NOR4X1         2  1.8   201   140     992    (-,-) 
  U0_ALU_16B/div_67_27_g96482__2346/Y  -       B->Y   F     NOR2BX1        2  1.4    56    96    1088    (-,-) 
  U0_ALU_16B/div_67_27_g96480__2883/Y  -       A1->Y  R     OAI22X1        1  0.8   103    68    1156    (-,-) 
  U0_ALU_16B/div_67_27_g96479__9945/Y  -       D->Y   F     NOR4X1         1  0.6    86    58    1213    (-,-) 
  U0_ALU_16B/div_67_27_g96478__9315/Y  -       D->Y   R     NAND4XL        2  1.6    81    68    1281    (-,-) 
  U0_ALU_16B/g2/Y                      -       A0->Y  F     OAI21X1        3  2.3   120   110    1392    (-,-) 
  U0_ALU_16B/div_67_27_g96473__7482/Y  -       B->Y   R     NAND2X1        2  1.7    72    66    1457    (-,-) 
  U0_ALU_16B/div_67_27_g96470__1881/Y  -       B1->Y  F     AOI221X1       1  0.6   113    77    1534    (-,-) 
  U0_ALU_16B/div_67_27_g96469__6131/Y  -       D->Y   F     OR4X1          1  0.8    74   225    1759    (-,-) 
  U0_ALU_16B/div_67_27_g96468__7098/Y  -       D->Y   R     NOR4X1         5  4.4   354   195    1954    (-,-) 
  U0_ALU_16B/div_67_27_g96464__1705/Y  -       S0->Y  R     MX2X1          2  2.5    65   246    2200    (-,-) 
  U0_ALU_16B/div_67_27_g96462__1617/CO -       CI->CO R     ADDFX1         1  0.8    58   193    2393    (-,-) 
  U0_ALU_16B/div_67_27_g96461/Y        -       A->Y   F     INVX1          1  1.9    42    45    2438    (-,-) 
  U0_ALU_16B/div_67_27_g96460__3680/CO -       CI->CO F     ADDFX1         1  0.9    68   175    2613    (-,-) 
  U0_ALU_16B/div_67_27_g96459__6783/Y  -       B0->Y  R     OAI2BB1X1      1  0.8    42    42    2655    (-,-) 
  U0_ALU_16B/div_67_27_g96458__5526/Y  -       C0->Y  F     OAI211X1       1  0.8   126    90    2745    (-,-) 
  U0_ALU_16B/div_67_27_g96457__8428/Y  -       D->Y   R     NOR4X1         5  5.3   405   236    2982    (-,-) 
  U0_ALU_16B/div_67_27_g96453__4319/Y  -       S0->Y  R     MX2X1          2  2.7    68   265    3247    (-,-) 
  U0_ALU_16B/div_67_27_g96449__2398/CO -       CI->CO R     ADDFX1         1  0.8    58   194    3441    (-,-) 
  U0_ALU_16B/div_67_27_g96448/Y        -       A->Y   F     INVX1          1  1.9    42    45    3486    (-,-) 
  U0_ALU_16B/div_67_27_g96447__5477/CO -       CI->CO F     ADDFX1         1  1.9    84   183    3669    (-,-) 
  U0_ALU_16B/div_67_27_g96446__6417/CO -       CI->CO F     ADDFX1         1  0.9    67   188    3858    (-,-) 
  U0_ALU_16B/div_67_27_g96445__7410/Y  -       A1->Y  R     AOI22X1        1  0.6    84    78    3936    (-,-) 
  U0_ALU_16B/div_67_27_g96444__1666/Y  -       D->Y   F     NAND4XL        5  5.0   701   398    4334    (-,-) 
  U0_ALU_16B/div_67_27_g96443/Y        -       A->Y   R     INVX1          3  2.8   181   293    4627    (-,-) 
  U0_ALU_16B/div_67_27_g96439__9315/Y  -       S0->Y  R     MX2X1          2  2.7    67   188    4815    (-,-) 
  U0_ALU_16B/div_67_27_g96436__7482/CO -       CI->CO R     ADDFX1         1  0.8    58   194    5009    (-,-) 
  U0_ALU_16B/div_67_27_g96435/Y        -       A->Y   F     INVX1          1  1.9    42    45    5054    (-,-) 
  U0_ALU_16B/div_67_27_g96434__5115/CO -       CI->CO F     ADDFX1         1  1.9    84   183    5238    (-,-) 
  U0_ALU_16B/div_67_27_g96433__1881/CO -       CI->CO F     ADDFX1         1  1.9    82   197    5434    (-,-) 
  U0_ALU_16B/div_67_27_g96432__6131/CO -       CI->CO F     ADDFX1         1  0.9    67   188    5622    (-,-) 
  U0_ALU_16B/div_67_27_g96431__7098/Y  -       B0->Y  R     OAI21X1        1  0.6    67    38    5661    (-,-) 
  U0_ALU_16B/div_67_27_g96430__8246/Y  -       D->Y   F     NAND4XL        5  4.5   646   364    6024    (-,-) 
  U0_ALU_16B/div_67_27_g96429/Y        -       A->Y   R     INVX1          6  5.6   198   291    6315    (-,-) 
  U0_ALU_16B/div_67_27_g96423__6783/Y  -       S0->Y  R     MX2X1          2  2.7    67   194    6509    (-,-) 
  U0_ALU_16B/div_67_27_g96414__7410/CO -       CI->CO R     ADDFX1         1  0.8    56   194    6703    (-,-) 
  U0_ALU_16B/div_67_27_g96413/Y        -       A->Y   F     INVX1          1  1.9    42    44    6748    (-,-) 
  U0_ALU_16B/div_67_27_g96412__1666/CO -       CI->CO F     ADDFX1         1  1.9    84   183    6931    (-,-) 
  U0_ALU_16B/div_67_27_g96411__2346/CO -       CI->CO F     ADDFX1         4  3.3   103   209    7140    (-,-) 
  U0_ALU_16B/div_67_27_g96409__9945/Y  -       A1->Y  R     OAI221X1       1  0.6   108    88    7228    (-,-) 
  U0_ALU_16B/div_67_27_g96406__4733/Y  -       A2->Y  F     AOI33XL        7  5.2   637   397    7626    (-,-) 
  U0_ALU_16B/div_67_27_g96405/Y        -       A->Y   R     INVX1          8  6.3   204   292    7918    (-,-) 
  U0_ALU_16B/div_67_27_g96395__1617/Y  -       A1N->Y R     OAI2BB1X1      2  1.5    71   180    8098    (-,-) 
  U0_ALU_16B/div_67_27_g96393__6783/Y  -       C->Y   F     NAND3X1        1  0.9   112    85    8182    (-,-) 
  U0_ALU_16B/div_67_27_g96390__4319/Y  -       B0->Y  R     OAI21X1        1  0.9    75    57    8240    (-,-) 
  U0_ALU_16B/div_67_27_g96385__5477/Y  -       B1->Y  F     AOI221X1       1  0.9   132    83    8322    (-,-) 
  U0_ALU_16B/div_67_27_g96383__7410/Y  -       A0->Y  R     OAI221X1       1  0.8   114   108    8430    (-,-) 
  U0_ALU_16B/div_67_27_g96382__1666/Y  -       C0->Y  F     OAI211X1       1  0.9   130   115    8545    (-,-) 
  U0_ALU_16B/g5123__8428/Y             -       B1->Y  R     AOI22X1        1  0.8    77    79    8624    (-,-) 
  U0_ALU_16B/g5108__6161/Y             -       C0->Y  F     OAI211X1       1  0.9   131   104    8728    (-,-) 
  U0_ALU_16B/g5104__1881/Y             -       B0->Y  R     AOI21X1        1  0.6    56    72    8800    (-,-) 
  U0_ALU_16B/g5085__7410/Y             -       C->Y   F     NAND3BXL       1  0.8   172   102    8902    (-,-) 
  U0_ALU_16B/ALU_OUT_reg[0]/D          -       -      F     SDFFRHQX1      1    -     -     0    8902    (-,-) 
#--------------------------------------------------------------------------------------------------------------



Path 6: MET (10755 ps) Setup Check with Pin U0_ALU_16B/ALU_OUT_reg[0]/CK->D
          Group: ALU_CLK
     Startpoint: (R) U0_Register_File/Memory_reg[1][1]/CK
          Clock: (R) REF_CLK
       Endpoint: (F) U0_ALU_16B/ALU_OUT_reg[0]/D
          Clock: (R) ALU_CLK

                     Capture       Launch     
        Clock Edge:+   20000            0     
       Src Latency:+       0            0     
       Net Latency:+       0 (I)        0 (I) 
           Arrival:=   20000            0     
                                              
             Setup:-     144                  
       Uncertainty:-     200                  
     Required Time:=   19656                  
      Launch Clock:-       0                  
         Data Path:-    8902                  
             Slack:=   10755                  

#--------------------------------------------------------------------------------------------------------------
#            Timing Point              Flags    Arc   Edge   Cell     Fanout Load Trans Delay Arrival Instance 
#                                                                            (fF)  (ps)  (ps)   (ps)  Location 
#--------------------------------------------------------------------------------------------------------------
  U0_Register_File/Memory_reg[1][1]/CK -       -      R     (arrival)   6216    -     0     0       0    (-,-) 
  U0_Register_File/Memory_reg[1][1]/Q  -       CK->Q  F     SDFFRHQX1     17 13.7   238   348     348    (-,-) 
  U0_ALU_16B/div_67_27_g96499/Y        -       A->Y   R     INVX1          7 12.6   211   185     533    (-,-) 
  U0_ALU_16B/div_67_27_g96485__6417/Y  -       B0->Y  F     OAI211X1       1  0.6   116   150     684    (-,-) 
  U0_ALU_16B/div_67_27_g96484__7410/Y  -       AN->Y  F     NAND3BXL       1  0.8   160   169     852    (-,-) 
  U0_ALU_16B/div_67_27_g96483__1666/Y  -       D->Y   R     NOR4X1         2  1.8   201   140     992    (-,-) 
  U0_ALU_16B/div_67_27_g96482__2346/Y  -       B->Y   F     NOR2BX1        2  1.4    56    96    1088    (-,-) 
  U0_ALU_16B/div_67_27_g96480__2883/Y  -       A1->Y  R     OAI22X1        1  0.8   103    68    1156    (-,-) 
  U0_ALU_16B/div_67_27_g96479__9945/Y  -       D->Y   F     NOR4X1         1  0.6    86    58    1213    (-,-) 
  U0_ALU_16B/div_67_27_g96478__9315/Y  -       D->Y   R     NAND4XL        2  1.6    81    68    1281    (-,-) 
  U0_ALU_16B/g2/Y                      -       A0->Y  F     OAI21X1        3  2.3   120   110    1392    (-,-) 
  U0_ALU_16B/div_67_27_g96471__5115/Y  -       B->Y   R     NOR2X1         2  1.7    85    80    1471    (-,-) 
  U0_ALU_16B/div_67_27_g96470__1881/Y  -       C0->Y  F     AOI221X1       1  0.6   113    50    1521    (-,-) 
  U0_ALU_16B/div_67_27_g96469__6131/Y  -       D->Y   F     OR4X1          1  0.8    74   225    1746    (-,-) 
  U0_ALU_16B/div_67_27_g96468__7098/Y  -       D->Y   R     NOR4X1         5  4.4   354   195    1941    (-,-) 
  U0_ALU_16B/div_67_27_g96464__1705/Y  -       S0->Y  R     MX2X1          2  2.5    65   246    2187    (-,-) 
  U0_ALU_16B/div_67_27_g96462__1617/CO -       CI->CO R     ADDFX1         1  0.8    58   193    2380    (-,-) 
  U0_ALU_16B/div_67_27_g96461/Y        -       A->Y   F     INVX1          1  1.9    42    45    2425    (-,-) 
  U0_ALU_16B/div_67_27_g96460__3680/CO -       CI->CO F     ADDFX1         1  0.9    68   175    2600    (-,-) 
  U0_ALU_16B/div_67_27_g96459__6783/Y  -       B0->Y  R     OAI2BB1X1      1  0.8    42    42    2642    (-,-) 
  U0_ALU_16B/div_67_27_g96458__5526/Y  -       C0->Y  F     OAI211X1       1  0.8   126    90    2733    (-,-) 
  U0_ALU_16B/div_67_27_g96457__8428/Y  -       D->Y   R     NOR4X1         5  5.3   405   236    2969    (-,-) 
  U0_ALU_16B/div_67_27_g96453__4319/Y  -       S0->Y  R     MX2X1          2  2.7    68   265    3234    (-,-) 
  U0_ALU_16B/div_67_27_g96449__2398/CO -       CI->CO R     ADDFX1         1  0.8    58   194    3428    (-,-) 
  U0_ALU_16B/div_67_27_g96448/Y        -       A->Y   F     INVX1          1  1.9    42    45    3473    (-,-) 
  U0_ALU_16B/div_67_27_g96447__5477/CO -       CI->CO F     ADDFX1         1  1.9    84   183    3657    (-,-) 
  U0_ALU_16B/div_67_27_g96446__6417/CO -       CI->CO F     ADDFX1         1  0.9    67   188    3845    (-,-) 
  U0_ALU_16B/div_67_27_g96445__7410/Y  -       A1->Y  R     AOI22X1        1  0.6    84    78    3923    (-,-) 
  U0_ALU_16B/div_67_27_g96444__1666/Y  -       D->Y   F     NAND4XL        5  5.0   701   398    4321    (-,-) 
  U0_ALU_16B/div_67_27_g96443/Y        -       A->Y   R     INVX1          3  2.8   181   293    4614    (-,-) 
  U0_ALU_16B/div_67_27_g96439__9315/Y  -       S0->Y  R     MX2X1          2  2.7    67   188    4802    (-,-) 
  U0_ALU_16B/div_67_27_g96436__7482/CO -       CI->CO R     ADDFX1         1  0.8    58   194    4997    (-,-) 
  U0_ALU_16B/div_67_27_g96435/Y        -       A->Y   F     INVX1          1  1.9    42    45    5041    (-,-) 
  U0_ALU_16B/div_67_27_g96434__5115/CO -       CI->CO F     ADDFX1         1  1.9    84   183    5225    (-,-) 
  U0_ALU_16B/div_67_27_g96433__1881/CO -       CI->CO F     ADDFX1         1  1.9    82   197    5422    (-,-) 
  U0_ALU_16B/div_67_27_g96432__6131/CO -       CI->CO F     ADDFX1         1  0.9    67   188    5610    (-,-) 
  U0_ALU_16B/div_67_27_g96431__7098/Y  -       B0->Y  R     OAI21X1        1  0.6    67    38    5648    (-,-) 
  U0_ALU_16B/div_67_27_g96430__8246/Y  -       D->Y   F     NAND4XL        5  4.5   646   364    6012    (-,-) 
  U0_ALU_16B/div_67_27_g96429/Y        -       A->Y   R     INVX1          6  5.6   198   291    6302    (-,-) 
  U0_ALU_16B/div_67_27_g96423__6783/Y  -       S0->Y  R     MX2X1          2  2.7    67   194    6496    (-,-) 
  U0_ALU_16B/div_67_27_g96414__7410/CO -       CI->CO R     ADDFX1         1  0.8    56   194    6690    (-,-) 
  U0_ALU_16B/div_67_27_g96413/Y        -       A->Y   F     INVX1          1  1.9    42    44    6735    (-,-) 
  U0_ALU_16B/div_67_27_g96412__1666/CO -       CI->CO F     ADDFX1         1  1.9    84   183    6918    (-,-) 
  U0_ALU_16B/div_67_27_g96411__2346/CO -       CI->CO F     ADDFX1         4  3.3   103   209    7127    (-,-) 
  U0_ALU_16B/div_67_27_g96409__9945/Y  -       A1->Y  R     OAI221X1       1  0.6   108    88    7216    (-,-) 
  U0_ALU_16B/div_67_27_g96406__4733/Y  -       A2->Y  F     AOI33XL        7  5.2   637   397    7613    (-,-) 
  U0_ALU_16B/div_67_27_g96405/Y        -       A->Y   R     INVX1          8  6.3   204   292    7905    (-,-) 
  U0_ALU_16B/div_67_27_g96400__7098/Y  -       A1->Y  R     OA22X1         2  1.5    52   219    8124    (-,-) 
  U0_ALU_16B/div_67_27_g96392__5526/Y  -       B->Y   R     AND2XL         2  1.7    64   115    8239    (-,-) 
  U0_ALU_16B/div_67_27_g96388__5107/Y  -       A2->Y  F     OAI32X1        1  0.9   122    93    8332    (-,-) 
  U0_ALU_16B/div_67_27_g96383__7410/Y  -       A1->Y  R     OAI221X1       1  0.8   114    97    8429    (-,-) 
  U0_ALU_16B/div_67_27_g96382__1666/Y  -       C0->Y  F     OAI211X1       1  0.9   130   115    8544    (-,-) 
  U0_ALU_16B/g5123__8428/Y             -       B1->Y  R     AOI22X1        1  0.8    77    79    8623    (-,-) 
  U0_ALU_16B/g5108__6161/Y             -       C0->Y  F     OAI211X1       1  0.9   131   104    8727    (-,-) 
  U0_ALU_16B/g5104__1881/Y             -       B0->Y  R     AOI21X1        1  0.6    56    72    8799    (-,-) 
  U0_ALU_16B/g5085__7410/Y             -       C->Y   F     NAND3BXL       1  0.8   172   102    8902    (-,-) 
  U0_ALU_16B/ALU_OUT_reg[0]/D          -       -      F     SDFFRHQX1      1    -     -     0    8902    (-,-) 
#--------------------------------------------------------------------------------------------------------------



Path 7: MET (10762 ps) Setup Check with Pin U0_ALU_16B/ALU_OUT_reg[0]/CK->D
          Group: ALU_CLK
     Startpoint: (R) U0_Register_File/Memory_reg[1][0]/CK
          Clock: (R) REF_CLK
       Endpoint: (F) U0_ALU_16B/ALU_OUT_reg[0]/D
          Clock: (R) ALU_CLK

                     Capture       Launch     
        Clock Edge:+   20000            0     
       Src Latency:+       0            0     
       Net Latency:+       0 (I)        0 (I) 
           Arrival:=   20000            0     
                                              
             Setup:-     144                  
       Uncertainty:-     200                  
     Required Time:=   19656                  
      Launch Clock:-       0                  
         Data Path:-    8894                  
             Slack:=   10762                  

#--------------------------------------------------------------------------------------------------------------
#            Timing Point              Flags    Arc   Edge   Cell     Fanout Load Trans Delay Arrival Instance 
#                                                                            (fF)  (ps)  (ps)   (ps)  Location 
#--------------------------------------------------------------------------------------------------------------
  U0_Register_File/Memory_reg[1][0]/CK -       -      R     (arrival)   6216    -     0     0       0    (-,-) 
  U0_Register_File/Memory_reg[1][0]/Q  -       CK->Q  F     SDFFRHQX1     21 16.9   290   374     374    (-,-) 
  U0_ALU_16B/div_67_27_g96498/Y        -       A->Y   R     INVX1          9  6.9   145   164     538    (-,-) 
  U0_ALU_16B/div_67_27_g96485__6417/Y  -       A1->Y  F     OAI211X1       1  0.6   116   126     664    (-,-) 
  U0_ALU_16B/div_67_27_g96484__7410/Y  -       AN->Y  F     NAND3BXL       1  0.8   160   169     833    (-,-) 
  U0_ALU_16B/div_67_27_g96483__1666/Y  -       D->Y   R     NOR4X1         2  1.8   201   140     972    (-,-) 
  U0_ALU_16B/div_67_27_g96482__2346/Y  -       B->Y   F     NOR2BX1        2  1.4    56    96    1068    (-,-) 
  U0_ALU_16B/div_67_27_g96480__2883/Y  -       A1->Y  R     OAI22X1        1  0.8   103    68    1136    (-,-) 
  U0_ALU_16B/div_67_27_g96479__9945/Y  -       D->Y   F     NOR4X1         1  0.6    86    58    1194    (-,-) 
  U0_ALU_16B/div_67_27_g96478__9315/Y  -       D->Y   R     NAND4XL        2  1.6    81    68    1262    (-,-) 
  U0_ALU_16B/g2/Y                      -       A0->Y  F     OAI21X1        3  2.3   120   110    1372    (-,-) 
  U0_ALU_16B/div_67_27_g96473__7482/Y  -       B->Y   R     NAND2X1        2  1.7    72    66    1437    (-,-) 
  U0_ALU_16B/div_67_27_g96470__1881/Y  -       B1->Y  F     AOI221X1       1  0.6   113    77    1514    (-,-) 
  U0_ALU_16B/div_67_27_g96469__6131/Y  -       D->Y   F     OR4X1          1  0.8    74   225    1739    (-,-) 
  U0_ALU_16B/div_67_27_g96468__7098/Y  -       D->Y   R     NOR4X1         5  4.4   354   195    1934    (-,-) 
  U0_ALU_16B/div_67_27_g96464__1705/Y  -       S0->Y  R     MX2X1          2  2.5    65   246    2180    (-,-) 
  U0_ALU_16B/div_67_27_g96462__1617/CO -       CI->CO R     ADDFX1         1  0.8    58   193    2374    (-,-) 
  U0_ALU_16B/div_67_27_g96461/Y        -       A->Y   F     INVX1          1  1.9    42    45    2418    (-,-) 
  U0_ALU_16B/div_67_27_g96460__3680/CO -       CI->CO F     ADDFX1         1  0.9    68   175    2593    (-,-) 
  U0_ALU_16B/div_67_27_g96459__6783/Y  -       B0->Y  R     OAI2BB1X1      1  0.8    42    42    2635    (-,-) 
  U0_ALU_16B/div_67_27_g96458__5526/Y  -       C0->Y  F     OAI211X1       1  0.8   126    90    2726    (-,-) 
  U0_ALU_16B/div_67_27_g96457__8428/Y  -       D->Y   R     NOR4X1         5  5.3   405   236    2962    (-,-) 
  U0_ALU_16B/div_67_27_g96453__4319/Y  -       S0->Y  R     MX2X1          2  2.7    68   265    3227    (-,-) 
  U0_ALU_16B/div_67_27_g96449__2398/CO -       CI->CO R     ADDFX1         1  0.8    58   194    3422    (-,-) 
  U0_ALU_16B/div_67_27_g96448/Y        -       A->Y   F     INVX1          1  1.9    42    45    3466    (-,-) 
  U0_ALU_16B/div_67_27_g96447__5477/CO -       CI->CO F     ADDFX1         1  1.9    84   183    3650    (-,-) 
  U0_ALU_16B/div_67_27_g96446__6417/CO -       CI->CO F     ADDFX1         1  0.9    67   188    3838    (-,-) 
  U0_ALU_16B/div_67_27_g96445__7410/Y  -       A1->Y  R     AOI22X1        1  0.6    84    78    3916    (-,-) 
  U0_ALU_16B/div_67_27_g96444__1666/Y  -       D->Y   F     NAND4XL        5  5.0   701   398    4314    (-,-) 
  U0_ALU_16B/div_67_27_g96443/Y        -       A->Y   R     INVX1          3  2.8   181   293    4608    (-,-) 
  U0_ALU_16B/div_67_27_g96439__9315/Y  -       S0->Y  R     MX2X1          2  2.7    67   188    4795    (-,-) 
  U0_ALU_16B/div_67_27_g96436__7482/CO -       CI->CO R     ADDFX1         1  0.8    58   194    4990    (-,-) 
  U0_ALU_16B/div_67_27_g96435/Y        -       A->Y   F     INVX1          1  1.9    42    45    5034    (-,-) 
  U0_ALU_16B/div_67_27_g96434__5115/CO -       CI->CO F     ADDFX1         1  1.9    84   183    5218    (-,-) 
  U0_ALU_16B/div_67_27_g96433__1881/CO -       CI->CO F     ADDFX1         1  1.9    82   197    5415    (-,-) 
  U0_ALU_16B/div_67_27_g96432__6131/CO -       CI->CO F     ADDFX1         1  0.9    67   188    5602    (-,-) 
  U0_ALU_16B/div_67_27_g96431__7098/Y  -       B0->Y  R     OAI21X1        1  0.6    67    38    5641    (-,-) 
  U0_ALU_16B/div_67_27_g96430__8246/Y  -       D->Y   F     NAND4XL        5  4.5   646   364    6005    (-,-) 
  U0_ALU_16B/div_67_27_g96429/Y        -       A->Y   R     INVX1          6  5.6   198   291    6295    (-,-) 
  U0_ALU_16B/div_67_27_g96423__6783/Y  -       S0->Y  R     MX2X1          2  2.7    67   194    6489    (-,-) 
  U0_ALU_16B/div_67_27_g96414__7410/CO -       CI->CO R     ADDFX1         1  0.8    56   194    6684    (-,-) 
  U0_ALU_16B/div_67_27_g96413/Y        -       A->Y   F     INVX1          1  1.9    42    44    6728    (-,-) 
  U0_ALU_16B/div_67_27_g96412__1666/CO -       CI->CO F     ADDFX1         1  1.9    84   183    6911    (-,-) 
  U0_ALU_16B/div_67_27_g96411__2346/CO -       CI->CO F     ADDFX1         4  3.3   103   209    7120    (-,-) 
  U0_ALU_16B/div_67_27_g96409__9945/Y  -       A1->Y  R     OAI221X1       1  0.6   108    88    7208    (-,-) 
  U0_ALU_16B/div_67_27_g96406__4733/Y  -       A2->Y  F     AOI33XL        7  5.2   637   397    7606    (-,-) 
  U0_ALU_16B/div_67_27_g96405/Y        -       A->Y   R     INVX1          8  6.3   204   292    7898    (-,-) 
  U0_ALU_16B/div_67_27_g96400__7098/Y  -       A1->Y  R     OA22X1         2  1.5    52   219    8117    (-,-) 
  U0_ALU_16B/div_67_27_g96392__5526/Y  -       B->Y   R     AND2XL         2  1.7    64   115    8232    (-,-) 
  U0_ALU_16B/div_67_27_g96388__5107/Y  -       A2->Y  F     OAI32X1        1  0.9   122    93    8325    (-,-) 
  U0_ALU_16B/div_67_27_g96383__7410/Y  -       A1->Y  R     OAI221X1       1  0.8   114    97    8422    (-,-) 
  U0_ALU_16B/div_67_27_g96382__1666/Y  -       C0->Y  F     OAI211X1       1  0.9   130   115    8537    (-,-) 
  U0_ALU_16B/g5123__8428/Y             -       B1->Y  R     AOI22X1        1  0.8    77    79    8616    (-,-) 
  U0_ALU_16B/g5108__6161/Y             -       C0->Y  F     OAI211X1       1  0.9   131   104    8720    (-,-) 
  U0_ALU_16B/g5104__1881/Y             -       B0->Y  R     AOI21X1        1  0.6    56    72    8792    (-,-) 
  U0_ALU_16B/g5085__7410/Y             -       C->Y   F     NAND3BXL       1  0.8   172   102    8894    (-,-) 
  U0_ALU_16B/ALU_OUT_reg[0]/D          -       -      F     SDFFRHQX1      1    -     -     0    8894    (-,-) 
#--------------------------------------------------------------------------------------------------------------



Path 8: MET (10763 ps) Setup Check with Pin U0_ALU_16B/ALU_OUT_reg[0]/CK->D
          Group: ALU_CLK
     Startpoint: (R) U0_Register_File/Memory_reg[1][2]/CK
          Clock: (R) REF_CLK
       Endpoint: (F) U0_ALU_16B/ALU_OUT_reg[0]/D
          Clock: (R) ALU_CLK

                     Capture       Launch     
        Clock Edge:+   20000            0     
       Src Latency:+       0            0     
       Net Latency:+       0 (I)        0 (I) 
           Arrival:=   20000            0     
                                              
             Setup:-     144                  
       Uncertainty:-     200                  
     Required Time:=   19656                  
      Launch Clock:-       0                  
         Data Path:-    8893                  
             Slack:=   10763                  

#--------------------------------------------------------------------------------------------------------------
#            Timing Point              Flags    Arc   Edge   Cell     Fanout Load Trans Delay Arrival Instance 
#                                                                            (fF)  (ps)  (ps)   (ps)  Location 
#--------------------------------------------------------------------------------------------------------------
  U0_Register_File/Memory_reg[1][2]/CK -       -      R     (arrival)   6216    -     0     0       0    (-,-) 
  U0_Register_File/Memory_reg[1][2]/Q  -       CK->Q  F     SDFFRHQX1     20 22.0   373   416     416    (-,-) 
  U0_ALU_16B/div_67_27_g96503/Y        -       A->Y   R     INVX1          3  2.4   105   164     580    (-,-) 
  U0_ALU_16B/div_67_27_g96485__6417/Y  -       C0->Y  F     OAI211X1       1  0.6   116   105     685    (-,-) 
  U0_ALU_16B/div_67_27_g96484__7410/Y  -       AN->Y  F     NAND3BXL       1  0.8   160   169     854    (-,-) 
  U0_ALU_16B/div_67_27_g96483__1666/Y  -       D->Y   R     NOR4X1         2  1.8   201   140     994    (-,-) 
  U0_ALU_16B/div_67_27_g96482__2346/Y  -       B->Y   F     NOR2BX1        2  1.4    56    96    1090    (-,-) 
  U0_ALU_16B/div_67_27_g96480__2883/Y  -       A1->Y  R     OAI22X1        1  0.8   103    68    1157    (-,-) 
  U0_ALU_16B/div_67_27_g96479__9945/Y  -       D->Y   F     NOR4X1         1  0.6    86    58    1215    (-,-) 
  U0_ALU_16B/div_67_27_g96478__9315/Y  -       D->Y   R     NAND4XL        2  1.6    81    68    1283    (-,-) 
  U0_ALU_16B/g2/Y                      -       A0->Y  F     OAI21X1        3  2.3   120   110    1393    (-,-) 
  U0_ALU_16B/div_67_27_g96473__7482/Y  -       B->Y   R     NAND2X1        2  1.7    72    66    1459    (-,-) 
  U0_ALU_16B/div_67_27_g96470__1881/Y  -       B1->Y  F     AOI221X1       1  0.6   113    77    1535    (-,-) 
  U0_ALU_16B/div_67_27_g96469__6131/Y  -       D->Y   F     OR4X1          1  0.8    74   225    1760    (-,-) 
  U0_ALU_16B/div_67_27_g96468__7098/Y  -       D->Y   R     NOR4X1         5  4.4   354   195    1955    (-,-) 
  U0_ALU_16B/div_67_27_g96464__1705/Y  -       S0->Y  R     MX2X1          2  2.5    65   246    2201    (-,-) 
  U0_ALU_16B/div_67_27_g96462__1617/CO -       CI->CO R     ADDFX1         1  0.8    58   193    2395    (-,-) 
  U0_ALU_16B/div_67_27_g96461/Y        -       A->Y   F     INVX1          1  1.9    42    45    2440    (-,-) 
  U0_ALU_16B/div_67_27_g96460__3680/CO -       CI->CO F     ADDFX1         1  0.9    68   175    2614    (-,-) 
  U0_ALU_16B/div_67_27_g96459__6783/Y  -       B0->Y  R     OAI2BB1X1      1  0.8    42    42    2656    (-,-) 
  U0_ALU_16B/div_67_27_g96458__5526/Y  -       C0->Y  F     OAI211X1       1  0.8   126    90    2747    (-,-) 
  U0_ALU_16B/div_67_27_g96457__8428/Y  -       D->Y   R     NOR4X1         5  5.3   405   236    2983    (-,-) 
  U0_ALU_16B/div_67_27_g96453__4319/Y  -       S0->Y  R     MX2X1          2  2.7    68   265    3248    (-,-) 
  U0_ALU_16B/div_67_27_g96449__2398/CO -       CI->CO R     ADDFX1         1  0.8    58   194    3443    (-,-) 
  U0_ALU_16B/div_67_27_g96448/Y        -       A->Y   F     INVX1          1  1.9    42    45    3488    (-,-) 
  U0_ALU_16B/div_67_27_g96447__5477/CO -       CI->CO F     ADDFX1         1  1.9    84   183    3671    (-,-) 
  U0_ALU_16B/div_67_27_g96446__6417/CO -       CI->CO F     ADDFX1         1  0.9    67   188    3859    (-,-) 
  U0_ALU_16B/div_67_27_g96445__7410/Y  -       A1->Y  R     AOI22X1        1  0.6    84    78    3937    (-,-) 
  U0_ALU_16B/div_67_27_g96444__1666/Y  -       D->Y   F     NAND4XL        5  5.0   701   398    4336    (-,-) 
  U0_ALU_16B/div_67_27_g96443/Y        -       A->Y   R     INVX1          3  2.8   181   293    4629    (-,-) 
  U0_ALU_16B/div_67_27_g96439__9315/Y  -       S0->Y  R     MX2X1          2  2.7    67   188    4817    (-,-) 
  U0_ALU_16B/div_67_27_g96436__7482/CO -       CI->CO R     ADDFX1         1  0.8    58   194    5011    (-,-) 
  U0_ALU_16B/div_67_27_g96435/Y        -       A->Y   F     INVX1          1  1.9    42    45    5056    (-,-) 
  U0_ALU_16B/div_67_27_g96434__5115/CO -       CI->CO F     ADDFX1         1  1.9    84   183    5239    (-,-) 
  U0_ALU_16B/div_67_27_g96433__1881/CO -       CI->CO F     ADDFX1         1  1.9    82   197    5436    (-,-) 
  U0_ALU_16B/div_67_27_g96432__6131/CO -       CI->CO F     ADDFX1         1  0.9    67   188    5624    (-,-) 
  U0_ALU_16B/div_67_27_g96431__7098/Y  -       B0->Y  R     OAI21X1        1  0.6    67    38    5662    (-,-) 
  U0_ALU_16B/div_67_27_g96430__8246/Y  -       D->Y   F     NAND4XL        5  4.5   646   364    6026    (-,-) 
  U0_ALU_16B/div_67_27_g96429/Y        -       A->Y   R     INVX1          6  5.6   198   291    6317    (-,-) 
  U0_ALU_16B/div_67_27_g96423__6783/Y  -       S0->Y  R     MX2X1          2  2.7    67   194    6510    (-,-) 
  U0_ALU_16B/div_67_27_g96414__7410/CO -       CI->CO R     ADDFX1         1  0.8    56   194    6705    (-,-) 
  U0_ALU_16B/div_67_27_g96413/Y        -       A->Y   F     INVX1          1  1.9    42    44    6749    (-,-) 
  U0_ALU_16B/div_67_27_g96412__1666/CO -       CI->CO F     ADDFX1         1  1.9    84   183    6932    (-,-) 
  U0_ALU_16B/div_67_27_g96411__2346/CO -       CI->CO F     ADDFX1         4  3.3   103   209    7142    (-,-) 
  U0_ALU_16B/div_67_27_g96409__9945/Y  -       A1->Y  R     OAI221X1       1  0.6   108    88    7230    (-,-) 
  U0_ALU_16B/div_67_27_g96406__4733/Y  -       A2->Y  F     AOI33XL        7  5.2   637   397    7627    (-,-) 
  U0_ALU_16B/div_67_27_g96405/Y        -       A->Y   R     INVX1          8  6.3   204   292    7919    (-,-) 
  U0_ALU_16B/div_67_27_g96395__1617/Y  -       A1N->Y R     OAI2BB1X1      2  1.5    71   180    8099    (-,-) 
  U0_ALU_16B/div_67_27_g96389__6260/Y  -       A1N->Y R     OAI2BB1X1      1  0.9    60   130    8229    (-,-) 
  U0_ALU_16B/div_67_27_g96385__5477/Y  -       B0->Y  F     AOI221X1       1  0.9   132    84    8313    (-,-) 
  U0_ALU_16B/div_67_27_g96383__7410/Y  -       A0->Y  R     OAI221X1       1  0.8   114   108    8421    (-,-) 
  U0_ALU_16B/div_67_27_g96382__1666/Y  -       C0->Y  F     OAI211X1       1  0.9   130   115    8536    (-,-) 
  U0_ALU_16B/g5123__8428/Y             -       B1->Y  R     AOI22X1        1  0.8    77    79    8615    (-,-) 
  U0_ALU_16B/g5108__6161/Y             -       C0->Y  F     OAI211X1       1  0.9   131   104    8718    (-,-) 
  U0_ALU_16B/g5104__1881/Y             -       B0->Y  R     AOI21X1        1  0.6    56    72    8791    (-,-) 
  U0_ALU_16B/g5085__7410/Y             -       C->Y   F     NAND3BXL       1  0.8   172   102    8893    (-,-) 
  U0_ALU_16B/ALU_OUT_reg[0]/D          -       -      F     SDFFRHQX1      1    -     -     0    8893    (-,-) 
#--------------------------------------------------------------------------------------------------------------



Path 9: MET (10765 ps) Setup Check with Pin U0_ALU_16B/ALU_OUT_reg[0]/CK->D
          Group: ALU_CLK
     Startpoint: (R) U0_Register_File/Memory_reg[1][1]/CK
          Clock: (R) REF_CLK
       Endpoint: (F) U0_ALU_16B/ALU_OUT_reg[0]/D
          Clock: (R) ALU_CLK

                     Capture       Launch     
        Clock Edge:+   20000            0     
       Src Latency:+       0            0     
       Net Latency:+       0 (I)        0 (I) 
           Arrival:=   20000            0     
                                              
             Setup:-     144                  
       Uncertainty:-     200                  
     Required Time:=   19656                  
      Launch Clock:-       0                  
         Data Path:-    8892                  
             Slack:=   10765                  

#--------------------------------------------------------------------------------------------------------------
#            Timing Point              Flags    Arc   Edge   Cell     Fanout Load Trans Delay Arrival Instance 
#                                                                            (fF)  (ps)  (ps)   (ps)  Location 
#--------------------------------------------------------------------------------------------------------------
  U0_Register_File/Memory_reg[1][1]/CK -       -      R     (arrival)   6216    -     0     0       0    (-,-) 
  U0_Register_File/Memory_reg[1][1]/Q  -       CK->Q  F     SDFFRHQX1     17 13.7   238   348     348    (-,-) 
  U0_ALU_16B/div_67_27_g96499/Y        -       A->Y   R     INVX1          7 12.6   211   185     533    (-,-) 
  U0_ALU_16B/div_67_27_g96485__6417/Y  -       B0->Y  F     OAI211X1       1  0.6   116   150     684    (-,-) 
  U0_ALU_16B/div_67_27_g96484__7410/Y  -       AN->Y  F     NAND3BXL       1  0.8   160   169     852    (-,-) 
  U0_ALU_16B/div_67_27_g96483__1666/Y  -       D->Y   R     NOR4X1         2  1.8   201   140     992    (-,-) 
  U0_ALU_16B/div_67_27_g96482__2346/Y  -       B->Y   F     NOR2BX1        2  1.4    56    96    1088    (-,-) 
  U0_ALU_16B/div_67_27_g96480__2883/Y  -       A1->Y  R     OAI22X1        1  0.8   103    68    1156    (-,-) 
  U0_ALU_16B/div_67_27_g96479__9945/Y  -       D->Y   F     NOR4X1         1  0.6    86    58    1213    (-,-) 
  U0_ALU_16B/div_67_27_g96478__9315/Y  -       D->Y   R     NAND4XL        2  1.6    81    68    1281    (-,-) 
  U0_ALU_16B/g2/Y                      -       A0->Y  F     OAI21X1        3  2.3   120   110    1392    (-,-) 
  U0_ALU_16B/div_67_27_g96473__7482/Y  -       B->Y   R     NAND2X1        2  1.7    72    66    1457    (-,-) 
  U0_ALU_16B/div_67_27_g96470__1881/Y  -       B1->Y  F     AOI221X1       1  0.6   113    77    1534    (-,-) 
  U0_ALU_16B/div_67_27_g96469__6131/Y  -       D->Y   F     OR4X1          1  0.8    74   225    1759    (-,-) 
  U0_ALU_16B/div_67_27_g96468__7098/Y  -       D->Y   R     NOR4X1         5  4.4   354   195    1954    (-,-) 
  U0_ALU_16B/div_67_27_g96464__1705/Y  -       S0->Y  R     MX2X1          2  2.5    65   246    2200    (-,-) 
  U0_ALU_16B/div_67_27_g96462__1617/CO -       CI->CO R     ADDFX1         1  0.8    58   193    2393    (-,-) 
  U0_ALU_16B/div_67_27_g96461/Y        -       A->Y   F     INVX1          1  1.9    42    45    2438    (-,-) 
  U0_ALU_16B/div_67_27_g96460__3680/CO -       CI->CO F     ADDFX1         1  0.9    68   175    2613    (-,-) 
  U0_ALU_16B/div_67_27_g96459__6783/Y  -       B0->Y  R     OAI2BB1X1      1  0.8    42    42    2655    (-,-) 
  U0_ALU_16B/div_67_27_g96458__5526/Y  -       C0->Y  F     OAI211X1       1  0.8   126    90    2745    (-,-) 
  U0_ALU_16B/div_67_27_g96457__8428/Y  -       D->Y   R     NOR4X1         5  5.3   405   236    2982    (-,-) 
  U0_ALU_16B/div_67_27_g96453__4319/Y  -       S0->Y  R     MX2X1          2  2.7    68   265    3247    (-,-) 
  U0_ALU_16B/div_67_27_g96449__2398/CO -       CI->CO R     ADDFX1         1  0.8    58   194    3441    (-,-) 
  U0_ALU_16B/div_67_27_g96448/Y        -       A->Y   F     INVX1          1  1.9    42    45    3486    (-,-) 
  U0_ALU_16B/div_67_27_g96447__5477/CO -       CI->CO F     ADDFX1         1  1.9    84   183    3669    (-,-) 
  U0_ALU_16B/div_67_27_g96446__6417/CO -       CI->CO F     ADDFX1         1  0.9    67   188    3858    (-,-) 
  U0_ALU_16B/div_67_27_g96445__7410/Y  -       A1->Y  R     AOI22X1        1  0.6    84    78    3936    (-,-) 
  U0_ALU_16B/div_67_27_g96444__1666/Y  -       D->Y   F     NAND4XL        5  5.0   701   398    4334    (-,-) 
  U0_ALU_16B/div_67_27_g96443/Y        -       A->Y   R     INVX1          3  2.8   181   293    4627    (-,-) 
  U0_ALU_16B/div_67_27_g96439__9315/Y  -       S0->Y  R     MX2X1          2  2.7    67   188    4815    (-,-) 
  U0_ALU_16B/div_67_27_g96436__7482/CO -       CI->CO R     ADDFX1         1  0.8    58   194    5009    (-,-) 
  U0_ALU_16B/div_67_27_g96435/Y        -       A->Y   F     INVX1          1  1.9    42    45    5054    (-,-) 
  U0_ALU_16B/div_67_27_g96434__5115/CO -       CI->CO F     ADDFX1         1  1.9    84   183    5238    (-,-) 
  U0_ALU_16B/div_67_27_g96433__1881/CO -       CI->CO F     ADDFX1         1  1.9    82   197    5434    (-,-) 
  U0_ALU_16B/div_67_27_g96432__6131/CO -       CI->CO F     ADDFX1         1  0.9    67   188    5622    (-,-) 
  U0_ALU_16B/div_67_27_g96431__7098/Y  -       B0->Y  R     OAI21X1        1  0.6    67    38    5661    (-,-) 
  U0_ALU_16B/div_67_27_g96430__8246/Y  -       D->Y   F     NAND4XL        5  4.5   646   364    6024    (-,-) 
  U0_ALU_16B/div_67_27_g96429/Y        -       A->Y   R     INVX1          6  5.6   198   291    6315    (-,-) 
  U0_ALU_16B/div_67_27_g96423__6783/Y  -       S0->Y  R     MX2X1          2  2.7    67   194    6509    (-,-) 
  U0_ALU_16B/div_67_27_g96414__7410/CO -       CI->CO R     ADDFX1         1  0.8    56   194    6703    (-,-) 
  U0_ALU_16B/div_67_27_g96413/Y        -       A->Y   F     INVX1          1  1.9    42    44    6748    (-,-) 
  U0_ALU_16B/div_67_27_g96412__1666/CO -       CI->CO F     ADDFX1         1  1.9    84   183    6931    (-,-) 
  U0_ALU_16B/div_67_27_g96411__2346/CO -       CI->CO F     ADDFX1         4  3.3   103   209    7140    (-,-) 
  U0_ALU_16B/div_67_27_g96409__9945/Y  -       A1->Y  R     OAI221X1       1  0.6   108    88    7228    (-,-) 
  U0_ALU_16B/div_67_27_g96406__4733/Y  -       A2->Y  F     AOI33XL        7  5.2   637   397    7626    (-,-) 
  U0_ALU_16B/div_67_27_g96405/Y        -       A->Y   R     INVX1          8  6.3   204   292    7918    (-,-) 
  U0_ALU_16B/div_67_27_g96395__1617/Y  -       A1N->Y R     OAI2BB1X1      2  1.5    71   180    8098    (-,-) 
  U0_ALU_16B/div_67_27_g96389__6260/Y  -       A1N->Y R     OAI2BB1X1      1  0.9    60   130    8227    (-,-) 
  U0_ALU_16B/div_67_27_g96385__5477/Y  -       B0->Y  F     AOI221X1       1  0.9   132    84    8312    (-,-) 
  U0_ALU_16B/div_67_27_g96383__7410/Y  -       A0->Y  R     OAI221X1       1  0.8   114   108    8420    (-,-) 
  U0_ALU_16B/div_67_27_g96382__1666/Y  -       C0->Y  F     OAI211X1       1  0.9   130   115    8534    (-,-) 
  U0_ALU_16B/g5123__8428/Y             -       B1->Y  R     AOI22X1        1  0.8    77    79    8613    (-,-) 
  U0_ALU_16B/g5108__6161/Y             -       C0->Y  F     OAI211X1       1  0.9   131   104    8717    (-,-) 
  U0_ALU_16B/g5104__1881/Y             -       B0->Y  R     AOI21X1        1  0.6    56    72    8789    (-,-) 
  U0_ALU_16B/g5085__7410/Y             -       C->Y   F     NAND3BXL       1  0.8   172   102    8892    (-,-) 
  U0_ALU_16B/ALU_OUT_reg[0]/D          -       -      F     SDFFRHQX1      1    -     -     0    8892    (-,-) 
#--------------------------------------------------------------------------------------------------------------



Path 10: MET (10765 ps) Setup Check with Pin U0_ALU_16B/ALU_OUT_reg[0]/CK->D
          Group: ALU_CLK
     Startpoint: (R) U0_Register_File/Memory_reg[1][2]/CK
          Clock: (R) REF_CLK
       Endpoint: (F) U0_ALU_16B/ALU_OUT_reg[0]/D
          Clock: (R) ALU_CLK

                     Capture       Launch     
        Clock Edge:+   20000            0     
       Src Latency:+       0            0     
       Net Latency:+       0 (I)        0 (I) 
           Arrival:=   20000            0     
                                              
             Setup:-     144                  
       Uncertainty:-     200                  
     Required Time:=   19656                  
      Launch Clock:-       0                  
         Data Path:-    8891                  
             Slack:=   10765                  

#--------------------------------------------------------------------------------------------------------------
#            Timing Point              Flags    Arc   Edge   Cell     Fanout Load Trans Delay Arrival Instance 
#                                                                            (fF)  (ps)  (ps)   (ps)  Location 
#--------------------------------------------------------------------------------------------------------------
  U0_Register_File/Memory_reg[1][2]/CK -       -      R     (arrival)   6216    -     0     0       0    (-,-) 
  U0_Register_File/Memory_reg[1][2]/Q  -       CK->Q  F     SDFFRHQX1     20 22.0   373   416     416    (-,-) 
  U0_ALU_16B/div_67_27_g96503/Y        -       A->Y   R     INVX1          3  2.4   105   164     580    (-,-) 
  U0_ALU_16B/div_67_27_g96485__6417/Y  -       C0->Y  F     OAI211X1       1  0.6   116   105     685    (-,-) 
  U0_ALU_16B/div_67_27_g96484__7410/Y  -       AN->Y  F     NAND3BXL       1  0.8   160   169     854    (-,-) 
  U0_ALU_16B/div_67_27_g96483__1666/Y  -       D->Y   R     NOR4X1         2  1.8   201   140     994    (-,-) 
  U0_ALU_16B/div_67_27_g96482__2346/Y  -       B->Y   F     NOR2BX1        2  1.4    56    96    1090    (-,-) 
  U0_ALU_16B/div_67_27_g96480__2883/Y  -       A1->Y  R     OAI22X1        1  0.8   103    68    1157    (-,-) 
  U0_ALU_16B/div_67_27_g96479__9945/Y  -       D->Y   F     NOR4X1         1  0.6    86    58    1215    (-,-) 
  U0_ALU_16B/div_67_27_g96478__9315/Y  -       D->Y   R     NAND4XL        2  1.6    81    68    1283    (-,-) 
  U0_ALU_16B/g2/Y                      -       A0->Y  F     OAI21X1        3  2.3   120   110    1393    (-,-) 
  U0_ALU_16B/div_67_27_g96471__5115/Y  -       B->Y   R     NOR2X1         2  1.7    85    80    1473    (-,-) 
  U0_ALU_16B/div_67_27_g96470__1881/Y  -       C0->Y  F     AOI221X1       1  0.6   113    50    1523    (-,-) 
  U0_ALU_16B/div_67_27_g96469__6131/Y  -       D->Y   F     OR4X1          1  0.8    74   225    1748    (-,-) 
  U0_ALU_16B/div_67_27_g96468__7098/Y  -       D->Y   R     NOR4X1         5  4.4   354   195    1942    (-,-) 
  U0_ALU_16B/div_67_27_g96464__1705/Y  -       S0->Y  R     MX2X1          2  2.5    65   246    2189    (-,-) 
  U0_ALU_16B/div_67_27_g96462__1617/CO -       CI->CO R     ADDFX1         1  0.8    58   193    2382    (-,-) 
  U0_ALU_16B/div_67_27_g96461/Y        -       A->Y   F     INVX1          1  1.9    42    45    2427    (-,-) 
  U0_ALU_16B/div_67_27_g96460__3680/CO -       CI->CO F     ADDFX1         1  0.9    68   175    2601    (-,-) 
  U0_ALU_16B/div_67_27_g96459__6783/Y  -       B0->Y  R     OAI2BB1X1      1  0.8    42    42    2644    (-,-) 
  U0_ALU_16B/div_67_27_g96458__5526/Y  -       C0->Y  F     OAI211X1       1  0.8   126    90    2734    (-,-) 
  U0_ALU_16B/div_67_27_g96457__8428/Y  -       D->Y   R     NOR4X1         5  5.3   405   236    2970    (-,-) 
  U0_ALU_16B/div_67_27_g96453__4319/Y  -       S0->Y  R     MX2X1          2  2.7    68   265    3236    (-,-) 
  U0_ALU_16B/div_67_27_g96449__2398/CO -       CI->CO R     ADDFX1         1  0.8    58   194    3430    (-,-) 
  U0_ALU_16B/div_67_27_g96448/Y        -       A->Y   F     INVX1          1  1.9    42    45    3475    (-,-) 
  U0_ALU_16B/div_67_27_g96447__5477/CO -       CI->CO F     ADDFX1         1  1.9    84   183    3658    (-,-) 
  U0_ALU_16B/div_67_27_g96446__6417/CO -       CI->CO F     ADDFX1         1  0.9    67   188    3846    (-,-) 
  U0_ALU_16B/div_67_27_g96445__7410/Y  -       A1->Y  R     AOI22X1        1  0.6    84    78    3924    (-,-) 
  U0_ALU_16B/div_67_27_g96444__1666/Y  -       D->Y   F     NAND4XL        5  5.0   701   398    4323    (-,-) 
  U0_ALU_16B/div_67_27_g96443/Y        -       A->Y   R     INVX1          3  2.8   181   293    4616    (-,-) 
  U0_ALU_16B/div_67_27_g96439__9315/Y  -       S0->Y  R     MX2X1          2  2.7    67   188    4804    (-,-) 
  U0_ALU_16B/div_67_27_g96436__7482/CO -       CI->CO R     ADDFX1         1  0.8    58   194    4998    (-,-) 
  U0_ALU_16B/div_67_27_g96435/Y        -       A->Y   F     INVX1          1  1.9    42    45    5043    (-,-) 
  U0_ALU_16B/div_67_27_g96434__5115/CO -       CI->CO F     ADDFX1         1  1.9    84   183    5226    (-,-) 
  U0_ALU_16B/div_67_27_g96433__1881/CO -       CI->CO F     ADDFX1         1  1.9    82   197    5423    (-,-) 
  U0_ALU_16B/div_67_27_g96432__6131/CO -       CI->CO F     ADDFX1         1  0.9    67   188    5611    (-,-) 
  U0_ALU_16B/div_67_27_g96431__7098/Y  -       B0->Y  R     OAI21X1        1  0.6    67    38    5649    (-,-) 
  U0_ALU_16B/div_67_27_g96430__8246/Y  -       D->Y   F     NAND4XL        5  4.5   646   364    6013    (-,-) 
  U0_ALU_16B/div_67_27_g96429/Y        -       A->Y   R     INVX1          6  5.6   198   291    6304    (-,-) 
  U0_ALU_16B/div_67_27_g96423__6783/Y  -       S0->Y  R     MX2X1          2  2.7    67   194    6498    (-,-) 
  U0_ALU_16B/div_67_27_g96414__7410/CO -       CI->CO R     ADDFX1         1  0.8    56   194    6692    (-,-) 
  U0_ALU_16B/div_67_27_g96413/Y        -       A->Y   F     INVX1          1  1.9    42    44    6736    (-,-) 
  U0_ALU_16B/div_67_27_g96412__1666/CO -       CI->CO F     ADDFX1         1  1.9    84   183    6919    (-,-) 
  U0_ALU_16B/div_67_27_g96411__2346/CO -       CI->CO F     ADDFX1         4  3.3   103   209    7129    (-,-) 
  U0_ALU_16B/div_67_27_g96409__9945/Y  -       A1->Y  R     OAI221X1       1  0.6   108    88    7217    (-,-) 
  U0_ALU_16B/div_67_27_g96406__4733/Y  -       A2->Y  F     AOI33XL        7  5.2   637   397    7614    (-,-) 
  U0_ALU_16B/div_67_27_g96405/Y        -       A->Y   R     INVX1          8  6.3   204   292    7906    (-,-) 
  U0_ALU_16B/div_67_27_g96395__1617/Y  -       A1N->Y R     OAI2BB1X1      2  1.5    71   180    8086    (-,-) 
  U0_ALU_16B/div_67_27_g96393__6783/Y  -       C->Y   F     NAND3X1        1  0.9   112    85    8171    (-,-) 
  U0_ALU_16B/div_67_27_g96390__4319/Y  -       B0->Y  R     OAI21X1        1  0.9    75    57    8228    (-,-) 
  U0_ALU_16B/div_67_27_g96385__5477/Y  -       B1->Y  F     AOI221X1       1  0.9   132    83    8311    (-,-) 
  U0_ALU_16B/div_67_27_g96383__7410/Y  -       A0->Y  R     OAI221X1       1  0.8   114   108    8419    (-,-) 
  U0_ALU_16B/div_67_27_g96382__1666/Y  -       C0->Y  F     OAI211X1       1  0.9   130   115    8534    (-,-) 
  U0_ALU_16B/g5123__8428/Y             -       B1->Y  R     AOI22X1        1  0.8    77    79    8612    (-,-) 
  U0_ALU_16B/g5108__6161/Y             -       C0->Y  F     OAI211X1       1  0.9   131   104    8716    (-,-) 
  U0_ALU_16B/g5104__1881/Y             -       B0->Y  R     AOI21X1        1  0.6    56    72    8789    (-,-) 
  U0_ALU_16B/g5085__7410/Y             -       C->Y   F     NAND3BXL       1  0.8   172   102    8891    (-,-) 
  U0_ALU_16B/ALU_OUT_reg[0]/D          -       -      F     SDFFRHQX1      1    -     -     0    8891    (-,-) 
#--------------------------------------------------------------------------------------------------------------

