============================================================
  Generated by:           Genus(TM) Synthesis Solution 25.10-p002_1
  Generated on:           Jun 24 2026  09:32:17 am
  Operating conditions:   slow (balanced_tree)
  Wireload mode:          enclosed
  Area mode:              timing library
============================================================

                                       
   Gate    Instances    Area   Library 
---------------------------------------
ADDFX1            34   174.420    slow 
ADDHX1             2     7.524    slow 
AND2X1            24    32.832    slow 
AND2X2             8    13.680    slow 
AND2XL            10    13.680    slow 
AND3XL             1     2.052    slow 
AO22XL            10    27.360    slow 
AOI211XL           9    18.468    slow 
AOI21X1           16    27.360    slow 
AOI21XL            4     6.840    slow 
AOI221X1          10    23.940    slow 
AOI222X1           2     6.156    slow 
AOI22X1         3030  6217.560    slow 
AOI22XL           66   135.432    slow 
AOI2BB1X1          4     8.208    slow 
AOI31X1            6    12.312    slow 
AOI32X1            4     9.576    slow 
AOI33XL            2     4.788    slow 
CLKXOR2X1          5    13.680    slow 
INVX1            194   132.696    slow 
INVXL              4     2.736    slow 
MX2X1           5071 12139.974    slow 
MX2XL           1152  2757.888    slow 
MX3XL              2     9.576    slow 
MXI2XL            15    35.910    slow 
NAND2BX1         109   149.112    slow 
NAND2BXL           4     5.472    slow 
NAND2X1          541   555.066    slow 
NAND2XL            6     6.156    slow 
NAND3BXL          16    27.360    slow 
NAND3X1           13    22.230    slow 
NAND4BX1           5    11.970    slow 
NAND4XL          831  1421.010    slow 
NOR2BX1           87   119.016    slow 
NOR2X1          1341  1375.866    slow 
NOR2XL             8     8.208    slow 
NOR3BX1            2     4.104    slow 
NOR3BXL            2     4.104    slow 
NOR3X1             3     5.130    slow 
NOR3XL             3     5.130    slow 
NOR4BBX1           4    10.944    slow 
NOR4BX1            3     7.182    slow 
NOR4X1           210   359.100    slow 
OA21X1            13    26.676    slow 
OA22X1             1     2.394    slow 
OAI211X1          39    66.690    slow 
OAI21X1           24    41.040    slow 
OAI221X1           4     9.576    slow 
OAI222X1           1     2.736    slow 
OAI22X1           17    34.884    slow 
OAI2BB1X1         44    75.240    slow 
OAI32X1            5    11.970    slow 
OR2X1             69    94.392    slow 
OR2X4              8    21.888    slow 
OR2XL             10    13.680    slow 
OR3X1              2     4.104    slow 
OR3XL              1     2.052    slow 
OR4X1             10    20.520    slow 
SDFFQX1            3    22.572    slow 
SDFFRHQX1       6318 51858.144    slow 
SDFFSXL            4    42.408    slow 
TLATNCAX2          1     5.472    slow 
XNOR2X1           59   141.246    slow 
XOR2XL             4    10.944    slow 
---------------------------------------
total          19510 78440.436         
                                                        
            Type             Instances    Area   Area % 
--------------------------------------------------------
sequential                        6325 51923.124   66.2 
inverter                           198   135.432    0.2 
clock_gating_integrated_cell         1     5.472    0.0 
logic                            12986 26376.408   33.6 
physical_cells                       0     0.000    0.0 
--------------------------------------------------------
total                            19510 78440.436  100.0 
