============================================================
  Generated by:           Genus(TM) Synthesis Solution 25.10-p002_1
  Generated on:           Jun 24 2026  09:32:16 am
  Module:                 TOP
  Operating conditions:   slow (balanced_tree)
  Wireload mode:          enclosed
  Area mode:              timing library
============================================================

           Instance                                   Module                         Cell-Count  Cell-Area  Net-Area   Total-Area   Wireload  
----------------------------------------------------------------------------------------------------------------------------------------------
TOP                           NA                                                          19510  78440.436     0.000    78440.436 <none> (D)  
  U0_ALU_16B                  ALU_16B_OPER_WIDTH64_OUT_WIDTH128                             355    716.148     0.000      716.148 <none> (D)  
  U0_Async_fifo               Async_fifo_D_SIZE64_F_DEPTH1024_P_SIZE10                    12321  50573.934     0.000    50573.934 <none> (D)  
    u_fifo_mem                fifo_mem_D_SIZE64_F_DEPTH1024_P_SIZE10                      12197  50123.178     0.000    50123.178 <none> (D)  
    u_fifo_rd                 fifo_rd_P_SIZE10                                               61    198.360     0.000      198.360 <none> (D)  
    u_fifo_wr                 fifo_wr_P_SIZE10                                               54    185.364     0.000      185.364 <none> (D)  
    u_w2r_sync                BIT_SYNC_NUM_STAGES2_BUS_WIDTH10                                9     67.032     0.000       67.032 <none> (D)  
  U0_CLKDIV_MUX               CLKDIV_MUX_WIDTH64                                              6     11.628     0.000       11.628 <none> (D)  
  U0_CLK_GATE                 CLK_GATE                                                        3      8.892     0.000        8.892 <none> (D)  
  U0_DATA_SYNC                DATA_SYNC_NUM_STAGES8_BUS_WIDTH64                              30    170.658     0.000      170.658 <none> (D)  
  U0_Integer_Clock_Divider_TX Integer_Clock_Divider                                          64    151.506     0.000      151.506 <none> (D)  
  U0_PULSE_GEN                PULSE_GEN                                                       4     19.152     0.000       19.152 <none> (D)  
  U0_RST_SYNC_REF             RST_SYNC_NUM_STAGES8                                            9     67.032     0.000       67.032 <none> (D)  
  U0_Register_File            Register_File_ADDR_WIDTH10_DATA_WIDTH64_MEM_DEPTH1024        6153  25192.746     0.000    25192.746 <none> (D)  
  U0_SYS_CTRL                 SYS_CTRL_ADDR_WIDTH10_DATA_WIDTH64                            132    369.018     0.000      369.018 <none> (D)  
  U0_UART                     UART                                                          379    969.570     0.000      969.570 <none> (D)  
    U0_UART_RX                UART_RX                                                       286    640.224     0.000      640.224 <none> (D)  
      U0_FSM                  UART_RX_FSM                                                    60    111.150     0.000      111.150 <none> (D)  
      U0_data_sampling        UART_RX_data_sampling                                          52    112.518     0.000      112.518 <none> (D)  
      U0_deserializer         UART_RX_deserializer                                           42    117.990     0.000      117.990 <none> (D)  
      U0_edge_bit_counter     UART_RX_edge_bit_counter                                       55    137.142     0.000      137.142 <none> (D)  
      U0_parity_check         UART_RX_parity_check                                           32     76.950     0.000       76.950 <none> (D)  
      U0_stop_check           UART_RX_stop_check                                             22     41.040     0.000       41.040 <none> (D)  
      U0_strt_check           UART_RX_strt_check                                             23     43.434     0.000       43.434 <none> (D)  
    U0_UART_TX                UART_TX                                                        93    329.346     0.000      329.346 <none> (D)  
      U0_FSM                  UART_TX_FSM                                                    16     41.724     0.000       41.724 <none> (D)  
      U0_MUX                  UART_TX_MUX                                                     3      4.788     0.000        4.788 <none> (D)  
      U0_parity_Calc          UART_TX_parity_Calc                                            26    106.704     0.000      106.704 <none> (D)  
      U0_serializer           UART_TX_serializer                                             48    176.130     0.000      176.130 <none> (D)  
  U1_Integer_Clock_Divider_RX Integer_Clock_Divider_1                                        44    122.436     0.000      122.436 <none> (D)  
  U1_RST_SYNC_UART            RST_SYNC_NUM_STAGES8_1                                          9     67.032     0.000       67.032 <none> (D)  
  (D) = wireload is default in technology library
