============================================================
  Generated by:           Genus(TM) Synthesis Solution 25.10-p002_1
  Generated on:           Jul 01 2026  05:07:24 pm
  Module:                 TOP
  Operating conditions:   slow (balanced_tree)
  Wireload mode:          enclosed
  Area mode:              timing library
============================================================

Timing
--------

   Clock      Period  
----------------------
ALU_CLK       20000.0 
REF_CLK       20000.0 
UART_CLK     271267.0 
UART_RX_CLK  271267.0 
UART_TX_CLK 8680544.0 


    Cost      Critical         Violating 
   Group     Path Slack  TNS     Paths   
-----------------------------------------
ALU_CLK         11638.2   0.0          0 
default        No paths   0.0            
REF_CLK         17682.0   0.0          0 
UART_CLK       216548.9   0.0          0 
UART_RX_CLK    215921.1   0.0          0 
UART_TX_CLK    270585.3   0.0          0 
-----------------------------------------
Total                     0.0          0 

Instance Count
--------------
Leaf Instance Count             1761 
Physical Instance count            0 
Sequential Instance Count        362 
Combinational Instance Count    1399 
Hierarchical Instance Count       31 

Area
----
Cell Area                          5597.856
Physical Cell Area                 0.000
Total Cell Area (Cell+Physical)    5597.856
Net Area                           0.000
Total Area (Cell+Physical+Net)     5597.856

Max Fanout                         365 (ScanEnable)
Min Fanout                         0 (U0_ALU_16B/n_425_BAR)
Average Fanout                     2.8
Terms to net ratio                 4.0326
Terms to instance ratio            4.2181
Runtime                            73.486766 seconds
Elapsed Runtime                    75 seconds
Genus peak memory usage            2192.77 
Innovus peak memory usage          no_value 
Hostname                           Pine-06
