============================================================
  Generated by:           Genus(TM) Synthesis Solution 25.10-p002_1
  Generated on:           Jun 24 2026  09:32:15 am
  Module:                 TOP
  Operating conditions:   slow (balanced_tree)
  Wireload mode:          enclosed
  Area mode:              timing library
============================================================


Path 1: MET (10741 ps) Setup Check with Pin U0_ALU_16B/ALU_OUT_reg[0]/CK->D
          Group: ALU_CLK
     Startpoint: (R) U0_Register_File/Memory_reg[1][2]/CK
          Clock: (R) REF_CLK
       Endpoint: (F) U0_ALU_16B/ALU_OUT_reg[0]/D
          Clock: (R) ALU_CLK

                     Capture       Launch     
        Clock Edge:+   20000            0     
       Src Latency:+       0            0     
       Net Latency:+       0 (I)        0 (I) 
           Arrival:=   20000            0     
                                              
             Setup:-     144                  
       Uncertainty:-     200                  
     Required Time:=   19656                  
      Launch Clock:-       0                  
         Data Path:-    8916                  
             Slack:=   10741                  

#--------------------------------------------------------------------------------------------------------------
#            Timing Point              Flags    Arc   Edge   Cell     Fanout Load Trans Delay Arrival Instance 
#                                                                            (fF)  (ps)  (ps)   (ps)  Location 
#--------------------------------------------------------------------------------------------------------------
  U0_Register_File/Memory_reg[1][2]/CK -       -      R     (arrival)   6216    -     0     0       0    (-,-) 
  U0_Register_File/Memory_reg[1][2]/Q  -       CK->Q  F     SDFFRHQX1     20 22.0   373   416     416    (-,-) 
  U0_ALU_16B/div_67_27_g96503/Y        -       A->Y   R     INVX1          3  2.4   105   164     580    (-,-) 
  U0_ALU_16B/div_67_27_g96485__6417/Y  -       C0->Y  F     OAI211X1       1  0.6   116   105     685    (-,-) 
  U0_ALU_16B/div_67_27_g96484__7410/Y  -       AN->Y  F     NAND3BXL       1  0.8   160   169     854    (-,-) 
  U0_ALU_16B/div_67_27_g96483__1666/Y  -       D->Y   R     NOR4X1         2  1.8   201   140     994    (-,-) 
  U0_ALU_16B/div_67_27_g96482__2346/Y  -       B->Y   F     NOR2BX1        2  1.4    56    96    1090    (-,-) 
  U0_ALU_16B/div_67_27_g96480__2883/Y  -       A1->Y  R     OAI22X1        1  0.8   103    68    1157    (-,-) 
  U0_ALU_16B/div_67_27_g96479__9945/Y  -       D->Y   F     NOR4X1         1  0.6    86    58    1215    (-,-) 
  U0_ALU_16B/div_67_27_g96478__9315/Y  -       D->Y   R     NAND4XL        2  1.6    81    68    1283    (-,-) 
  U0_ALU_16B/g2/Y                      -       A0->Y  F     OAI21X1        3  2.3   120   110    1393    (-,-) 
  U0_ALU_16B/div_67_27_g96473__7482/Y  -       B->Y   R     NAND2X1        2  1.7    72    66    1459    (-,-) 
  U0_ALU_16B/div_67_27_g96470__1881/Y  -       B1->Y  F     AOI221X1       1  0.6   113    77    1535    (-,-) 
  U0_ALU_16B/div_67_27_g96469__6131/Y  -       D->Y   F     OR4X1          1  0.8    74   225    1760    (-,-) 
  U0_ALU_16B/div_67_27_g96468__7098/Y  -       D->Y   R     NOR4X1         5  4.4   354   195    1955    (-,-) 
  U0_ALU_16B/div_67_27_g96464__1705/Y  -       S0->Y  R     MX2X1          2  2.5    65   246    2201    (-,-) 
  U0_ALU_16B/div_67_27_g96462__1617/CO -       CI->CO R     ADDFX1         1  0.8    58   193    2395    (-,-) 
  U0_ALU_16B/div_67_27_g96461/Y        -       A->Y   F     INVX1          1  1.9    42    45    2440    (-,-) 
  U0_ALU_16B/div_67_27_g96460__3680/CO -       CI->CO F     ADDFX1         1  0.9    68   175    2614    (-,-) 
  U0_ALU_16B/div_67_27_g96459__6783/Y  -       B0->Y  R     OAI2BB1X1      1  0.8    42    42    2656    (-,-) 
  U0_ALU_16B/div_67_27_g96458__5526/Y  -       C0->Y  F     OAI211X1       1  0.8   126    90    2747    (-,-) 
  U0_ALU_16B/div_67_27_g96457__8428/Y  -       D->Y   R     NOR4X1         5  5.3   405   236    2983    (-,-) 
  U0_ALU_16B/div_67_27_g96453__4319/Y  -       S0->Y  R     MX2X1          2  2.7    68   265    3248    (-,-) 
  U0_ALU_16B/div_67_27_g96449__2398/CO -       CI->CO R     ADDFX1         1  0.8    58   194    3443    (-,-) 
  U0_ALU_16B/div_67_27_g96448/Y        -       A->Y   F     INVX1          1  1.9    42    45    3488    (-,-) 
  U0_ALU_16B/div_67_27_g96447__5477/CO -       CI->CO F     ADDFX1         1  1.9    84   183    3671    (-,-) 
  U0_ALU_16B/div_67_27_g96446__6417/CO -       CI->CO F     ADDFX1         1  0.9    67   188    3859    (-,-) 
  U0_ALU_16B/div_67_27_g96445__7410/Y  -       A1->Y  R     AOI22X1        1  0.6    84    78    3937    (-,-) 
  U0_ALU_16B/div_67_27_g96444__1666/Y  -       D->Y   F     NAND4XL        5  5.0   701   398    4336    (-,-) 
  U0_ALU_16B/div_67_27_g96443/Y        -       A->Y   R     INVX1          3  2.8   181   293    4629    (-,-) 
  U0_ALU_16B/div_67_27_g96439__9315/Y  -       S0->Y  R     MX2X1          2  2.7    67   188    4817    (-,-) 
  U0_ALU_16B/div_67_27_g96436__7482/CO -       CI->CO R     ADDFX1         1  0.8    58   194    5011    (-,-) 
  U0_ALU_16B/div_67_27_g96435/Y        -       A->Y   F     INVX1          1  1.9    42    45    5056    (-,-) 
  U0_ALU_16B/div_67_27_g96434__5115/CO -       CI->CO F     ADDFX1         1  1.9    84   183    5239    (-,-) 
  U0_ALU_16B/div_67_27_g96433__1881/CO -       CI->CO F     ADDFX1         1  1.9    82   197    5436    (-,-) 
  U0_ALU_16B/div_67_27_g96432__6131/CO -       CI->CO F     ADDFX1         1  0.9    67   188    5624    (-,-) 
  U0_ALU_16B/div_67_27_g96431__7098/Y  -       B0->Y  R     OAI21X1        1  0.6    67    38    5662    (-,-) 
  U0_ALU_16B/div_67_27_g96430__8246/Y  -       D->Y   F     NAND4XL        5  4.5   646   364    6026    (-,-) 
  U0_ALU_16B/div_67_27_g96429/Y        -       A->Y   R     INVX1          6  5.6   198   291    6317    (-,-) 
  U0_ALU_16B/div_67_27_g96423__6783/Y  -       S0->Y  R     MX2X1          2  2.7    67   194    6510    (-,-) 
  U0_ALU_16B/div_67_27_g96414__7410/CO -       CI->CO R     ADDFX1         1  0.8    56   194    6705    (-,-) 
  U0_ALU_16B/div_67_27_g96413/Y        -       A->Y   F     INVX1          1  1.9    42    44    6749    (-,-) 
  U0_ALU_16B/div_67_27_g96412__1666/CO -       CI->CO F     ADDFX1         1  1.9    84   183    6932    (-,-) 
  U0_ALU_16B/div_67_27_g96411__2346/CO -       CI->CO F     ADDFX1         4  3.3   103   209    7142    (-,-) 
  U0_ALU_16B/div_67_27_g96409__9945/Y  -       A1->Y  R     OAI221X1       1  0.6   108    88    7230    (-,-) 
  U0_ALU_16B/div_67_27_g96406__4733/Y  -       A2->Y  F     AOI33XL        7  5.2   637   397    7627    (-,-) 
  U0_ALU_16B/div_67_27_g96405/Y        -       A->Y   R     INVX1          8  6.3   204   292    7919    (-,-) 
  U0_ALU_16B/div_67_27_g96400__7098/Y  -       A1->Y  R     OA22X1         2  1.5    52   219    8138    (-,-) 
  U0_ALU_16B/div_67_27_g96392__5526/Y  -       B->Y   R     AND2XL         2  1.7    64   115    8254    (-,-) 
  U0_ALU_16B/div_67_27_g96388__5107/Y  -       A2->Y  F     OAI32X1        1  0.9   122    93    8346    (-,-) 
  U0_ALU_16B/div_67_27_g96383__7410/Y  -       A1->Y  R     OAI221X1       1  0.8   114    97    8444    (-,-) 
  U0_ALU_16B/div_67_27_g96382__1666/Y  -       C0->Y  F     OAI211X1       1  0.9   130   115    8558    (-,-) 
  U0_ALU_16B/g5123__8428/Y             -       B1->Y  R     AOI22X1        1  0.8    77    79    8637    (-,-) 
  U0_ALU_16B/g5108__6161/Y             -       C0->Y  F     OAI211X1       1  0.9   131   104    8741    (-,-) 
  U0_ALU_16B/g5104__1881/Y             -       B0->Y  R     AOI21X1        1  0.6    56    72    8813    (-,-) 
  U0_ALU_16B/g5085__7410/Y             -       C->Y   F     NAND3BXL       1  0.8   172   102    8916    (-,-) 
  U0_ALU_16B/ALU_OUT_reg[0]/D          <<<     -      F     SDFFRHQX1      1    -     -     0    8916    (-,-) 
#--------------------------------------------------------------------------------------------------------------

